probing /Users/alex/Software/XOR/RLlib Harnes Beta/results/phase2/b_m1/seed0 (8 ckpts)...
probing /Users/alex/Software/XOR/RLlib Harnes Beta/results/phase2/b_m1/seed1 (8 ckpts)...
probing /Users/alex/Software/XOR/RLlib Harnes Beta/results/phase2/b_m1/seed2 (8 ckpts)...
probing /Users/alex/Software/XOR/RLlib Harnes Beta/results/phase2/b_r0/seed2 (9 ckpts)...
probing /Users/alex/Software/XOR/RLlib Harnes Beta/results/phase2/b_r1/seed2 (9 ckpts)...
probing /Users/alex/Software/XOR/RLlib Harnes Beta/results/phase2/b_r1_g0/seed1 (9 ckpts)...
probing /Users/alex/Software/XOR/RLlib Harnes Beta/results/phase2/b_sl/seed0 (12 ckpts)...
probing /Users/alex/Software/XOR/RLlib Harnes Beta/results/phase2/b_sl/seed1 (12 ckpts)...
probing /Users/alex/Software/XOR/RLlib Harnes Beta/results/phase2/b_sl/seed2 (12 ckpts)...
probing /Users/alex/Software/XOR/RLlib Harnes Beta/results/phase3/a_aux_0p5/seed0 (11 ckpts)...
probing /Users/alex/Software/XOR/RLlib Harnes Beta/results/phase3/a_beliefobs/seed0 (10 ckpts)...
probing /Users/alex/Software/XOR/RLlib Harnes Beta/results/phase3/a_beliefobs/seed1 (10 ckpts)...
probing /Users/alex/Software/XOR/RLlib Harnes Beta/results/phase3/a_beliefobs/seed2 (10 ckpts)...
probing /Users/alex/Software/XOR/RLlib Harnes Beta/results/phase3/a_main/seed0 (11 ckpts)...
probing /Users/alex/Software/XOR/RLlib Harnes Beta/results/phase3/a_main/seed1 (11 ckpts)...
probing /Users/alex/Software/XOR/RLlib Harnes Beta/results/phase3/a_nodelay/seed0 (11 ckpts)...
probing /Users/alex/Software/XOR/RLlib Harnes Beta/results/phase3/a_nodelay/seed1 (11 ckpts)...
probing /Users/alex/Software/XOR/RLlib Harnes Beta/results/phase3/a_nodelay/seed2 (11 ckpts)...
probing /Users/alex/Software/XOR/RLlib Harnes Beta/results/phase3/a_oracle/seed0 (10 ckpts)...
probing /Users/alex/Software/XOR/RLlib Harnes Beta/results/phase3/a_oracle/seed1 (10 ckpts)...
probing /Users/alex/Software/XOR/RLlib Harnes Beta/results/phase3/a_oracle/seed2 (16 ckpts)...
probing /Users/alex/Software/XOR/RLlib Harnes Beta/results/phase3/a_pred/seed0 (13 ckpts)...
probing /Users/alex/Software/XOR/RLlib Harnes Beta/results/phase3/a_pred/seed1 (13 ckpts)...
probing /Users/alex/Software/XOR/RLlib Harnes Beta/results/phase3/a_pred/seed2 (13 ckpts)...
probing /Users/alex/Software/XOR/RLlib Harnes Beta/results/phase3/a_stack16/seed0 (10 ckpts)...
probing /Users/alex/Software/XOR/RLlib Harnes Beta/results/phase3/a_stack16/seed1 (10 ckpts)...
probing /Users/alex/Software/XOR/RLlib Harnes Beta/results/phase3/a_stack2/seed0 (10 ckpts)...
probing /Users/alex/Software/XOR/RLlib Harnes Beta/results/phase3/a_stack2/seed1 (10 ckpts)...
probing /Users/alex/Software/XOR/RLlib Harnes Beta/results/phase3/a_stack4/seed0 (10 ckpts)...
probing /Users/alex/Software/XOR/RLlib Harnes Beta/results/phase3/a_stack4/seed1 (10 ckpts)...
probing /Users/alex/Software/XOR/RLlib Harnes Beta/results/phase3/a_stack8/seed0 (10 ckpts)...
probing /Users/alex/Software/XOR/RLlib Harnes Beta/results/phase3/a_stack8/seed1 (10 ckpts)...
probing /Users/alex/Software/XOR/RLlib Harnes Beta/results/phase4/n_scramble/seed0 (11 ckpts)...
