2026-07-06 21:58:31,225	WARNING algorithm_config.py:2530 -- DeprecationWarning: `config.training(learner_config_dict=..)` has been deprecated. Use `config.learners(learner_config_dict=..)` instead. This will raise an error in the future!
2026-07-06 21:58:31,226	WARNING algorithm_config.py:5177 -- You are running PPO on the new API stack! This is the new default behavior for this algorithm. If you don't want to use the new API stack, set `config.api_stack(enable_rl_module_and_learner=False,enable_env_runner_and_connector_v2=False)`. For a detailed migration guide, see here: https://docs.ray.io/en/master/rllib/new-api-stack-migration-guide.html
2026-07-06 21:58:33,558	INFO worker.py:2024 -- Started a local Ray instance.
[2026-07-06 21:58:33,916 E 62954 9620416] core_worker.cc:2149: Actor with class name: 'SingleAgentEnvRunner' and ID: '7a157b9556550d4af3917f9201000000' has constructor arguments in the object store and max_restarts > 0. If the arguments in the object store go out of scope or are lost, the actor restart will fail. See https://github.com/ray-project/ray/issues/53727 for more details.
[36m(SingleAgentEnvRunner pid=62972)[0m DeprecationWarning: `RLModule(config=[RLModuleConfig object])` has been deprecated. Use `RLModule(observation_space=.., action_space=.., inference_only=.., model_config=.., catalog_class=..)` instead. This will raise an error in the future!
2026-07-06 21:58:35,270	WARNING rl_module.py:463 -- DeprecationWarning: `RLModule(config=[RLModuleConfig object])` has been deprecated. Use `RLModule(observation_space=.., action_space=.., inference_only=.., model_config=.., catalog_class=..)` instead. This will raise an error in the future!
2026-07-06 21:58:35,304	WARNING util.py:62 -- Install gputil for GPU system monitoring.
{'iter': 1, 'env_steps': 32784, 'episode_return_mean': None, 'aux_ce': np.float64(1.0513907670974731), 'aux_accuracy': np.float64(0.4499489367008209), 'entropy': np.float64(2.8268826007843018), 'wall_s': 25.2}
{'iter': 2, 'env_steps': 65568, 'episode_return_mean': None, 'aux_ce': np.float64(1.0265302658081055), 'aux_accuracy': np.float64(0.5352255702018738), 'entropy': np.float64(2.8090507984161377), 'wall_s': 48.8}
{'iter': 3, 'env_steps': 98352, 'episode_return_mean': np.float64(38.30532452610697), 'aux_ce': np.float64(0.9932381510734558), 'aux_accuracy': np.float64(0.5915206670761108), 'entropy': np.float64(2.7871792316436768), 'wall_s': 74.2}
{'iter': 4, 'env_steps': 131136, 'episode_return_mean': np.float64(41.26193628747657), 'aux_ce': np.float64(0.9391078948974609), 'aux_accuracy': np.float64(0.6207765936851501), 'entropy': np.float64(2.771434783935547), 'wall_s': 99.3}
{'iter': 5, 'env_steps': 163920, 'episode_return_mean': nan, 'aux_ce': np.float64(0.9323092103004456), 'aux_accuracy': np.float64(0.6056622862815857), 'entropy': np.float64(2.7505605220794678), 'wall_s': 122.7}
{'iter': 6, 'env_steps': 196704, 'episode_return_mean': np.float64(68.79960454781501), 'aux_ce': np.float64(0.8842192888259888), 'aux_accuracy': np.float64(0.6364319920539856), 'entropy': np.float64(2.7281479835510254), 'wall_s': 146.9}
{'iter': 7, 'env_steps': 229488, 'episode_return_mean': np.float64(71.32859545122975), 'aux_ce': np.float64(0.9001935720443726), 'aux_accuracy': np.float64(0.6337766051292419), 'entropy': np.float64(2.705601930618286), 'wall_s': 172.5}
{'iter': 8, 'env_steps': 262272, 'episode_return_mean': nan, 'aux_ce': np.float64(0.8699972629547119), 'aux_accuracy': np.float64(0.6485034823417664), 'entropy': np.float64(2.6768901348114014), 'wall_s': 196.1}
{'iter': 9, 'env_steps': 295056, 'episode_return_mean': np.float64(105.38983924497049), 'aux_ce': np.float64(0.8784722685813904), 'aux_accuracy': np.float64(0.632229208946228), 'entropy': np.float64(2.654062032699585), 'wall_s': 219.7}
{'iter': 10, 'env_steps': 327840, 'episode_return_mean': np.float64(106.51789296545053), 'aux_ce': np.float64(0.8972874879837036), 'aux_accuracy': np.float64(0.6175186038017273), 'entropy': np.float64(2.6333205699920654), 'wall_s': 244.3}
{'iter': 11, 'env_steps': 360624, 'episode_return_mean': nan, 'aux_ce': np.float64(0.8712353706359863), 'aux_accuracy': np.float64(0.6401330828666687), 'entropy': np.float64(2.608818531036377), 'wall_s': 267.6}
{'iter': 12, 'env_steps': 393408, 'episode_return_mean': np.float64(134.775702449007), 'aux_ce': np.float64(0.8628332614898682), 'aux_accuracy': np.float64(0.6417233347892761), 'entropy': np.float64(2.5838356018066406), 'wall_s': 291.7}
{'iter': 13, 'env_steps': 426192, 'episode_return_mean': np.float64(135.94003030309787), 'aux_ce': np.float64(0.8940752148628235), 'aux_accuracy': np.float64(0.6250314116477966), 'entropy': np.float64(2.555549144744873), 'wall_s': 316.0}
{'iter': 14, 'env_steps': 458976, 'episode_return_mean': nan, 'aux_ce': np.float64(0.8517064452171326), 'aux_accuracy': np.float64(0.6461267471313477), 'entropy': np.float64(2.5324394702911377), 'wall_s': 339.5}
{'iter': 15, 'env_steps': 491760, 'episode_return_mean': np.float64(173.28038218712553), 'aux_ce': np.float64(0.8755292892456055), 'aux_accuracy': np.float64(0.6324535608291626), 'entropy': np.float64(2.5058774948120117), 'wall_s': 363.1}
{'iter': 16, 'env_steps': 524544, 'episode_return_mean': np.float64(176.58447656408123), 'aux_ce': np.float64(0.8580375909805298), 'aux_accuracy': np.float64(0.6426585912704468), 'entropy': np.float64(2.478545665740967), 'wall_s': 387.2}
{'iter': 17, 'env_steps': 557328, 'episode_return_mean': nan, 'aux_ce': np.float64(0.8356608152389526), 'aux_accuracy': np.float64(0.6611925363540649), 'entropy': np.float64(2.451479434967041), 'wall_s': 410.3}
{'iter': 18, 'env_steps': 590112, 'episode_return_mean': np.float64(204.68632808378345), 'aux_ce': np.float64(0.8539236783981323), 'aux_accuracy': np.float64(0.6477360129356384), 'entropy': np.float64(2.4264304637908936), 'wall_s': 434.2}
{'iter': 19, 'env_steps': 622896, 'episode_return_mean': np.float64(205.33341986707262), 'aux_ce': np.float64(0.8641464114189148), 'aux_accuracy': np.float64(0.6429479122161865), 'entropy': np.float64(2.3967039585113525), 'wall_s': 458.7}
{'iter': 20, 'env_steps': 655680, 'episode_return_mean': nan, 'aux_ce': np.float64(0.843890368938446), 'aux_accuracy': np.float64(0.6456494331359863), 'entropy': np.float64(2.3684744834899902), 'wall_s': 481.8}
{'iter': 21, 'env_steps': 688464, 'episode_return_mean': np.float64(218.37186488558189), 'aux_ce': np.float64(0.845196545124054), 'aux_accuracy': np.float64(0.6505218148231506), 'entropy': np.float64(2.3444910049438477), 'wall_s': 505.8}
{'iter': 22, 'env_steps': 721248, 'episode_return_mean': np.float64(220.7118412491351), 'aux_ce': np.float64(0.8386198878288269), 'aux_accuracy': np.float64(0.6551724076271057), 'entropy': np.float64(2.317065715789795), 'wall_s': 529.9}
{'iter': 23, 'env_steps': 754032, 'episode_return_mean': nan, 'aux_ce': np.float64(0.800534188747406), 'aux_accuracy': np.float64(0.6838006377220154), 'entropy': np.float64(2.2950611114501953), 'wall_s': 553.3}
{'iter': 24, 'env_steps': 786816, 'episode_return_mean': np.float64(242.81350327548802), 'aux_ce': np.float64(0.8109056353569031), 'aux_accuracy': np.float64(0.6709890961647034), 'entropy': np.float64(2.271733522415161), 'wall_s': 577.2}
{'iter': 25, 'env_steps': 819600, 'episode_return_mean': np.float64(242.53964243905693), 'aux_ce': np.float64(0.829932689666748), 'aux_accuracy': np.float64(0.6616940498352051), 'entropy': np.float64(2.24556827545166), 'wall_s': 601.7}
{'iter': 26, 'env_steps': 852384, 'episode_return_mean': nan, 'aux_ce': np.float64(0.8289307951927185), 'aux_accuracy': np.float64(0.6589756608009338), 'entropy': np.float64(2.2211997509002686), 'wall_s': 625.1}
{'iter': 27, 'env_steps': 885168, 'episode_return_mean': np.float64(264.8594463530706), 'aux_ce': np.float64(0.7909027934074402), 'aux_accuracy': np.float64(0.6873580813407898), 'entropy': np.float64(2.1960606575012207), 'wall_s': 649.5}
{'iter': 28, 'env_steps': 917952, 'episode_return_mean': np.float64(263.72392918252285), 'aux_ce': np.float64(0.7781040668487549), 'aux_accuracy': np.float64(0.6899552345275879), 'entropy': np.float64(2.170203685760498), 'wall_s': 673.6}
{'iter': 29, 'env_steps': 950736, 'episode_return_mean': nan, 'aux_ce': np.float64(0.7946442365646362), 'aux_accuracy': np.float64(0.6766406893730164), 'entropy': np.float64(2.14064359664917), 'wall_s': 697.1}
{'iter': 30, 'env_steps': 983520, 'episode_return_mean': np.float64(285.547499000677), 'aux_ce': np.float64(0.8185628056526184), 'aux_accuracy': np.float64(0.6668392419815063), 'entropy': np.float64(2.112025260925293), 'wall_s': 721.4}
{'iter': 31, 'env_steps': 1016304, 'episode_return_mean': np.float64(282.5401738438791), 'aux_ce': np.float64(0.8134679198265076), 'aux_accuracy': np.float64(0.6667536497116089), 'entropy': np.float64(2.084439516067505), 'wall_s': 745.9}
{'iter': 32, 'env_steps': 1049088, 'episode_return_mean': nan, 'aux_ce': np.float64(0.7743093967437744), 'aux_accuracy': np.float64(0.6976743936538696), 'entropy': np.float64(2.060586929321289), 'wall_s': 769.6}
{'iter': 33, 'env_steps': 1081872, 'episode_return_mean': np.float64(300.34617453961494), 'aux_ce': np.float64(0.7962223887443542), 'aux_accuracy': np.float64(0.6853737235069275), 'entropy': np.float64(2.0360169410705566), 'wall_s': 793.6}
{'iter': 34, 'env_steps': 1114656, 'episode_return_mean': np.float64(300.0750457104509), 'aux_ce': np.float64(0.7907809615135193), 'aux_accuracy': np.float64(0.6829577088356018), 'entropy': np.float64(2.0162901878356934), 'wall_s': 818.6}
{'iter': 35, 'env_steps': 1147440, 'episode_return_mean': nan, 'aux_ce': np.float64(0.7713501453399658), 'aux_accuracy': np.float64(0.7036004066467285), 'entropy': np.float64(1.9967776536941528), 'wall_s': 842.3}
{'iter': 36, 'env_steps': 1180224, 'episode_return_mean': np.float64(310.02415613474636), 'aux_ce': np.float64(0.764811635017395), 'aux_accuracy': np.float64(0.7062515616416931), 'entropy': np.float64(1.982043981552124), 'wall_s': 866.1}
{'iter': 37, 'env_steps': 1213008, 'episode_return_mean': np.float64(309.699607615399), 'aux_ce': np.float64(0.7622064352035522), 'aux_accuracy': np.float64(0.7078105211257935), 'entropy': np.float64(1.961830496788025), 'wall_s': 890.6}
{'iter': 38, 'env_steps': 1245792, 'episode_return_mean': nan, 'aux_ce': np.float64(0.7864007949829102), 'aux_accuracy': np.float64(0.6887651681900024), 'entropy': np.float64(1.9415932893753052), 'wall_s': 914.5}
{'iter': 39, 'env_steps': 1278576, 'episode_return_mean': np.float64(317.888946646844), 'aux_ce': np.float64(0.76187664270401), 'aux_accuracy': np.float64(0.7118516564369202), 'entropy': np.float64(1.922872543334961), 'wall_s': 938.0}
{'iter': 40, 'env_steps': 1311360, 'episode_return_mean': np.float64(319.51114760732145), 'aux_ce': np.float64(0.7763996124267578), 'aux_accuracy': np.float64(0.7025538086891174), 'entropy': np.float64(1.8998842239379883), 'wall_s': 962.1}
{'iter': 41, 'env_steps': 1344144, 'episode_return_mean': nan, 'aux_ce': np.float64(0.7323225140571594), 'aux_accuracy': np.float64(0.7301064133644104), 'entropy': np.float64(1.8765791654586792), 'wall_s': 985.6}
{'iter': 42, 'env_steps': 1376928, 'episode_return_mean': np.float64(320.9145870049283), 'aux_ce': np.float64(0.7639527916908264), 'aux_accuracy': np.float64(0.7075566649436951), 'entropy': np.float64(1.8612205982208252), 'wall_s': 1009.1}
{'iter': 43, 'env_steps': 1409712, 'episode_return_mean': np.float64(319.44550808196993), 'aux_ce': np.float64(0.7761635780334473), 'aux_accuracy': np.float64(0.7038834691047668), 'entropy': np.float64(1.8392884731292725), 'wall_s': 1033.1}
{'iter': 44, 'env_steps': 1442496, 'episode_return_mean': nan, 'aux_ce': np.float64(0.7500755190849304), 'aux_accuracy': np.float64(0.7126781940460205), 'entropy': np.float64(1.8177120685577393), 'wall_s': 1056.7}
{'iter': 45, 'env_steps': 1475280, 'episode_return_mean': np.float64(320.15097661918276), 'aux_ce': np.float64(0.7541632056236267), 'aux_accuracy': np.float64(0.7069933414459229), 'entropy': np.float64(1.7987319231033325), 'wall_s': 1080.1}
{'iter': 46, 'env_steps': 1508064, 'episode_return_mean': np.float64(322.8176785651152), 'aux_ce': np.float64(0.7574633955955505), 'aux_accuracy': np.float64(0.7101410627365112), 'entropy': np.float64(1.7840442657470703), 'wall_s': 1104.4}
{'iter': 47, 'env_steps': 1540848, 'episode_return_mean': nan, 'aux_ce': np.float64(0.7578873038291931), 'aux_accuracy': np.float64(0.7154737710952759), 'entropy': np.float64(1.7642037868499756), 'wall_s': 1128.4}
{'iter': 48, 'env_steps': 1573632, 'episode_return_mean': np.float64(327.70533637360927), 'aux_ce': np.float64(0.7277388572692871), 'aux_accuracy': np.float64(0.7273678779602051), 'entropy': np.float64(1.7506422996520996), 'wall_s': 1152.4}
{'iter': 49, 'env_steps': 1606416, 'episode_return_mean': np.float64(328.35902129181216), 'aux_ce': np.float64(0.7360296249389648), 'aux_accuracy': np.float64(0.7282636761665344), 'entropy': np.float64(1.7326253652572632), 'wall_s': 1176.7}
{'iter': 50, 'env_steps': 1639200, 'episode_return_mean': nan, 'aux_ce': np.float64(0.7471408247947693), 'aux_accuracy': np.float64(0.7158746123313904), 'entropy': np.float64(1.7202332019805908), 'wall_s': 1200.5}
{'iter': 51, 'env_steps': 1671984, 'episode_return_mean': np.float64(333.09251236445925), 'aux_ce': np.float64(0.757829487323761), 'aux_accuracy': np.float64(0.715920627117157), 'entropy': np.float64(1.7070651054382324), 'wall_s': 1224.9}
{'iter': 52, 'env_steps': 1704768, 'episode_return_mean': np.float64(332.65163345278125), 'aux_ce': np.float64(0.7637246251106262), 'aux_accuracy': np.float64(0.7017902731895447), 'entropy': np.float64(1.6982513666152954), 'wall_s': 1249.2}
{'iter': 53, 'env_steps': 1737552, 'episode_return_mean': nan, 'aux_ce': np.float64(0.7235007286071777), 'aux_accuracy': np.float64(0.7331804037094116), 'entropy': np.float64(1.688555121421814), 'wall_s': 1273.1}
{'iter': 54, 'env_steps': 1770336, 'episode_return_mean': np.float64(336.23550541497434), 'aux_ce': np.float64(0.7568625211715698), 'aux_accuracy': np.float64(0.7200998663902283), 'entropy': np.float64(1.674810767173767), 'wall_s': 1297.2}
{'iter': 55, 'env_steps': 1803120, 'episode_return_mean': np.float64(335.1763532824626), 'aux_ce': np.float64(0.7419913411140442), 'aux_accuracy': np.float64(0.72370445728302), 'entropy': np.float64(1.663468837738037), 'wall_s': 1322.7}
{'iter': 56, 'env_steps': 1835904, 'episode_return_mean': nan, 'aux_ce': np.float64(0.7501446604728699), 'aux_accuracy': np.float64(0.7166838645935059), 'entropy': np.float64(1.651263952255249), 'wall_s': 1347.3}
{'iter': 57, 'env_steps': 1868688, 'episode_return_mean': np.float64(331.5001671571355), 'aux_ce': np.float64(0.715413510799408), 'aux_accuracy': np.float64(0.7353314757347107), 'entropy': np.float64(1.6420490741729736), 'wall_s': 1371.5}
{'iter': 58, 'env_steps': 1901472, 'episode_return_mean': np.float64(331.36993920312636), 'aux_ce': np.float64(0.7265148162841797), 'aux_accuracy': np.float64(0.732133686542511), 'entropy': np.float64(1.6338305473327637), 'wall_s': 1396.1}
{'iter': 59, 'env_steps': 1934256, 'episode_return_mean': nan, 'aux_ce': np.float64(0.7071114182472229), 'aux_accuracy': np.float64(0.7430450320243835), 'entropy': np.float64(1.6234718561172485), 'wall_s': 1420.4}
{'iter': 60, 'env_steps': 1967040, 'episode_return_mean': np.float64(335.27946159256965), 'aux_ce': np.float64(0.7264184951782227), 'aux_accuracy': np.float64(0.7376016974449158), 'entropy': np.float64(1.6173440217971802), 'wall_s': 1444.8}
{'iter': 61, 'env_steps': 1999824, 'episode_return_mean': np.float64(336.58075497766555), 'aux_ce': np.float64(0.7223687171936035), 'aux_accuracy': np.float64(0.7337938547134399), 'entropy': np.float64(1.605478286743164), 'wall_s': 1469.6}
{'iter': 62, 'env_steps': 2032608, 'episode_return_mean': nan, 'aux_ce': np.float64(0.7312530279159546), 'aux_accuracy': np.float64(0.7317196130752563), 'entropy': np.float64(1.602974534034729), 'wall_s': 1493.9}
{'iter': 63, 'env_steps': 2065392, 'episode_return_mean': np.float64(338.0974030093796), 'aux_ce': np.float64(0.7361451387405396), 'aux_accuracy': np.float64(0.7265255451202393), 'entropy': np.float64(1.596055269241333), 'wall_s': 1518.8}
{'iter': 64, 'env_steps': 2098176, 'episode_return_mean': np.float64(336.8133419615289), 'aux_ce': np.float64(0.7110171318054199), 'aux_accuracy': np.float64(0.7450000047683716), 'entropy': np.float64(1.5845472812652588), 'wall_s': 1543.4}
{'iter': 65, 'env_steps': 2130960, 'episode_return_mean': nan, 'aux_ce': np.float64(0.7295792102813721), 'aux_accuracy': np.float64(0.7320427894592285), 'entropy': np.float64(1.5750802755355835), 'wall_s': 1568.3}
{'iter': 66, 'env_steps': 2163744, 'episode_return_mean': np.float64(340.0516269567281), 'aux_ce': np.float64(0.7477715611457825), 'aux_accuracy': np.float64(0.7235583066940308), 'entropy': np.float64(1.5712836980819702), 'wall_s': 1593.5}
{'iter': 67, 'env_steps': 2196528, 'episode_return_mean': np.float64(339.87968267571), 'aux_ce': np.float64(0.7248243689537048), 'aux_accuracy': np.float64(0.7332477569580078), 'entropy': np.float64(1.56192946434021), 'wall_s': 1619.0}
{'iter': 68, 'env_steps': 2229312, 'episode_return_mean': nan, 'aux_ce': np.float64(0.7160025238990784), 'aux_accuracy': np.float64(0.7360279560089111), 'entropy': np.float64(1.5525565147399902), 'wall_s': 1644.4}
{'iter': 69, 'env_steps': 2262096, 'episode_return_mean': np.float64(337.93999243985684), 'aux_ce': np.float64(0.7249449491500854), 'aux_accuracy': np.float64(0.733250617980957), 'entropy': np.float64(1.5387516021728516), 'wall_s': 1669.3}
{'iter': 70, 'env_steps': 2294880, 'episode_return_mean': np.float64(338.23817135660636), 'aux_ce': np.float64(0.7205703258514404), 'aux_accuracy': np.float64(0.7350037693977356), 'entropy': np.float64(1.5335196256637573), 'wall_s': 1694.6}
{'iter': 71, 'env_steps': 2327664, 'episode_return_mean': nan, 'aux_ce': np.float64(0.7423979043960571), 'aux_accuracy': np.float64(0.7269240617752075), 'entropy': np.float64(1.5292587280273438), 'wall_s': 1719.8}
{'iter': 72, 'env_steps': 2360448, 'episode_return_mean': np.float64(339.52263933529304), 'aux_ce': np.float64(0.6958855390548706), 'aux_accuracy': np.float64(0.7456228137016296), 'entropy': np.float64(1.5186512470245361), 'wall_s': 1745.0}
{'iter': 73, 'env_steps': 2393232, 'episode_return_mean': np.float64(341.08800246114964), 'aux_ce': np.float64(0.7355103492736816), 'aux_accuracy': np.float64(0.7327519655227661), 'entropy': np.float64(1.5130774974822998), 'wall_s': 1769.8}
{'iter': 74, 'env_steps': 2426016, 'episode_return_mean': nan, 'aux_ce': np.float64(0.7067130208015442), 'aux_accuracy': np.float64(0.7479940056800842), 'entropy': np.float64(1.5017454624176025), 'wall_s': 1794.8}
{'iter': 75, 'env_steps': 2458800, 'episode_return_mean': np.float64(344.2775776993165), 'aux_ce': np.float64(0.6734181642532349), 'aux_accuracy': np.float64(0.7702702879905701), 'entropy': np.float64(1.4967329502105713), 'wall_s': 1819.5}
{'iter': 76, 'env_steps': 2491584, 'episode_return_mean': np.float64(343.278069187357), 'aux_ce': np.float64(0.7100623250007629), 'aux_accuracy': np.float64(0.7462610602378845), 'entropy': np.float64(1.4898176193237305), 'wall_s': 1844.6}
{'iter': 77, 'env_steps': 2524368, 'episode_return_mean': nan, 'aux_ce': np.float64(0.7209964990615845), 'aux_accuracy': np.float64(0.7358201146125793), 'entropy': np.float64(1.4827654361724854), 'wall_s': 1870.2}
{'iter': 78, 'env_steps': 2557152, 'episode_return_mean': np.float64(341.7774490092723), 'aux_ce': np.float64(0.7117899656295776), 'aux_accuracy': np.float64(0.7436086535453796), 'entropy': np.float64(1.4784619808197021), 'wall_s': 1895.6}
{'iter': 79, 'env_steps': 2589936, 'episode_return_mean': np.float64(342.18965150637484), 'aux_ce': np.float64(0.69655841588974), 'aux_accuracy': np.float64(0.7478283047676086), 'entropy': np.float64(1.4741976261138916), 'wall_s': 1920.6}
{'iter': 80, 'env_steps': 2622720, 'episode_return_mean': nan, 'aux_ce': np.float64(0.7114176750183105), 'aux_accuracy': np.float64(0.7478991746902466), 'entropy': np.float64(1.471524953842163), 'wall_s': 1945.6}
{'iter': 81, 'env_steps': 2655504, 'episode_return_mean': np.float64(339.31522265099153), 'aux_ce': np.float64(0.7312472462654114), 'aux_accuracy': np.float64(0.7321473956108093), 'entropy': np.float64(1.4675618410110474), 'wall_s': 1970.7}
{'iter': 82, 'env_steps': 2688288, 'episode_return_mean': np.float64(339.2886323211861), 'aux_ce': np.float64(0.7436060309410095), 'aux_accuracy': np.float64(0.7259445786476135), 'entropy': np.float64(1.4588885307312012), 'wall_s': 1995.8}
{'iter': 83, 'env_steps': 2721072, 'episode_return_mean': nan, 'aux_ce': np.float64(0.7185118794441223), 'aux_accuracy': np.float64(0.7428930997848511), 'entropy': np.float64(1.4563655853271484), 'wall_s': 2020.6}
{'iter': 84, 'env_steps': 2753856, 'episode_return_mean': np.float64(341.03121657560706), 'aux_ce': np.float64(0.7004472017288208), 'aux_accuracy': np.float64(0.7536194920539856), 'entropy': np.float64(1.4544203281402588), 'wall_s': 2045.6}
{'iter': 85, 'env_steps': 2786640, 'episode_return_mean': np.float64(341.5696688006209), 'aux_ce': np.float64(0.7143527865409851), 'aux_accuracy': np.float64(0.7405143976211548), 'entropy': np.float64(1.449213981628418), 'wall_s': 2070.6}
{'iter': 86, 'env_steps': 2819424, 'episode_return_mean': nan, 'aux_ce': np.float64(0.7238691449165344), 'aux_accuracy': np.float64(0.7364164590835571), 'entropy': np.float64(1.4439324140548706), 'wall_s': 2095.6}
{'iter': 87, 'env_steps': 2852208, 'episode_return_mean': np.float64(337.1563033937144), 'aux_ce': np.float64(0.7524468302726746), 'aux_accuracy': np.float64(0.727918803691864), 'entropy': np.float64(1.439037561416626), 'wall_s': 2120.3}
{'iter': 88, 'env_steps': 2884992, 'episode_return_mean': np.float64(336.44421468124045), 'aux_ce': np.float64(0.6959236860275269), 'aux_accuracy': np.float64(0.7561658024787903), 'entropy': np.float64(1.4297010898590088), 'wall_s': 2145.7}
{'iter': 89, 'env_steps': 2917776, 'episode_return_mean': nan, 'aux_ce': np.float64(0.7252541780471802), 'aux_accuracy': np.float64(0.7392507195472717), 'entropy': np.float64(1.418205738067627), 'wall_s': 2171.0}
{'iter': 90, 'env_steps': 2950560, 'episode_return_mean': np.float64(339.4635536478236), 'aux_ce': np.float64(0.7247564196586609), 'aux_accuracy': np.float64(0.7328380942344666), 'entropy': np.float64(1.4134457111358643), 'wall_s': 2195.6}
{'iter': 91, 'env_steps': 2983344, 'episode_return_mean': np.float64(341.56310559414135), 'aux_ce': np.float64(0.730407178401947), 'aux_accuracy': np.float64(0.7365866303443909), 'entropy': np.float64(1.4161828756332397), 'wall_s': 2220.9}
{'iter': 92, 'env_steps': 3016128, 'episode_return_mean': nan, 'aux_ce': np.float64(0.7088686227798462), 'aux_accuracy': np.float64(0.7444922924041748), 'entropy': np.float64(1.4126012325286865), 'wall_s': 2246.2}
{'iter': 93, 'env_steps': 3048912, 'episode_return_mean': np.float64(340.0977960676403), 'aux_ce': np.float64(0.7119930386543274), 'aux_accuracy': np.float64(0.7469293475151062), 'entropy': np.float64(1.4071801900863647), 'wall_s': 2271.6}
{'iter': 94, 'env_steps': 3081696, 'episode_return_mean': np.float64(339.75961155093466), 'aux_ce': np.float64(0.6959536671638489), 'aux_accuracy': np.float64(0.7479466199874878), 'entropy': np.float64(1.3985990285873413), 'wall_s': 2297.0}
{'iter': 95, 'env_steps': 3114480, 'episode_return_mean': nan, 'aux_ce': np.float64(0.6772213578224182), 'aux_accuracy': np.float64(0.7638745903968811), 'entropy': np.float64(1.3906805515289307), 'wall_s': 2322.5}
{'iter': 96, 'env_steps': 3147264, 'episode_return_mean': np.float64(344.62029986994247), 'aux_ce': np.float64(0.7072427272796631), 'aux_accuracy': np.float64(0.7430484294891357), 'entropy': np.float64(1.3830584287643433), 'wall_s': 2348.0}
{'iter': 97, 'env_steps': 3180048, 'episode_return_mean': np.float64(344.7289887435361), 'aux_ce': np.float64(0.7023414373397827), 'aux_accuracy': np.float64(0.7482854723930359), 'entropy': np.float64(1.3752024173736572), 'wall_s': 2373.8}
{'iter': 98, 'env_steps': 3212832, 'episode_return_mean': nan, 'aux_ce': np.float64(0.7285813689231873), 'aux_accuracy': np.float64(0.7316391468048096), 'entropy': np.float64(1.3657716512680054), 'wall_s': 2399.1}
{'iter': 99, 'env_steps': 3245616, 'episode_return_mean': np.float64(342.14753291763725), 'aux_ce': np.float64(0.7111652493476868), 'aux_accuracy': np.float64(0.7441227436065674), 'entropy': np.float64(1.3620158433914185), 'wall_s': 2424.3}
{'iter': 100, 'env_steps': 3278400, 'episode_return_mean': np.float64(342.9916534261746), 'aux_ce': np.float64(0.7307798862457275), 'aux_accuracy': np.float64(0.7339130640029907), 'entropy': np.float64(1.3563127517700195), 'wall_s': 2450.1}
{'iter': 101, 'env_steps': 3311184, 'episode_return_mean': nan, 'aux_ce': np.float64(0.6950631141662598), 'aux_accuracy': np.float64(0.7574750781059265), 'entropy': np.float64(1.3469699621200562), 'wall_s': 2475.6}
{'iter': 102, 'env_steps': 3343968, 'episode_return_mean': np.float64(341.5858533404321), 'aux_ce': np.float64(0.7369472980499268), 'aux_accuracy': np.float64(0.7295454740524292), 'entropy': np.float64(1.3301441669464111), 'wall_s': 2501.1}
{'iter': 103, 'env_steps': 3376752, 'episode_return_mean': np.float64(342.9944357819218), 'aux_ce': np.float64(0.6957687139511108), 'aux_accuracy': np.float64(0.7557567954063416), 'entropy': np.float64(1.3213942050933838), 'wall_s': 2527.0}
{'iter': 104, 'env_steps': 3409536, 'episode_return_mean': nan, 'aux_ce': np.float64(0.7406289577484131), 'aux_accuracy': np.float64(0.7326202988624573), 'entropy': np.float64(1.321405291557312), 'wall_s': 2552.4}
{'iter': 105, 'env_steps': 3442320, 'episode_return_mean': np.float64(339.56506669277013), 'aux_ce': np.float64(0.7174341678619385), 'aux_accuracy': np.float64(0.741199791431427), 'entropy': np.float64(1.307114839553833), 'wall_s': 2578.2}
{'iter': 106, 'env_steps': 3475104, 'episode_return_mean': np.float64(339.1357074879335), 'aux_ce': np.float64(0.736659049987793), 'aux_accuracy': np.float64(0.7277805805206299), 'entropy': np.float64(1.3003255128860474), 'wall_s': 2604.9}
{'iter': 107, 'env_steps': 3507888, 'episode_return_mean': nan, 'aux_ce': np.float64(0.7222095727920532), 'aux_accuracy': np.float64(0.7377755045890808), 'entropy': np.float64(1.299565076828003), 'wall_s': 2630.7}
{'iter': 108, 'env_steps': 3540672, 'episode_return_mean': np.float64(343.70759241336674), 'aux_ce': np.float64(0.6926870942115784), 'aux_accuracy': np.float64(0.7580850720405579), 'entropy': np.float64(1.3068715333938599), 'wall_s': 2656.7}
{'iter': 109, 'env_steps': 3573456, 'episode_return_mean': np.float64(343.4163880869821), 'aux_ce': np.float64(0.7520918250083923), 'aux_accuracy': np.float64(0.7195544838905334), 'entropy': np.float64(1.3010280132293701), 'wall_s': 2683.0}
{'iter': 110, 'env_steps': 3606240, 'episode_return_mean': nan, 'aux_ce': np.float64(0.6973016262054443), 'aux_accuracy': np.float64(0.75), 'entropy': np.float64(1.293536901473999), 'wall_s': 2709.1}
{'iter': 111, 'env_steps': 3639024, 'episode_return_mean': np.float64(339.62290214471307), 'aux_ce': np.float64(0.7216365337371826), 'aux_accuracy': np.float64(0.7377343773841858), 'entropy': np.float64(1.292948603630066), 'wall_s': 2735.1}
{'iter': 112, 'env_steps': 3671808, 'episode_return_mean': np.float64(338.9508806895723), 'aux_ce': np.float64(0.7254219651222229), 'aux_accuracy': np.float64(0.7329816818237305), 'entropy': np.float64(1.2915561199188232), 'wall_s': 2761.5}
{'iter': 113, 'env_steps': 3704592, 'episode_return_mean': nan, 'aux_ce': np.float64(0.7040602564811707), 'aux_accuracy': np.float64(0.7488572597503662), 'entropy': np.float64(1.29019296169281), 'wall_s': 2787.8}
{'iter': 114, 'env_steps': 3737376, 'episode_return_mean': np.float64(341.09582762859895), 'aux_ce': np.float64(0.6994779706001282), 'aux_accuracy': np.float64(0.748711347579956), 'entropy': np.float64(1.2910813093185425), 'wall_s': 2813.7}
{'iter': 115, 'env_steps': 3770160, 'episode_return_mean': np.float64(341.2245474536624), 'aux_ce': np.float64(0.7028460502624512), 'aux_accuracy': np.float64(0.7517024874687195), 'entropy': np.float64(1.2868809700012207), 'wall_s': 2839.7}
{'iter': 116, 'env_steps': 3802944, 'episode_return_mean': nan, 'aux_ce': np.float64(0.6921409368515015), 'aux_accuracy': np.float64(0.7552016377449036), 'entropy': np.float64(1.2864971160888672), 'wall_s': 2865.7}
{'iter': 117, 'env_steps': 3835728, 'episode_return_mean': np.float64(339.5987719343757), 'aux_ce': np.float64(0.7086626887321472), 'aux_accuracy': np.float64(0.7466199398040771), 'entropy': np.float64(1.2795586585998535), 'wall_s': 2891.6}
{'iter': 118, 'env_steps': 3868512, 'episode_return_mean': np.float64(338.8506225317043), 'aux_ce': np.float64(0.714163601398468), 'aux_accuracy': np.float64(0.7392176389694214), 'entropy': np.float64(1.273862600326538), 'wall_s': 2917.5}
{'iter': 119, 'env_steps': 3901296, 'episode_return_mean': nan, 'aux_ce': np.float64(0.7128218412399292), 'aux_accuracy': np.float64(0.7464394569396973), 'entropy': np.float64(1.2732625007629395), 'wall_s': 2943.4}
{'iter': 120, 'env_steps': 3934080, 'episode_return_mean': np.float64(343.0564670770916), 'aux_ce': np.float64(0.7284282445907593), 'aux_accuracy': np.float64(0.7324905395507812), 'entropy': np.float64(1.265461802482605), 'wall_s': 2969.2}
{'iter': 121, 'env_steps': 3966864, 'episode_return_mean': np.float64(342.11457512967786), 'aux_ce': np.float64(0.7242301106452942), 'aux_accuracy': np.float64(0.7387869358062744), 'entropy': np.float64(1.2629766464233398), 'wall_s': 2995.2}
{'iter': 122, 'env_steps': 3999648, 'episode_return_mean': nan, 'aux_ce': np.float64(0.7156509757041931), 'aux_accuracy': np.float64(0.7398726344108582), 'entropy': np.float64(1.2615801095962524), 'wall_s': 3020.8}
{'iter': 123, 'env_steps': 4032432, 'episode_return_mean': np.float64(340.16333991834375), 'aux_ce': np.float64(0.7057854533195496), 'aux_accuracy': np.float64(0.7425901293754578), 'entropy': np.float64(1.263990879058838), 'wall_s': 3045.9}
{'iter': 124, 'env_steps': 4065216, 'episode_return_mean': np.float64(339.4429648938732), 'aux_ce': np.float64(0.7172892093658447), 'aux_accuracy': np.float64(0.7431100010871887), 'entropy': np.float64(1.2596733570098877), 'wall_s': 3071.5}
{'iter': 125, 'env_steps': 4098000, 'episode_return_mean': nan, 'aux_ce': np.float64(0.7473245859146118), 'aux_accuracy': np.float64(0.7253832221031189), 'entropy': np.float64(1.2538471221923828), 'wall_s': 3096.6}
{'iter': 126, 'env_steps': 4130784, 'episode_return_mean': np.float64(339.1970647473363), 'aux_ce': np.float64(0.7342969179153442), 'aux_accuracy': np.float64(0.7362525463104248), 'entropy': np.float64(1.2553119659423828), 'wall_s': 3121.9}
{'iter': 127, 'env_steps': 4163568, 'episode_return_mean': np.float64(339.4611469964833), 'aux_ce': np.float64(0.695931613445282), 'aux_accuracy': np.float64(0.7520933747291565), 'entropy': np.float64(1.2566533088684082), 'wall_s': 3147.8}
{'iter': 128, 'env_steps': 4196352, 'episode_return_mean': nan, 'aux_ce': np.float64(0.705812931060791), 'aux_accuracy': np.float64(0.7481146454811096), 'entropy': np.float64(1.268404245376587), 'wall_s': 3173.4}
{'iter': 129, 'env_steps': 4229136, 'episode_return_mean': np.float64(344.55990253663356), 'aux_ce': np.float64(0.7449213266372681), 'aux_accuracy': np.float64(0.7217029929161072), 'entropy': np.float64(1.2676212787628174), 'wall_s': 3198.8}
{'iter': 130, 'env_steps': 4261920, 'episode_return_mean': np.float64(344.6486556890328), 'aux_ce': np.float64(0.7035955190658569), 'aux_accuracy': np.float64(0.7474057078361511), 'entropy': np.float64(1.268667459487915), 'wall_s': 3225.2}
{'iter': 131, 'env_steps': 4294704, 'episode_return_mean': nan, 'aux_ce': np.float64(0.7348749041557312), 'aux_accuracy': np.float64(0.7307886481285095), 'entropy': np.float64(1.269068956375122), 'wall_s': 3250.5}
{'iter': 132, 'env_steps': 4327488, 'episode_return_mean': np.float64(340.21596223949115), 'aux_ce': np.float64(0.7056952714920044), 'aux_accuracy': np.float64(0.7438310980796814), 'entropy': np.float64(1.2818738222122192), 'wall_s': 3275.8}
{'iter': 133, 'env_steps': 4360272, 'episode_return_mean': np.float64(338.71759880591503), 'aux_ce': np.float64(0.7126954793930054), 'aux_accuracy': np.float64(0.7359564900398254), 'entropy': np.float64(1.2878408432006836), 'wall_s': 3300.5}
{'iter': 134, 'env_steps': 4393056, 'episode_return_mean': nan, 'aux_ce': np.float64(0.7346470952033997), 'aux_accuracy': np.float64(0.7265705466270447), 'entropy': np.float64(1.2977538108825684), 'wall_s': 3325.1}
{'iter': 135, 'env_steps': 4425840, 'episode_return_mean': np.float64(340.3901847913916), 'aux_ce': np.float64(0.7151536345481873), 'aux_accuracy': np.float64(0.7401595115661621), 'entropy': np.float64(1.30514395236969), 'wall_s': 3349.5}
{'iter': 136, 'env_steps': 4458624, 'episode_return_mean': np.float64(340.18658798552866), 'aux_ce': np.float64(0.7220876216888428), 'aux_accuracy': np.float64(0.7370038628578186), 'entropy': np.float64(1.3147118091583252), 'wall_s': 3374.3}
{'iter': 137, 'env_steps': 4491408, 'episode_return_mean': nan, 'aux_ce': np.float64(0.7106729745864868), 'aux_accuracy': np.float64(0.7467964887619019), 'entropy': np.float64(1.3262317180633545), 'wall_s': 3398.9}
{'iter': 138, 'env_steps': 4524192, 'episode_return_mean': np.float64(339.1913687787174), 'aux_ce': np.float64(0.7404999732971191), 'aux_accuracy': np.float64(0.7291561365127563), 'entropy': np.float64(1.3376497030258179), 'wall_s': 3423.7}
{'iter': 139, 'env_steps': 4556976, 'episode_return_mean': np.float64(339.35292033953385), 'aux_ce': np.float64(0.7174416184425354), 'aux_accuracy': np.float64(0.7398666143417358), 'entropy': np.float64(1.3419890403747559), 'wall_s': 3448.1}
{'iter': 140, 'env_steps': 4589760, 'episode_return_mean': nan, 'aux_ce': np.float64(0.7018424272537231), 'aux_accuracy': np.float64(0.7454728484153748), 'entropy': np.float64(1.3470574617385864), 'wall_s': 3472.2}
{'iter': 141, 'env_steps': 4622544, 'episode_return_mean': np.float64(336.39161430463236), 'aux_ce': np.float64(0.7351786494255066), 'aux_accuracy': np.float64(0.7283604741096497), 'entropy': np.float64(1.3515150547027588), 'wall_s': 3496.9}
{'iter': 142, 'env_steps': 4655328, 'episode_return_mean': np.float64(337.9440335457603), 'aux_ce': np.float64(0.7413475513458252), 'aux_accuracy': np.float64(0.7195278406143188), 'entropy': np.float64(1.357542634010315), 'wall_s': 3521.9}
{'iter': 143, 'env_steps': 4688112, 'episode_return_mean': nan, 'aux_ce': np.float64(0.7020861506462097), 'aux_accuracy': np.float64(0.7461577653884888), 'entropy': np.float64(1.3656824827194214), 'wall_s': 3546.5}
{'iter': 144, 'env_steps': 4720896, 'episode_return_mean': np.float64(336.158913573243), 'aux_ce': np.float64(0.707512378692627), 'aux_accuracy': np.float64(0.7376482486724854), 'entropy': np.float64(1.371700406074524), 'wall_s': 3571.3}
{'iter': 145, 'env_steps': 4753680, 'episode_return_mean': np.float64(337.34709068582083), 'aux_ce': np.float64(0.7306734919548035), 'aux_accuracy': np.float64(0.7312182784080505), 'entropy': np.float64(1.3756053447723389), 'wall_s': 3596.3}
{'iter': 146, 'env_steps': 4786464, 'episode_return_mean': nan, 'aux_ce': np.float64(0.7029880881309509), 'aux_accuracy': np.float64(0.7467038631439209), 'entropy': np.float64(1.3805897235870361), 'wall_s': 3620.2}
{'iter': 147, 'env_steps': 4819248, 'episode_return_mean': np.float64(340.70286447395966), 'aux_ce': np.float64(0.7140064239501953), 'aux_accuracy': np.float64(0.735785961151123), 'entropy': np.float64(1.380679965019226), 'wall_s': 3644.1}
{'iter': 148, 'env_steps': 4852032, 'episode_return_mean': np.float64(339.5396341326657), 'aux_ce': np.float64(0.7027297616004944), 'aux_accuracy': np.float64(0.742720901966095), 'entropy': np.float64(1.3836796283721924), 'wall_s': 3668.3}
{'iter': 149, 'env_steps': 4884816, 'episode_return_mean': nan, 'aux_ce': np.float64(0.7349663972854614), 'aux_accuracy': np.float64(0.7289575338363647), 'entropy': np.float64(1.389667272567749), 'wall_s': 3692.3}
{'iter': 150, 'env_steps': 4917600, 'episode_return_mean': np.float64(340.76694982417996), 'aux_ce': np.float64(0.7036022543907166), 'aux_accuracy': np.float64(0.7498049139976501), 'entropy': np.float64(1.394769549369812), 'wall_s': 3716.4}
{'iter': 151, 'env_steps': 4950384, 'episode_return_mean': np.float64(340.96251402461337), 'aux_ce': np.float64(0.7159904837608337), 'aux_accuracy': np.float64(0.736274778842926), 'entropy': np.float64(1.3947982788085938), 'wall_s': 3740.9}
{'iter': 152, 'env_steps': 4983168, 'episode_return_mean': nan, 'aux_ce': np.float64(0.7392288446426392), 'aux_accuracy': np.float64(0.725905179977417), 'entropy': np.float64(1.403876543045044), 'wall_s': 3765.0}
{'iter': 153, 'env_steps': 5015952, 'episode_return_mean': np.float64(341.9599480314273), 'aux_ce': np.float64(0.7062714695930481), 'aux_accuracy': np.float64(0.7450929880142212), 'entropy': np.float64(1.4094985723495483), 'wall_s': 3789.3}
{'iter': 154, 'env_steps': 5048736, 'episode_return_mean': np.float64(341.8005800586054), 'aux_ce': np.float64(0.7373171448707581), 'aux_accuracy': np.float64(0.7251888513565063), 'entropy': np.float64(1.4178135395050049), 'wall_s': 3813.5}
{'iter': 155, 'env_steps': 5081520, 'episode_return_mean': nan, 'aux_ce': np.float64(0.70053631067276), 'aux_accuracy': np.float64(0.7482625246047974), 'entropy': np.float64(1.4205646514892578), 'wall_s': 3837.5}
{'iter': 156, 'env_steps': 5114304, 'episode_return_mean': np.float64(341.6261276858953), 'aux_ce': np.float64(0.7242606282234192), 'aux_accuracy': np.float64(0.7304856181144714), 'entropy': np.float64(1.4270788431167603), 'wall_s': 3861.5}
{'iter': 157, 'env_steps': 5147088, 'episode_return_mean': np.float64(341.62804757907844), 'aux_ce': np.float64(0.7067899703979492), 'aux_accuracy': np.float64(0.748426079750061), 'entropy': np.float64(1.4259333610534668), 'wall_s': 3885.9}
{'iter': 158, 'env_steps': 5179872, 'episode_return_mean': nan, 'aux_ce': np.float64(0.7123997807502747), 'aux_accuracy': np.float64(0.744470477104187), 'entropy': np.float64(1.426814079284668), 'wall_s': 3910.2}
{'iter': 159, 'env_steps': 5212656, 'episode_return_mean': np.float64(341.22374102695017), 'aux_ce': np.float64(0.7332690954208374), 'aux_accuracy': np.float64(0.7283047437667847), 'entropy': np.float64(1.4307695627212524), 'wall_s': 3934.6}
{'iter': 160, 'env_steps': 5245440, 'episode_return_mean': np.float64(341.16473169295045), 'aux_ce': np.float64(0.7267652750015259), 'aux_accuracy': np.float64(0.7336928844451904), 'entropy': np.float64(1.4319730997085571), 'wall_s': 3959.2}
{'iter': 161, 'env_steps': 5278224, 'episode_return_mean': nan, 'aux_ce': np.float64(0.6939593553543091), 'aux_accuracy': np.float64(0.7548774480819702), 'entropy': np.float64(1.4391398429870605), 'wall_s': 3983.7}
{'iter': 162, 'env_steps': 5311008, 'episode_return_mean': np.float64(339.5681908839176), 'aux_ce': np.float64(0.74001544713974), 'aux_accuracy': np.float64(0.7231404781341553), 'entropy': np.float64(1.4420816898345947), 'wall_s': 4009.1}
{'iter': 163, 'env_steps': 5343792, 'episode_return_mean': np.float64(340.4865112523705), 'aux_ce': np.float64(0.7426047921180725), 'aux_accuracy': np.float64(0.7195496559143066), 'entropy': np.float64(1.4429963827133179), 'wall_s': 4034.1}
{'iter': 164, 'env_steps': 5376576, 'episode_return_mean': nan, 'aux_ce': np.float64(0.7491044998168945), 'aux_accuracy': np.float64(0.7168765664100647), 'entropy': np.float64(1.4457627534866333), 'wall_s': 4058.9}
{'iter': 165, 'env_steps': 5409360, 'episode_return_mean': np.float64(335.25650741660684), 'aux_ce': np.float64(0.7296797037124634), 'aux_accuracy': np.float64(0.7289931774139404), 'entropy': np.float64(1.4561868906021118), 'wall_s': 4084.6}
{'iter': 166, 'env_steps': 5442144, 'episode_return_mean': np.float64(336.26840394298665), 'aux_ce': np.float64(0.7126176953315735), 'aux_accuracy': np.float64(0.7363196611404419), 'entropy': np.float64(1.4583282470703125), 'wall_s': 4110.0}
{'iter': 167, 'env_steps': 5474928, 'episode_return_mean': nan, 'aux_ce': np.float64(0.7225126028060913), 'aux_accuracy': np.float64(0.7326757907867432), 'entropy': np.float64(1.4575273990631104), 'wall_s': 4135.6}
{'iter': 168, 'env_steps': 5507712, 'episode_return_mean': np.float64(341.24444946358733), 'aux_ce': np.float64(0.7371670007705688), 'aux_accuracy': np.float64(0.7267221808433533), 'entropy': np.float64(1.4588541984558105), 'wall_s': 4160.5}
{'iter': 169, 'env_steps': 5540496, 'episode_return_mean': np.float64(340.25644965887784), 'aux_ce': np.float64(0.7220895290374756), 'aux_accuracy': np.float64(0.7403748631477356), 'entropy': np.float64(1.4607816934585571), 'wall_s': 4185.4}
{'iter': 170, 'env_steps': 5573280, 'episode_return_mean': nan, 'aux_ce': np.float64(0.7099013924598694), 'aux_accuracy': np.float64(0.7344661355018616), 'entropy': np.float64(1.4609686136245728), 'wall_s': 4209.9}
{'iter': 171, 'env_steps': 5606064, 'episode_return_mean': np.float64(337.5231105763499), 'aux_ce': np.float64(0.7107206583023071), 'aux_accuracy': np.float64(0.7375725507736206), 'entropy': np.float64(1.4641289710998535), 'wall_s': 4234.4}
{'iter': 172, 'env_steps': 5638848, 'episode_return_mean': np.float64(338.20673738081587), 'aux_ce': np.float64(0.7234130501747131), 'aux_accuracy': np.float64(0.7331132292747498), 'entropy': np.float64(1.4720557928085327), 'wall_s': 4259.2}
{'iter': 173, 'env_steps': 5671632, 'episode_return_mean': nan, 'aux_ce': np.float64(0.7186869978904724), 'aux_accuracy': np.float64(0.7343869209289551), 'entropy': np.float64(1.4746431112289429), 'wall_s': 4284.3}
{'iter': 174, 'env_steps': 5704416, 'episode_return_mean': np.float64(338.8880384530665), 'aux_ce': np.float64(0.7594469785690308), 'aux_accuracy': np.float64(0.7142134308815002), 'entropy': np.float64(1.4716097116470337), 'wall_s': 4309.1}
{'iter': 175, 'env_steps': 5737200, 'episode_return_mean': np.float64(337.8614345600679), 'aux_ce': np.float64(0.7535162568092346), 'aux_accuracy': np.float64(0.7142128348350525), 'entropy': np.float64(1.4736497402191162), 'wall_s': 4333.8}
{'iter': 176, 'env_steps': 5769984, 'episode_return_mean': nan, 'aux_ce': np.float64(0.7280255556106567), 'aux_accuracy': np.float64(0.7291666865348816), 'entropy': np.float64(1.4751523733139038), 'wall_s': 4358.8}
{'iter': 177, 'env_steps': 5802768, 'episode_return_mean': np.float64(339.22420827913953), 'aux_ce': np.float64(0.7105795741081238), 'aux_accuracy': np.float64(0.743339478969574), 'entropy': np.float64(1.472970724105835), 'wall_s': 4384.2}
{'iter': 178, 'env_steps': 5835552, 'episode_return_mean': np.float64(339.5261061915308), 'aux_ce': np.float64(0.7443312406539917), 'aux_accuracy': np.float64(0.7216705083847046), 'entropy': np.float64(1.4796154499053955), 'wall_s': 4408.9}
{'iter': 179, 'env_steps': 5868336, 'episode_return_mean': nan, 'aux_ce': np.float64(0.7439558506011963), 'aux_accuracy': np.float64(0.7203390002250671), 'entropy': np.float64(1.4840492010116577), 'wall_s': 4433.7}
{'iter': 180, 'env_steps': 5901120, 'episode_return_mean': np.float64(334.0297244398448), 'aux_ce': np.float64(0.7155535221099854), 'aux_accuracy': np.float64(0.736855685710907), 'entropy': np.float64(1.4890540838241577), 'wall_s': 4458.4}
{'iter': 181, 'env_steps': 5933904, 'episode_return_mean': np.float64(334.89756438952423), 'aux_ce': np.float64(0.7311996221542358), 'aux_accuracy': np.float64(0.731521487236023), 'entropy': np.float64(1.4881956577301025), 'wall_s': 4483.2}
{'iter': 182, 'env_steps': 5966688, 'episode_return_mean': nan, 'aux_ce': np.float64(0.7292661070823669), 'aux_accuracy': np.float64(0.7329803109169006), 'entropy': np.float64(1.4917994737625122), 'wall_s': 4507.7}
{'iter': 183, 'env_steps': 5999472, 'episode_return_mean': np.float64(341.1839248355435), 'aux_ce': np.float64(0.7134547829627991), 'aux_accuracy': np.float64(0.7351667881011963), 'entropy': np.float64(1.4888746738433838), 'wall_s': 4532.4}
{'iter': 184, 'env_steps': 6032256, 'episode_return_mean': np.float64(341.5566614123063), 'aux_ce': np.float64(0.7301529049873352), 'aux_accuracy': np.float64(0.7328732013702393), 'entropy': np.float64(1.4890172481536865), 'wall_s': 4557.2}
{'iter': 185, 'env_steps': 6065040, 'episode_return_mean': nan, 'aux_ce': np.float64(0.7132699489593506), 'aux_accuracy': np.float64(0.7428278923034668), 'entropy': np.float64(1.4880467653274536), 'wall_s': 4582.0}
{'iter': 186, 'env_steps': 6097824, 'episode_return_mean': np.float64(339.4469714180573), 'aux_ce': np.float64(0.7324870228767395), 'aux_accuracy': np.float64(0.7231362462043762), 'entropy': np.float64(1.4937875270843506), 'wall_s': 4606.5}
{'iter': 187, 'env_steps': 6130608, 'episode_return_mean': np.float64(339.09739111073424), 'aux_ce': np.float64(0.6875790357589722), 'aux_accuracy': np.float64(0.7526663541793823), 'entropy': np.float64(1.4998723268508911), 'wall_s': 4631.5}
{'iter': 188, 'env_steps': 6163392, 'episode_return_mean': nan, 'aux_ce': np.float64(0.7242763042449951), 'aux_accuracy': np.float64(0.7355182766914368), 'entropy': np.float64(1.5034369230270386), 'wall_s': 4656.5}
{'iter': 189, 'env_steps': 6196176, 'episode_return_mean': np.float64(339.154850553595), 'aux_ce': np.float64(0.7211231589317322), 'aux_accuracy': np.float64(0.7317383289337158), 'entropy': np.float64(1.5032206773757935), 'wall_s': 4681.0}
{'iter': 190, 'env_steps': 6228960, 'episode_return_mean': np.float64(337.826336461075), 'aux_ce': np.float64(0.6839677691459656), 'aux_accuracy': np.float64(0.7564005255699158), 'entropy': np.float64(1.5064334869384766), 'wall_s': 4706.3}
{'iter': 191, 'env_steps': 6261744, 'episode_return_mean': nan, 'aux_ce': np.float64(0.7211456894874573), 'aux_accuracy': np.float64(0.7342458963394165), 'entropy': np.float64(1.5008114576339722), 'wall_s': 4731.1}
{'iter': 192, 'env_steps': 6294528, 'episode_return_mean': np.float64(335.3286535450387), 'aux_ce': np.float64(0.7051070928573608), 'aux_accuracy': np.float64(0.7333505153656006), 'entropy': np.float64(1.5055376291275024), 'wall_s': 4756.1}
{'iter': 193, 'env_steps': 6327312, 'episode_return_mean': np.float64(337.11555796790003), 'aux_ce': np.float64(0.7031213641166687), 'aux_accuracy': np.float64(0.7472063302993774), 'entropy': np.float64(1.509253740310669), 'wall_s': 4781.3}
{'iter': 194, 'env_steps': 6360096, 'episode_return_mean': nan, 'aux_ce': np.float64(0.7345408797264099), 'aux_accuracy': np.float64(0.726047933101654), 'entropy': np.float64(1.5063003301620483), 'wall_s': 4806.7}
{'iter': 195, 'env_steps': 6392880, 'episode_return_mean': np.float64(337.6616317577282), 'aux_ce': np.float64(0.7270265817642212), 'aux_accuracy': np.float64(0.7247730493545532), 'entropy': np.float64(1.5067329406738281), 'wall_s': 4832.3}
{'iter': 196, 'env_steps': 6425664, 'episode_return_mean': np.float64(336.6535484521893), 'aux_ce': np.float64(0.7346417307853699), 'aux_accuracy': np.float64(0.7250770926475525), 'entropy': np.float64(1.5094683170318604), 'wall_s': 4857.7}
{'iter': 197, 'env_steps': 6458448, 'episode_return_mean': nan, 'aux_ce': np.float64(0.756086528301239), 'aux_accuracy': np.float64(0.711276650428772), 'entropy': np.float64(1.518690824508667), 'wall_s': 4882.4}
{'iter': 198, 'env_steps': 6491232, 'episode_return_mean': np.float64(335.55037333856444), 'aux_ce': np.float64(0.7011810541152954), 'aux_accuracy': np.float64(0.739739716053009), 'entropy': np.float64(1.5180482864379883), 'wall_s': 4907.4}
{'iter': 199, 'env_steps': 6524016, 'episode_return_mean': np.float64(334.32724734766595), 'aux_ce': np.float64(0.7333678603172302), 'aux_accuracy': np.float64(0.7291460037231445), 'entropy': np.float64(1.5224614143371582), 'wall_s': 4932.6}
{'iter': 200, 'env_steps': 6556800, 'episode_return_mean': nan, 'aux_ce': np.float64(0.7545796632766724), 'aux_accuracy': np.float64(0.7168857455253601), 'entropy': np.float64(1.5229017734527588), 'wall_s': 4957.8}
{'iter': 201, 'env_steps': 6589584, 'episode_return_mean': np.float64(337.7044735663369), 'aux_ce': np.float64(0.7209928035736084), 'aux_accuracy': np.float64(0.7319720983505249), 'entropy': np.float64(1.5229899883270264), 'wall_s': 4983.0}
{'iter': 202, 'env_steps': 6622368, 'episode_return_mean': np.float64(334.89133016810797), 'aux_ce': np.float64(0.7362183928489685), 'aux_accuracy': np.float64(0.7220097184181213), 'entropy': np.float64(1.5247853994369507), 'wall_s': 5008.6}
{'iter': 203, 'env_steps': 6655152, 'episode_return_mean': nan, 'aux_ce': np.float64(0.7174780964851379), 'aux_accuracy': np.float64(0.7428355813026428), 'entropy': np.float64(1.5228548049926758), 'wall_s': 5033.6}
{'iter': 204, 'env_steps': 6687936, 'episode_return_mean': np.float64(339.78561281139616), 'aux_ce': np.float64(0.7099010348320007), 'aux_accuracy': np.float64(0.7447647452354431), 'entropy': np.float64(1.5233272314071655), 'wall_s': 5058.2}
{'iter': 205, 'env_steps': 6720720, 'episode_return_mean': np.float64(338.95344672298455), 'aux_ce': np.float64(0.7354910969734192), 'aux_accuracy': np.float64(0.7361530661582947), 'entropy': np.float64(1.5227580070495605), 'wall_s': 5083.6}
{'iter': 206, 'env_steps': 6753504, 'episode_return_mean': nan, 'aux_ce': np.float64(0.7362363934516907), 'aux_accuracy': np.float64(0.7236206531524658), 'entropy': np.float64(1.5237863063812256), 'wall_s': 5108.2}
{'iter': 207, 'env_steps': 6786288, 'episode_return_mean': np.float64(339.1393412040135), 'aux_ce': np.float64(0.7370589971542358), 'aux_accuracy': np.float64(0.7246192693710327), 'entropy': np.float64(1.5252591371536255), 'wall_s': 5132.7}
{'iter': 208, 'env_steps': 6819072, 'episode_return_mean': np.float64(341.1246348386841), 'aux_ce': np.float64(0.7187904119491577), 'aux_accuracy': np.float64(0.740066647529602), 'entropy': np.float64(1.520355224609375), 'wall_s': 5157.6}
{'iter': 209, 'env_steps': 6851856, 'episode_return_mean': nan, 'aux_ce': np.float64(0.7527655363082886), 'aux_accuracy': np.float64(0.7173857688903809), 'entropy': np.float64(1.5209461450576782), 'wall_s': 5182.0}
{'iter': 210, 'env_steps': 6884640, 'episode_return_mean': np.float64(338.81844720901745), 'aux_ce': np.float64(0.7289106249809265), 'aux_accuracy': np.float64(0.7292371988296509), 'entropy': np.float64(1.5256644487380981), 'wall_s': 5206.6}
{'iter': 211, 'env_steps': 6917424, 'episode_return_mean': np.float64(338.439385738488), 'aux_ce': np.float64(0.7411250472068787), 'aux_accuracy': np.float64(0.7223381996154785), 'entropy': np.float64(1.526930332183838), 'wall_s': 5231.3}
{'iter': 212, 'env_steps': 6950208, 'episode_return_mean': nan, 'aux_ce': np.float64(0.7331318259239197), 'aux_accuracy': np.float64(0.7316269874572754), 'entropy': np.float64(1.52275550365448), 'wall_s': 5256.0}
{'iter': 213, 'env_steps': 6982992, 'episode_return_mean': np.float64(337.25055532632587), 'aux_ce': np.float64(0.7446314692497253), 'aux_accuracy': np.float64(0.7252274751663208), 'entropy': np.float64(1.5238864421844482), 'wall_s': 5280.4}
{'iter': 214, 'env_steps': 7015776, 'episode_return_mean': np.float64(336.47275438941193), 'aux_ce': np.float64(0.7508178949356079), 'aux_accuracy': np.float64(0.7153043150901794), 'entropy': np.float64(1.5230071544647217), 'wall_s': 5305.4}
{'iter': 215, 'env_steps': 7048560, 'episode_return_mean': nan, 'aux_ce': np.float64(0.7212148308753967), 'aux_accuracy': np.float64(0.7341740131378174), 'entropy': np.float64(1.525112509727478), 'wall_s': 5330.3}
{'iter': 216, 'env_steps': 7081344, 'episode_return_mean': np.float64(340.24773088467316), 'aux_ce': np.float64(0.7147188782691956), 'aux_accuracy': np.float64(0.742455244064331), 'entropy': np.float64(1.5267975330352783), 'wall_s': 5354.9}
{'iter': 217, 'env_steps': 7114128, 'episode_return_mean': np.float64(338.0973981635143), 'aux_ce': np.float64(0.7363760471343994), 'aux_accuracy': np.float64(0.7245103120803833), 'entropy': np.float64(1.5275747776031494), 'wall_s': 5379.8}
{'iter': 218, 'env_steps': 7146912, 'episode_return_mean': nan, 'aux_ce': np.float64(0.7329139709472656), 'aux_accuracy': np.float64(0.7228946089744568), 'entropy': np.float64(1.5304715633392334), 'wall_s': 5404.2}
{'iter': 219, 'env_steps': 7179696, 'episode_return_mean': np.float64(339.31048993600854), 'aux_ce': np.float64(0.7347907423973083), 'aux_accuracy': np.float64(0.7210832834243774), 'entropy': np.float64(1.536231517791748), 'wall_s': 5428.8}
{'iter': 220, 'env_steps': 7212480, 'episode_return_mean': np.float64(339.4176078675136), 'aux_ce': np.float64(0.724391758441925), 'aux_accuracy': np.float64(0.7351460456848145), 'entropy': np.float64(1.544208288192749), 'wall_s': 5453.7}
{'iter': 221, 'env_steps': 7245264, 'episode_return_mean': nan, 'aux_ce': np.float64(0.7383965849876404), 'aux_accuracy': np.float64(0.7193294167518616), 'entropy': np.float64(1.5426900386810303), 'wall_s': 5478.4}
{'iter': 222, 'env_steps': 7278048, 'episode_return_mean': np.float64(337.8322265515303), 'aux_ce': np.float64(0.7518863081932068), 'aux_accuracy': np.float64(0.7058514952659607), 'entropy': np.float64(1.543575644493103), 'wall_s': 5503.0}
{'iter': 223, 'env_steps': 7310832, 'episode_return_mean': np.float64(336.2475060638294), 'aux_ce': np.float64(0.7355667352676392), 'aux_accuracy': np.float64(0.729203999042511), 'entropy': np.float64(1.546839952468872), 'wall_s': 5528.1}
{'iter': 224, 'env_steps': 7343616, 'episode_return_mean': nan, 'aux_ce': np.float64(0.7092664241790771), 'aux_accuracy': np.float64(0.7410622835159302), 'entropy': np.float64(1.5504319667816162), 'wall_s': 5552.4}
{'iter': 225, 'env_steps': 7376400, 'episode_return_mean': np.float64(335.2802880685248), 'aux_ce': np.float64(0.7450186610221863), 'aux_accuracy': np.float64(0.7182883620262146), 'entropy': np.float64(1.5561624765396118), 'wall_s': 5577.4}
{'iter': 226, 'env_steps': 7409184, 'episode_return_mean': np.float64(333.86960591485683), 'aux_ce': np.float64(0.7260589599609375), 'aux_accuracy': np.float64(0.730827808380127), 'entropy': np.float64(1.555964469909668), 'wall_s': 5601.7}
{'iter': 227, 'env_steps': 7441968, 'episode_return_mean': nan, 'aux_ce': np.float64(0.7350044250488281), 'aux_accuracy': np.float64(0.723690927028656), 'entropy': np.float64(1.558388590812683), 'wall_s': 5626.1}
{'iter': 228, 'env_steps': 7474752, 'episode_return_mean': np.float64(336.04556778263645), 'aux_ce': np.float64(0.7333744764328003), 'aux_accuracy': np.float64(0.722378134727478), 'entropy': np.float64(1.5594050884246826), 'wall_s': 5650.5}
{'iter': 229, 'env_steps': 7507536, 'episode_return_mean': np.float64(335.58188562833107), 'aux_ce': np.float64(0.7198333144187927), 'aux_accuracy': np.float64(0.7325640916824341), 'entropy': np.float64(1.5601330995559692), 'wall_s': 5674.9}
{'iter': 230, 'env_steps': 7540320, 'episode_return_mean': nan, 'aux_ce': np.float64(0.7572182416915894), 'aux_accuracy': np.float64(0.7083439230918884), 'entropy': np.float64(1.5625808238983154), 'wall_s': 5698.7}
{'iter': 231, 'env_steps': 7573104, 'episode_return_mean': np.float64(335.3290228623491), 'aux_ce': np.float64(0.715742826461792), 'aux_accuracy': np.float64(0.7375449538230896), 'entropy': np.float64(1.5669852495193481), 'wall_s': 5722.4}
{'iter': 232, 'env_steps': 7605888, 'episode_return_mean': np.float64(336.22252795525617), 'aux_ce': np.float64(0.7172898054122925), 'aux_accuracy': np.float64(0.7349960803985596), 'entropy': np.float64(1.568024754524231), 'wall_s': 5746.8}
{'iter': 233, 'env_steps': 7638672, 'episode_return_mean': nan, 'aux_ce': np.float64(0.7202298641204834), 'aux_accuracy': np.float64(0.7297643423080444), 'entropy': np.float64(1.5727980136871338), 'wall_s': 5771.0}
{'iter': 234, 'env_steps': 7671456, 'episode_return_mean': np.float64(337.09249381863816), 'aux_ce': np.float64(0.7351534366607666), 'aux_accuracy': np.float64(0.7232052683830261), 'entropy': np.float64(1.5688374042510986), 'wall_s': 5794.9}
{'iter': 235, 'env_steps': 7704240, 'episode_return_mean': np.float64(338.4816690817185), 'aux_ce': np.float64(0.7557052969932556), 'aux_accuracy': np.float64(0.7149249911308289), 'entropy': np.float64(1.5715711116790771), 'wall_s': 5819.5}
{'iter': 236, 'env_steps': 7737024, 'episode_return_mean': nan, 'aux_ce': np.float64(0.7324431538581848), 'aux_accuracy': np.float64(0.7273651957511902), 'entropy': np.float64(1.5741194486618042), 'wall_s': 5843.5}
{'iter': 237, 'env_steps': 7769808, 'episode_return_mean': np.float64(335.53598349697734), 'aux_ce': np.float64(0.7099037170410156), 'aux_accuracy': np.float64(0.7368821501731873), 'entropy': np.float64(1.5785009860992432), 'wall_s': 5867.7}
{'iter': 238, 'env_steps': 7802592, 'episode_return_mean': np.float64(336.72090654769715), 'aux_ce': np.float64(0.7498951554298401), 'aux_accuracy': np.float64(0.71875), 'entropy': np.float64(1.5795373916625977), 'wall_s': 5892.1}
{'iter': 239, 'env_steps': 7835376, 'episode_return_mean': nan, 'aux_ce': np.float64(0.7255024909973145), 'aux_accuracy': np.float64(0.7345491647720337), 'entropy': np.float64(1.587601900100708), 'wall_s': 5916.3}
{'iter': 240, 'env_steps': 7868160, 'episode_return_mean': np.float64(341.4885186001272), 'aux_ce': np.float64(0.7124373912811279), 'aux_accuracy': np.float64(0.7430660724639893), 'entropy': np.float64(1.5882269144058228), 'wall_s': 5941.0}
{'iter': 241, 'env_steps': 7900944, 'episode_return_mean': np.float64(342.37856614418945), 'aux_ce': np.float64(0.7194218039512634), 'aux_accuracy': np.float64(0.7463969588279724), 'entropy': np.float64(1.585631251335144), 'wall_s': 5965.4}
{'iter': 242, 'env_steps': 7933728, 'episode_return_mean': nan, 'aux_ce': np.float64(0.7083063721656799), 'aux_accuracy': np.float64(0.741976261138916), 'entropy': np.float64(1.5892257690429688), 'wall_s': 5989.7}
{'iter': 243, 'env_steps': 7966512, 'episode_return_mean': np.float64(341.25226086211546), 'aux_ce': np.float64(0.7342900633811951), 'aux_accuracy': np.float64(0.7242966890335083), 'entropy': np.float64(1.5962915420532227), 'wall_s': 6014.2}
{'iter': 244, 'env_steps': 7999296, 'episode_return_mean': np.float64(340.4769701659901), 'aux_ce': np.float64(0.7369185090065002), 'aux_accuracy': np.float64(0.7222222089767456), 'entropy': np.float64(1.593946933746338), 'wall_s': 6038.8}
{'iter': 245, 'env_steps': 8032080, 'episode_return_mean': nan, 'aux_ce': np.float64(0.7455882430076599), 'aux_accuracy': np.float64(0.7211105823516846), 'entropy': np.float64(1.5919780731201172), 'wall_s': 6063.1}
{'iter': 246, 'env_steps': 8064864, 'episode_return_mean': np.float64(338.70348126309375), 'aux_ce': np.float64(0.7354045510292053), 'aux_accuracy': np.float64(0.7239739894866943), 'entropy': np.float64(1.597773551940918), 'wall_s': 6087.7}
{'iter': 247, 'env_steps': 8097648, 'episode_return_mean': np.float64(338.7522424455012), 'aux_ce': np.float64(0.7348363995552063), 'aux_accuracy': np.float64(0.7233720421791077), 'entropy': np.float64(1.5971506834030151), 'wall_s': 6112.4}
{'iter': 248, 'env_steps': 8130432, 'episode_return_mean': nan, 'aux_ce': np.float64(0.7336013913154602), 'aux_accuracy': np.float64(0.7248557806015015), 'entropy': np.float64(1.5965638160705566), 'wall_s': 6136.6}
{'iter': 249, 'env_steps': 8163216, 'episode_return_mean': np.float64(337.5114953658473), 'aux_ce': np.float64(0.7248073816299438), 'aux_accuracy': np.float64(0.7347760200500488), 'entropy': np.float64(1.5957367420196533), 'wall_s': 6161.1}
{'iter': 250, 'env_steps': 8196000, 'episode_return_mean': np.float64(336.01800956427786), 'aux_ce': np.float64(0.7083560228347778), 'aux_accuracy': np.float64(0.7423437237739563), 'entropy': np.float64(1.5989794731140137), 'wall_s': 6185.9}
{'iter': 251, 'env_steps': 8228784, 'episode_return_mean': nan, 'aux_ce': np.float64(0.7024877667427063), 'aux_accuracy': np.float64(0.7470154762268066), 'entropy': np.float64(1.6031707525253296), 'wall_s': 6210.3}
{'iter': 252, 'env_steps': 8261568, 'episode_return_mean': np.float64(338.56782930563156), 'aux_ce': np.float64(0.700831949710846), 'aux_accuracy': np.float64(0.7459758520126343), 'entropy': np.float64(1.6042685508728027), 'wall_s': 6234.9}
{'iter': 253, 'env_steps': 8294352, 'episode_return_mean': np.float64(338.6315293860904), 'aux_ce': np.float64(0.7295978665351868), 'aux_accuracy': np.float64(0.7293788194656372), 'entropy': np.float64(1.6052290201187134), 'wall_s': 6259.6}
{'iter': 254, 'env_steps': 8327136, 'episode_return_mean': nan, 'aux_ce': np.float64(0.736016035079956), 'aux_accuracy': np.float64(0.728654682636261), 'entropy': np.float64(1.6081247329711914), 'wall_s': 6284.0}
{'iter': 255, 'env_steps': 8359920, 'episode_return_mean': np.float64(336.6746484681448), 'aux_ce': np.float64(0.7324687242507935), 'aux_accuracy': np.float64(0.7285639047622681), 'entropy': np.float64(1.607305645942688), 'wall_s': 6308.6}
{'iter': 256, 'env_steps': 8392704, 'episode_return_mean': np.float64(335.8497211143066), 'aux_ce': np.float64(0.7215162515640259), 'aux_accuracy': np.float64(0.730285108089447), 'entropy': np.float64(1.6071751117706299), 'wall_s': 6333.2}
{'iter': 257, 'env_steps': 8425488, 'episode_return_mean': nan, 'aux_ce': np.float64(0.7340880632400513), 'aux_accuracy': np.float64(0.7242164015769958), 'entropy': np.float64(1.6107511520385742), 'wall_s': 6357.7}
{'iter': 258, 'env_steps': 8458272, 'episode_return_mean': np.float64(338.6575138790222), 'aux_ce': np.float64(0.7189115285873413), 'aux_accuracy': np.float64(0.7343395948410034), 'entropy': np.float64(1.6114978790283203), 'wall_s': 6382.3}
{'iter': 259, 'env_steps': 8491056, 'episode_return_mean': np.float64(339.086681595035), 'aux_ce': np.float64(0.7004191875457764), 'aux_accuracy': np.float64(0.7484439611434937), 'entropy': np.float64(1.6139533519744873), 'wall_s': 6407.0}
{'iter': 260, 'env_steps': 8523840, 'episode_return_mean': nan, 'aux_ce': np.float64(0.6934679746627808), 'aux_accuracy': np.float64(0.7536305785179138), 'entropy': np.float64(1.6162097454071045), 'wall_s': 6432.1}
{'iter': 261, 'env_steps': 8556624, 'episode_return_mean': np.float64(338.34051226590464), 'aux_ce': np.float64(0.7290646433830261), 'aux_accuracy': np.float64(0.7299771308898926), 'entropy': np.float64(1.6230696439743042), 'wall_s': 6457.4}
{'iter': 262, 'env_steps': 8589408, 'episode_return_mean': np.float64(339.21658757772946), 'aux_ce': np.float64(0.7158969044685364), 'aux_accuracy': np.float64(0.7304170727729797), 'entropy': np.float64(1.6242570877075195), 'wall_s': 6481.7}
{'iter': 263, 'env_steps': 8622192, 'episode_return_mean': nan, 'aux_ce': np.float64(0.6914733648300171), 'aux_accuracy': np.float64(0.7511497139930725), 'entropy': np.float64(1.6275274753570557), 'wall_s': 6506.0}
{'iter': 264, 'env_steps': 8654976, 'episode_return_mean': np.float64(336.1462303335166), 'aux_ce': np.float64(0.705079972743988), 'aux_accuracy': np.float64(0.7445403933525085), 'entropy': np.float64(1.6297177076339722), 'wall_s': 6530.9}
{'iter': 265, 'env_steps': 8687760, 'episode_return_mean': np.float64(335.41501102316965), 'aux_ce': np.float64(0.7418205142021179), 'aux_accuracy': np.float64(0.7253360152244568), 'entropy': np.float64(1.6319692134857178), 'wall_s': 6555.4}
{'iter': 266, 'env_steps': 8720544, 'episode_return_mean': nan, 'aux_ce': np.float64(0.7030379772186279), 'aux_accuracy': np.float64(0.741805374622345), 'entropy': np.float64(1.6332279443740845), 'wall_s': 6579.5}
{'iter': 267, 'env_steps': 8753328, 'episode_return_mean': np.float64(340.8665826247626), 'aux_ce': np.float64(0.7174147963523865), 'aux_accuracy': np.float64(0.7322102189064026), 'entropy': np.float64(1.637571930885315), 'wall_s': 6603.7}
{'iter': 268, 'env_steps': 8786112, 'episode_return_mean': np.float64(341.84041128327954), 'aux_ce': np.float64(0.6978461146354675), 'aux_accuracy': np.float64(0.7432569861412048), 'entropy': np.float64(1.6407310962677002), 'wall_s': 6627.8}
{'iter': 269, 'env_steps': 8818896, 'episode_return_mean': nan, 'aux_ce': np.float64(0.7386966943740845), 'aux_accuracy': np.float64(0.7261874675750732), 'entropy': np.float64(1.6440211534500122), 'wall_s': 6652.1}
{'iter': 270, 'env_steps': 8851680, 'episode_return_mean': np.float64(336.46628202761985), 'aux_ce': np.float64(0.7344789505004883), 'aux_accuracy': np.float64(0.7258230447769165), 'entropy': np.float64(1.6482603549957275), 'wall_s': 6676.8}
{'iter': 271, 'env_steps': 8884464, 'episode_return_mean': np.float64(337.36309499264667), 'aux_ce': np.float64(0.7214566469192505), 'aux_accuracy': np.float64(0.7332146763801575), 'entropy': np.float64(1.6502865552902222), 'wall_s': 6701.2}
{'iter': 272, 'env_steps': 8917248, 'episode_return_mean': nan, 'aux_ce': np.float64(0.7164238691329956), 'aux_accuracy': np.float64(0.731083869934082), 'entropy': np.float64(1.6526068449020386), 'wall_s': 6725.6}
{'iter': 273, 'env_steps': 8950032, 'episode_return_mean': np.float64(337.19718058220116), 'aux_ce': np.float64(0.6867100596427917), 'aux_accuracy': np.float64(0.7584588527679443), 'entropy': np.float64(1.6555079221725464), 'wall_s': 6750.0}
{'iter': 274, 'env_steps': 8982816, 'episode_return_mean': np.float64(336.9412768059342), 'aux_ce': np.float64(0.7074201703071594), 'aux_accuracy': np.float64(0.740541934967041), 'entropy': np.float64(1.657183051109314), 'wall_s': 6774.4}
{'iter': 275, 'env_steps': 9015600, 'episode_return_mean': nan, 'aux_ce': np.float64(0.7494516372680664), 'aux_accuracy': np.float64(0.7228731513023376), 'entropy': np.float64(1.656844973564148), 'wall_s': 6799.0}
{'iter': 276, 'env_steps': 9048384, 'episode_return_mean': np.float64(339.7915574917759), 'aux_ce': np.float64(0.7164860963821411), 'aux_accuracy': np.float64(0.7372688055038452), 'entropy': np.float64(1.656635046005249), 'wall_s': 6823.3}
{'iter': 277, 'env_steps': 9081168, 'episode_return_mean': np.float64(339.50542052142936), 'aux_ce': np.float64(0.7058044672012329), 'aux_accuracy': np.float64(0.741730272769928), 'entropy': np.float64(1.6589957475662231), 'wall_s': 6847.8}
{'iter': 278, 'env_steps': 9113952, 'episode_return_mean': nan, 'aux_ce': np.float64(0.7286643385887146), 'aux_accuracy': np.float64(0.7305145263671875), 'entropy': np.float64(1.655985951423645), 'wall_s': 6872.1}
{'iter': 279, 'env_steps': 9146736, 'episode_return_mean': np.float64(341.5727802087198), 'aux_ce': np.float64(0.7043428421020508), 'aux_accuracy': np.float64(0.7428211569786072), 'entropy': np.float64(1.6627435684204102), 'wall_s': 6896.4}
{'iter': 280, 'env_steps': 9179520, 'episode_return_mean': np.float64(339.6122966836706), 'aux_ce': np.float64(0.7057082056999207), 'aux_accuracy': np.float64(0.7435897588729858), 'entropy': np.float64(1.6657631397247314), 'wall_s': 6921.2}
{'iter': 281, 'env_steps': 9212304, 'episode_return_mean': nan, 'aux_ce': np.float64(0.7186092734336853), 'aux_accuracy': np.float64(0.7372688055038452), 'entropy': np.float64(1.6702938079833984), 'wall_s': 6945.7}
{'iter': 282, 'env_steps': 9245088, 'episode_return_mean': np.float64(338.7290003922934), 'aux_ce': np.float64(0.7056823372840881), 'aux_accuracy': np.float64(0.7419273257255554), 'entropy': np.float64(1.6676937341690063), 'wall_s': 6970.1}
{'iter': 283, 'env_steps': 9277872, 'episode_return_mean': np.float64(336.93657475692225), 'aux_ce': np.float64(0.7455441355705261), 'aux_accuracy': np.float64(0.7153433561325073), 'entropy': np.float64(1.6714569330215454), 'wall_s': 6994.6}
{'iter': 284, 'env_steps': 9310656, 'episode_return_mean': nan, 'aux_ce': np.float64(0.687139093875885), 'aux_accuracy': np.float64(0.7546167373657227), 'entropy': np.float64(1.6716011762619019), 'wall_s': 7019.3}
{'iter': 285, 'env_steps': 9343440, 'episode_return_mean': np.float64(335.39335960640585), 'aux_ce': np.float64(0.7050003409385681), 'aux_accuracy': np.float64(0.745736837387085), 'entropy': np.float64(1.6723902225494385), 'wall_s': 7044.4}
{'iter': 286, 'env_steps': 9376224, 'episode_return_mean': np.float64(335.5223256309764), 'aux_ce': np.float64(0.7438624501228333), 'aux_accuracy': np.float64(0.7165653705596924), 'entropy': np.float64(1.675812840461731), 'wall_s': 7069.2}
{'iter': 287, 'env_steps': 9409008, 'episode_return_mean': nan, 'aux_ce': np.float64(0.745417594909668), 'aux_accuracy': np.float64(0.7193968892097473), 'entropy': np.float64(1.6753456592559814), 'wall_s': 7093.9}
{'iter': 288, 'env_steps': 9441792, 'episode_return_mean': np.float64(333.0529766731692), 'aux_ce': np.float64(0.7275111079216003), 'aux_accuracy': np.float64(0.7342995405197144), 'entropy': np.float64(1.6772887706756592), 'wall_s': 7118.5}
{'iter': 289, 'env_steps': 9474576, 'episode_return_mean': np.float64(333.47325289191053), 'aux_ce': np.float64(0.7394455671310425), 'aux_accuracy': np.float64(0.7202779650688171), 'entropy': np.float64(1.6807719469070435), 'wall_s': 7143.6}
{'iter': 290, 'env_steps': 9507360, 'episode_return_mean': nan, 'aux_ce': np.float64(0.7198150753974915), 'aux_accuracy': np.float64(0.7275747656822205), 'entropy': np.float64(1.683846354484558), 'wall_s': 7168.3}
{'iter': 291, 'env_steps': 9540144, 'episode_return_mean': np.float64(338.46784899230613), 'aux_ce': np.float64(0.7562651634216309), 'aux_accuracy': np.float64(0.7062322497367859), 'entropy': np.float64(1.6846778392791748), 'wall_s': 7193.1}
{'iter': 292, 'env_steps': 9572928, 'episode_return_mean': np.float64(337.4763626592919), 'aux_ce': np.float64(0.7824620604515076), 'aux_accuracy': np.float64(0.6918545365333557), 'entropy': np.float64(1.6809965372085571), 'wall_s': 7218.5}
{'iter': 293, 'env_steps': 9605712, 'episode_return_mean': nan, 'aux_ce': np.float64(0.738448977470398), 'aux_accuracy': np.float64(0.7235069870948792), 'entropy': np.float64(1.6843698024749756), 'wall_s': 7243.4}
{'iter': 294, 'env_steps': 9638496, 'episode_return_mean': np.float64(330.9019701016948), 'aux_ce': np.float64(0.7340469360351562), 'aux_accuracy': np.float64(0.7279319763183594), 'entropy': np.float64(1.6796281337738037), 'wall_s': 7267.9}
{'iter': 295, 'env_steps': 9671280, 'episode_return_mean': np.float64(332.8167029659596), 'aux_ce': np.float64(0.7268421053886414), 'aux_accuracy': np.float64(0.7303934097290039), 'entropy': np.float64(1.6815491914749146), 'wall_s': 7293.1}
{'iter': 296, 'env_steps': 9704064, 'episode_return_mean': nan, 'aux_ce': np.float64(0.711586058139801), 'aux_accuracy': np.float64(0.7365103363990784), 'entropy': np.float64(1.6789453029632568), 'wall_s': 7317.9}
{'iter': 297, 'env_steps': 9736848, 'episode_return_mean': np.float64(334.6209799736615), 'aux_ce': np.float64(0.7382282614707947), 'aux_accuracy': np.float64(0.7206225395202637), 'entropy': np.float64(1.680192470550537), 'wall_s': 7342.6}
{'iter': 298, 'env_steps': 9769632, 'episode_return_mean': np.float64(335.8539312962591), 'aux_ce': np.float64(0.7531340718269348), 'aux_accuracy': np.float64(0.7223902940750122), 'entropy': np.float64(1.6776137351989746), 'wall_s': 7367.7}
{'iter': 299, 'env_steps': 9802416, 'episode_return_mean': nan, 'aux_ce': np.float64(0.7238590121269226), 'aux_accuracy': np.float64(0.7295789122581482), 'entropy': np.float64(1.678855538368225), 'wall_s': 7392.4}
{'iter': 300, 'env_steps': 9835200, 'episode_return_mean': np.float64(336.7554007103237), 'aux_ce': np.float64(0.7290540337562561), 'aux_accuracy': np.float64(0.7348824739456177), 'entropy': np.float64(1.6817986965179443), 'wall_s': 7417.1}
{'iter': 301, 'env_steps': 9867984, 'episode_return_mean': np.float64(335.4138408039185), 'aux_ce': np.float64(0.7376188635826111), 'aux_accuracy': np.float64(0.7276322245597839), 'entropy': np.float64(1.6841988563537598), 'wall_s': 7442.1}
{'iter': 302, 'env_steps': 9900768, 'episode_return_mean': nan, 'aux_ce': np.float64(0.7340112924575806), 'aux_accuracy': np.float64(0.7316949367523193), 'entropy': np.float64(1.688420295715332), 'wall_s': 7467.1}
{'iter': 303, 'env_steps': 9933552, 'episode_return_mean': np.float64(337.0371234978211), 'aux_ce': np.float64(0.7479902505874634), 'aux_accuracy': np.float64(0.7120984196662903), 'entropy': np.float64(1.6876139640808105), 'wall_s': 7492.0}
{'iter': 304, 'env_steps': 9966336, 'episode_return_mean': np.float64(334.90187782375006), 'aux_ce': np.float64(0.7564283609390259), 'aux_accuracy': np.float64(0.7128514051437378), 'entropy': np.float64(1.690234661102295), 'wall_s': 7517.5}
{'iter': 305, 'env_steps': 9999120, 'episode_return_mean': nan, 'aux_ce': np.float64(0.7351893186569214), 'aux_accuracy': np.float64(0.7235915660858154), 'entropy': np.float64(1.6901733875274658), 'wall_s': 7542.4}
{'iter': 306, 'env_steps': 10031904, 'episode_return_mean': np.float64(337.4410206565112), 'aux_ce': np.float64(0.7437675595283508), 'aux_accuracy': np.float64(0.7171639800071716), 'entropy': np.float64(1.6895970106124878), 'wall_s': 7567.3}
done -> /Users/alex/Software/XOR/RLlib Harnes Beta/results/phase3/a_aux_0p1/seed1
[36m(SingleAgentEnvRunner pid=62965)[0m DeprecationWarning: `RLModule(config=[RLModuleConfig object])` has been deprecated. Use `RLModule(observation_space=.., action_space=.., inference_only=.., model_config=.., catalog_class=..)` instead. This will raise an error in the future![32m [repeated 3x across cluster] (Ray deduplicates logs by default. Set RAY_DEDUP_LOGS=0 to disable log deduplication, or see https://docs.ray.io/en/master/ray-observability/user-guides/configure-logging.html#log-deduplication for more options.)[0m
