2026-07-06 11:19:47,991	WARNING algorithm_config.py:2530 -- DeprecationWarning: `config.training(learner_config_dict=..)` has been deprecated. Use `config.learners(learner_config_dict=..)` instead. This will raise an error in the future!
2026-07-06 11:19:47,991	WARNING algorithm_config.py:5177 -- You are running PPO on the new API stack! This is the new default behavior for this algorithm. If you don't want to use the new API stack, set `config.api_stack(enable_rl_module_and_learner=False,enable_env_runner_and_connector_v2=False)`. For a detailed migration guide, see here: https://docs.ray.io/en/master/rllib/new-api-stack-migration-guide.html
2026-07-06 11:19:50,758	INFO worker.py:2024 -- Started a local Ray instance.
[2026-07-06 11:19:51,352 E 43679 7633472] core_worker.cc:2149: Actor with class name: 'SingleAgentEnvRunner' and ID: '396a79242f7ebcf486bbdfce01000000' has constructor arguments in the object store and max_restarts > 0. If the arguments in the object store go out of scope or are lost, the actor restart will fail. See https://github.com/ray-project/ray/issues/53727 for more details.
[36m(SingleAgentEnvRunner pid=43710)[0m DeprecationWarning: `RLModule(config=[RLModuleConfig object])` has been deprecated. Use `RLModule(observation_space=.., action_space=.., inference_only=.., model_config=.., catalog_class=..)` instead. This will raise an error in the future!
2026-07-06 11:19:53,505	WARNING rl_module.py:463 -- DeprecationWarning: `RLModule(config=[RLModuleConfig object])` has been deprecated. Use `RLModule(observation_space=.., action_space=.., inference_only=.., model_config=.., catalog_class=..)` instead. This will raise an error in the future!
2026-07-06 11:19:53,569	WARNING util.py:62 -- Install gputil for GPU system monitoring.
{'iter': 1, 'env_steps': 32784, 'episode_return_mean': None, 'aux_ce': None, 'aux_accuracy': None, 'entropy': np.float64(2.8277339935302734), 'wall_s': 42.9}
{'iter': 2, 'env_steps': 65568, 'episode_return_mean': None, 'aux_ce': None, 'aux_accuracy': None, 'entropy': np.float64(2.809190273284912), 'wall_s': 85.1}
{'iter': 3, 'env_steps': 98352, 'episode_return_mean': np.float64(31.368077193099673), 'aux_ce': None, 'aux_accuracy': None, 'entropy': np.float64(2.795095205307007), 'wall_s': 125.5}
{'iter': 4, 'env_steps': 131136, 'episode_return_mean': np.float64(33.95054790688772), 'aux_ce': None, 'aux_accuracy': None, 'entropy': np.float64(2.775045394897461), 'wall_s': 167.8}
{'iter': 5, 'env_steps': 163920, 'episode_return_mean': nan, 'aux_ce': None, 'aux_accuracy': None, 'entropy': np.float64(2.7599639892578125), 'wall_s': 209.8}
{'iter': 6, 'env_steps': 196704, 'episode_return_mean': np.float64(34.098707765861384), 'aux_ce': None, 'aux_accuracy': None, 'entropy': np.float64(2.7473537921905518), 'wall_s': 250.7}
{'iter': 7, 'env_steps': 229488, 'episode_return_mean': np.float64(35.25938345000773), 'aux_ce': None, 'aux_accuracy': None, 'entropy': np.float64(2.7369518280029297), 'wall_s': 291.5}
{'iter': 8, 'env_steps': 262272, 'episode_return_mean': nan, 'aux_ce': None, 'aux_accuracy': None, 'entropy': np.float64(2.7247464656829834), 'wall_s': 332.4}
{'iter': 9, 'env_steps': 295056, 'episode_return_mean': np.float64(39.253336254859335), 'aux_ce': None, 'aux_accuracy': None, 'entropy': np.float64(2.706264019012451), 'wall_s': 374.3}
{'iter': 10, 'env_steps': 327840, 'episode_return_mean': np.float64(39.54757326979433), 'aux_ce': None, 'aux_accuracy': None, 'entropy': np.float64(2.691635847091675), 'wall_s': 416.4}
{'iter': 11, 'env_steps': 360624, 'episode_return_mean': nan, 'aux_ce': None, 'aux_accuracy': None, 'entropy': np.float64(2.6771998405456543), 'wall_s': 456.9}
{'iter': 12, 'env_steps': 393408, 'episode_return_mean': np.float64(41.78671126409789), 'aux_ce': None, 'aux_accuracy': None, 'entropy': np.float64(2.6633124351501465), 'wall_s': 499.6}
{'iter': 13, 'env_steps': 426192, 'episode_return_mean': np.float64(45.34104144063484), 'aux_ce': None, 'aux_accuracy': None, 'entropy': np.float64(2.6468911170959473), 'wall_s': 544.7}
{'iter': 14, 'env_steps': 458976, 'episode_return_mean': nan, 'aux_ce': None, 'aux_accuracy': None, 'entropy': np.float64(2.631559371948242), 'wall_s': 589.1}
{'iter': 15, 'env_steps': 491760, 'episode_return_mean': np.float64(44.23126301273268), 'aux_ce': None, 'aux_accuracy': None, 'entropy': np.float64(2.6199543476104736), 'wall_s': 634.8}
{'iter': 16, 'env_steps': 524544, 'episode_return_mean': np.float64(46.54521198520072), 'aux_ce': None, 'aux_accuracy': None, 'entropy': np.float64(2.6014156341552734), 'wall_s': 680.0}
{'iter': 17, 'env_steps': 557328, 'episode_return_mean': nan, 'aux_ce': None, 'aux_accuracy': None, 'entropy': np.float64(2.583056926727295), 'wall_s': 725.6}
{'iter': 18, 'env_steps': 590112, 'episode_return_mean': np.float64(49.63094165655789), 'aux_ce': None, 'aux_accuracy': None, 'entropy': np.float64(2.5657589435577393), 'wall_s': 768.6}
{'iter': 19, 'env_steps': 622896, 'episode_return_mean': np.float64(51.944283604157945), 'aux_ce': None, 'aux_accuracy': None, 'entropy': np.float64(2.5459249019622803), 'wall_s': 811.2}
{'iter': 20, 'env_steps': 655680, 'episode_return_mean': nan, 'aux_ce': None, 'aux_accuracy': None, 'entropy': np.float64(2.5270986557006836), 'wall_s': 853.9}
{'iter': 21, 'env_steps': 688464, 'episode_return_mean': np.float64(57.258387439343736), 'aux_ce': None, 'aux_accuracy': None, 'entropy': np.float64(2.5110549926757812), 'wall_s': 897.8}
{'iter': 22, 'env_steps': 721248, 'episode_return_mean': np.float64(59.76626422985777), 'aux_ce': None, 'aux_accuracy': None, 'entropy': np.float64(2.4909896850585938), 'wall_s': 943.6}
{'iter': 23, 'env_steps': 754032, 'episode_return_mean': nan, 'aux_ce': None, 'aux_accuracy': None, 'entropy': np.float64(2.4732120037078857), 'wall_s': 987.1}
{'iter': 24, 'env_steps': 786816, 'episode_return_mean': np.float64(63.712518701876306), 'aux_ce': None, 'aux_accuracy': None, 'entropy': np.float64(2.4556057453155518), 'wall_s': 1029.2}
{'iter': 25, 'env_steps': 819600, 'episode_return_mean': np.float64(61.30750020702952), 'aux_ce': None, 'aux_accuracy': None, 'entropy': np.float64(2.4386725425720215), 'wall_s': 1074.6}
{'iter': 26, 'env_steps': 852384, 'episode_return_mean': nan, 'aux_ce': None, 'aux_accuracy': None, 'entropy': np.float64(2.4193100929260254), 'wall_s': 1118.8}
{'iter': 27, 'env_steps': 885168, 'episode_return_mean': np.float64(62.89608828212155), 'aux_ce': None, 'aux_accuracy': None, 'entropy': np.float64(2.4002718925476074), 'wall_s': 1166.4}
{'iter': 28, 'env_steps': 917952, 'episode_return_mean': np.float64(63.38356694939864), 'aux_ce': None, 'aux_accuracy': None, 'entropy': np.float64(2.380798578262329), 'wall_s': 1210.6}
{'iter': 29, 'env_steps': 950736, 'episode_return_mean': nan, 'aux_ce': None, 'aux_accuracy': None, 'entropy': np.float64(2.3725075721740723), 'wall_s': 1253.2}
{'iter': 30, 'env_steps': 983520, 'episode_return_mean': np.float64(66.65270812149183), 'aux_ce': None, 'aux_accuracy': None, 'entropy': np.float64(2.350236177444458), 'wall_s': 1296.5}
{'iter': 31, 'env_steps': 1016304, 'episode_return_mean': np.float64(66.77786321533225), 'aux_ce': None, 'aux_accuracy': None, 'entropy': np.float64(2.332669496536255), 'wall_s': 1341.9}
{'iter': 32, 'env_steps': 1049088, 'episode_return_mean': nan, 'aux_ce': None, 'aux_accuracy': None, 'entropy': np.float64(2.318420886993408), 'wall_s': 1387.0}
{'iter': 33, 'env_steps': 1081872, 'episode_return_mean': np.float64(71.4417080321981), 'aux_ce': None, 'aux_accuracy': None, 'entropy': np.float64(2.29335355758667), 'wall_s': 1431.5}
{'iter': 34, 'env_steps': 1114656, 'episode_return_mean': np.float64(69.11612876755137), 'aux_ce': None, 'aux_accuracy': None, 'entropy': np.float64(2.278573513031006), 'wall_s': 1475.4}
{'iter': 35, 'env_steps': 1147440, 'episode_return_mean': nan, 'aux_ce': None, 'aux_accuracy': None, 'entropy': np.float64(2.2574000358581543), 'wall_s': 1519.0}
{'iter': 36, 'env_steps': 1180224, 'episode_return_mean': np.float64(74.7456120396644), 'aux_ce': None, 'aux_accuracy': None, 'entropy': np.float64(2.243772268295288), 'wall_s': 1560.8}
{'iter': 37, 'env_steps': 1213008, 'episode_return_mean': np.float64(72.01509390249979), 'aux_ce': None, 'aux_accuracy': None, 'entropy': np.float64(2.219736099243164), 'wall_s': 1607.2}
{'iter': 38, 'env_steps': 1245792, 'episode_return_mean': nan, 'aux_ce': None, 'aux_accuracy': None, 'entropy': np.float64(2.2022271156311035), 'wall_s': 1650.4}
{'iter': 39, 'env_steps': 1278576, 'episode_return_mean': np.float64(76.09747418966154), 'aux_ce': None, 'aux_accuracy': None, 'entropy': np.float64(2.1911282539367676), 'wall_s': 1692.3}
{'iter': 40, 'env_steps': 1311360, 'episode_return_mean': np.float64(74.9414582665739), 'aux_ce': None, 'aux_accuracy': None, 'entropy': np.float64(2.1803207397460938), 'wall_s': 1734.6}
{'iter': 41, 'env_steps': 1344144, 'episode_return_mean': nan, 'aux_ce': None, 'aux_accuracy': None, 'entropy': np.float64(2.1624326705932617), 'wall_s': 1775.5}
{'iter': 42, 'env_steps': 1376928, 'episode_return_mean': np.float64(78.75423081313218), 'aux_ce': None, 'aux_accuracy': None, 'entropy': np.float64(2.148125648498535), 'wall_s': 1817.1}
{'iter': 43, 'env_steps': 1409712, 'episode_return_mean': np.float64(77.07549987184292), 'aux_ce': None, 'aux_accuracy': None, 'entropy': np.float64(2.1329307556152344), 'wall_s': 1860.4}
{'iter': 44, 'env_steps': 1442496, 'episode_return_mean': nan, 'aux_ce': None, 'aux_accuracy': None, 'entropy': np.float64(2.119926691055298), 'wall_s': 1901.3}
{'iter': 45, 'env_steps': 1475280, 'episode_return_mean': np.float64(76.09091180178919), 'aux_ce': None, 'aux_accuracy': None, 'entropy': np.float64(2.1004087924957275), 'wall_s': 1942.8}
{'iter': 46, 'env_steps': 1508064, 'episode_return_mean': np.float64(75.95867278872491), 'aux_ce': None, 'aux_accuracy': None, 'entropy': np.float64(2.082958936691284), 'wall_s': 1986.8}
{'iter': 47, 'env_steps': 1540848, 'episode_return_mean': nan, 'aux_ce': None, 'aux_accuracy': None, 'entropy': np.float64(2.064405679702759), 'wall_s': 2030.8}
{'iter': 48, 'env_steps': 1573632, 'episode_return_mean': np.float64(83.05660557753353), 'aux_ce': None, 'aux_accuracy': None, 'entropy': np.float64(2.0485525131225586), 'wall_s': 2072.2}
{'iter': 49, 'env_steps': 1606416, 'episode_return_mean': np.float64(82.38019577462666), 'aux_ce': None, 'aux_accuracy': None, 'entropy': np.float64(2.029930591583252), 'wall_s': 2114.7}
{'iter': 50, 'env_steps': 1639200, 'episode_return_mean': nan, 'aux_ce': None, 'aux_accuracy': None, 'entropy': np.float64(2.0111448764801025), 'wall_s': 2158.6}
{'iter': 51, 'env_steps': 1671984, 'episode_return_mean': np.float64(87.26036582686274), 'aux_ce': None, 'aux_accuracy': None, 'entropy': np.float64(1.99247407913208), 'wall_s': 2202.3}
{'iter': 52, 'env_steps': 1704768, 'episode_return_mean': np.float64(85.58069944676144), 'aux_ce': None, 'aux_accuracy': None, 'entropy': np.float64(1.9713718891143799), 'wall_s': 2245.5}
{'iter': 53, 'env_steps': 1737552, 'episode_return_mean': nan, 'aux_ce': None, 'aux_accuracy': None, 'entropy': np.float64(1.9502017498016357), 'wall_s': 2287.2}
{'iter': 54, 'env_steps': 1770336, 'episode_return_mean': np.float64(92.05368077641381), 'aux_ce': None, 'aux_accuracy': None, 'entropy': np.float64(1.934423804283142), 'wall_s': 2332.1}
{'iter': 55, 'env_steps': 1803120, 'episode_return_mean': np.float64(92.21063122453532), 'aux_ce': None, 'aux_accuracy': None, 'entropy': np.float64(1.9193408489227295), 'wall_s': 2378.4}
{'iter': 56, 'env_steps': 1835904, 'episode_return_mean': nan, 'aux_ce': None, 'aux_accuracy': None, 'entropy': np.float64(1.905542016029358), 'wall_s': 2424.2}
{'iter': 57, 'env_steps': 1868688, 'episode_return_mean': np.float64(91.4558992036308), 'aux_ce': None, 'aux_accuracy': None, 'entropy': np.float64(1.8870402574539185), 'wall_s': 2467.0}
{'iter': 58, 'env_steps': 1901472, 'episode_return_mean': np.float64(93.75525264656807), 'aux_ce': None, 'aux_accuracy': None, 'entropy': np.float64(1.8682652711868286), 'wall_s': 2511.1}
{'iter': 59, 'env_steps': 1934256, 'episode_return_mean': nan, 'aux_ce': None, 'aux_accuracy': None, 'entropy': np.float64(1.8473129272460938), 'wall_s': 2555.4}
{'iter': 60, 'env_steps': 1967040, 'episode_return_mean': np.float64(97.22670941685442), 'aux_ce': None, 'aux_accuracy': None, 'entropy': np.float64(1.8276262283325195), 'wall_s': 2599.4}
{'iter': 61, 'env_steps': 1999824, 'episode_return_mean': np.float64(92.59811968416335), 'aux_ce': None, 'aux_accuracy': None, 'entropy': np.float64(1.8107609748840332), 'wall_s': 2645.6}
{'iter': 62, 'env_steps': 2032608, 'episode_return_mean': nan, 'aux_ce': None, 'aux_accuracy': None, 'entropy': np.float64(1.7906010150909424), 'wall_s': 2689.1}
{'iter': 63, 'env_steps': 2065392, 'episode_return_mean': np.float64(97.39593155105445), 'aux_ce': None, 'aux_accuracy': None, 'entropy': np.float64(1.7703807353973389), 'wall_s': 2732.5}
{'iter': 64, 'env_steps': 2098176, 'episode_return_mean': np.float64(100.89519275495613), 'aux_ce': None, 'aux_accuracy': None, 'entropy': np.float64(1.750159502029419), 'wall_s': 2775.1}
{'iter': 65, 'env_steps': 2130960, 'episode_return_mean': nan, 'aux_ce': None, 'aux_accuracy': None, 'entropy': np.float64(1.726534128189087), 'wall_s': 2819.1}
{'iter': 66, 'env_steps': 2163744, 'episode_return_mean': np.float64(99.23734331767571), 'aux_ce': None, 'aux_accuracy': None, 'entropy': np.float64(1.7106616497039795), 'wall_s': 2863.1}
{'iter': 67, 'env_steps': 2196528, 'episode_return_mean': np.float64(100.6524141152773), 'aux_ce': None, 'aux_accuracy': None, 'entropy': np.float64(1.6915318965911865), 'wall_s': 2906.5}
{'iter': 68, 'env_steps': 2229312, 'episode_return_mean': nan, 'aux_ce': None, 'aux_accuracy': None, 'entropy': np.float64(1.672983169555664), 'wall_s': 2950.8}
{'iter': 69, 'env_steps': 2262096, 'episode_return_mean': np.float64(104.80725196505921), 'aux_ce': None, 'aux_accuracy': None, 'entropy': np.float64(1.6552534103393555), 'wall_s': 2995.6}
{'iter': 70, 'env_steps': 2294880, 'episode_return_mean': np.float64(105.43676504933634), 'aux_ce': None, 'aux_accuracy': None, 'entropy': np.float64(1.6392204761505127), 'wall_s': 3034.9}
{'iter': 71, 'env_steps': 2327664, 'episode_return_mean': nan, 'aux_ce': None, 'aux_accuracy': None, 'entropy': np.float64(1.6238354444503784), 'wall_s': 3079.4}
{'iter': 72, 'env_steps': 2360448, 'episode_return_mean': np.float64(106.07475864529417), 'aux_ce': None, 'aux_accuracy': None, 'entropy': np.float64(1.6033719778060913), 'wall_s': 3126.9}
{'iter': 73, 'env_steps': 2393232, 'episode_return_mean': np.float64(107.37385291076299), 'aux_ce': None, 'aux_accuracy': None, 'entropy': np.float64(1.5870769023895264), 'wall_s': 3173.3}
{'iter': 74, 'env_steps': 2426016, 'episode_return_mean': nan, 'aux_ce': None, 'aux_accuracy': None, 'entropy': np.float64(1.5753138065338135), 'wall_s': 3214.7}
{'iter': 75, 'env_steps': 2458800, 'episode_return_mean': np.float64(110.54766618423922), 'aux_ce': None, 'aux_accuracy': None, 'entropy': np.float64(1.558943748474121), 'wall_s': 3262.0}
{'iter': 76, 'env_steps': 2491584, 'episode_return_mean': np.float64(113.7029058520115), 'aux_ce': None, 'aux_accuracy': None, 'entropy': np.float64(1.5426712036132812), 'wall_s': 3312.8}
{'iter': 77, 'env_steps': 2524368, 'episode_return_mean': nan, 'aux_ce': None, 'aux_accuracy': None, 'entropy': np.float64(1.5291796922683716), 'wall_s': 3356.7}
{'iter': 78, 'env_steps': 2557152, 'episode_return_mean': np.float64(109.67481468490215), 'aux_ce': None, 'aux_accuracy': None, 'entropy': np.float64(1.5131347179412842), 'wall_s': 3406.4}
{'iter': 79, 'env_steps': 2589936, 'episode_return_mean': np.float64(109.60380746652629), 'aux_ce': None, 'aux_accuracy': None, 'entropy': np.float64(1.4981669187545776), 'wall_s': 3452.1}
{'iter': 80, 'env_steps': 2622720, 'episode_return_mean': nan, 'aux_ce': None, 'aux_accuracy': None, 'entropy': np.float64(1.4832422733306885), 'wall_s': 3496.4}
{'iter': 81, 'env_steps': 2655504, 'episode_return_mean': np.float64(114.82348117865993), 'aux_ce': None, 'aux_accuracy': None, 'entropy': np.float64(1.4592349529266357), 'wall_s': 3543.7}
{'iter': 82, 'env_steps': 2688288, 'episode_return_mean': np.float64(112.3497228270445), 'aux_ce': None, 'aux_accuracy': None, 'entropy': np.float64(1.4406721591949463), 'wall_s': 3591.4}
{'iter': 83, 'env_steps': 2721072, 'episode_return_mean': nan, 'aux_ce': None, 'aux_accuracy': None, 'entropy': np.float64(1.4282974004745483), 'wall_s': 3635.7}
{'iter': 84, 'env_steps': 2753856, 'episode_return_mean': np.float64(112.15429157314978), 'aux_ce': None, 'aux_accuracy': None, 'entropy': np.float64(1.4113277196884155), 'wall_s': 3678.5}
{'iter': 85, 'env_steps': 2786640, 'episode_return_mean': np.float64(112.65753255750951), 'aux_ce': None, 'aux_accuracy': None, 'entropy': np.float64(1.3999662399291992), 'wall_s': 3724.0}
{'iter': 86, 'env_steps': 2819424, 'episode_return_mean': nan, 'aux_ce': None, 'aux_accuracy': None, 'entropy': np.float64(1.3823750019073486), 'wall_s': 3770.8}
{'iter': 87, 'env_steps': 2852208, 'episode_return_mean': np.float64(119.90401534401697), 'aux_ce': None, 'aux_accuracy': None, 'entropy': np.float64(1.364418864250183), 'wall_s': 3813.5}
{'iter': 88, 'env_steps': 2884992, 'episode_return_mean': np.float64(119.46875608046551), 'aux_ce': None, 'aux_accuracy': None, 'entropy': np.float64(1.3499706983566284), 'wall_s': 3857.6}
{'iter': 89, 'env_steps': 2917776, 'episode_return_mean': nan, 'aux_ce': None, 'aux_accuracy': None, 'entropy': np.float64(1.3355194330215454), 'wall_s': 3900.3}
{'iter': 90, 'env_steps': 2950560, 'episode_return_mean': np.float64(122.15407550737794), 'aux_ce': None, 'aux_accuracy': None, 'entropy': np.float64(1.3149497509002686), 'wall_s': 3944.4}
{'iter': 91, 'env_steps': 2983344, 'episode_return_mean': np.float64(119.62152713599255), 'aux_ce': None, 'aux_accuracy': None, 'entropy': np.float64(1.2985457181930542), 'wall_s': 3987.0}
{'iter': 92, 'env_steps': 3016128, 'episode_return_mean': nan, 'aux_ce': None, 'aux_accuracy': None, 'entropy': np.float64(1.2856881618499756), 'wall_s': 4029.9}
{'iter': 93, 'env_steps': 3048912, 'episode_return_mean': np.float64(121.71064845602478), 'aux_ce': None, 'aux_accuracy': None, 'entropy': np.float64(1.269073247909546), 'wall_s': 4073.1}
{'iter': 94, 'env_steps': 3081696, 'episode_return_mean': np.float64(121.13428635865375), 'aux_ce': None, 'aux_accuracy': None, 'entropy': np.float64(1.2515379190444946), 'wall_s': 4117.8}
{'iter': 95, 'env_steps': 3114480, 'episode_return_mean': nan, 'aux_ce': None, 'aux_accuracy': None, 'entropy': np.float64(1.2345763444900513), 'wall_s': 4159.8}
{'iter': 96, 'env_steps': 3147264, 'episode_return_mean': np.float64(124.53073662075532), 'aux_ce': None, 'aux_accuracy': None, 'entropy': np.float64(1.2256273031234741), 'wall_s': 4209.0}
{'iter': 97, 'env_steps': 3180048, 'episode_return_mean': np.float64(124.81536604196876), 'aux_ce': None, 'aux_accuracy': None, 'entropy': np.float64(1.2090013027191162), 'wall_s': 4255.2}
{'iter': 98, 'env_steps': 3212832, 'episode_return_mean': nan, 'aux_ce': None, 'aux_accuracy': None, 'entropy': np.float64(1.1888970136642456), 'wall_s': 4301.2}
{'iter': 99, 'env_steps': 3245616, 'episode_return_mean': np.float64(124.65461935695424), 'aux_ce': None, 'aux_accuracy': None, 'entropy': np.float64(1.1701825857162476), 'wall_s': 4345.9}
{'iter': 100, 'env_steps': 3278400, 'episode_return_mean': np.float64(128.00275640186595), 'aux_ce': None, 'aux_accuracy': None, 'entropy': np.float64(1.1542526483535767), 'wall_s': 4389.1}
{'iter': 101, 'env_steps': 3311184, 'episode_return_mean': nan, 'aux_ce': None, 'aux_accuracy': None, 'entropy': np.float64(1.145355224609375), 'wall_s': 4435.2}
{'iter': 102, 'env_steps': 3343968, 'episode_return_mean': np.float64(129.76278844180968), 'aux_ce': None, 'aux_accuracy': None, 'entropy': np.float64(1.126793622970581), 'wall_s': 4479.6}
{'iter': 103, 'env_steps': 3376752, 'episode_return_mean': np.float64(130.83245411538996), 'aux_ce': None, 'aux_accuracy': None, 'entropy': np.float64(1.108048677444458), 'wall_s': 4524.4}
{'iter': 104, 'env_steps': 3409536, 'episode_return_mean': nan, 'aux_ce': None, 'aux_accuracy': None, 'entropy': np.float64(1.0962555408477783), 'wall_s': 4575.0}
{'iter': 105, 'env_steps': 3442320, 'episode_return_mean': np.float64(131.2180204747069), 'aux_ce': None, 'aux_accuracy': None, 'entropy': np.float64(1.0765092372894287), 'wall_s': 4623.7}
{'iter': 106, 'env_steps': 3475104, 'episode_return_mean': np.float64(131.90903232096707), 'aux_ce': None, 'aux_accuracy': None, 'entropy': np.float64(1.0574949979782104), 'wall_s': 4667.9}
{'iter': 107, 'env_steps': 3507888, 'episode_return_mean': nan, 'aux_ce': None, 'aux_accuracy': None, 'entropy': np.float64(1.0458382368087769), 'wall_s': 4712.8}
{'iter': 108, 'env_steps': 3540672, 'episode_return_mean': np.float64(134.36220288818674), 'aux_ce': None, 'aux_accuracy': None, 'entropy': np.float64(1.0395185947418213), 'wall_s': 4759.6}
{'iter': 109, 'env_steps': 3573456, 'episode_return_mean': np.float64(135.92612045194906), 'aux_ce': None, 'aux_accuracy': None, 'entropy': np.float64(1.0178899765014648), 'wall_s': 4805.3}
{'iter': 110, 'env_steps': 3606240, 'episode_return_mean': nan, 'aux_ce': None, 'aux_accuracy': None, 'entropy': np.float64(0.9981663227081299), 'wall_s': 4850.7}
{'iter': 111, 'env_steps': 3639024, 'episode_return_mean': np.float64(135.09670538372754), 'aux_ce': None, 'aux_accuracy': None, 'entropy': np.float64(0.9932054281234741), 'wall_s': 4895.5}
{'iter': 112, 'env_steps': 3671808, 'episode_return_mean': np.float64(136.09068496714963), 'aux_ce': None, 'aux_accuracy': None, 'entropy': np.float64(0.9746040105819702), 'wall_s': 4936.2}
{'iter': 113, 'env_steps': 3704592, 'episode_return_mean': nan, 'aux_ce': None, 'aux_accuracy': None, 'entropy': np.float64(0.9648867845535278), 'wall_s': 4981.3}
{'iter': 114, 'env_steps': 3737376, 'episode_return_mean': np.float64(133.28503469665085), 'aux_ce': None, 'aux_accuracy': None, 'entropy': np.float64(0.9528725743293762), 'wall_s': 5026.2}
{'iter': 115, 'env_steps': 3770160, 'episode_return_mean': np.float64(137.46869196862798), 'aux_ce': None, 'aux_accuracy': None, 'entropy': np.float64(0.934178352355957), 'wall_s': 5071.8}
{'iter': 116, 'env_steps': 3802944, 'episode_return_mean': nan, 'aux_ce': None, 'aux_accuracy': None, 'entropy': np.float64(0.9148041009902954), 'wall_s': 5119.2}
{'iter': 117, 'env_steps': 3835728, 'episode_return_mean': np.float64(135.80228421007916), 'aux_ce': None, 'aux_accuracy': None, 'entropy': np.float64(0.8931130170822144), 'wall_s': 5164.9}
{'iter': 118, 'env_steps': 3868512, 'episode_return_mean': np.float64(137.06739391843072), 'aux_ce': None, 'aux_accuracy': None, 'entropy': np.float64(0.8803215026855469), 'wall_s': 5209.7}
{'iter': 119, 'env_steps': 3901296, 'episode_return_mean': nan, 'aux_ce': None, 'aux_accuracy': None, 'entropy': np.float64(0.8714884519577026), 'wall_s': 5262.1}
{'iter': 120, 'env_steps': 3934080, 'episode_return_mean': np.float64(142.65488679884893), 'aux_ce': None, 'aux_accuracy': None, 'entropy': np.float64(0.8525637984275818), 'wall_s': 5309.5}
{'iter': 121, 'env_steps': 3966864, 'episode_return_mean': np.float64(141.5643434050104), 'aux_ce': None, 'aux_accuracy': None, 'entropy': np.float64(0.8409916162490845), 'wall_s': 5355.1}
{'iter': 122, 'env_steps': 3999648, 'episode_return_mean': nan, 'aux_ce': None, 'aux_accuracy': None, 'entropy': np.float64(0.8290620446205139), 'wall_s': 5413.2}
{'iter': 123, 'env_steps': 4032432, 'episode_return_mean': np.float64(139.23606348356185), 'aux_ce': None, 'aux_accuracy': None, 'entropy': np.float64(0.8255600929260254), 'wall_s': 5464.0}
{'iter': 124, 'env_steps': 4065216, 'episode_return_mean': np.float64(142.90370700968091), 'aux_ce': None, 'aux_accuracy': None, 'entropy': np.float64(0.8133805394172668), 'wall_s': 5507.1}
{'iter': 125, 'env_steps': 4098000, 'episode_return_mean': nan, 'aux_ce': None, 'aux_accuracy': None, 'entropy': np.float64(0.8004716038703918), 'wall_s': 5553.3}
{'iter': 126, 'env_steps': 4130784, 'episode_return_mean': np.float64(144.83695331169184), 'aux_ce': None, 'aux_accuracy': None, 'entropy': np.float64(0.7939937710762024), 'wall_s': 5610.4}
{'iter': 127, 'env_steps': 4163568, 'episode_return_mean': np.float64(145.76192833782383), 'aux_ce': None, 'aux_accuracy': None, 'entropy': np.float64(0.7847916483879089), 'wall_s': 5652.6}
{'iter': 128, 'env_steps': 4196352, 'episode_return_mean': nan, 'aux_ce': None, 'aux_accuracy': None, 'entropy': np.float64(0.7759600877761841), 'wall_s': 5697.3}
{'iter': 129, 'env_steps': 4229136, 'episode_return_mean': np.float64(140.96055473530203), 'aux_ce': None, 'aux_accuracy': None, 'entropy': np.float64(0.7646700143814087), 'wall_s': 5750.7}
{'iter': 130, 'env_steps': 4261920, 'episode_return_mean': np.float64(144.29406202157332), 'aux_ce': None, 'aux_accuracy': None, 'entropy': np.float64(0.7534621357917786), 'wall_s': 5794.6}
{'iter': 131, 'env_steps': 4294704, 'episode_return_mean': nan, 'aux_ce': None, 'aux_accuracy': None, 'entropy': np.float64(0.7413105368614197), 'wall_s': 5840.8}
{'iter': 132, 'env_steps': 4327488, 'episode_return_mean': np.float64(144.73734872304055), 'aux_ce': None, 'aux_accuracy': None, 'entropy': np.float64(0.7359225153923035), 'wall_s': 5884.2}
{'iter': 133, 'env_steps': 4360272, 'episode_return_mean': np.float64(143.59752253453107), 'aux_ce': None, 'aux_accuracy': None, 'entropy': np.float64(0.7265037298202515), 'wall_s': 5932.2}
{'iter': 134, 'env_steps': 4393056, 'episode_return_mean': nan, 'aux_ce': None, 'aux_accuracy': None, 'entropy': np.float64(0.7186539769172668), 'wall_s': 5977.6}
{'iter': 135, 'env_steps': 4425840, 'episode_return_mean': np.float64(144.55570779987738), 'aux_ce': None, 'aux_accuracy': None, 'entropy': np.float64(0.7149256467819214), 'wall_s': 6019.5}
{'iter': 136, 'env_steps': 4458624, 'episode_return_mean': np.float64(143.3228978403764), 'aux_ce': None, 'aux_accuracy': None, 'entropy': np.float64(0.7011107206344604), 'wall_s': 6065.9}
{'iter': 137, 'env_steps': 4491408, 'episode_return_mean': nan, 'aux_ce': None, 'aux_accuracy': None, 'entropy': np.float64(0.6867920756340027), 'wall_s': 6112.7}
{'iter': 138, 'env_steps': 4524192, 'episode_return_mean': np.float64(144.72724348991045), 'aux_ce': None, 'aux_accuracy': None, 'entropy': np.float64(0.6734546422958374), 'wall_s': 6153.6}
{'iter': 139, 'env_steps': 4556976, 'episode_return_mean': np.float64(143.38968705015472), 'aux_ce': None, 'aux_accuracy': None, 'entropy': np.float64(0.6610333323478699), 'wall_s': 6200.4}
{'iter': 140, 'env_steps': 4589760, 'episode_return_mean': nan, 'aux_ce': None, 'aux_accuracy': None, 'entropy': np.float64(0.650813102722168), 'wall_s': 6248.3}
{'iter': 141, 'env_steps': 4622544, 'episode_return_mean': np.float64(147.02798626680274), 'aux_ce': None, 'aux_accuracy': None, 'entropy': np.float64(0.6418501138687134), 'wall_s': 6289.5}
{'iter': 142, 'env_steps': 4655328, 'episode_return_mean': np.float64(146.0384614886069), 'aux_ce': None, 'aux_accuracy': None, 'entropy': np.float64(0.6323981285095215), 'wall_s': 6336.5}
{'iter': 143, 'env_steps': 4688112, 'episode_return_mean': nan, 'aux_ce': None, 'aux_accuracy': None, 'entropy': np.float64(0.6237413883209229), 'wall_s': 6383.2}
{'iter': 144, 'env_steps': 4720896, 'episode_return_mean': np.float64(147.86669249960713), 'aux_ce': None, 'aux_accuracy': None, 'entropy': np.float64(0.6096172332763672), 'wall_s': 6429.0}
{'iter': 145, 'env_steps': 4753680, 'episode_return_mean': np.float64(143.776134036685), 'aux_ce': None, 'aux_accuracy': None, 'entropy': np.float64(0.5977166891098022), 'wall_s': 6473.8}
{'iter': 146, 'env_steps': 4786464, 'episode_return_mean': nan, 'aux_ce': None, 'aux_accuracy': None, 'entropy': np.float64(0.5856478214263916), 'wall_s': 6521.2}
{'iter': 147, 'env_steps': 4819248, 'episode_return_mean': np.float64(147.22726086641478), 'aux_ce': None, 'aux_accuracy': None, 'entropy': np.float64(0.5743576288223267), 'wall_s': 6568.4}
{'iter': 148, 'env_steps': 4852032, 'episode_return_mean': np.float64(147.39046314904135), 'aux_ce': None, 'aux_accuracy': None, 'entropy': np.float64(0.5603559017181396), 'wall_s': 6613.1}
{'iter': 149, 'env_steps': 4884816, 'episode_return_mean': nan, 'aux_ce': None, 'aux_accuracy': None, 'entropy': np.float64(0.5479900240898132), 'wall_s': 6661.7}
{'iter': 150, 'env_steps': 4917600, 'episode_return_mean': np.float64(144.51305378790767), 'aux_ce': None, 'aux_accuracy': None, 'entropy': np.float64(0.5430971384048462), 'wall_s': 6718.7}
{'iter': 151, 'env_steps': 4950384, 'episode_return_mean': np.float64(147.72401114817654), 'aux_ce': None, 'aux_accuracy': None, 'entropy': np.float64(0.5317993760108948), 'wall_s': 6763.6}
{'iter': 152, 'env_steps': 4983168, 'episode_return_mean': nan, 'aux_ce': None, 'aux_accuracy': None, 'entropy': np.float64(0.5151299834251404), 'wall_s': 6808.1}
{'iter': 153, 'env_steps': 5015952, 'episode_return_mean': np.float64(145.25391805299455), 'aux_ce': None, 'aux_accuracy': None, 'entropy': np.float64(0.5048820376396179), 'wall_s': 6853.9}
{'iter': 154, 'env_steps': 5048736, 'episode_return_mean': np.float64(143.95961694084178), 'aux_ce': None, 'aux_accuracy': None, 'entropy': np.float64(0.48977014422416687), 'wall_s': 6897.2}
{'iter': 155, 'env_steps': 5081520, 'episode_return_mean': nan, 'aux_ce': None, 'aux_accuracy': None, 'entropy': np.float64(0.48182377219200134), 'wall_s': 6943.4}
{'iter': 156, 'env_steps': 5114304, 'episode_return_mean': np.float64(147.5609544085873), 'aux_ce': None, 'aux_accuracy': None, 'entropy': np.float64(0.4703513979911804), 'wall_s': 6988.1}
{'iter': 157, 'env_steps': 5147088, 'episode_return_mean': np.float64(150.68799294738858), 'aux_ce': None, 'aux_accuracy': None, 'entropy': np.float64(0.46190470457077026), 'wall_s': 7032.1}
{'iter': 158, 'env_steps': 5179872, 'episode_return_mean': nan, 'aux_ce': None, 'aux_accuracy': None, 'entropy': np.float64(0.4530077576637268), 'wall_s': 7076.5}
{'iter': 159, 'env_steps': 5212656, 'episode_return_mean': np.float64(151.57997114134784), 'aux_ce': None, 'aux_accuracy': None, 'entropy': np.float64(0.4486735165119171), 'wall_s': 7121.7}
{'iter': 160, 'env_steps': 5245440, 'episode_return_mean': np.float64(151.04017462623958), 'aux_ce': None, 'aux_accuracy': None, 'entropy': np.float64(0.4330739974975586), 'wall_s': 7165.6}
{'iter': 161, 'env_steps': 5278224, 'episode_return_mean': nan, 'aux_ce': None, 'aux_accuracy': None, 'entropy': np.float64(0.4287220537662506), 'wall_s': 7210.5}
{'iter': 162, 'env_steps': 5311008, 'episode_return_mean': np.float64(152.00664441599872), 'aux_ce': None, 'aux_accuracy': None, 'entropy': np.float64(0.4214335083961487), 'wall_s': 7255.4}
{'iter': 163, 'env_steps': 5343792, 'episode_return_mean': np.float64(151.13377503047866), 'aux_ce': None, 'aux_accuracy': None, 'entropy': np.float64(0.4057765007019043), 'wall_s': 7304.6}
{'iter': 164, 'env_steps': 5376576, 'episode_return_mean': nan, 'aux_ce': None, 'aux_accuracy': None, 'entropy': np.float64(0.39260488748550415), 'wall_s': 7345.9}
{'iter': 165, 'env_steps': 5409360, 'episode_return_mean': np.float64(153.15581251494257), 'aux_ce': None, 'aux_accuracy': None, 'entropy': np.float64(0.38474082946777344), 'wall_s': 7391.3}
{'iter': 166, 'env_steps': 5442144, 'episode_return_mean': np.float64(151.33248213698403), 'aux_ce': None, 'aux_accuracy': None, 'entropy': np.float64(0.3701651692390442), 'wall_s': 7438.5}
{'iter': 167, 'env_steps': 5474928, 'episode_return_mean': nan, 'aux_ce': None, 'aux_accuracy': None, 'entropy': np.float64(0.3587303161621094), 'wall_s': 7481.6}
{'iter': 168, 'env_steps': 5507712, 'episode_return_mean': np.float64(151.12216458254693), 'aux_ce': None, 'aux_accuracy': None, 'entropy': np.float64(0.34615132212638855), 'wall_s': 7527.4}
{'iter': 169, 'env_steps': 5540496, 'episode_return_mean': np.float64(151.99081367136384), 'aux_ce': None, 'aux_accuracy': None, 'entropy': np.float64(0.3362935483455658), 'wall_s': 7574.9}
{'iter': 170, 'env_steps': 5573280, 'episode_return_mean': nan, 'aux_ce': None, 'aux_accuracy': None, 'entropy': np.float64(0.3271273076534271), 'wall_s': 7618.1}
{'iter': 171, 'env_steps': 5606064, 'episode_return_mean': np.float64(156.70085787250352), 'aux_ce': None, 'aux_accuracy': None, 'entropy': np.float64(0.310468465089798), 'wall_s': 7663.7}
{'iter': 172, 'env_steps': 5638848, 'episode_return_mean': np.float64(155.66031699053536), 'aux_ce': None, 'aux_accuracy': None, 'entropy': np.float64(0.30154797434806824), 'wall_s': 7708.2}
{'iter': 173, 'env_steps': 5671632, 'episode_return_mean': nan, 'aux_ce': None, 'aux_accuracy': None, 'entropy': np.float64(0.28576022386550903), 'wall_s': 7753.1}
{'iter': 174, 'env_steps': 5704416, 'episode_return_mean': np.float64(156.40217266400248), 'aux_ce': None, 'aux_accuracy': None, 'entropy': np.float64(0.2778942584991455), 'wall_s': 7800.2}
{'iter': 175, 'env_steps': 5737200, 'episode_return_mean': np.float64(158.05917609410886), 'aux_ce': None, 'aux_accuracy': None, 'entropy': np.float64(0.26700830459594727), 'wall_s': 7845.1}
{'iter': 176, 'env_steps': 5769984, 'episode_return_mean': nan, 'aux_ce': None, 'aux_accuracy': None, 'entropy': np.float64(0.26023542881011963), 'wall_s': 7887.1}
{'iter': 177, 'env_steps': 5802768, 'episode_return_mean': np.float64(158.18371054271543), 'aux_ce': None, 'aux_accuracy': None, 'entropy': np.float64(0.2517104148864746), 'wall_s': 7933.4}
{'iter': 178, 'env_steps': 5835552, 'episode_return_mean': np.float64(160.67809004370474), 'aux_ce': None, 'aux_accuracy': None, 'entropy': np.float64(0.2444077730178833), 'wall_s': 7975.6}
{'iter': 179, 'env_steps': 5868336, 'episode_return_mean': nan, 'aux_ce': None, 'aux_accuracy': None, 'entropy': np.float64(0.23273098468780518), 'wall_s': 8017.0}
{'iter': 180, 'env_steps': 5901120, 'episode_return_mean': np.float64(161.77070099403483), 'aux_ce': None, 'aux_accuracy': None, 'entropy': np.float64(0.22689691185951233), 'wall_s': 8062.5}
{'iter': 181, 'env_steps': 5933904, 'episode_return_mean': np.float64(160.8687541426842), 'aux_ce': None, 'aux_accuracy': None, 'entropy': np.float64(0.2148081213235855), 'wall_s': 8105.0}
{'iter': 182, 'env_steps': 5966688, 'episode_return_mean': nan, 'aux_ce': None, 'aux_accuracy': None, 'entropy': np.float64(0.2034398317337036), 'wall_s': 8149.0}
{'iter': 183, 'env_steps': 5999472, 'episode_return_mean': np.float64(160.3180177728736), 'aux_ce': None, 'aux_accuracy': None, 'entropy': np.float64(0.18649733066558838), 'wall_s': 8189.8}
{'iter': 184, 'env_steps': 6032256, 'episode_return_mean': np.float64(162.86652499303756), 'aux_ce': None, 'aux_accuracy': None, 'entropy': np.float64(0.17673969268798828), 'wall_s': 8232.8}
{'iter': 185, 'env_steps': 6065040, 'episode_return_mean': nan, 'aux_ce': None, 'aux_accuracy': None, 'entropy': np.float64(0.16513657569885254), 'wall_s': 8277.4}
{'iter': 186, 'env_steps': 6097824, 'episode_return_mean': np.float64(162.47095497617158), 'aux_ce': None, 'aux_accuracy': None, 'entropy': np.float64(0.150812029838562), 'wall_s': 8320.7}
{'iter': 187, 'env_steps': 6130608, 'episode_return_mean': np.float64(164.906008376483), 'aux_ce': None, 'aux_accuracy': None, 'entropy': np.float64(0.13741528987884521), 'wall_s': 8365.2}
{'iter': 188, 'env_steps': 6163392, 'episode_return_mean': nan, 'aux_ce': None, 'aux_accuracy': None, 'entropy': np.float64(0.1267399787902832), 'wall_s': 8409.4}
{'iter': 189, 'env_steps': 6196176, 'episode_return_mean': np.float64(160.27316046774303), 'aux_ce': None, 'aux_accuracy': None, 'entropy': np.float64(0.1166457012295723), 'wall_s': 8455.2}
{'iter': 190, 'env_steps': 6228960, 'episode_return_mean': np.float64(164.6100462167974), 'aux_ce': None, 'aux_accuracy': None, 'entropy': np.float64(0.10666120052337646), 'wall_s': 8501.7}
{'iter': 191, 'env_steps': 6261744, 'episode_return_mean': nan, 'aux_ce': None, 'aux_accuracy': None, 'entropy': np.float64(0.10056973248720169), 'wall_s': 8549.4}
{'iter': 192, 'env_steps': 6294528, 'episode_return_mean': np.float64(163.80804282689877), 'aux_ce': None, 'aux_accuracy': None, 'entropy': np.float64(0.09001541137695312), 'wall_s': 8612.3}
{'iter': 193, 'env_steps': 6327312, 'episode_return_mean': np.float64(164.80245541969725), 'aux_ce': None, 'aux_accuracy': None, 'entropy': np.float64(0.07917618751525879), 'wall_s': 8669.0}
{'iter': 194, 'env_steps': 6360096, 'episode_return_mean': nan, 'aux_ce': None, 'aux_accuracy': None, 'entropy': np.float64(0.06740964204072952), 'wall_s': 8719.6}
{'iter': 195, 'env_steps': 6392880, 'episode_return_mean': np.float64(166.48193802895136), 'aux_ce': None, 'aux_accuracy': None, 'entropy': np.float64(0.06303858757019043), 'wall_s': 8778.6}
{'iter': 196, 'env_steps': 6425664, 'episode_return_mean': np.float64(163.54876150239977), 'aux_ce': None, 'aux_accuracy': None, 'entropy': np.float64(0.05202913284301758), 'wall_s': 8826.8}
{'iter': 197, 'env_steps': 6458448, 'episode_return_mean': nan, 'aux_ce': None, 'aux_accuracy': None, 'entropy': np.float64(0.044022321701049805), 'wall_s': 8886.7}
{'iter': 198, 'env_steps': 6491232, 'episode_return_mean': np.float64(165.19286001753179), 'aux_ce': None, 'aux_accuracy': None, 'entropy': np.float64(0.03349316120147705), 'wall_s': 8952.7}
{'iter': 199, 'env_steps': 6524016, 'episode_return_mean': np.float64(164.56309098115292), 'aux_ce': None, 'aux_accuracy': None, 'entropy': np.float64(0.027582168579101562), 'wall_s': 9019.7}
{'iter': 200, 'env_steps': 6556800, 'episode_return_mean': nan, 'aux_ce': None, 'aux_accuracy': None, 'entropy': np.float64(0.018916843459010124), 'wall_s': 9085.1}
{'iter': 201, 'env_steps': 6589584, 'episode_return_mean': np.float64(164.47842471933347), 'aux_ce': None, 'aux_accuracy': None, 'entropy': np.float64(0.009195566177368164), 'wall_s': 9138.5}
{'iter': 202, 'env_steps': 6622368, 'episode_return_mean': np.float64(167.3034346583977), 'aux_ce': None, 'aux_accuracy': None, 'entropy': np.float64(-0.007114291191101074), 'wall_s': 9201.0}
{'iter': 203, 'env_steps': 6655152, 'episode_return_mean': nan, 'aux_ce': None, 'aux_accuracy': None, 'entropy': np.float64(-0.012131690979003906), 'wall_s': 9264.6}
{'iter': 204, 'env_steps': 6687936, 'episode_return_mean': np.float64(168.03689013951254), 'aux_ce': None, 'aux_accuracy': None, 'entropy': np.float64(-0.023514747619628906), 'wall_s': 9314.1}
{'iter': 205, 'env_steps': 6720720, 'episode_return_mean': np.float64(168.46755917068032), 'aux_ce': None, 'aux_accuracy': None, 'entropy': np.float64(-0.027681827545166016), 'wall_s': 9374.7}
{'iter': 206, 'env_steps': 6753504, 'episode_return_mean': nan, 'aux_ce': None, 'aux_accuracy': None, 'entropy': np.float64(-0.03872811794281006), 'wall_s': 9421.6}
{'iter': 207, 'env_steps': 6786288, 'episode_return_mean': np.float64(165.2735411902254), 'aux_ce': None, 'aux_accuracy': None, 'entropy': np.float64(-0.050627946853637695), 'wall_s': 9467.1}
{'iter': 208, 'env_steps': 6819072, 'episode_return_mean': np.float64(163.9798345728143), 'aux_ce': None, 'aux_accuracy': None, 'entropy': np.float64(-0.06324183940887451), 'wall_s': 9510.9}
{'iter': 209, 'env_steps': 6851856, 'episode_return_mean': nan, 'aux_ce': None, 'aux_accuracy': None, 'entropy': np.float64(-0.07334375381469727), 'wall_s': 9558.7}
{'iter': 210, 'env_steps': 6884640, 'episode_return_mean': np.float64(166.54635050963466), 'aux_ce': None, 'aux_accuracy': None, 'entropy': np.float64(-0.07927060127258301), 'wall_s': 9605.7}
{'iter': 211, 'env_steps': 6917424, 'episode_return_mean': np.float64(167.07203639823945), 'aux_ce': None, 'aux_accuracy': None, 'entropy': np.float64(-0.08785545080900192), 'wall_s': 9649.4}
{'iter': 212, 'env_steps': 6950208, 'episode_return_mean': nan, 'aux_ce': None, 'aux_accuracy': None, 'entropy': np.float64(-0.08996820449829102), 'wall_s': 9695.9}
{'iter': 213, 'env_steps': 6982992, 'episode_return_mean': np.float64(170.02297312560745), 'aux_ce': None, 'aux_accuracy': None, 'entropy': np.float64(-0.10267376899719238), 'wall_s': 9742.4}
{'iter': 214, 'env_steps': 7015776, 'episode_return_mean': np.float64(168.41007209345446), 'aux_ce': None, 'aux_accuracy': None, 'entropy': np.float64(-0.11229288578033447), 'wall_s': 9785.3}
{'iter': 215, 'env_steps': 7048560, 'episode_return_mean': nan, 'aux_ce': None, 'aux_accuracy': None, 'entropy': np.float64(-0.12394679337739944), 'wall_s': 9832.1}
{'iter': 216, 'env_steps': 7081344, 'episode_return_mean': np.float64(167.44057340120168), 'aux_ce': None, 'aux_accuracy': None, 'entropy': np.float64(-0.13152742385864258), 'wall_s': 9876.8}
{'iter': 217, 'env_steps': 7114128, 'episode_return_mean': np.float64(169.24014388583822), 'aux_ce': None, 'aux_accuracy': None, 'entropy': np.float64(-0.13913880288600922), 'wall_s': 9923.7}
{'iter': 218, 'env_steps': 7146912, 'episode_return_mean': nan, 'aux_ce': None, 'aux_accuracy': None, 'entropy': np.float64(-0.15017570555210114), 'wall_s': 9968.9}
{'iter': 219, 'env_steps': 7179696, 'episode_return_mean': np.float64(167.84081051440478), 'aux_ce': None, 'aux_accuracy': None, 'entropy': np.float64(-0.1557645946741104), 'wall_s': 10011.3}
{'iter': 220, 'env_steps': 7212480, 'episode_return_mean': np.float64(168.47078582427014), 'aux_ce': None, 'aux_accuracy': None, 'entropy': np.float64(-0.16129446029663086), 'wall_s': 10057.3}
{'iter': 221, 'env_steps': 7245264, 'episode_return_mean': nan, 'aux_ce': None, 'aux_accuracy': None, 'entropy': np.float64(-0.16588211059570312), 'wall_s': 10102.8}
{'iter': 222, 'env_steps': 7278048, 'episode_return_mean': np.float64(169.20139082395573), 'aux_ce': None, 'aux_accuracy': None, 'entropy': np.float64(-0.16874946653842926), 'wall_s': 10147.5}
{'iter': 223, 'env_steps': 7310832, 'episode_return_mean': np.float64(166.81101579817414), 'aux_ce': None, 'aux_accuracy': None, 'entropy': np.float64(-0.17394627630710602), 'wall_s': 10190.9}
{'iter': 224, 'env_steps': 7343616, 'episode_return_mean': nan, 'aux_ce': None, 'aux_accuracy': None, 'entropy': np.float64(-0.18661068379878998), 'wall_s': 10238.9}
{'iter': 225, 'env_steps': 7376400, 'episode_return_mean': np.float64(171.30579282257287), 'aux_ce': None, 'aux_accuracy': None, 'entropy': np.float64(-0.20074963569641113), 'wall_s': 10291.9}
{'iter': 226, 'env_steps': 7409184, 'episode_return_mean': np.float64(170.7034701436176), 'aux_ce': None, 'aux_accuracy': None, 'entropy': np.float64(-0.2116713523864746), 'wall_s': 10342.7}
{'iter': 227, 'env_steps': 7441968, 'episode_return_mean': nan, 'aux_ce': None, 'aux_accuracy': None, 'entropy': np.float64(-0.2168569415807724), 'wall_s': 10389.2}
{'iter': 228, 'env_steps': 7474752, 'episode_return_mean': np.float64(169.66770196488986), 'aux_ce': None, 'aux_accuracy': None, 'entropy': np.float64(-0.22408653795719147), 'wall_s': 10433.1}
{'iter': 229, 'env_steps': 7507536, 'episode_return_mean': np.float64(169.2764756420425), 'aux_ce': None, 'aux_accuracy': None, 'entropy': np.float64(-0.23646700382232666), 'wall_s': 10489.2}
{'iter': 230, 'env_steps': 7540320, 'episode_return_mean': nan, 'aux_ce': None, 'aux_accuracy': None, 'entropy': np.float64(-0.24067534506320953), 'wall_s': 10544.0}
{'iter': 231, 'env_steps': 7573104, 'episode_return_mean': np.float64(169.81449226090893), 'aux_ce': None, 'aux_accuracy': None, 'entropy': np.float64(-0.24535715579986572), 'wall_s': 10591.8}
{'iter': 232, 'env_steps': 7605888, 'episode_return_mean': np.float64(172.0376837954791), 'aux_ce': None, 'aux_accuracy': None, 'entropy': np.float64(-0.25299155712127686), 'wall_s': 10638.6}
{'iter': 233, 'env_steps': 7638672, 'episode_return_mean': nan, 'aux_ce': None, 'aux_accuracy': None, 'entropy': np.float64(-0.2613612413406372), 'wall_s': 10684.3}
{'iter': 234, 'env_steps': 7671456, 'episode_return_mean': np.float64(175.51153853993333), 'aux_ce': None, 'aux_accuracy': None, 'entropy': np.float64(-0.26836201548576355), 'wall_s': 10728.1}
{'iter': 235, 'env_steps': 7704240, 'episode_return_mean': np.float64(171.3324774938621), 'aux_ce': None, 'aux_accuracy': None, 'entropy': np.float64(-0.2700544595718384), 'wall_s': 10775.1}
{'iter': 236, 'env_steps': 7737024, 'episode_return_mean': nan, 'aux_ce': None, 'aux_accuracy': None, 'entropy': np.float64(-0.272064208984375), 'wall_s': 10821.8}
{'iter': 237, 'env_steps': 7769808, 'episode_return_mean': np.float64(177.53595865198758), 'aux_ce': None, 'aux_accuracy': None, 'entropy': np.float64(-0.2747858762741089), 'wall_s': 10867.4}
{'iter': 238, 'env_steps': 7802592, 'episode_return_mean': np.float64(170.73497416740418), 'aux_ce': None, 'aux_accuracy': None, 'entropy': np.float64(-0.27707985043525696), 'wall_s': 10913.2}
{'iter': 239, 'env_steps': 7835376, 'episode_return_mean': nan, 'aux_ce': None, 'aux_accuracy': None, 'entropy': np.float64(-0.2851662337779999), 'wall_s': 10959.3}
{'iter': 240, 'env_steps': 7868160, 'episode_return_mean': np.float64(170.14698618745274), 'aux_ce': None, 'aux_accuracy': None, 'entropy': np.float64(-0.2908056378364563), 'wall_s': 11004.0}
{'iter': 241, 'env_steps': 7900944, 'episode_return_mean': np.float64(172.7159380908604), 'aux_ce': None, 'aux_accuracy': None, 'entropy': np.float64(-0.2977150082588196), 'wall_s': 11046.7}
{'iter': 242, 'env_steps': 7933728, 'episode_return_mean': nan, 'aux_ce': None, 'aux_accuracy': None, 'entropy': np.float64(-0.30831801891326904), 'wall_s': 11092.5}
{'iter': 243, 'env_steps': 7966512, 'episode_return_mean': np.float64(170.99339009364263), 'aux_ce': None, 'aux_accuracy': None, 'entropy': np.float64(-0.3145594596862793), 'wall_s': 11137.2}
{'iter': 244, 'env_steps': 7999296, 'episode_return_mean': np.float64(169.10470078447386), 'aux_ce': None, 'aux_accuracy': None, 'entropy': np.float64(-0.318681001663208), 'wall_s': 11180.1}
{'iter': 245, 'env_steps': 8032080, 'episode_return_mean': nan, 'aux_ce': None, 'aux_accuracy': None, 'entropy': np.float64(-0.31940320134162903), 'wall_s': 11226.0}
{'iter': 246, 'env_steps': 8064864, 'episode_return_mean': np.float64(170.10287123602325), 'aux_ce': None, 'aux_accuracy': None, 'entropy': np.float64(-0.32132673263549805), 'wall_s': 11274.0}
{'iter': 247, 'env_steps': 8097648, 'episode_return_mean': np.float64(169.37656229611736), 'aux_ce': None, 'aux_accuracy': None, 'entropy': np.float64(-0.3261636197566986), 'wall_s': 11318.4}
{'iter': 248, 'env_steps': 8130432, 'episode_return_mean': nan, 'aux_ce': None, 'aux_accuracy': None, 'entropy': np.float64(-0.32840585708618164), 'wall_s': 11365.3}
{'iter': 249, 'env_steps': 8163216, 'episode_return_mean': np.float64(169.06609257815472), 'aux_ce': None, 'aux_accuracy': None, 'entropy': np.float64(-0.33379459381103516), 'wall_s': 11411.7}
{'iter': 250, 'env_steps': 8196000, 'episode_return_mean': np.float64(168.6314257166127), 'aux_ce': None, 'aux_accuracy': None, 'entropy': np.float64(-0.3398202657699585), 'wall_s': 11455.4}
{'iter': 251, 'env_steps': 8228784, 'episode_return_mean': nan, 'aux_ce': None, 'aux_accuracy': None, 'entropy': np.float64(-0.3455556035041809), 'wall_s': 11503.4}
{'iter': 252, 'env_steps': 8261568, 'episode_return_mean': np.float64(168.4956216937618), 'aux_ce': None, 'aux_accuracy': None, 'entropy': np.float64(-0.3540199398994446), 'wall_s': 11551.6}
{'iter': 253, 'env_steps': 8294352, 'episode_return_mean': np.float64(168.5948465623726), 'aux_ce': None, 'aux_accuracy': None, 'entropy': np.float64(-0.3552253246307373), 'wall_s': 11597.2}
{'iter': 254, 'env_steps': 8327136, 'episode_return_mean': nan, 'aux_ce': None, 'aux_accuracy': None, 'entropy': np.float64(-0.36125218868255615), 'wall_s': 11648.3}
{'iter': 255, 'env_steps': 8359920, 'episode_return_mean': np.float64(167.66580835345815), 'aux_ce': None, 'aux_accuracy': None, 'entropy': np.float64(-0.3664093315601349), 'wall_s': 11695.5}
{'iter': 256, 'env_steps': 8392704, 'episode_return_mean': np.float64(170.99336969801212), 'aux_ce': None, 'aux_accuracy': None, 'entropy': np.float64(-0.37256312370300293), 'wall_s': 11739.7}
{'iter': 257, 'env_steps': 8425488, 'episode_return_mean': nan, 'aux_ce': None, 'aux_accuracy': None, 'entropy': np.float64(-0.37117576599121094), 'wall_s': 11787.6}
{'iter': 258, 'env_steps': 8458272, 'episode_return_mean': np.float64(174.70641521969378), 'aux_ce': None, 'aux_accuracy': None, 'entropy': np.float64(-0.3696937561035156), 'wall_s': 11834.5}
{'iter': 259, 'env_steps': 8491056, 'episode_return_mean': np.float64(173.05703489572997), 'aux_ce': None, 'aux_accuracy': None, 'entropy': np.float64(-0.37099242210388184), 'wall_s': 11880.3}
{'iter': 260, 'env_steps': 8523840, 'episode_return_mean': nan, 'aux_ce': None, 'aux_accuracy': None, 'entropy': np.float64(-0.37479913234710693), 'wall_s': 11924.6}
{'iter': 261, 'env_steps': 8556624, 'episode_return_mean': np.float64(174.82585378045968), 'aux_ce': None, 'aux_accuracy': None, 'entropy': np.float64(-0.37558627128601074), 'wall_s': 11970.7}
{'iter': 262, 'env_steps': 8589408, 'episode_return_mean': np.float64(172.62864219503894), 'aux_ce': None, 'aux_accuracy': None, 'entropy': np.float64(-0.3777173161506653), 'wall_s': 12016.2}
{'iter': 263, 'env_steps': 8622192, 'episode_return_mean': nan, 'aux_ce': None, 'aux_accuracy': None, 'entropy': np.float64(-0.3814948797225952), 'wall_s': 12059.6}
{'iter': 264, 'env_steps': 8654976, 'episode_return_mean': np.float64(171.98626000609045), 'aux_ce': None, 'aux_accuracy': None, 'entropy': np.float64(-0.3839854300022125), 'wall_s': 12105.0}
{'iter': 265, 'env_steps': 8687760, 'episode_return_mean': np.float64(171.61747038919594), 'aux_ce': None, 'aux_accuracy': None, 'entropy': np.float64(-0.39159858226776123), 'wall_s': 12150.0}
{'iter': 266, 'env_steps': 8720544, 'episode_return_mean': nan, 'aux_ce': None, 'aux_accuracy': None, 'entropy': np.float64(-0.3938099145889282), 'wall_s': 12193.8}
{'iter': 267, 'env_steps': 8753328, 'episode_return_mean': np.float64(172.06573303174935), 'aux_ce': None, 'aux_accuracy': None, 'entropy': np.float64(-0.3943542242050171), 'wall_s': 12241.5}
{'iter': 268, 'env_steps': 8786112, 'episode_return_mean': np.float64(172.26018620858318), 'aux_ce': None, 'aux_accuracy': None, 'entropy': np.float64(-0.39429163932800293), 'wall_s': 12287.8}
{'iter': 269, 'env_steps': 8818896, 'episode_return_mean': nan, 'aux_ce': None, 'aux_accuracy': None, 'entropy': np.float64(-0.3996140956878662), 'wall_s': 12332.9}
{'iter': 270, 'env_steps': 8851680, 'episode_return_mean': np.float64(173.88833914367342), 'aux_ce': None, 'aux_accuracy': None, 'entropy': np.float64(-0.39974141120910645), 'wall_s': 12380.5}
{'iter': 271, 'env_steps': 8884464, 'episode_return_mean': np.float64(172.92022486802915), 'aux_ce': None, 'aux_accuracy': None, 'entropy': np.float64(-0.3993668556213379), 'wall_s': 12433.8}
{'iter': 272, 'env_steps': 8917248, 'episode_return_mean': nan, 'aux_ce': None, 'aux_accuracy': None, 'entropy': np.float64(-0.40097367763519287), 'wall_s': 12482.5}
{'iter': 273, 'env_steps': 8950032, 'episode_return_mean': np.float64(168.6877754205442), 'aux_ce': None, 'aux_accuracy': None, 'entropy': np.float64(-0.4021182358264923), 'wall_s': 12532.3}
{'iter': 274, 'env_steps': 8982816, 'episode_return_mean': np.float64(170.12407792137867), 'aux_ce': None, 'aux_accuracy': None, 'entropy': np.float64(-0.409115195274353), 'wall_s': 12578.7}
{'iter': 275, 'env_steps': 9015600, 'episode_return_mean': nan, 'aux_ce': None, 'aux_accuracy': None, 'entropy': np.float64(-0.40970489382743835), 'wall_s': 12624.5}
{'iter': 276, 'env_steps': 9048384, 'episode_return_mean': np.float64(172.9021310868856), 'aux_ce': None, 'aux_accuracy': None, 'entropy': np.float64(-0.41442251205444336), 'wall_s': 12666.4}
{'iter': 277, 'env_steps': 9081168, 'episode_return_mean': np.float64(172.66023770615556), 'aux_ce': None, 'aux_accuracy': None, 'entropy': np.float64(-0.4156240224838257), 'wall_s': 12708.5}
{'iter': 278, 'env_steps': 9113952, 'episode_return_mean': nan, 'aux_ce': None, 'aux_accuracy': None, 'entropy': np.float64(-0.4198359251022339), 'wall_s': 12750.3}
{'iter': 279, 'env_steps': 9146736, 'episode_return_mean': np.float64(174.9240531003564), 'aux_ce': None, 'aux_accuracy': None, 'entropy': np.float64(-0.41921305656433105), 'wall_s': 12792.7}
{'iter': 280, 'env_steps': 9179520, 'episode_return_mean': np.float64(179.219680694391), 'aux_ce': None, 'aux_accuracy': None, 'entropy': np.float64(-0.4238547086715698), 'wall_s': 12834.5}
{'iter': 281, 'env_steps': 9212304, 'episode_return_mean': nan, 'aux_ce': None, 'aux_accuracy': None, 'entropy': np.float64(-0.42519092559814453), 'wall_s': 12876.8}
{'iter': 282, 'env_steps': 9245088, 'episode_return_mean': np.float64(172.50887370608436), 'aux_ce': None, 'aux_accuracy': None, 'entropy': np.float64(-0.42879343032836914), 'wall_s': 12920.0}
{'iter': 283, 'env_steps': 9277872, 'episode_return_mean': np.float64(174.84950513078553), 'aux_ce': None, 'aux_accuracy': None, 'entropy': np.float64(-0.4318089485168457), 'wall_s': 12962.3}
{'iter': 284, 'env_steps': 9310656, 'episode_return_mean': nan, 'aux_ce': None, 'aux_accuracy': None, 'entropy': np.float64(-0.4289853572845459), 'wall_s': 13004.9}
{'iter': 285, 'env_steps': 9343440, 'episode_return_mean': np.float64(172.99130772640984), 'aux_ce': None, 'aux_accuracy': None, 'entropy': np.float64(-0.42645350098609924), 'wall_s': 13048.2}
{'iter': 286, 'env_steps': 9376224, 'episode_return_mean': np.float64(172.22939761276962), 'aux_ce': None, 'aux_accuracy': None, 'entropy': np.float64(-0.42378270626068115), 'wall_s': 13092.1}
{'iter': 287, 'env_steps': 9409008, 'episode_return_mean': nan, 'aux_ce': None, 'aux_accuracy': None, 'entropy': np.float64(-0.4274134635925293), 'wall_s': 13134.6}
{'iter': 288, 'env_steps': 9441792, 'episode_return_mean': np.float64(174.77426809555504), 'aux_ce': None, 'aux_accuracy': None, 'entropy': np.float64(-0.42395949363708496), 'wall_s': 13180.1}
{'iter': 289, 'env_steps': 9474576, 'episode_return_mean': np.float64(173.4430987016147), 'aux_ce': None, 'aux_accuracy': None, 'entropy': np.float64(-0.4227302372455597), 'wall_s': 13223.1}
{'iter': 290, 'env_steps': 9507360, 'episode_return_mean': nan, 'aux_ce': None, 'aux_accuracy': None, 'entropy': np.float64(-0.4256570339202881), 'wall_s': 13271.0}
{'iter': 291, 'env_steps': 9540144, 'episode_return_mean': np.float64(171.27442353416242), 'aux_ce': None, 'aux_accuracy': None, 'entropy': np.float64(-0.42658674716949463), 'wall_s': 13318.6}
{'iter': 292, 'env_steps': 9572928, 'episode_return_mean': np.float64(173.44948615551536), 'aux_ce': None, 'aux_accuracy': None, 'entropy': np.float64(-0.42627549171447754), 'wall_s': 13361.7}
{'iter': 293, 'env_steps': 9605712, 'episode_return_mean': nan, 'aux_ce': None, 'aux_accuracy': None, 'entropy': np.float64(-0.4292445182800293), 'wall_s': 13409.0}
{'iter': 294, 'env_steps': 9638496, 'episode_return_mean': np.float64(177.80434958313123), 'aux_ce': None, 'aux_accuracy': None, 'entropy': np.float64(-0.4333425760269165), 'wall_s': 13455.5}
{'iter': 295, 'env_steps': 9671280, 'episode_return_mean': np.float64(175.53261239217125), 'aux_ce': None, 'aux_accuracy': None, 'entropy': np.float64(-0.43585333228111267), 'wall_s': 13498.7}
{'iter': 296, 'env_steps': 9704064, 'episode_return_mean': nan, 'aux_ce': None, 'aux_accuracy': None, 'entropy': np.float64(-0.44006025791168213), 'wall_s': 13545.1}
{'iter': 297, 'env_steps': 9736848, 'episode_return_mean': np.float64(170.027922556225), 'aux_ce': None, 'aux_accuracy': None, 'entropy': np.float64(-0.44114425778388977), 'wall_s': 13591.5}
{'iter': 298, 'env_steps': 9769632, 'episode_return_mean': np.float64(168.82963206017743), 'aux_ce': None, 'aux_accuracy': None, 'entropy': np.float64(-0.44092559814453125), 'wall_s': 13634.1}
{'iter': 299, 'env_steps': 9802416, 'episode_return_mean': nan, 'aux_ce': None, 'aux_accuracy': None, 'entropy': np.float64(-0.44021308422088623), 'wall_s': 13680.8}
{'iter': 300, 'env_steps': 9835200, 'episode_return_mean': np.float64(173.37133493613328), 'aux_ce': None, 'aux_accuracy': None, 'entropy': np.float64(-0.4440704882144928), 'wall_s': 13727.4}
{'iter': 301, 'env_steps': 9867984, 'episode_return_mean': np.float64(172.5758222484029), 'aux_ce': None, 'aux_accuracy': None, 'entropy': np.float64(-0.44365057349205017), 'wall_s': 13769.3}
{'iter': 302, 'env_steps': 9900768, 'episode_return_mean': nan, 'aux_ce': None, 'aux_accuracy': None, 'entropy': np.float64(-0.4409898519515991), 'wall_s': 13815.8}
{'iter': 303, 'env_steps': 9933552, 'episode_return_mean': np.float64(170.03453143310725), 'aux_ce': None, 'aux_accuracy': None, 'entropy': np.float64(-0.4445840120315552), 'wall_s': 13863.9}
{'iter': 304, 'env_steps': 9966336, 'episode_return_mean': np.float64(168.05639475749106), 'aux_ce': None, 'aux_accuracy': None, 'entropy': np.float64(-0.4494689702987671), 'wall_s': 13907.3}
{'iter': 305, 'env_steps': 9999120, 'episode_return_mean': nan, 'aux_ce': None, 'aux_accuracy': None, 'entropy': np.float64(-0.4507727324962616), 'wall_s': 13955.3}
{'iter': 306, 'env_steps': 10031904, 'episode_return_mean': np.float64(173.42841577708168), 'aux_ce': None, 'aux_accuracy': None, 'entropy': np.float64(-0.460555762052536), 'wall_s': 14003.9}
done -> /Users/alex/Software/XOR/RLlib Harnes Beta/results/phase4/n_scramble/seed0
[36m(SingleAgentEnvRunner pid=43722)[0m DeprecationWarning: `RLModule(config=[RLModuleConfig object])` has been deprecated. Use `RLModule(observation_space=.., action_space=.., inference_only=.., model_config=.., catalog_class=..)` instead. This will raise an error in the future![32m [repeated 3x across cluster] (Ray deduplicates logs by default. Set RAY_DEDUP_LOGS=0 to disable log deduplication, or see https://docs.ray.io/en/master/ray-observability/user-guides/configure-logging.html#log-deduplication for more options.)[0m
