2026-07-06 10:23:19,041	WARNING algorithm_config.py:2530 -- DeprecationWarning: `config.training(learner_config_dict=..)` has been deprecated. Use `config.learners(learner_config_dict=..)` instead. This will raise an error in the future!
2026-07-06 10:23:19,041	WARNING algorithm_config.py:5177 -- You are running PPO on the new API stack! This is the new default behavior for this algorithm. If you don't want to use the new API stack, set `config.api_stack(enable_rl_module_and_learner=False,enable_env_runner_and_connector_v2=False)`. For a detailed migration guide, see here: https://docs.ray.io/en/master/rllib/new-api-stack-migration-guide.html
2026-07-06 10:23:21,748	INFO worker.py:2024 -- Started a local Ray instance.
[2026-07-06 10:23:22,438 E 40118 7442481] core_worker.cc:2149: Actor with class name: 'SingleAgentEnvRunner' and ID: '2756d309b5a783f19724dbfe01000000' has constructor arguments in the object store and max_restarts > 0. If the arguments in the object store go out of scope or are lost, the actor restart will fail. See https://github.com/ray-project/ray/issues/53727 for more details.
[36m(SingleAgentEnvRunner pid=40161)[0m DeprecationWarning: `RLModule(config=[RLModuleConfig object])` has been deprecated. Use `RLModule(observation_space=.., action_space=.., inference_only=.., model_config=.., catalog_class=..)` instead. This will raise an error in the future!
2026-07-06 10:23:24,801	WARNING rl_module.py:463 -- DeprecationWarning: `RLModule(config=[RLModuleConfig object])` has been deprecated. Use `RLModule(observation_space=.., action_space=.., inference_only=.., model_config=.., catalog_class=..)` instead. This will raise an error in the future!
2026-07-06 10:23:24,853	WARNING util.py:62 -- Install gputil for GPU system monitoring.
{'iter': 1, 'env_steps': 32784, 'episode_return_mean': None, 'aux_ce': None, 'aux_accuracy': None, 'entropy': np.float64(2.8232765197753906), 'wall_s': 36.2}
{'iter': 2, 'env_steps': 65568, 'episode_return_mean': None, 'aux_ce': None, 'aux_accuracy': None, 'entropy': np.float64(2.801649570465088), 'wall_s': 71.3}
{'iter': 3, 'env_steps': 98352, 'episode_return_mean': np.float64(61.51323359156084), 'aux_ce': None, 'aux_accuracy': None, 'entropy': np.float64(2.7752625942230225), 'wall_s': 107.8}
{'iter': 4, 'env_steps': 131136, 'episode_return_mean': np.float64(59.337716850118966), 'aux_ce': None, 'aux_accuracy': None, 'entropy': np.float64(2.750333786010742), 'wall_s': 144.1}
{'iter': 5, 'env_steps': 163920, 'episode_return_mean': nan, 'aux_ce': None, 'aux_accuracy': None, 'entropy': np.float64(2.720355749130249), 'wall_s': 181.5}
{'iter': 6, 'env_steps': 196704, 'episode_return_mean': np.float64(117.91973737874949), 'aux_ce': None, 'aux_accuracy': None, 'entropy': np.float64(2.6903300285339355), 'wall_s': 219.9}
{'iter': 7, 'env_steps': 229488, 'episode_return_mean': np.float64(120.40066267047033), 'aux_ce': None, 'aux_accuracy': None, 'entropy': np.float64(2.66508412361145), 'wall_s': 257.5}
{'iter': 8, 'env_steps': 262272, 'episode_return_mean': nan, 'aux_ce': None, 'aux_accuracy': None, 'entropy': np.float64(2.6345877647399902), 'wall_s': 293.4}
{'iter': 9, 'env_steps': 295056, 'episode_return_mean': np.float64(175.90286545595598), 'aux_ce': None, 'aux_accuracy': None, 'entropy': np.float64(2.6102049350738525), 'wall_s': 331.0}
{'iter': 10, 'env_steps': 327840, 'episode_return_mean': np.float64(174.699077559359), 'aux_ce': None, 'aux_accuracy': None, 'entropy': np.float64(2.5849759578704834), 'wall_s': 369.4}
{'iter': 11, 'env_steps': 360624, 'episode_return_mean': nan, 'aux_ce': None, 'aux_accuracy': None, 'entropy': np.float64(2.560305118560791), 'wall_s': 406.1}
{'iter': 12, 'env_steps': 393408, 'episode_return_mean': np.float64(223.6677321746934), 'aux_ce': None, 'aux_accuracy': None, 'entropy': np.float64(2.53145694732666), 'wall_s': 440.8}
{'iter': 13, 'env_steps': 426192, 'episode_return_mean': np.float64(221.39901394372646), 'aux_ce': None, 'aux_accuracy': None, 'entropy': np.float64(2.509688377380371), 'wall_s': 478.0}
{'iter': 14, 'env_steps': 458976, 'episode_return_mean': nan, 'aux_ce': None, 'aux_accuracy': None, 'entropy': np.float64(2.486722946166992), 'wall_s': 515.9}
{'iter': 15, 'env_steps': 491760, 'episode_return_mean': np.float64(269.53029827110316), 'aux_ce': None, 'aux_accuracy': None, 'entropy': np.float64(2.460771083831787), 'wall_s': 552.8}
{'iter': 16, 'env_steps': 524544, 'episode_return_mean': np.float64(271.92245902701757), 'aux_ce': None, 'aux_accuracy': None, 'entropy': np.float64(2.437169313430786), 'wall_s': 590.1}
{'iter': 17, 'env_steps': 557328, 'episode_return_mean': nan, 'aux_ce': None, 'aux_accuracy': None, 'entropy': np.float64(2.415534734725952), 'wall_s': 626.8}
{'iter': 18, 'env_steps': 590112, 'episode_return_mean': np.float64(300.1640279022562), 'aux_ce': None, 'aux_accuracy': None, 'entropy': np.float64(2.3957724571228027), 'wall_s': 663.5}
{'iter': 19, 'env_steps': 622896, 'episode_return_mean': np.float64(300.56430900552857), 'aux_ce': None, 'aux_accuracy': None, 'entropy': np.float64(2.3756356239318848), 'wall_s': 700.7}
{'iter': 20, 'env_steps': 655680, 'episode_return_mean': nan, 'aux_ce': None, 'aux_accuracy': None, 'entropy': np.float64(2.351301908493042), 'wall_s': 737.1}
{'iter': 21, 'env_steps': 688464, 'episode_return_mean': np.float64(315.4246605055715), 'aux_ce': None, 'aux_accuracy': None, 'entropy': np.float64(2.325416088104248), 'wall_s': 774.0}
{'iter': 22, 'env_steps': 721248, 'episode_return_mean': np.float64(316.7935491423781), 'aux_ce': None, 'aux_accuracy': None, 'entropy': np.float64(2.300642967224121), 'wall_s': 810.9}
{'iter': 23, 'env_steps': 754032, 'episode_return_mean': nan, 'aux_ce': None, 'aux_accuracy': None, 'entropy': np.float64(2.2762131690979004), 'wall_s': 848.8}
{'iter': 24, 'env_steps': 786816, 'episode_return_mean': np.float64(330.4291682380734), 'aux_ce': None, 'aux_accuracy': None, 'entropy': np.float64(2.253865957260132), 'wall_s': 884.7}
{'iter': 25, 'env_steps': 819600, 'episode_return_mean': np.float64(331.47804969904394), 'aux_ce': None, 'aux_accuracy': None, 'entropy': np.float64(2.2345821857452393), 'wall_s': 921.5}
{'iter': 26, 'env_steps': 852384, 'episode_return_mean': nan, 'aux_ce': None, 'aux_accuracy': None, 'entropy': np.float64(2.214540719985962), 'wall_s': 960.3}
{'iter': 27, 'env_steps': 885168, 'episode_return_mean': np.float64(335.77066965417015), 'aux_ce': None, 'aux_accuracy': None, 'entropy': np.float64(2.191174030303955), 'wall_s': 999.8}
{'iter': 28, 'env_steps': 917952, 'episode_return_mean': np.float64(336.52430759045535), 'aux_ce': None, 'aux_accuracy': None, 'entropy': np.float64(2.171365261077881), 'wall_s': 1040.8}
{'iter': 29, 'env_steps': 950736, 'episode_return_mean': nan, 'aux_ce': None, 'aux_accuracy': None, 'entropy': np.float64(2.151576280593872), 'wall_s': 1078.4}
{'iter': 30, 'env_steps': 983520, 'episode_return_mean': np.float64(342.478861515842), 'aux_ce': None, 'aux_accuracy': None, 'entropy': np.float64(2.1335928440093994), 'wall_s': 1115.4}
{'iter': 31, 'env_steps': 1016304, 'episode_return_mean': np.float64(343.4369335518779), 'aux_ce': None, 'aux_accuracy': None, 'entropy': np.float64(2.1150858402252197), 'wall_s': 1154.2}
{'iter': 32, 'env_steps': 1049088, 'episode_return_mean': nan, 'aux_ce': None, 'aux_accuracy': None, 'entropy': np.float64(2.0955896377563477), 'wall_s': 1190.0}
{'iter': 33, 'env_steps': 1081872, 'episode_return_mean': np.float64(349.3120479849482), 'aux_ce': None, 'aux_accuracy': None, 'entropy': np.float64(2.071446180343628), 'wall_s': 1226.3}
{'iter': 34, 'env_steps': 1114656, 'episode_return_mean': np.float64(348.27338520526575), 'aux_ce': None, 'aux_accuracy': None, 'entropy': np.float64(2.0539345741271973), 'wall_s': 1266.3}
{'iter': 35, 'env_steps': 1147440, 'episode_return_mean': nan, 'aux_ce': None, 'aux_accuracy': None, 'entropy': np.float64(2.0375843048095703), 'wall_s': 1305.0}
{'iter': 36, 'env_steps': 1180224, 'episode_return_mean': np.float64(351.2953215780043), 'aux_ce': None, 'aux_accuracy': None, 'entropy': np.float64(2.0260467529296875), 'wall_s': 1341.3}
{'iter': 37, 'env_steps': 1213008, 'episode_return_mean': np.float64(349.8646643616413), 'aux_ce': None, 'aux_accuracy': None, 'entropy': np.float64(2.0112462043762207), 'wall_s': 1379.6}
{'iter': 38, 'env_steps': 1245792, 'episode_return_mean': nan, 'aux_ce': None, 'aux_accuracy': None, 'entropy': np.float64(2.0009708404541016), 'wall_s': 1417.0}
{'iter': 39, 'env_steps': 1278576, 'episode_return_mean': np.float64(355.41721873571066), 'aux_ce': None, 'aux_accuracy': None, 'entropy': np.float64(1.9870706796646118), 'wall_s': 1455.7}
{'iter': 40, 'env_steps': 1311360, 'episode_return_mean': np.float64(357.2972681157312), 'aux_ce': None, 'aux_accuracy': None, 'entropy': np.float64(1.9690001010894775), 'wall_s': 1491.9}
{'iter': 41, 'env_steps': 1344144, 'episode_return_mean': nan, 'aux_ce': None, 'aux_accuracy': None, 'entropy': np.float64(1.9518808126449585), 'wall_s': 1528.4}
{'iter': 42, 'env_steps': 1376928, 'episode_return_mean': np.float64(358.7162702890424), 'aux_ce': None, 'aux_accuracy': None, 'entropy': np.float64(1.9375457763671875), 'wall_s': 1566.2}
{'iter': 43, 'env_steps': 1409712, 'episode_return_mean': np.float64(356.68703615900677), 'aux_ce': None, 'aux_accuracy': None, 'entropy': np.float64(1.9231454133987427), 'wall_s': 1602.3}
{'iter': 44, 'env_steps': 1442496, 'episode_return_mean': nan, 'aux_ce': None, 'aux_accuracy': None, 'entropy': np.float64(1.9096012115478516), 'wall_s': 1639.3}
{'iter': 45, 'env_steps': 1475280, 'episode_return_mean': np.float64(355.2074480682576), 'aux_ce': None, 'aux_accuracy': None, 'entropy': np.float64(1.8915284872055054), 'wall_s': 1677.8}
{'iter': 46, 'env_steps': 1508064, 'episode_return_mean': np.float64(354.5990059347031), 'aux_ce': None, 'aux_accuracy': None, 'entropy': np.float64(1.8790251016616821), 'wall_s': 1716.3}
{'iter': 47, 'env_steps': 1540848, 'episode_return_mean': nan, 'aux_ce': None, 'aux_accuracy': None, 'entropy': np.float64(1.8658230304718018), 'wall_s': 1754.1}
{'iter': 48, 'env_steps': 1573632, 'episode_return_mean': np.float64(356.6493862573932), 'aux_ce': None, 'aux_accuracy': None, 'entropy': np.float64(1.8534212112426758), 'wall_s': 1793.4}
{'iter': 49, 'env_steps': 1606416, 'episode_return_mean': np.float64(357.9055054954319), 'aux_ce': None, 'aux_accuracy': None, 'entropy': np.float64(1.835921287536621), 'wall_s': 1832.8}
{'iter': 50, 'env_steps': 1639200, 'episode_return_mean': nan, 'aux_ce': None, 'aux_accuracy': None, 'entropy': np.float64(1.8215174674987793), 'wall_s': 1870.9}
{'iter': 51, 'env_steps': 1671984, 'episode_return_mean': np.float64(359.06843882696046), 'aux_ce': None, 'aux_accuracy': None, 'entropy': np.float64(1.8066953420639038), 'wall_s': 1910.5}
{'iter': 52, 'env_steps': 1704768, 'episode_return_mean': np.float64(359.69885402678153), 'aux_ce': None, 'aux_accuracy': None, 'entropy': np.float64(1.7981210947036743), 'wall_s': 1950.3}
{'iter': 53, 'env_steps': 1737552, 'episode_return_mean': nan, 'aux_ce': None, 'aux_accuracy': None, 'entropy': np.float64(1.7858299016952515), 'wall_s': 1989.3}
{'iter': 54, 'env_steps': 1770336, 'episode_return_mean': np.float64(361.16882650580783), 'aux_ce': None, 'aux_accuracy': None, 'entropy': np.float64(1.775794267654419), 'wall_s': 2028.3}
{'iter': 55, 'env_steps': 1803120, 'episode_return_mean': np.float64(359.36656747879704), 'aux_ce': None, 'aux_accuracy': None, 'entropy': np.float64(1.7676756381988525), 'wall_s': 2067.7}
{'iter': 56, 'env_steps': 1835904, 'episode_return_mean': nan, 'aux_ce': None, 'aux_accuracy': None, 'entropy': np.float64(1.7616173028945923), 'wall_s': 2106.3}
{'iter': 57, 'env_steps': 1868688, 'episode_return_mean': np.float64(355.8554486861591), 'aux_ce': None, 'aux_accuracy': None, 'entropy': np.float64(1.748225450515747), 'wall_s': 2146.9}
{'iter': 58, 'env_steps': 1901472, 'episode_return_mean': np.float64(356.5010637975194), 'aux_ce': None, 'aux_accuracy': None, 'entropy': np.float64(1.7413959503173828), 'wall_s': 2191.4}
{'iter': 59, 'env_steps': 1934256, 'episode_return_mean': nan, 'aux_ce': None, 'aux_accuracy': None, 'entropy': np.float64(1.7278847694396973), 'wall_s': 2231.2}
{'iter': 60, 'env_steps': 1967040, 'episode_return_mean': np.float64(359.6136934474605), 'aux_ce': None, 'aux_accuracy': None, 'entropy': np.float64(1.7253732681274414), 'wall_s': 2270.6}
{'iter': 61, 'env_steps': 1999824, 'episode_return_mean': np.float64(361.1396507891776), 'aux_ce': None, 'aux_accuracy': None, 'entropy': np.float64(1.7147042751312256), 'wall_s': 2309.5}
{'iter': 62, 'env_steps': 2032608, 'episode_return_mean': nan, 'aux_ce': None, 'aux_accuracy': None, 'entropy': np.float64(1.7114429473876953), 'wall_s': 2348.7}
{'iter': 63, 'env_steps': 2065392, 'episode_return_mean': np.float64(362.8874694283697), 'aux_ce': None, 'aux_accuracy': None, 'entropy': np.float64(1.7074592113494873), 'wall_s': 2389.0}
{'iter': 64, 'env_steps': 2098176, 'episode_return_mean': np.float64(363.3945774880474), 'aux_ce': None, 'aux_accuracy': None, 'entropy': np.float64(1.6973140239715576), 'wall_s': 2428.5}
{'iter': 65, 'env_steps': 2130960, 'episode_return_mean': nan, 'aux_ce': None, 'aux_accuracy': None, 'entropy': np.float64(1.688693881034851), 'wall_s': 2466.8}
{'iter': 66, 'env_steps': 2163744, 'episode_return_mean': np.float64(361.68228458209893), 'aux_ce': None, 'aux_accuracy': None, 'entropy': np.float64(1.6833164691925049), 'wall_s': 2505.1}
{'iter': 67, 'env_steps': 2196528, 'episode_return_mean': np.float64(363.1188737122415), 'aux_ce': None, 'aux_accuracy': None, 'entropy': np.float64(1.6723824739456177), 'wall_s': 2544.2}
{'iter': 68, 'env_steps': 2229312, 'episode_return_mean': nan, 'aux_ce': None, 'aux_accuracy': None, 'entropy': np.float64(1.6645221710205078), 'wall_s': 2583.1}
{'iter': 69, 'env_steps': 2262096, 'episode_return_mean': np.float64(361.7848216824625), 'aux_ce': None, 'aux_accuracy': None, 'entropy': np.float64(1.6557449102401733), 'wall_s': 2621.2}
{'iter': 70, 'env_steps': 2294880, 'episode_return_mean': np.float64(363.1791222124664), 'aux_ce': None, 'aux_accuracy': None, 'entropy': np.float64(1.644821286201477), 'wall_s': 2658.6}
{'iter': 71, 'env_steps': 2327664, 'episode_return_mean': nan, 'aux_ce': None, 'aux_accuracy': None, 'entropy': np.float64(1.641188383102417), 'wall_s': 2697.0}
{'iter': 72, 'env_steps': 2360448, 'episode_return_mean': np.float64(363.6559767744046), 'aux_ce': None, 'aux_accuracy': None, 'entropy': np.float64(1.6365997791290283), 'wall_s': 2738.2}
{'iter': 73, 'env_steps': 2393232, 'episode_return_mean': np.float64(365.0645220248608), 'aux_ce': None, 'aux_accuracy': None, 'entropy': np.float64(1.6333930492401123), 'wall_s': 2780.5}
{'iter': 74, 'env_steps': 2426016, 'episode_return_mean': nan, 'aux_ce': None, 'aux_accuracy': None, 'entropy': np.float64(1.6205799579620361), 'wall_s': 2818.2}
{'iter': 75, 'env_steps': 2458800, 'episode_return_mean': np.float64(369.5830697993257), 'aux_ce': None, 'aux_accuracy': None, 'entropy': np.float64(1.6139875650405884), 'wall_s': 2856.6}
{'iter': 76, 'env_steps': 2491584, 'episode_return_mean': np.float64(368.13063095659913), 'aux_ce': None, 'aux_accuracy': None, 'entropy': np.float64(1.6094896793365479), 'wall_s': 2894.9}
{'iter': 77, 'env_steps': 2524368, 'episode_return_mean': nan, 'aux_ce': None, 'aux_accuracy': None, 'entropy': np.float64(1.6009454727172852), 'wall_s': 2933.7}
{'iter': 78, 'env_steps': 2557152, 'episode_return_mean': np.float64(367.8984562407427), 'aux_ce': None, 'aux_accuracy': None, 'entropy': np.float64(1.595654010772705), 'wall_s': 2972.9}
{'iter': 79, 'env_steps': 2589936, 'episode_return_mean': np.float64(366.6368388545015), 'aux_ce': None, 'aux_accuracy': None, 'entropy': np.float64(1.5920054912567139), 'wall_s': 3010.1}
{'iter': 80, 'env_steps': 2622720, 'episode_return_mean': nan, 'aux_ce': None, 'aux_accuracy': None, 'entropy': np.float64(1.5917422771453857), 'wall_s': 3048.8}
{'iter': 81, 'env_steps': 2655504, 'episode_return_mean': np.float64(365.51458678600505), 'aux_ce': None, 'aux_accuracy': None, 'entropy': np.float64(1.5871409177780151), 'wall_s': 3087.3}
{'iter': 82, 'env_steps': 2688288, 'episode_return_mean': np.float64(365.14235561546514), 'aux_ce': None, 'aux_accuracy': None, 'entropy': np.float64(1.580812692642212), 'wall_s': 3125.1}
{'iter': 83, 'env_steps': 2721072, 'episode_return_mean': nan, 'aux_ce': None, 'aux_accuracy': None, 'entropy': np.float64(1.576159954071045), 'wall_s': 3162.4}
{'iter': 84, 'env_steps': 2753856, 'episode_return_mean': np.float64(367.4507765097792), 'aux_ce': None, 'aux_accuracy': None, 'entropy': np.float64(1.572295904159546), 'wall_s': 3199.8}
{'iter': 85, 'env_steps': 2786640, 'episode_return_mean': np.float64(368.77436276075997), 'aux_ce': None, 'aux_accuracy': None, 'entropy': np.float64(1.5677146911621094), 'wall_s': 3238.2}
{'iter': 86, 'env_steps': 2819424, 'episode_return_mean': nan, 'aux_ce': None, 'aux_accuracy': None, 'entropy': np.float64(1.5552873611450195), 'wall_s': 3276.6}
{'iter': 87, 'env_steps': 2852208, 'episode_return_mean': np.float64(366.76382469010355), 'aux_ce': None, 'aux_accuracy': None, 'entropy': np.float64(1.5439971685409546), 'wall_s': 3317.8}
{'iter': 88, 'env_steps': 2884992, 'episode_return_mean': np.float64(367.1410935008265), 'aux_ce': None, 'aux_accuracy': None, 'entropy': np.float64(1.5353195667266846), 'wall_s': 3359.3}
{'iter': 89, 'env_steps': 2917776, 'episode_return_mean': nan, 'aux_ce': None, 'aux_accuracy': None, 'entropy': np.float64(1.521615982055664), 'wall_s': 3399.0}
{'iter': 90, 'env_steps': 2950560, 'episode_return_mean': np.float64(369.3557442078577), 'aux_ce': None, 'aux_accuracy': None, 'entropy': np.float64(1.5119050741195679), 'wall_s': 3443.1}
{'iter': 91, 'env_steps': 2983344, 'episode_return_mean': np.float64(371.3848384438153), 'aux_ce': None, 'aux_accuracy': None, 'entropy': np.float64(1.5145375728607178), 'wall_s': 3488.4}
{'iter': 92, 'env_steps': 3016128, 'episode_return_mean': nan, 'aux_ce': None, 'aux_accuracy': None, 'entropy': np.float64(1.5091766119003296), 'wall_s': 3533.1}
{'iter': 93, 'env_steps': 3048912, 'episode_return_mean': np.float64(372.06648605563146), 'aux_ce': None, 'aux_accuracy': None, 'entropy': np.float64(1.5029466152191162), 'wall_s': 3574.9}
{'iter': 94, 'env_steps': 3081696, 'episode_return_mean': np.float64(370.7457198688286), 'aux_ce': None, 'aux_accuracy': None, 'entropy': np.float64(1.4924795627593994), 'wall_s': 3616.8}
{'iter': 95, 'env_steps': 3114480, 'episode_return_mean': nan, 'aux_ce': None, 'aux_accuracy': None, 'entropy': np.float64(1.4846806526184082), 'wall_s': 3659.7}
{'iter': 96, 'env_steps': 3147264, 'episode_return_mean': np.float64(375.55875007947395), 'aux_ce': None, 'aux_accuracy': None, 'entropy': np.float64(1.4762241840362549), 'wall_s': 3708.7}
{'iter': 97, 'env_steps': 3180048, 'episode_return_mean': np.float64(377.5199189432027), 'aux_ce': None, 'aux_accuracy': None, 'entropy': np.float64(1.466480016708374), 'wall_s': 3752.7}
{'iter': 98, 'env_steps': 3212832, 'episode_return_mean': nan, 'aux_ce': None, 'aux_accuracy': None, 'entropy': np.float64(1.4604556560516357), 'wall_s': 3794.7}
{'iter': 99, 'env_steps': 3245616, 'episode_return_mean': np.float64(375.3177012134254), 'aux_ce': None, 'aux_accuracy': None, 'entropy': np.float64(1.453640103340149), 'wall_s': 3835.9}
{'iter': 100, 'env_steps': 3278400, 'episode_return_mean': np.float64(375.56002379693757), 'aux_ce': None, 'aux_accuracy': None, 'entropy': np.float64(1.4463434219360352), 'wall_s': 3881.9}
{'iter': 101, 'env_steps': 3311184, 'episode_return_mean': nan, 'aux_ce': None, 'aux_accuracy': None, 'entropy': np.float64(1.434336543083191), 'wall_s': 3927.7}
{'iter': 102, 'env_steps': 3343968, 'episode_return_mean': np.float64(375.3070678507214), 'aux_ce': None, 'aux_accuracy': None, 'entropy': np.float64(1.4204524755477905), 'wall_s': 3970.8}
{'iter': 103, 'env_steps': 3376752, 'episode_return_mean': np.float64(378.18199852977295), 'aux_ce': None, 'aux_accuracy': None, 'entropy': np.float64(1.4141366481781006), 'wall_s': 4017.4}
{'iter': 104, 'env_steps': 3409536, 'episode_return_mean': nan, 'aux_ce': None, 'aux_accuracy': None, 'entropy': np.float64(1.4114338159561157), 'wall_s': 4061.6}
{'iter': 105, 'env_steps': 3442320, 'episode_return_mean': np.float64(375.3412494196659), 'aux_ce': None, 'aux_accuracy': None, 'entropy': np.float64(1.3941152095794678), 'wall_s': 4105.7}
{'iter': 106, 'env_steps': 3475104, 'episode_return_mean': np.float64(373.79351888815773), 'aux_ce': None, 'aux_accuracy': None, 'entropy': np.float64(1.3821361064910889), 'wall_s': 4148.0}
{'iter': 107, 'env_steps': 3507888, 'episode_return_mean': nan, 'aux_ce': None, 'aux_accuracy': None, 'entropy': np.float64(1.3787553310394287), 'wall_s': 4189.9}
{'iter': 108, 'env_steps': 3540672, 'episode_return_mean': np.float64(379.9989038208961), 'aux_ce': None, 'aux_accuracy': None, 'entropy': np.float64(1.3810842037200928), 'wall_s': 4233.1}
{'iter': 109, 'env_steps': 3573456, 'episode_return_mean': np.float64(379.22430975298255), 'aux_ce': None, 'aux_accuracy': None, 'entropy': np.float64(1.3740737438201904), 'wall_s': 4278.2}
{'iter': 110, 'env_steps': 3606240, 'episode_return_mean': nan, 'aux_ce': None, 'aux_accuracy': None, 'entropy': np.float64(1.3715660572052002), 'wall_s': 4320.8}
{'iter': 111, 'env_steps': 3639024, 'episode_return_mean': np.float64(379.411495159168), 'aux_ce': None, 'aux_accuracy': None, 'entropy': np.float64(1.3684089183807373), 'wall_s': 4362.3}
{'iter': 112, 'env_steps': 3671808, 'episode_return_mean': np.float64(379.8341330373296), 'aux_ce': None, 'aux_accuracy': None, 'entropy': np.float64(1.3607741594314575), 'wall_s': 4404.7}
{'iter': 113, 'env_steps': 3704592, 'episode_return_mean': nan, 'aux_ce': None, 'aux_accuracy': None, 'entropy': np.float64(1.3540480136871338), 'wall_s': 4449.5}
{'iter': 114, 'env_steps': 3737376, 'episode_return_mean': np.float64(382.92380836992925), 'aux_ce': None, 'aux_accuracy': None, 'entropy': np.float64(1.3479766845703125), 'wall_s': 4492.3}
{'iter': 115, 'env_steps': 3770160, 'episode_return_mean': np.float64(382.60088192877276), 'aux_ce': None, 'aux_accuracy': None, 'entropy': np.float64(1.3380752801895142), 'wall_s': 4534.7}
{'iter': 116, 'env_steps': 3802944, 'episode_return_mean': nan, 'aux_ce': None, 'aux_accuracy': None, 'entropy': np.float64(1.3305739164352417), 'wall_s': 4578.0}
{'iter': 117, 'env_steps': 3835728, 'episode_return_mean': np.float64(384.7419061849402), 'aux_ce': None, 'aux_accuracy': None, 'entropy': np.float64(1.3222932815551758), 'wall_s': 4620.2}
{'iter': 118, 'env_steps': 3868512, 'episode_return_mean': np.float64(385.187138059544), 'aux_ce': None, 'aux_accuracy': None, 'entropy': np.float64(1.313314437866211), 'wall_s': 4665.4}
{'iter': 119, 'env_steps': 3901296, 'episode_return_mean': nan, 'aux_ce': None, 'aux_accuracy': None, 'entropy': np.float64(1.3064848184585571), 'wall_s': 4707.8}
{'iter': 120, 'env_steps': 3934080, 'episode_return_mean': np.float64(384.6951046226317), 'aux_ce': None, 'aux_accuracy': None, 'entropy': np.float64(1.2945456504821777), 'wall_s': 4749.7}
{'iter': 121, 'env_steps': 3966864, 'episode_return_mean': np.float64(385.75110275069164), 'aux_ce': None, 'aux_accuracy': None, 'entropy': np.float64(1.2822405099868774), 'wall_s': 4792.5}
{'iter': 122, 'env_steps': 3999648, 'episode_return_mean': nan, 'aux_ce': None, 'aux_accuracy': None, 'entropy': np.float64(1.280277967453003), 'wall_s': 4836.6}
{'iter': 123, 'env_steps': 4032432, 'episode_return_mean': np.float64(380.74188819942856), 'aux_ce': None, 'aux_accuracy': None, 'entropy': np.float64(1.27426016330719), 'wall_s': 4878.2}
{'iter': 124, 'env_steps': 4065216, 'episode_return_mean': np.float64(382.4027984329566), 'aux_ce': None, 'aux_accuracy': None, 'entropy': np.float64(1.272019624710083), 'wall_s': 4920.2}
{'iter': 125, 'env_steps': 4098000, 'episode_return_mean': nan, 'aux_ce': None, 'aux_accuracy': None, 'entropy': np.float64(1.2643213272094727), 'wall_s': 4960.6}
{'iter': 126, 'env_steps': 4130784, 'episode_return_mean': np.float64(382.22865244735306), 'aux_ce': None, 'aux_accuracy': None, 'entropy': np.float64(1.2554246187210083), 'wall_s': 5003.5}
{'iter': 127, 'env_steps': 4163568, 'episode_return_mean': np.float64(383.1254082908973), 'aux_ce': None, 'aux_accuracy': None, 'entropy': np.float64(1.246962070465088), 'wall_s': 5047.2}
{'iter': 128, 'env_steps': 4196352, 'episode_return_mean': nan, 'aux_ce': None, 'aux_accuracy': None, 'entropy': np.float64(1.2494754791259766), 'wall_s': 5090.3}
{'iter': 129, 'env_steps': 4229136, 'episode_return_mean': np.float64(394.101751049354), 'aux_ce': None, 'aux_accuracy': None, 'entropy': np.float64(1.2457083463668823), 'wall_s': 5132.7}
{'iter': 130, 'env_steps': 4261920, 'episode_return_mean': np.float64(394.1121359168393), 'aux_ce': None, 'aux_accuracy': None, 'entropy': np.float64(1.2395535707473755), 'wall_s': 5175.7}
{'iter': 131, 'env_steps': 4294704, 'episode_return_mean': nan, 'aux_ce': None, 'aux_accuracy': None, 'entropy': np.float64(1.2364628314971924), 'wall_s': 5219.7}
{'iter': 132, 'env_steps': 4327488, 'episode_return_mean': np.float64(387.3368101603054), 'aux_ce': None, 'aux_accuracy': None, 'entropy': np.float64(1.232332468032837), 'wall_s': 5264.4}
{'iter': 133, 'env_steps': 4360272, 'episode_return_mean': np.float64(386.5759164079267), 'aux_ce': None, 'aux_accuracy': None, 'entropy': np.float64(1.2303049564361572), 'wall_s': 5310.1}
{'iter': 134, 'env_steps': 4393056, 'episode_return_mean': nan, 'aux_ce': None, 'aux_accuracy': None, 'entropy': np.float64(1.2263553142547607), 'wall_s': 5354.2}
{'iter': 135, 'env_steps': 4425840, 'episode_return_mean': np.float64(388.92505788824815), 'aux_ce': None, 'aux_accuracy': None, 'entropy': np.float64(1.215025544166565), 'wall_s': 5397.4}
{'iter': 136, 'env_steps': 4458624, 'episode_return_mean': np.float64(386.57848903643765), 'aux_ce': None, 'aux_accuracy': None, 'entropy': np.float64(1.2095108032226562), 'wall_s': 5441.7}
{'iter': 137, 'env_steps': 4491408, 'episode_return_mean': nan, 'aux_ce': None, 'aux_accuracy': None, 'entropy': np.float64(1.2086079120635986), 'wall_s': 5484.8}
{'iter': 138, 'env_steps': 4524192, 'episode_return_mean': np.float64(388.49563021041627), 'aux_ce': None, 'aux_accuracy': None, 'entropy': np.float64(1.1996431350708008), 'wall_s': 5530.2}
{'iter': 139, 'env_steps': 4556976, 'episode_return_mean': np.float64(388.37960100564305), 'aux_ce': None, 'aux_accuracy': None, 'entropy': np.float64(1.1915333271026611), 'wall_s': 5574.3}
{'iter': 140, 'env_steps': 4589760, 'episode_return_mean': nan, 'aux_ce': None, 'aux_accuracy': None, 'entropy': np.float64(1.1806586980819702), 'wall_s': 5616.1}
{'iter': 141, 'env_steps': 4622544, 'episode_return_mean': np.float64(387.6539512554359), 'aux_ce': None, 'aux_accuracy': None, 'entropy': np.float64(1.1690086126327515), 'wall_s': 5659.0}
{'iter': 142, 'env_steps': 4655328, 'episode_return_mean': np.float64(390.48406159033254), 'aux_ce': None, 'aux_accuracy': None, 'entropy': np.float64(1.1635704040527344), 'wall_s': 5704.4}
{'iter': 143, 'env_steps': 4688112, 'episode_return_mean': nan, 'aux_ce': None, 'aux_accuracy': None, 'entropy': np.float64(1.1569721698760986), 'wall_s': 5750.6}
{'iter': 144, 'env_steps': 4720896, 'episode_return_mean': np.float64(388.8654997167828), 'aux_ce': None, 'aux_accuracy': None, 'entropy': np.float64(1.1484553813934326), 'wall_s': 5793.8}
{'iter': 145, 'env_steps': 4753680, 'episode_return_mean': np.float64(391.5374802303461), 'aux_ce': None, 'aux_accuracy': None, 'entropy': np.float64(1.1373469829559326), 'wall_s': 5837.4}
{'iter': 146, 'env_steps': 4786464, 'episode_return_mean': nan, 'aux_ce': None, 'aux_accuracy': None, 'entropy': np.float64(1.1342157125473022), 'wall_s': 5881.6}
{'iter': 147, 'env_steps': 4819248, 'episode_return_mean': np.float64(392.56247264285025), 'aux_ce': None, 'aux_accuracy': None, 'entropy': np.float64(1.1192220449447632), 'wall_s': 5926.0}
{'iter': 148, 'env_steps': 4852032, 'episode_return_mean': np.float64(391.9595227464161), 'aux_ce': None, 'aux_accuracy': None, 'entropy': np.float64(1.1085076332092285), 'wall_s': 5967.9}
{'iter': 149, 'env_steps': 4884816, 'episode_return_mean': nan, 'aux_ce': None, 'aux_accuracy': None, 'entropy': np.float64(1.102505087852478), 'wall_s': 6008.8}
{'iter': 150, 'env_steps': 4917600, 'episode_return_mean': np.float64(396.39610282222003), 'aux_ce': None, 'aux_accuracy': None, 'entropy': np.float64(1.093186378479004), 'wall_s': 6051.4}
{'iter': 151, 'env_steps': 4950384, 'episode_return_mean': np.float64(396.7485130942323), 'aux_ce': None, 'aux_accuracy': None, 'entropy': np.float64(1.0822110176086426), 'wall_s': 6094.4}
{'iter': 152, 'env_steps': 4983168, 'episode_return_mean': nan, 'aux_ce': None, 'aux_accuracy': None, 'entropy': np.float64(1.0741864442825317), 'wall_s': 6137.8}
{'iter': 153, 'env_steps': 5015952, 'episode_return_mean': np.float64(397.87231062309706), 'aux_ce': None, 'aux_accuracy': None, 'entropy': np.float64(1.0712215900421143), 'wall_s': 6179.2}
{'iter': 154, 'env_steps': 5048736, 'episode_return_mean': np.float64(396.90283358024953), 'aux_ce': None, 'aux_accuracy': None, 'entropy': np.float64(1.0682235956192017), 'wall_s': 6220.1}
{'iter': 155, 'env_steps': 5081520, 'episode_return_mean': nan, 'aux_ce': None, 'aux_accuracy': None, 'entropy': np.float64(1.0591139793395996), 'wall_s': 6262.4}
{'iter': 156, 'env_steps': 5114304, 'episode_return_mean': np.float64(396.11863878914676), 'aux_ce': None, 'aux_accuracy': None, 'entropy': np.float64(1.0542452335357666), 'wall_s': 6304.9}
{'iter': 157, 'env_steps': 5147088, 'episode_return_mean': np.float64(394.92134826620446), 'aux_ce': None, 'aux_accuracy': None, 'entropy': np.float64(1.0387241840362549), 'wall_s': 6347.2}
{'iter': 158, 'env_steps': 5179872, 'episode_return_mean': nan, 'aux_ce': None, 'aux_accuracy': None, 'entropy': np.float64(1.0334094762802124), 'wall_s': 6392.5}
{'iter': 159, 'env_steps': 5212656, 'episode_return_mean': np.float64(394.2720906091573), 'aux_ce': None, 'aux_accuracy': None, 'entropy': np.float64(1.0308804512023926), 'wall_s': 6436.1}
{'iter': 160, 'env_steps': 5245440, 'episode_return_mean': np.float64(395.42827018243634), 'aux_ce': None, 'aux_accuracy': None, 'entropy': np.float64(1.0328141450881958), 'wall_s': 6482.8}
{'iter': 161, 'env_steps': 5278224, 'episode_return_mean': nan, 'aux_ce': None, 'aux_accuracy': None, 'entropy': np.float64(1.034468173980713), 'wall_s': 6532.7}
{'iter': 162, 'env_steps': 5311008, 'episode_return_mean': np.float64(395.78897393746666), 'aux_ce': None, 'aux_accuracy': None, 'entropy': np.float64(1.030083417892456), 'wall_s': 6585.3}
{'iter': 163, 'env_steps': 5343792, 'episode_return_mean': np.float64(397.7803423112607), 'aux_ce': None, 'aux_accuracy': None, 'entropy': np.float64(1.027197003364563), 'wall_s': 6641.7}
{'iter': 164, 'env_steps': 5376576, 'episode_return_mean': nan, 'aux_ce': None, 'aux_accuracy': None, 'entropy': np.float64(1.02518892288208), 'wall_s': 6702.6}
{'iter': 165, 'env_steps': 5409360, 'episode_return_mean': np.float64(394.4547561084632), 'aux_ce': None, 'aux_accuracy': None, 'entropy': np.float64(1.0257396697998047), 'wall_s': 6767.9}
{'iter': 166, 'env_steps': 5442144, 'episode_return_mean': np.float64(395.09103676321035), 'aux_ce': None, 'aux_accuracy': None, 'entropy': np.float64(1.0216524600982666), 'wall_s': 6820.6}
{'iter': 167, 'env_steps': 5474928, 'episode_return_mean': nan, 'aux_ce': None, 'aux_accuracy': None, 'entropy': np.float64(1.0106929540634155), 'wall_s': 6864.5}
{'iter': 168, 'env_steps': 5507712, 'episode_return_mean': np.float64(400.7465513082359), 'aux_ce': None, 'aux_accuracy': None, 'entropy': np.float64(1.0062291622161865), 'wall_s': 6915.5}
{'iter': 169, 'env_steps': 5540496, 'episode_return_mean': np.float64(400.9423329965556), 'aux_ce': None, 'aux_accuracy': None, 'entropy': np.float64(1.0008265972137451), 'wall_s': 6962.5}
{'iter': 170, 'env_steps': 5573280, 'episode_return_mean': nan, 'aux_ce': None, 'aux_accuracy': None, 'entropy': np.float64(0.9983524084091187), 'wall_s': 7006.2}
{'iter': 171, 'env_steps': 5606064, 'episode_return_mean': np.float64(395.3779006515756), 'aux_ce': None, 'aux_accuracy': None, 'entropy': np.float64(0.9951508641242981), 'wall_s': 7056.2}
{'iter': 172, 'env_steps': 5638848, 'episode_return_mean': np.float64(395.8103611421209), 'aux_ce': None, 'aux_accuracy': None, 'entropy': np.float64(0.9922983646392822), 'wall_s': 7111.8}
{'iter': 173, 'env_steps': 5671632, 'episode_return_mean': nan, 'aux_ce': None, 'aux_accuracy': None, 'entropy': np.float64(0.9916431903839111), 'wall_s': 7158.5}
{'iter': 174, 'env_steps': 5704416, 'episode_return_mean': np.float64(399.6153449829521), 'aux_ce': None, 'aux_accuracy': None, 'entropy': np.float64(0.9833717942237854), 'wall_s': 7208.6}
{'iter': 175, 'env_steps': 5737200, 'episode_return_mean': np.float64(398.1302189621949), 'aux_ce': None, 'aux_accuracy': None, 'entropy': np.float64(0.9742984175682068), 'wall_s': 7257.3}
{'iter': 176, 'env_steps': 5769984, 'episode_return_mean': nan, 'aux_ce': None, 'aux_accuracy': None, 'entropy': np.float64(0.971461832523346), 'wall_s': 7301.6}
{'iter': 177, 'env_steps': 5802768, 'episode_return_mean': np.float64(399.05089078687075), 'aux_ce': None, 'aux_accuracy': None, 'entropy': np.float64(0.9642366170883179), 'wall_s': 7352.9}
{'iter': 178, 'env_steps': 5835552, 'episode_return_mean': np.float64(398.5449465670498), 'aux_ce': None, 'aux_accuracy': None, 'entropy': np.float64(0.9633932113647461), 'wall_s': 7401.6}
{'iter': 179, 'env_steps': 5868336, 'episode_return_mean': nan, 'aux_ce': None, 'aux_accuracy': None, 'entropy': np.float64(0.9601365327835083), 'wall_s': 7444.7}
{'iter': 180, 'env_steps': 5901120, 'episode_return_mean': np.float64(396.0641454777766), 'aux_ce': None, 'aux_accuracy': None, 'entropy': np.float64(0.9577932357788086), 'wall_s': 7487.6}
{'iter': 181, 'env_steps': 5933904, 'episode_return_mean': np.float64(396.5544357784946), 'aux_ce': None, 'aux_accuracy': None, 'entropy': np.float64(0.9518831968307495), 'wall_s': 7532.0}
{'iter': 182, 'env_steps': 5966688, 'episode_return_mean': nan, 'aux_ce': None, 'aux_accuracy': None, 'entropy': np.float64(0.9453514814376831), 'wall_s': 7575.5}
{'iter': 183, 'env_steps': 5999472, 'episode_return_mean': np.float64(403.39218274330347), 'aux_ce': None, 'aux_accuracy': None, 'entropy': np.float64(0.9356617331504822), 'wall_s': 7619.5}
{'iter': 184, 'env_steps': 6032256, 'episode_return_mean': np.float64(404.3150319994519), 'aux_ce': None, 'aux_accuracy': None, 'entropy': np.float64(0.9304715394973755), 'wall_s': 7663.1}
{'iter': 185, 'env_steps': 6065040, 'episode_return_mean': nan, 'aux_ce': None, 'aux_accuracy': None, 'entropy': np.float64(0.9231017827987671), 'wall_s': 7705.2}
{'iter': 186, 'env_steps': 6097824, 'episode_return_mean': np.float64(400.70905425213493), 'aux_ce': None, 'aux_accuracy': None, 'entropy': np.float64(0.9171448945999146), 'wall_s': 7748.6}
{'iter': 187, 'env_steps': 6130608, 'episode_return_mean': np.float64(400.3106108203304), 'aux_ce': None, 'aux_accuracy': None, 'entropy': np.float64(0.9180640578269958), 'wall_s': 7791.8}
{'iter': 188, 'env_steps': 6163392, 'episode_return_mean': nan, 'aux_ce': None, 'aux_accuracy': None, 'entropy': np.float64(0.9142809510231018), 'wall_s': 7834.0}
{'iter': 189, 'env_steps': 6196176, 'episode_return_mean': np.float64(402.3908356023555), 'aux_ce': None, 'aux_accuracy': None, 'entropy': np.float64(0.8975271582603455), 'wall_s': 7874.0}
{'iter': 190, 'env_steps': 6228960, 'episode_return_mean': np.float64(400.6667755379658), 'aux_ce': None, 'aux_accuracy': None, 'entropy': np.float64(0.8938166499137878), 'wall_s': 7917.7}
{'iter': 191, 'env_steps': 6261744, 'episode_return_mean': nan, 'aux_ce': None, 'aux_accuracy': None, 'entropy': np.float64(0.882229208946228), 'wall_s': 7962.2}
{'iter': 192, 'env_steps': 6294528, 'episode_return_mean': np.float64(400.48706228183994), 'aux_ce': None, 'aux_accuracy': None, 'entropy': np.float64(0.881201446056366), 'wall_s': 8012.9}
{'iter': 193, 'env_steps': 6327312, 'episode_return_mean': np.float64(402.3134275184023), 'aux_ce': None, 'aux_accuracy': None, 'entropy': np.float64(0.8725368976593018), 'wall_s': 8061.6}
{'iter': 194, 'env_steps': 6360096, 'episode_return_mean': nan, 'aux_ce': None, 'aux_accuracy': None, 'entropy': np.float64(0.8680388927459717), 'wall_s': 8106.7}
{'iter': 195, 'env_steps': 6392880, 'episode_return_mean': np.float64(402.4217545798623), 'aux_ce': None, 'aux_accuracy': None, 'entropy': np.float64(0.8680273294448853), 'wall_s': 8160.1}
{'iter': 196, 'env_steps': 6425664, 'episode_return_mean': np.float64(402.0097484881236), 'aux_ce': None, 'aux_accuracy': None, 'entropy': np.float64(0.8672934174537659), 'wall_s': 8207.5}
{'iter': 197, 'env_steps': 6458448, 'episode_return_mean': nan, 'aux_ce': None, 'aux_accuracy': None, 'entropy': np.float64(0.8720596432685852), 'wall_s': 8252.6}
{'iter': 198, 'env_steps': 6491232, 'episode_return_mean': np.float64(402.0384636958788), 'aux_ce': None, 'aux_accuracy': None, 'entropy': np.float64(0.8702529072761536), 'wall_s': 8300.1}
{'iter': 199, 'env_steps': 6524016, 'episode_return_mean': np.float64(401.9984696336304), 'aux_ce': None, 'aux_accuracy': None, 'entropy': np.float64(0.876928985118866), 'wall_s': 8345.0}
{'iter': 200, 'env_steps': 6556800, 'episode_return_mean': nan, 'aux_ce': None, 'aux_accuracy': None, 'entropy': np.float64(0.8736620545387268), 'wall_s': 8391.6}
{'iter': 201, 'env_steps': 6589584, 'episode_return_mean': np.float64(403.84680137420264), 'aux_ce': None, 'aux_accuracy': None, 'entropy': np.float64(0.8714026212692261), 'wall_s': 8439.9}
{'iter': 202, 'env_steps': 6622368, 'episode_return_mean': np.float64(402.79071787531194), 'aux_ce': None, 'aux_accuracy': None, 'entropy': np.float64(0.8710640072822571), 'wall_s': 8483.1}
{'iter': 203, 'env_steps': 6655152, 'episode_return_mean': nan, 'aux_ce': None, 'aux_accuracy': None, 'entropy': np.float64(0.8644183278083801), 'wall_s': 8527.5}
{'iter': 204, 'env_steps': 6687936, 'episode_return_mean': np.float64(403.828708522168), 'aux_ce': None, 'aux_accuracy': None, 'entropy': np.float64(0.8614069223403931), 'wall_s': 8574.5}
{'iter': 205, 'env_steps': 6720720, 'episode_return_mean': np.float64(402.0238579951897), 'aux_ce': None, 'aux_accuracy': None, 'entropy': np.float64(0.8581824898719788), 'wall_s': 8616.8}
{'iter': 206, 'env_steps': 6753504, 'episode_return_mean': nan, 'aux_ce': None, 'aux_accuracy': None, 'entropy': np.float64(0.863092303276062), 'wall_s': 8660.9}
{'iter': 207, 'env_steps': 6786288, 'episode_return_mean': np.float64(402.221050530052), 'aux_ce': None, 'aux_accuracy': None, 'entropy': np.float64(0.8615738153457642), 'wall_s': 8707.6}
{'iter': 208, 'env_steps': 6819072, 'episode_return_mean': np.float64(401.776808468593), 'aux_ce': None, 'aux_accuracy': None, 'entropy': np.float64(0.8507756590843201), 'wall_s': 8749.4}
{'iter': 209, 'env_steps': 6851856, 'episode_return_mean': nan, 'aux_ce': None, 'aux_accuracy': None, 'entropy': np.float64(0.8462518453598022), 'wall_s': 8795.6}
{'iter': 210, 'env_steps': 6884640, 'episode_return_mean': np.float64(401.4547613168411), 'aux_ce': None, 'aux_accuracy': None, 'entropy': np.float64(0.8460585474967957), 'wall_s': 8846.5}
{'iter': 211, 'env_steps': 6917424, 'episode_return_mean': np.float64(401.5897228085356), 'aux_ce': None, 'aux_accuracy': None, 'entropy': np.float64(0.847632646560669), 'wall_s': 8889.5}
{'iter': 212, 'env_steps': 6950208, 'episode_return_mean': nan, 'aux_ce': None, 'aux_accuracy': None, 'entropy': np.float64(0.8416494727134705), 'wall_s': 8935.0}
{'iter': 213, 'env_steps': 6982992, 'episode_return_mean': np.float64(403.4040863003904), 'aux_ce': None, 'aux_accuracy': None, 'entropy': np.float64(0.8384948372840881), 'wall_s': 8990.3}
{'iter': 214, 'env_steps': 7015776, 'episode_return_mean': np.float64(402.5715959786875), 'aux_ce': None, 'aux_accuracy': None, 'entropy': np.float64(0.8351749181747437), 'wall_s': 9031.5}
{'iter': 215, 'env_steps': 7048560, 'episode_return_mean': nan, 'aux_ce': None, 'aux_accuracy': None, 'entropy': np.float64(0.839374840259552), 'wall_s': 9075.3}
{'iter': 216, 'env_steps': 7081344, 'episode_return_mean': np.float64(403.3628822769532), 'aux_ce': None, 'aux_accuracy': None, 'entropy': np.float64(0.8347495198249817), 'wall_s': 9127.8}
{'iter': 217, 'env_steps': 7114128, 'episode_return_mean': np.float64(402.4618472159609), 'aux_ce': None, 'aux_accuracy': None, 'entropy': np.float64(0.8299883604049683), 'wall_s': 9169.7}
{'iter': 218, 'env_steps': 7146912, 'episode_return_mean': nan, 'aux_ce': None, 'aux_accuracy': None, 'entropy': np.float64(0.827690839767456), 'wall_s': 9214.4}
{'iter': 219, 'env_steps': 7179696, 'episode_return_mean': np.float64(406.509295129421), 'aux_ce': None, 'aux_accuracy': None, 'entropy': np.float64(0.833549976348877), 'wall_s': 9262.0}
{'iter': 220, 'env_steps': 7212480, 'episode_return_mean': np.float64(406.6064527462198), 'aux_ce': None, 'aux_accuracy': None, 'entropy': np.float64(0.8339872360229492), 'wall_s': 9305.1}
{'iter': 221, 'env_steps': 7245264, 'episode_return_mean': nan, 'aux_ce': None, 'aux_accuracy': None, 'entropy': np.float64(0.8295400738716125), 'wall_s': 9350.0}
{'iter': 222, 'env_steps': 7278048, 'episode_return_mean': np.float64(405.4041314759246), 'aux_ce': None, 'aux_accuracy': None, 'entropy': np.float64(0.8244238495826721), 'wall_s': 9396.5}
{'iter': 223, 'env_steps': 7310832, 'episode_return_mean': np.float64(402.44424259885227), 'aux_ce': None, 'aux_accuracy': None, 'entropy': np.float64(0.8245912194252014), 'wall_s': 9440.0}
{'iter': 224, 'env_steps': 7343616, 'episode_return_mean': nan, 'aux_ce': None, 'aux_accuracy': None, 'entropy': np.float64(0.8227615356445312), 'wall_s': 9486.0}
{'iter': 225, 'env_steps': 7376400, 'episode_return_mean': np.float64(403.6496838097501), 'aux_ce': None, 'aux_accuracy': None, 'entropy': np.float64(0.8298989534378052), 'wall_s': 9532.8}
{'iter': 226, 'env_steps': 7409184, 'episode_return_mean': np.float64(401.6101676716494), 'aux_ce': None, 'aux_accuracy': None, 'entropy': np.float64(0.8263031840324402), 'wall_s': 9576.0}
{'iter': 227, 'env_steps': 7441968, 'episode_return_mean': nan, 'aux_ce': None, 'aux_accuracy': None, 'entropy': np.float64(0.8267239332199097), 'wall_s': 9622.6}
{'iter': 228, 'env_steps': 7474752, 'episode_return_mean': np.float64(398.29306358247607), 'aux_ce': None, 'aux_accuracy': None, 'entropy': np.float64(0.8266589641571045), 'wall_s': 9665.6}
{'iter': 229, 'env_steps': 7507536, 'episode_return_mean': np.float64(398.16373586640896), 'aux_ce': None, 'aux_accuracy': None, 'entropy': np.float64(0.81852787733078), 'wall_s': 9714.6}
{'iter': 230, 'env_steps': 7540320, 'episode_return_mean': nan, 'aux_ce': None, 'aux_accuracy': None, 'entropy': np.float64(0.8153039216995239), 'wall_s': 9760.6}
{'iter': 231, 'env_steps': 7573104, 'episode_return_mean': np.float64(400.25705744466507), 'aux_ce': None, 'aux_accuracy': None, 'entropy': np.float64(0.8170230984687805), 'wall_s': 9806.8}
{'iter': 232, 'env_steps': 7605888, 'episode_return_mean': np.float64(399.2813507624626), 'aux_ce': None, 'aux_accuracy': None, 'entropy': np.float64(0.8165770173072815), 'wall_s': 9858.4}
{'iter': 233, 'env_steps': 7638672, 'episode_return_mean': nan, 'aux_ce': None, 'aux_accuracy': None, 'entropy': np.float64(0.8172391653060913), 'wall_s': 9904.0}
{'iter': 234, 'env_steps': 7671456, 'episode_return_mean': np.float64(402.2228044768958), 'aux_ce': None, 'aux_accuracy': None, 'entropy': np.float64(0.8107284307479858), 'wall_s': 9946.3}
{'iter': 235, 'env_steps': 7704240, 'episode_return_mean': np.float64(403.8614866608891), 'aux_ce': None, 'aux_accuracy': None, 'entropy': np.float64(0.8107742667198181), 'wall_s': 9995.0}
{'iter': 236, 'env_steps': 7737024, 'episode_return_mean': nan, 'aux_ce': None, 'aux_accuracy': None, 'entropy': np.float64(0.8041345477104187), 'wall_s': 10039.5}
{'iter': 237, 'env_steps': 7769808, 'episode_return_mean': np.float64(398.5642721091631), 'aux_ce': None, 'aux_accuracy': None, 'entropy': np.float64(0.8071845769882202), 'wall_s': 10081.7}
{'iter': 238, 'env_steps': 7802592, 'episode_return_mean': np.float64(402.2995944315371), 'aux_ce': None, 'aux_accuracy': None, 'entropy': np.float64(0.8045749068260193), 'wall_s': 10130.7}
{'iter': 239, 'env_steps': 7835376, 'episode_return_mean': nan, 'aux_ce': None, 'aux_accuracy': None, 'entropy': np.float64(0.8061659932136536), 'wall_s': 10175.3}
{'iter': 240, 'env_steps': 7868160, 'episode_return_mean': np.float64(403.7085922846808), 'aux_ce': None, 'aux_accuracy': None, 'entropy': np.float64(0.8095223903656006), 'wall_s': 10222.2}
{'iter': 241, 'env_steps': 7900944, 'episode_return_mean': np.float64(406.92426413845254), 'aux_ce': None, 'aux_accuracy': None, 'entropy': np.float64(0.8108068704605103), 'wall_s': 10264.9}
{'iter': 242, 'env_steps': 7933728, 'episode_return_mean': nan, 'aux_ce': None, 'aux_accuracy': None, 'entropy': np.float64(0.8128155469894409), 'wall_s': 10310.4}
{'iter': 243, 'env_steps': 7966512, 'episode_return_mean': np.float64(404.92350496836434), 'aux_ce': None, 'aux_accuracy': None, 'entropy': np.float64(0.8114538192749023), 'wall_s': 10360.2}
{'iter': 244, 'env_steps': 7999296, 'episode_return_mean': np.float64(403.5444383409747), 'aux_ce': None, 'aux_accuracy': None, 'entropy': np.float64(0.8129879236221313), 'wall_s': 10405.5}
{'iter': 245, 'env_steps': 8032080, 'episode_return_mean': nan, 'aux_ce': None, 'aux_accuracy': None, 'entropy': np.float64(0.8072137236595154), 'wall_s': 10454.8}
{'iter': 246, 'env_steps': 8064864, 'episode_return_mean': np.float64(404.29542430417985), 'aux_ce': None, 'aux_accuracy': None, 'entropy': np.float64(0.8096088171005249), 'wall_s': 10502.3}
{'iter': 247, 'env_steps': 8097648, 'episode_return_mean': np.float64(403.41777442178545), 'aux_ce': None, 'aux_accuracy': None, 'entropy': np.float64(0.8101071715354919), 'wall_s': 10546.6}
{'iter': 248, 'env_steps': 8130432, 'episode_return_mean': nan, 'aux_ce': None, 'aux_accuracy': None, 'entropy': np.float64(0.8057828545570374), 'wall_s': 10593.0}
{'iter': 249, 'env_steps': 8163216, 'episode_return_mean': np.float64(400.08007135810146), 'aux_ce': None, 'aux_accuracy': None, 'entropy': np.float64(0.8033208847045898), 'wall_s': 10648.3}
{'iter': 250, 'env_steps': 8196000, 'episode_return_mean': np.float64(398.1804659616528), 'aux_ce': None, 'aux_accuracy': None, 'entropy': np.float64(0.8026745319366455), 'wall_s': 10694.7}
{'iter': 251, 'env_steps': 8228784, 'episode_return_mean': nan, 'aux_ce': None, 'aux_accuracy': None, 'entropy': np.float64(0.8025149703025818), 'wall_s': 10740.1}
{'iter': 252, 'env_steps': 8261568, 'episode_return_mean': np.float64(404.89683496230793), 'aux_ce': None, 'aux_accuracy': None, 'entropy': np.float64(0.8005571365356445), 'wall_s': 10787.7}
{'iter': 253, 'env_steps': 8294352, 'episode_return_mean': np.float64(403.8372904278042), 'aux_ce': None, 'aux_accuracy': None, 'entropy': np.float64(0.8007914423942566), 'wall_s': 10830.8}
{'iter': 254, 'env_steps': 8327136, 'episode_return_mean': nan, 'aux_ce': None, 'aux_accuracy': None, 'entropy': np.float64(0.7999922037124634), 'wall_s': 10877.4}
{'iter': 255, 'env_steps': 8359920, 'episode_return_mean': np.float64(401.4504213640796), 'aux_ce': None, 'aux_accuracy': None, 'entropy': np.float64(0.7967479228973389), 'wall_s': 10924.3}
{'iter': 256, 'env_steps': 8392704, 'episode_return_mean': np.float64(403.83350141874075), 'aux_ce': None, 'aux_accuracy': None, 'entropy': np.float64(0.792461633682251), 'wall_s': 10968.0}
{'iter': 257, 'env_steps': 8425488, 'episode_return_mean': nan, 'aux_ce': None, 'aux_accuracy': None, 'entropy': np.float64(0.7925638556480408), 'wall_s': 11015.3}
{'iter': 258, 'env_steps': 8458272, 'episode_return_mean': np.float64(401.59843373001024), 'aux_ce': None, 'aux_accuracy': None, 'entropy': np.float64(0.7924273610115051), 'wall_s': 11063.4}
{'iter': 259, 'env_steps': 8491056, 'episode_return_mean': np.float64(402.14883194548145), 'aux_ce': None, 'aux_accuracy': None, 'entropy': np.float64(0.7949120998382568), 'wall_s': 11111.4}
{'iter': 260, 'env_steps': 8523840, 'episode_return_mean': nan, 'aux_ce': None, 'aux_accuracy': None, 'entropy': np.float64(0.7937839031219482), 'wall_s': 11156.6}
{'iter': 261, 'env_steps': 8556624, 'episode_return_mean': np.float64(404.15387300281975), 'aux_ce': None, 'aux_accuracy': None, 'entropy': np.float64(0.7925106883049011), 'wall_s': 11211.9}
{'iter': 262, 'env_steps': 8589408, 'episode_return_mean': np.float64(404.6025918502512), 'aux_ce': None, 'aux_accuracy': None, 'entropy': np.float64(0.7963353991508484), 'wall_s': 11255.7}
{'iter': 263, 'env_steps': 8622192, 'episode_return_mean': nan, 'aux_ce': None, 'aux_accuracy': None, 'entropy': np.float64(0.7986962199211121), 'wall_s': 11301.0}
{'iter': 264, 'env_steps': 8654976, 'episode_return_mean': np.float64(399.4432984849024), 'aux_ce': None, 'aux_accuracy': None, 'entropy': np.float64(0.7994039058685303), 'wall_s': 11354.3}
{'iter': 265, 'env_steps': 8687760, 'episode_return_mean': np.float64(399.594978538603), 'aux_ce': None, 'aux_accuracy': None, 'entropy': np.float64(0.8008694648742676), 'wall_s': 11402.4}
{'iter': 266, 'env_steps': 8720544, 'episode_return_mean': nan, 'aux_ce': None, 'aux_accuracy': None, 'entropy': np.float64(0.8001935482025146), 'wall_s': 11448.1}
{'iter': 267, 'env_steps': 8753328, 'episode_return_mean': np.float64(403.30410583891364), 'aux_ce': None, 'aux_accuracy': None, 'entropy': np.float64(0.8026478290557861), 'wall_s': 11507.1}
{'iter': 268, 'env_steps': 8786112, 'episode_return_mean': np.float64(403.929185303591), 'aux_ce': None, 'aux_accuracy': None, 'entropy': np.float64(0.8011509776115417), 'wall_s': 11554.3}
{'iter': 269, 'env_steps': 8818896, 'episode_return_mean': nan, 'aux_ce': None, 'aux_accuracy': None, 'entropy': np.float64(0.8013582229614258), 'wall_s': 11597.5}
{'iter': 270, 'env_steps': 8851680, 'episode_return_mean': np.float64(402.80199113291803), 'aux_ce': None, 'aux_accuracy': None, 'entropy': np.float64(0.7987725734710693), 'wall_s': 11649.1}
{'iter': 271, 'env_steps': 8884464, 'episode_return_mean': np.float64(402.4507476288702), 'aux_ce': None, 'aux_accuracy': None, 'entropy': np.float64(0.8000637292861938), 'wall_s': 11700.5}
{'iter': 272, 'env_steps': 8917248, 'episode_return_mean': nan, 'aux_ce': None, 'aux_accuracy': None, 'entropy': np.float64(0.799339234828949), 'wall_s': 11741.3}
{'iter': 273, 'env_steps': 8950032, 'episode_return_mean': np.float64(400.566684731257), 'aux_ce': None, 'aux_accuracy': None, 'entropy': np.float64(0.7998179793357849), 'wall_s': 11791.0}
{'iter': 274, 'env_steps': 8982816, 'episode_return_mean': np.float64(403.7048749209621), 'aux_ce': None, 'aux_accuracy': None, 'entropy': np.float64(0.7996953725814819), 'wall_s': 11846.3}
{'iter': 275, 'env_steps': 9015600, 'episode_return_mean': nan, 'aux_ce': None, 'aux_accuracy': None, 'entropy': np.float64(0.7953429818153381), 'wall_s': 11893.3}
{'iter': 276, 'env_steps': 9048384, 'episode_return_mean': np.float64(407.5017389621745), 'aux_ce': None, 'aux_accuracy': None, 'entropy': np.float64(0.790920615196228), 'wall_s': 11940.8}
{'iter': 277, 'env_steps': 9081168, 'episode_return_mean': np.float64(407.13365045690864), 'aux_ce': None, 'aux_accuracy': None, 'entropy': np.float64(0.7963556051254272), 'wall_s': 11987.1}
{'iter': 278, 'env_steps': 9113952, 'episode_return_mean': nan, 'aux_ce': None, 'aux_accuracy': None, 'entropy': np.float64(0.7945618629455566), 'wall_s': 12032.5}
{'iter': 279, 'env_steps': 9146736, 'episode_return_mean': np.float64(407.6018340140396), 'aux_ce': None, 'aux_accuracy': None, 'entropy': np.float64(0.7955577373504639), 'wall_s': 12078.4}
{'iter': 280, 'env_steps': 9179520, 'episode_return_mean': np.float64(407.2368994474827), 'aux_ce': None, 'aux_accuracy': None, 'entropy': np.float64(0.7945102453231812), 'wall_s': 12126.7}
{'iter': 281, 'env_steps': 9212304, 'episode_return_mean': nan, 'aux_ce': None, 'aux_accuracy': None, 'entropy': np.float64(0.7980705499649048), 'wall_s': 12182.1}
{'iter': 282, 'env_steps': 9245088, 'episode_return_mean': np.float64(403.13762725704424), 'aux_ce': None, 'aux_accuracy': None, 'entropy': np.float64(0.7946662902832031), 'wall_s': 12228.5}
{'iter': 283, 'env_steps': 9277872, 'episode_return_mean': np.float64(402.4748071962546), 'aux_ce': None, 'aux_accuracy': None, 'entropy': np.float64(0.7968441247940063), 'wall_s': 12285.2}
{'iter': 284, 'env_steps': 9310656, 'episode_return_mean': nan, 'aux_ce': None, 'aux_accuracy': None, 'entropy': np.float64(0.7970409989356995), 'wall_s': 12348.0}
{'iter': 285, 'env_steps': 9343440, 'episode_return_mean': np.float64(402.8221658161044), 'aux_ce': None, 'aux_accuracy': None, 'entropy': np.float64(0.790472686290741), 'wall_s': 12407.1}
{'iter': 286, 'env_steps': 9376224, 'episode_return_mean': np.float64(401.9132776742507), 'aux_ce': None, 'aux_accuracy': None, 'entropy': np.float64(0.7914746999740601), 'wall_s': 12452.4}
{'iter': 287, 'env_steps': 9409008, 'episode_return_mean': nan, 'aux_ce': None, 'aux_accuracy': None, 'entropy': np.float64(0.79273921251297), 'wall_s': 12503.8}
{'iter': 288, 'env_steps': 9441792, 'episode_return_mean': np.float64(403.33215529194035), 'aux_ce': None, 'aux_accuracy': None, 'entropy': np.float64(0.7964655160903931), 'wall_s': 12567.6}
{'iter': 289, 'env_steps': 9474576, 'episode_return_mean': np.float64(401.3480771884916), 'aux_ce': None, 'aux_accuracy': None, 'entropy': np.float64(0.799208402633667), 'wall_s': 12621.7}
{'iter': 290, 'env_steps': 9507360, 'episode_return_mean': nan, 'aux_ce': None, 'aux_accuracy': None, 'entropy': np.float64(0.8042879700660706), 'wall_s': 12680.6}
{'iter': 291, 'env_steps': 9540144, 'episode_return_mean': np.float64(408.3397487377848), 'aux_ce': None, 'aux_accuracy': None, 'entropy': np.float64(0.8017359972000122), 'wall_s': 12745.8}
{'iter': 292, 'env_steps': 9572928, 'episode_return_mean': np.float64(406.65990874931197), 'aux_ce': None, 'aux_accuracy': None, 'entropy': np.float64(0.7977266311645508), 'wall_s': 12790.4}
{'iter': 293, 'env_steps': 9605712, 'episode_return_mean': nan, 'aux_ce': None, 'aux_accuracy': None, 'entropy': np.float64(0.7970255017280579), 'wall_s': 12836.4}
{'iter': 294, 'env_steps': 9638496, 'episode_return_mean': np.float64(401.8215765742067), 'aux_ce': None, 'aux_accuracy': None, 'entropy': np.float64(0.7950230240821838), 'wall_s': 12888.4}
{'iter': 295, 'env_steps': 9671280, 'episode_return_mean': np.float64(403.9387094433499), 'aux_ce': None, 'aux_accuracy': None, 'entropy': np.float64(0.7927921414375305), 'wall_s': 12932.8}
{'iter': 296, 'env_steps': 9704064, 'episode_return_mean': nan, 'aux_ce': None, 'aux_accuracy': None, 'entropy': np.float64(0.7927687168121338), 'wall_s': 12978.7}
{'iter': 297, 'env_steps': 9736848, 'episode_return_mean': np.float64(406.62037651138564), 'aux_ce': None, 'aux_accuracy': None, 'entropy': np.float64(0.7906591892242432), 'wall_s': 13026.1}
{'iter': 298, 'env_steps': 9769632, 'episode_return_mean': np.float64(405.88240016612474), 'aux_ce': None, 'aux_accuracy': None, 'entropy': np.float64(0.7829794883728027), 'wall_s': 13069.5}
{'iter': 299, 'env_steps': 9802416, 'episode_return_mean': nan, 'aux_ce': None, 'aux_accuracy': None, 'entropy': np.float64(0.7846235036849976), 'wall_s': 13115.1}
{'iter': 300, 'env_steps': 9835200, 'episode_return_mean': np.float64(406.1991055730186), 'aux_ce': None, 'aux_accuracy': None, 'entropy': np.float64(0.7817046642303467), 'wall_s': 13165.2}
{'iter': 301, 'env_steps': 9867984, 'episode_return_mean': np.float64(403.6659005853503), 'aux_ce': None, 'aux_accuracy': None, 'entropy': np.float64(0.780785083770752), 'wall_s': 13209.6}
{'iter': 302, 'env_steps': 9900768, 'episode_return_mean': nan, 'aux_ce': None, 'aux_accuracy': None, 'entropy': np.float64(0.7819731831550598), 'wall_s': 13255.6}
{'iter': 303, 'env_steps': 9933552, 'episode_return_mean': np.float64(403.4822993687036), 'aux_ce': None, 'aux_accuracy': None, 'entropy': np.float64(0.7790404558181763), 'wall_s': 13310.6}
{'iter': 304, 'env_steps': 9966336, 'episode_return_mean': np.float64(402.3991587980181), 'aux_ce': None, 'aux_accuracy': None, 'entropy': np.float64(0.7773377299308777), 'wall_s': 13352.0}
{'iter': 305, 'env_steps': 9999120, 'episode_return_mean': nan, 'aux_ce': None, 'aux_accuracy': None, 'entropy': np.float64(0.7762848138809204), 'wall_s': 13396.8}
{'iter': 306, 'env_steps': 10031904, 'episode_return_mean': np.float64(405.8189933287774), 'aux_ce': None, 'aux_accuracy': None, 'entropy': np.float64(0.7779413461685181), 'wall_s': 13450.3}
done -> /Users/alex/Software/XOR/RLlib Harnes Beta/results/phase3/a_nodelay/seed1
[36m(SingleAgentEnvRunner pid=40159)[0m DeprecationWarning: `RLModule(config=[RLModuleConfig object])` has been deprecated. Use `RLModule(observation_space=.., action_space=.., inference_only=.., model_config=.., catalog_class=..)` instead. This will raise an error in the future![32m [repeated 3x across cluster] (Ray deduplicates logs by default. Set RAY_DEDUP_LOGS=0 to disable log deduplication, or see https://docs.ray.io/en/master/ray-observability/user-guides/configure-logging.html#log-deduplication for more options.)[0m
