2026-07-06 09:45:05,419	WARNING algorithm_config.py:2530 -- DeprecationWarning: `config.training(learner_config_dict=..)` has been deprecated. Use `config.learners(learner_config_dict=..)` instead. This will raise an error in the future!
2026-07-06 09:45:05,420	WARNING algorithm_config.py:5177 -- You are running PPO on the new API stack! This is the new default behavior for this algorithm. If you don't want to use the new API stack, set `config.api_stack(enable_rl_module_and_learner=False,enable_env_runner_and_connector_v2=False)`. For a detailed migration guide, see here: https://docs.ray.io/en/master/rllib/new-api-stack-migration-guide.html
2026-07-06 09:45:08,289	INFO worker.py:2024 -- Started a local Ray instance.
[2026-07-06 09:45:09,145 E 37725 7368773] core_worker.cc:2149: Actor with class name: 'SingleAgentEnvRunner' and ID: '8b0497f13ce866c030c4e79201000000' has constructor arguments in the object store and max_restarts > 0. If the arguments in the object store go out of scope or are lost, the actor restart will fail. See https://github.com/ray-project/ray/issues/53727 for more details.
2026-07-06 09:45:11,739	WARNING rl_module.py:463 -- DeprecationWarning: `RLModule(config=[RLModuleConfig object])` has been deprecated. Use `RLModule(observation_space=.., action_space=.., inference_only=.., model_config=.., catalog_class=..)` instead. This will raise an error in the future!
[36m(SingleAgentEnvRunner pid=37758)[0m DeprecationWarning: `RLModule(config=[RLModuleConfig object])` has been deprecated. Use `RLModule(observation_space=.., action_space=.., inference_only=.., model_config=.., catalog_class=..)` instead. This will raise an error in the future!
2026-07-06 09:45:11,787	WARNING util.py:62 -- Install gputil for GPU system monitoring.
{'iter': 1, 'env_steps': 32784, 'episode_return_mean': None, 'aux_ce': None, 'aux_accuracy': None, 'entropy': np.float64(2.8182222843170166), 'wall_s': 2.8}
{'iter': 2, 'env_steps': 65568, 'episode_return_mean': None, 'aux_ce': None, 'aux_accuracy': None, 'entropy': np.float64(2.7949204444885254), 'wall_s': 4.9}
{'iter': 3, 'env_steps': 98352, 'episode_return_mean': np.float64(53.74256017939324), 'aux_ce': None, 'aux_accuracy': None, 'entropy': np.float64(2.7768468856811523), 'wall_s': 7.4}
{'iter': 4, 'env_steps': 131136, 'episode_return_mean': np.float64(53.177962181502004), 'aux_ce': None, 'aux_accuracy': None, 'entropy': np.float64(2.755321979522705), 'wall_s': 10.2}
{'iter': 5, 'env_steps': 163920, 'episode_return_mean': nan, 'aux_ce': None, 'aux_accuracy': None, 'entropy': np.float64(2.732825994491577), 'wall_s': 12.7}
{'iter': 6, 'env_steps': 196704, 'episode_return_mean': np.float64(91.93414113152986), 'aux_ce': None, 'aux_accuracy': None, 'entropy': np.float64(2.712230682373047), 'wall_s': 15.4}
{'iter': 7, 'env_steps': 229488, 'episode_return_mean': np.float64(94.90915191249633), 'aux_ce': None, 'aux_accuracy': None, 'entropy': np.float64(2.686616897583008), 'wall_s': 17.7}
{'iter': 8, 'env_steps': 262272, 'episode_return_mean': nan, 'aux_ce': None, 'aux_accuracy': None, 'entropy': np.float64(2.66345477104187), 'wall_s': 20.1}
{'iter': 9, 'env_steps': 295056, 'episode_return_mean': np.float64(135.3636163150178), 'aux_ce': None, 'aux_accuracy': None, 'entropy': np.float64(2.6403555870056152), 'wall_s': 22.6}
{'iter': 10, 'env_steps': 327840, 'episode_return_mean': np.float64(136.77788545230771), 'aux_ce': None, 'aux_accuracy': None, 'entropy': np.float64(2.6167328357696533), 'wall_s': 24.8}
{'iter': 11, 'env_steps': 360624, 'episode_return_mean': nan, 'aux_ce': None, 'aux_accuracy': None, 'entropy': np.float64(2.5906360149383545), 'wall_s': 27.0}
{'iter': 12, 'env_steps': 393408, 'episode_return_mean': np.float64(181.64513662172664), 'aux_ce': None, 'aux_accuracy': None, 'entropy': np.float64(2.563539505004883), 'wall_s': 29.5}
{'iter': 13, 'env_steps': 426192, 'episode_return_mean': np.float64(182.2121371738129), 'aux_ce': None, 'aux_accuracy': None, 'entropy': np.float64(2.5411007404327393), 'wall_s': 31.9}
{'iter': 14, 'env_steps': 458976, 'episode_return_mean': nan, 'aux_ce': None, 'aux_accuracy': None, 'entropy': np.float64(2.506624221801758), 'wall_s': 34.3}
{'iter': 15, 'env_steps': 491760, 'episode_return_mean': np.float64(221.3628776605521), 'aux_ce': None, 'aux_accuracy': None, 'entropy': np.float64(2.4753568172454834), 'wall_s': 36.4}
{'iter': 16, 'env_steps': 524544, 'episode_return_mean': np.float64(223.3478453527338), 'aux_ce': None, 'aux_accuracy': None, 'entropy': np.float64(2.45230770111084), 'wall_s': 38.7}
{'iter': 17, 'env_steps': 557328, 'episode_return_mean': nan, 'aux_ce': None, 'aux_accuracy': None, 'entropy': np.float64(2.4218578338623047), 'wall_s': 41.2}
{'iter': 18, 'env_steps': 590112, 'episode_return_mean': np.float64(252.9204799788671), 'aux_ce': None, 'aux_accuracy': None, 'entropy': np.float64(2.390808582305908), 'wall_s': 43.7}
{'iter': 19, 'env_steps': 622896, 'episode_return_mean': np.float64(254.95369451831425), 'aux_ce': None, 'aux_accuracy': None, 'entropy': np.float64(2.363767147064209), 'wall_s': 46.4}
{'iter': 20, 'env_steps': 655680, 'episode_return_mean': nan, 'aux_ce': None, 'aux_accuracy': None, 'entropy': np.float64(2.3362183570861816), 'wall_s': 49.0}
{'iter': 21, 'env_steps': 688464, 'episode_return_mean': np.float64(278.05813423814124), 'aux_ce': None, 'aux_accuracy': None, 'entropy': np.float64(2.305469036102295), 'wall_s': 51.8}
{'iter': 22, 'env_steps': 721248, 'episode_return_mean': np.float64(281.1492061951856), 'aux_ce': None, 'aux_accuracy': None, 'entropy': np.float64(2.2754595279693604), 'wall_s': 54.6}
{'iter': 23, 'env_steps': 754032, 'episode_return_mean': nan, 'aux_ce': None, 'aux_accuracy': None, 'entropy': np.float64(2.2484374046325684), 'wall_s': 57.3}
{'iter': 24, 'env_steps': 786816, 'episode_return_mean': np.float64(308.53432170641065), 'aux_ce': None, 'aux_accuracy': None, 'entropy': np.float64(2.2197606563568115), 'wall_s': 59.9}
{'iter': 25, 'env_steps': 819600, 'episode_return_mean': np.float64(307.47326617226685), 'aux_ce': None, 'aux_accuracy': None, 'entropy': np.float64(2.19290828704834), 'wall_s': 62.4}
{'iter': 26, 'env_steps': 852384, 'episode_return_mean': nan, 'aux_ce': None, 'aux_accuracy': None, 'entropy': np.float64(2.1662421226501465), 'wall_s': 64.7}
{'iter': 27, 'env_steps': 885168, 'episode_return_mean': np.float64(329.13212251799), 'aux_ce': None, 'aux_accuracy': None, 'entropy': np.float64(2.1426749229431152), 'wall_s': 67.1}
{'iter': 28, 'env_steps': 917952, 'episode_return_mean': np.float64(327.8451579795217), 'aux_ce': None, 'aux_accuracy': None, 'entropy': np.float64(2.1244542598724365), 'wall_s': 69.1}
{'iter': 29, 'env_steps': 950736, 'episode_return_mean': nan, 'aux_ce': None, 'aux_accuracy': None, 'entropy': np.float64(2.1030170917510986), 'wall_s': 71.2}
{'iter': 30, 'env_steps': 983520, 'episode_return_mean': np.float64(340.9871146237008), 'aux_ce': None, 'aux_accuracy': None, 'entropy': np.float64(2.081346273422241), 'wall_s': 73.6}
{'iter': 31, 'env_steps': 1016304, 'episode_return_mean': np.float64(338.7349110773539), 'aux_ce': None, 'aux_accuracy': None, 'entropy': np.float64(2.0672764778137207), 'wall_s': 76.1}
{'iter': 32, 'env_steps': 1049088, 'episode_return_mean': nan, 'aux_ce': None, 'aux_accuracy': None, 'entropy': np.float64(2.049307107925415), 'wall_s': 78.7}
{'iter': 33, 'env_steps': 1081872, 'episode_return_mean': np.float64(349.72584475232395), 'aux_ce': None, 'aux_accuracy': None, 'entropy': np.float64(2.034362316131592), 'wall_s': 80.8}
{'iter': 34, 'env_steps': 1114656, 'episode_return_mean': np.float64(347.5057791210364), 'aux_ce': None, 'aux_accuracy': None, 'entropy': np.float64(2.0123844146728516), 'wall_s': 82.9}
{'iter': 35, 'env_steps': 1147440, 'episode_return_mean': nan, 'aux_ce': None, 'aux_accuracy': None, 'entropy': np.float64(1.995177984237671), 'wall_s': 85.4}
{'iter': 36, 'env_steps': 1180224, 'episode_return_mean': np.float64(350.2484706155444), 'aux_ce': None, 'aux_accuracy': None, 'entropy': np.float64(1.9826648235321045), 'wall_s': 87.9}
{'iter': 37, 'env_steps': 1213008, 'episode_return_mean': np.float64(349.95709070858095), 'aux_ce': None, 'aux_accuracy': None, 'entropy': np.float64(1.9691205024719238), 'wall_s': 90.5}
{'iter': 38, 'env_steps': 1245792, 'episode_return_mean': nan, 'aux_ce': None, 'aux_accuracy': None, 'entropy': np.float64(1.9584695100784302), 'wall_s': 92.9}
{'iter': 39, 'env_steps': 1278576, 'episode_return_mean': np.float64(354.1316470767262), 'aux_ce': None, 'aux_accuracy': None, 'entropy': np.float64(1.9451231956481934), 'wall_s': 95.2}
{'iter': 40, 'env_steps': 1311360, 'episode_return_mean': np.float64(359.67494738329594), 'aux_ce': None, 'aux_accuracy': None, 'entropy': np.float64(1.9285322427749634), 'wall_s': 97.5}
{'iter': 41, 'env_steps': 1344144, 'episode_return_mean': nan, 'aux_ce': None, 'aux_accuracy': None, 'entropy': np.float64(1.921384572982788), 'wall_s': 99.8}
{'iter': 42, 'env_steps': 1376928, 'episode_return_mean': np.float64(358.87140735067567), 'aux_ce': None, 'aux_accuracy': None, 'entropy': np.float64(1.9092867374420166), 'wall_s': 102.0}
{'iter': 43, 'env_steps': 1409712, 'episode_return_mean': np.float64(360.1032022908578), 'aux_ce': None, 'aux_accuracy': None, 'entropy': np.float64(1.8993473052978516), 'wall_s': 104.1}
{'iter': 44, 'env_steps': 1442496, 'episode_return_mean': nan, 'aux_ce': None, 'aux_accuracy': None, 'entropy': np.float64(1.8885283470153809), 'wall_s': 106.4}
{'iter': 45, 'env_steps': 1475280, 'episode_return_mean': np.float64(362.83395155460784), 'aux_ce': None, 'aux_accuracy': None, 'entropy': np.float64(1.8769605159759521), 'wall_s': 109.0}
{'iter': 46, 'env_steps': 1508064, 'episode_return_mean': np.float64(362.20524856462237), 'aux_ce': None, 'aux_accuracy': None, 'entropy': np.float64(1.8662585020065308), 'wall_s': 111.6}
{'iter': 47, 'env_steps': 1540848, 'episode_return_mean': nan, 'aux_ce': None, 'aux_accuracy': None, 'entropy': np.float64(1.8562028408050537), 'wall_s': 113.9}
{'iter': 48, 'env_steps': 1573632, 'episode_return_mean': np.float64(363.7284606674415), 'aux_ce': None, 'aux_accuracy': None, 'entropy': np.float64(1.8481682538986206), 'wall_s': 116.0}
{'iter': 49, 'env_steps': 1606416, 'episode_return_mean': np.float64(365.3094008539225), 'aux_ce': None, 'aux_accuracy': None, 'entropy': np.float64(1.841199517250061), 'wall_s': 118.2}
{'iter': 50, 'env_steps': 1639200, 'episode_return_mean': nan, 'aux_ce': None, 'aux_accuracy': None, 'entropy': np.float64(1.8247253894805908), 'wall_s': 120.2}
{'iter': 51, 'env_steps': 1671984, 'episode_return_mean': np.float64(369.9914393649046), 'aux_ce': None, 'aux_accuracy': None, 'entropy': np.float64(1.8185570240020752), 'wall_s': 122.8}
{'iter': 52, 'env_steps': 1704768, 'episode_return_mean': np.float64(370.05606250289463), 'aux_ce': None, 'aux_accuracy': None, 'entropy': np.float64(1.8108190298080444), 'wall_s': 125.3}
{'iter': 53, 'env_steps': 1737552, 'episode_return_mean': nan, 'aux_ce': None, 'aux_accuracy': None, 'entropy': np.float64(1.8007174730300903), 'wall_s': 127.9}
{'iter': 54, 'env_steps': 1770336, 'episode_return_mean': np.float64(368.8951832597063), 'aux_ce': None, 'aux_accuracy': None, 'entropy': np.float64(1.7913603782653809), 'wall_s': 130.1}
{'iter': 55, 'env_steps': 1803120, 'episode_return_mean': np.float64(369.7067117359135), 'aux_ce': None, 'aux_accuracy': None, 'entropy': np.float64(1.7916748523712158), 'wall_s': 132.3}
{'iter': 56, 'env_steps': 1835904, 'episode_return_mean': nan, 'aux_ce': None, 'aux_accuracy': None, 'entropy': np.float64(1.7880885601043701), 'wall_s': 134.0}
{'iter': 57, 'env_steps': 1868688, 'episode_return_mean': np.float64(365.62074078749464), 'aux_ce': None, 'aux_accuracy': None, 'entropy': np.float64(1.7870457172393799), 'wall_s': 136.3}
{'iter': 58, 'env_steps': 1901472, 'episode_return_mean': np.float64(366.8988217837641), 'aux_ce': None, 'aux_accuracy': None, 'entropy': np.float64(1.7812892198562622), 'wall_s': 138.8}
{'iter': 59, 'env_steps': 1934256, 'episode_return_mean': nan, 'aux_ce': None, 'aux_accuracy': None, 'entropy': np.float64(1.774224042892456), 'wall_s': 141.2}
{'iter': 60, 'env_steps': 1967040, 'episode_return_mean': np.float64(369.65203144014913), 'aux_ce': None, 'aux_accuracy': None, 'entropy': np.float64(1.7804549932479858), 'wall_s': 143.7}
{'iter': 61, 'env_steps': 1999824, 'episode_return_mean': np.float64(371.2454571751479), 'aux_ce': None, 'aux_accuracy': None, 'entropy': np.float64(1.7719393968582153), 'wall_s': 146.2}
{'iter': 62, 'env_steps': 2032608, 'episode_return_mean': nan, 'aux_ce': None, 'aux_accuracy': None, 'entropy': np.float64(1.7684714794158936), 'wall_s': 148.5}
{'iter': 63, 'env_steps': 2065392, 'episode_return_mean': np.float64(371.52939426434375), 'aux_ce': None, 'aux_accuracy': None, 'entropy': np.float64(1.7601659297943115), 'wall_s': 151.0}
{'iter': 64, 'env_steps': 2098176, 'episode_return_mean': np.float64(370.57943669545557), 'aux_ce': None, 'aux_accuracy': None, 'entropy': np.float64(1.7553071975708008), 'wall_s': 153.1}
{'iter': 65, 'env_steps': 2130960, 'episode_return_mean': nan, 'aux_ce': None, 'aux_accuracy': None, 'entropy': np.float64(1.7409136295318604), 'wall_s': 155.3}
{'iter': 66, 'env_steps': 2163744, 'episode_return_mean': np.float64(378.33117309264924), 'aux_ce': None, 'aux_accuracy': None, 'entropy': np.float64(1.7330591678619385), 'wall_s': 157.7}
{'iter': 67, 'env_steps': 2196528, 'episode_return_mean': np.float64(378.81358498437476), 'aux_ce': None, 'aux_accuracy': None, 'entropy': np.float64(1.735129714012146), 'wall_s': 159.9}
{'iter': 68, 'env_steps': 2229312, 'episode_return_mean': nan, 'aux_ce': None, 'aux_accuracy': None, 'entropy': np.float64(1.729198932647705), 'wall_s': 162.5}
{'iter': 69, 'env_steps': 2262096, 'episode_return_mean': np.float64(377.5981421010059), 'aux_ce': None, 'aux_accuracy': None, 'entropy': np.float64(1.7217936515808105), 'wall_s': 164.8}
{'iter': 70, 'env_steps': 2294880, 'episode_return_mean': np.float64(377.1399321147779), 'aux_ce': None, 'aux_accuracy': None, 'entropy': np.float64(1.7158141136169434), 'wall_s': 166.7}
{'iter': 71, 'env_steps': 2327664, 'episode_return_mean': nan, 'aux_ce': None, 'aux_accuracy': None, 'entropy': np.float64(1.7151156663894653), 'wall_s': 168.6}
{'iter': 72, 'env_steps': 2360448, 'episode_return_mean': np.float64(376.87929652157163), 'aux_ce': None, 'aux_accuracy': None, 'entropy': np.float64(1.7087552547454834), 'wall_s': 170.5}
{'iter': 73, 'env_steps': 2393232, 'episode_return_mean': np.float64(380.540181663914), 'aux_ce': None, 'aux_accuracy': None, 'entropy': np.float64(1.6967474222183228), 'wall_s': 173.1}
{'iter': 74, 'env_steps': 2426016, 'episode_return_mean': nan, 'aux_ce': None, 'aux_accuracy': None, 'entropy': np.float64(1.6918617486953735), 'wall_s': 175.7}
{'iter': 75, 'env_steps': 2458800, 'episode_return_mean': np.float64(381.6596103473589), 'aux_ce': None, 'aux_accuracy': None, 'entropy': np.float64(1.6851706504821777), 'wall_s': 177.9}
{'iter': 76, 'env_steps': 2491584, 'episode_return_mean': np.float64(381.9016136419473), 'aux_ce': None, 'aux_accuracy': None, 'entropy': np.float64(1.6806432008743286), 'wall_s': 180.2}
{'iter': 77, 'env_steps': 2524368, 'episode_return_mean': nan, 'aux_ce': None, 'aux_accuracy': None, 'entropy': np.float64(1.6798213720321655), 'wall_s': 182.4}
{'iter': 78, 'env_steps': 2557152, 'episode_return_mean': np.float64(378.59382241724813), 'aux_ce': None, 'aux_accuracy': None, 'entropy': np.float64(1.6768925189971924), 'wall_s': 184.6}
{'iter': 79, 'env_steps': 2589936, 'episode_return_mean': np.float64(379.6460788599979), 'aux_ce': None, 'aux_accuracy': None, 'entropy': np.float64(1.6707717180252075), 'wall_s': 186.9}
{'iter': 80, 'env_steps': 2622720, 'episode_return_mean': nan, 'aux_ce': None, 'aux_accuracy': None, 'entropy': np.float64(1.6618863344192505), 'wall_s': 188.8}
{'iter': 81, 'env_steps': 2655504, 'episode_return_mean': np.float64(379.70338646481406), 'aux_ce': None, 'aux_accuracy': None, 'entropy': np.float64(1.6603033542633057), 'wall_s': 191.3}
{'iter': 82, 'env_steps': 2688288, 'episode_return_mean': np.float64(381.13535761243986), 'aux_ce': None, 'aux_accuracy': None, 'entropy': np.float64(1.6513384580612183), 'wall_s': 193.7}
{'iter': 83, 'env_steps': 2721072, 'episode_return_mean': nan, 'aux_ce': None, 'aux_accuracy': None, 'entropy': np.float64(1.6396455764770508), 'wall_s': 196.3}
{'iter': 84, 'env_steps': 2753856, 'episode_return_mean': np.float64(383.16214582661934), 'aux_ce': None, 'aux_accuracy': None, 'entropy': np.float64(1.6340999603271484), 'wall_s': 198.7}
{'iter': 85, 'env_steps': 2786640, 'episode_return_mean': np.float64(383.9825100611697), 'aux_ce': None, 'aux_accuracy': None, 'entropy': np.float64(1.6240524053573608), 'wall_s': 200.7}
{'iter': 86, 'env_steps': 2819424, 'episode_return_mean': nan, 'aux_ce': None, 'aux_accuracy': None, 'entropy': np.float64(1.6178972721099854), 'wall_s': 203.1}
{'iter': 87, 'env_steps': 2852208, 'episode_return_mean': np.float64(383.5118533256771), 'aux_ce': None, 'aux_accuracy': None, 'entropy': np.float64(1.6109039783477783), 'wall_s': 205.4}
{'iter': 88, 'env_steps': 2884992, 'episode_return_mean': np.float64(382.3526919426771), 'aux_ce': None, 'aux_accuracy': None, 'entropy': np.float64(1.6033213138580322), 'wall_s': 208.0}
{'iter': 89, 'env_steps': 2917776, 'episode_return_mean': nan, 'aux_ce': None, 'aux_accuracy': None, 'entropy': np.float64(1.5930368900299072), 'wall_s': 210.3}
{'iter': 90, 'env_steps': 2950560, 'episode_return_mean': np.float64(382.9760304558706), 'aux_ce': None, 'aux_accuracy': None, 'entropy': np.float64(1.5864111185073853), 'wall_s': 212.9}
{'iter': 91, 'env_steps': 2983344, 'episode_return_mean': np.float64(385.00224546087134), 'aux_ce': None, 'aux_accuracy': None, 'entropy': np.float64(1.5859140157699585), 'wall_s': 215.1}
{'iter': 92, 'env_steps': 3016128, 'episode_return_mean': nan, 'aux_ce': None, 'aux_accuracy': None, 'entropy': np.float64(1.5753344297409058), 'wall_s': 217.3}
{'iter': 93, 'env_steps': 3048912, 'episode_return_mean': np.float64(385.5786743468666), 'aux_ce': None, 'aux_accuracy': None, 'entropy': np.float64(1.5722692012786865), 'wall_s': 219.4}
{'iter': 94, 'env_steps': 3081696, 'episode_return_mean': np.float64(385.2410566340475), 'aux_ce': None, 'aux_accuracy': None, 'entropy': np.float64(1.5646946430206299), 'wall_s': 221.5}
{'iter': 95, 'env_steps': 3114480, 'episode_return_mean': nan, 'aux_ce': None, 'aux_accuracy': None, 'entropy': np.float64(1.5582876205444336), 'wall_s': 223.5}
{'iter': 96, 'env_steps': 3147264, 'episode_return_mean': np.float64(386.8191666004999), 'aux_ce': None, 'aux_accuracy': None, 'entropy': np.float64(1.5568715333938599), 'wall_s': 225.6}
{'iter': 97, 'env_steps': 3180048, 'episode_return_mean': np.float64(388.454413911173), 'aux_ce': None, 'aux_accuracy': None, 'entropy': np.float64(1.5438318252563477), 'wall_s': 227.9}
{'iter': 98, 'env_steps': 3212832, 'episode_return_mean': nan, 'aux_ce': None, 'aux_accuracy': None, 'entropy': np.float64(1.5351918935775757), 'wall_s': 230.3}
{'iter': 99, 'env_steps': 3245616, 'episode_return_mean': np.float64(385.8828069965954), 'aux_ce': None, 'aux_accuracy': None, 'entropy': np.float64(1.529968500137329), 'wall_s': 232.5}
{'iter': 100, 'env_steps': 3278400, 'episode_return_mean': np.float64(385.56751077823344), 'aux_ce': None, 'aux_accuracy': None, 'entropy': np.float64(1.5252013206481934), 'wall_s': 234.9}
{'iter': 101, 'env_steps': 3311184, 'episode_return_mean': nan, 'aux_ce': None, 'aux_accuracy': None, 'entropy': np.float64(1.5143808126449585), 'wall_s': 237.4}
{'iter': 102, 'env_steps': 3343968, 'episode_return_mean': np.float64(389.7511229239972), 'aux_ce': None, 'aux_accuracy': None, 'entropy': np.float64(1.5104848146438599), 'wall_s': 240.1}
{'iter': 103, 'env_steps': 3376752, 'episode_return_mean': np.float64(392.0176465289427), 'aux_ce': None, 'aux_accuracy': None, 'entropy': np.float64(1.502150297164917), 'wall_s': 242.4}
{'iter': 104, 'env_steps': 3409536, 'episode_return_mean': nan, 'aux_ce': None, 'aux_accuracy': None, 'entropy': np.float64(1.4925862550735474), 'wall_s': 245.1}
{'iter': 105, 'env_steps': 3442320, 'episode_return_mean': np.float64(382.4165458547333), 'aux_ce': None, 'aux_accuracy': None, 'entropy': np.float64(1.4853895902633667), 'wall_s': 247.2}
{'iter': 106, 'env_steps': 3475104, 'episode_return_mean': np.float64(383.547706048059), 'aux_ce': None, 'aux_accuracy': None, 'entropy': np.float64(1.4789808988571167), 'wall_s': 249.7}
{'iter': 107, 'env_steps': 3507888, 'episode_return_mean': nan, 'aux_ce': None, 'aux_accuracy': None, 'entropy': np.float64(1.4697163105010986), 'wall_s': 252.1}
{'iter': 108, 'env_steps': 3540672, 'episode_return_mean': np.float64(384.0465942828206), 'aux_ce': None, 'aux_accuracy': None, 'entropy': np.float64(1.464505910873413), 'wall_s': 254.4}
{'iter': 109, 'env_steps': 3573456, 'episode_return_mean': np.float64(384.7770376526047), 'aux_ce': None, 'aux_accuracy': None, 'entropy': np.float64(1.4602940082550049), 'wall_s': 256.8}
{'iter': 110, 'env_steps': 3606240, 'episode_return_mean': nan, 'aux_ce': None, 'aux_accuracy': None, 'entropy': np.float64(1.4657189846038818), 'wall_s': 259.3}
{'iter': 111, 'env_steps': 3639024, 'episode_return_mean': np.float64(387.5663385731984), 'aux_ce': None, 'aux_accuracy': None, 'entropy': np.float64(1.4563230276107788), 'wall_s': 261.1}
{'iter': 112, 'env_steps': 3671808, 'episode_return_mean': np.float64(388.1357368319415), 'aux_ce': None, 'aux_accuracy': None, 'entropy': np.float64(1.4536221027374268), 'wall_s': 263.4}
{'iter': 113, 'env_steps': 3704592, 'episode_return_mean': nan, 'aux_ce': None, 'aux_accuracy': None, 'entropy': np.float64(1.451136589050293), 'wall_s': 265.7}
{'iter': 114, 'env_steps': 3737376, 'episode_return_mean': np.float64(386.6849756037757), 'aux_ce': None, 'aux_accuracy': None, 'entropy': np.float64(1.450726866722107), 'wall_s': 268.4}
{'iter': 115, 'env_steps': 3770160, 'episode_return_mean': np.float64(386.34756590928987), 'aux_ce': None, 'aux_accuracy': None, 'entropy': np.float64(1.4423574209213257), 'wall_s': 271.1}
{'iter': 116, 'env_steps': 3802944, 'episode_return_mean': nan, 'aux_ce': None, 'aux_accuracy': None, 'entropy': np.float64(1.4390236139297485), 'wall_s': 273.8}
{'iter': 117, 'env_steps': 3835728, 'episode_return_mean': np.float64(389.2551621229843), 'aux_ce': None, 'aux_accuracy': None, 'entropy': np.float64(1.4340097904205322), 'wall_s': 276.1}
{'iter': 118, 'env_steps': 3868512, 'episode_return_mean': np.float64(388.5488769505365), 'aux_ce': None, 'aux_accuracy': None, 'entropy': np.float64(1.4360401630401611), 'wall_s': 278.4}
{'iter': 119, 'env_steps': 3901296, 'episode_return_mean': nan, 'aux_ce': None, 'aux_accuracy': None, 'entropy': np.float64(1.4271320104599), 'wall_s': 280.7}
{'iter': 120, 'env_steps': 3934080, 'episode_return_mean': np.float64(388.34629995625085), 'aux_ce': None, 'aux_accuracy': None, 'entropy': np.float64(1.4330480098724365), 'wall_s': 282.9}
{'iter': 121, 'env_steps': 3966864, 'episode_return_mean': np.float64(387.0450914351537), 'aux_ce': None, 'aux_accuracy': None, 'entropy': np.float64(1.4331685304641724), 'wall_s': 285.2}
{'iter': 122, 'env_steps': 3999648, 'episode_return_mean': nan, 'aux_ce': None, 'aux_accuracy': None, 'entropy': np.float64(1.4283931255340576), 'wall_s': 287.5}
{'iter': 123, 'env_steps': 4032432, 'episode_return_mean': np.float64(382.3969098845729), 'aux_ce': None, 'aux_accuracy': None, 'entropy': np.float64(1.427643060684204), 'wall_s': 289.9}
{'iter': 124, 'env_steps': 4065216, 'episode_return_mean': np.float64(382.7884959985553), 'aux_ce': None, 'aux_accuracy': None, 'entropy': np.float64(1.4219467639923096), 'wall_s': 292.2}
{'iter': 125, 'env_steps': 4098000, 'episode_return_mean': nan, 'aux_ce': None, 'aux_accuracy': None, 'entropy': np.float64(1.4178764820098877), 'wall_s': 294.5}
{'iter': 126, 'env_steps': 4130784, 'episode_return_mean': np.float64(385.5689223774969), 'aux_ce': None, 'aux_accuracy': None, 'entropy': np.float64(1.4115447998046875), 'wall_s': 296.5}
{'iter': 127, 'env_steps': 4163568, 'episode_return_mean': np.float64(384.21650973332044), 'aux_ce': None, 'aux_accuracy': None, 'entropy': np.float64(1.409127950668335), 'wall_s': 298.8}
{'iter': 128, 'env_steps': 4196352, 'episode_return_mean': nan, 'aux_ce': None, 'aux_accuracy': None, 'entropy': np.float64(1.4038530588150024), 'wall_s': 301.3}
{'iter': 129, 'env_steps': 4229136, 'episode_return_mean': np.float64(392.6139520298247), 'aux_ce': None, 'aux_accuracy': None, 'entropy': np.float64(1.3966190814971924), 'wall_s': 303.6}
{'iter': 130, 'env_steps': 4261920, 'episode_return_mean': np.float64(392.73858882021926), 'aux_ce': None, 'aux_accuracy': None, 'entropy': np.float64(1.396419644355774), 'wall_s': 306.2}
{'iter': 131, 'env_steps': 4294704, 'episode_return_mean': nan, 'aux_ce': None, 'aux_accuracy': None, 'entropy': np.float64(1.3897922039031982), 'wall_s': 308.8}
{'iter': 132, 'env_steps': 4327488, 'episode_return_mean': np.float64(386.27647729924524), 'aux_ce': None, 'aux_accuracy': None, 'entropy': np.float64(1.3892462253570557), 'wall_s': 311.1}
{'iter': 133, 'env_steps': 4360272, 'episode_return_mean': np.float64(383.7407864399465), 'aux_ce': None, 'aux_accuracy': None, 'entropy': np.float64(1.3944841623306274), 'wall_s': 313.5}
{'iter': 134, 'env_steps': 4393056, 'episode_return_mean': nan, 'aux_ce': None, 'aux_accuracy': None, 'entropy': np.float64(1.4003746509552002), 'wall_s': 315.7}
{'iter': 135, 'env_steps': 4425840, 'episode_return_mean': np.float64(387.08862821260493), 'aux_ce': None, 'aux_accuracy': None, 'entropy': np.float64(1.3960497379302979), 'wall_s': 317.8}
{'iter': 136, 'env_steps': 4458624, 'episode_return_mean': np.float64(386.6306304209693), 'aux_ce': None, 'aux_accuracy': None, 'entropy': np.float64(1.3883863687515259), 'wall_s': 320.0}
{'iter': 137, 'env_steps': 4491408, 'episode_return_mean': nan, 'aux_ce': None, 'aux_accuracy': None, 'entropy': np.float64(1.3839137554168701), 'wall_s': 322.3}
{'iter': 138, 'env_steps': 4524192, 'episode_return_mean': np.float64(384.7242994041039), 'aux_ce': None, 'aux_accuracy': None, 'entropy': np.float64(1.378960371017456), 'wall_s': 324.4}
{'iter': 139, 'env_steps': 4556976, 'episode_return_mean': np.float64(385.254320517379), 'aux_ce': None, 'aux_accuracy': None, 'entropy': np.float64(1.3779646158218384), 'wall_s': 326.5}
{'iter': 140, 'env_steps': 4589760, 'episode_return_mean': nan, 'aux_ce': None, 'aux_accuracy': None, 'entropy': np.float64(1.3760497570037842), 'wall_s': 328.5}
{'iter': 141, 'env_steps': 4622544, 'episode_return_mean': np.float64(381.30564413626325), 'aux_ce': None, 'aux_accuracy': None, 'entropy': np.float64(1.3750311136245728), 'wall_s': 330.9}
{'iter': 142, 'env_steps': 4655328, 'episode_return_mean': np.float64(383.1950408118679), 'aux_ce': None, 'aux_accuracy': None, 'entropy': np.float64(1.363856554031372), 'wall_s': 333.2}
{'iter': 143, 'env_steps': 4688112, 'episode_return_mean': nan, 'aux_ce': None, 'aux_accuracy': None, 'entropy': np.float64(1.3598278760910034), 'wall_s': 335.4}
{'iter': 144, 'env_steps': 4720896, 'episode_return_mean': np.float64(383.92612714576074), 'aux_ce': None, 'aux_accuracy': None, 'entropy': np.float64(1.3533399105072021), 'wall_s': 337.8}
{'iter': 145, 'env_steps': 4753680, 'episode_return_mean': np.float64(385.67676132920906), 'aux_ce': None, 'aux_accuracy': None, 'entropy': np.float64(1.3587446212768555), 'wall_s': 340.2}
{'iter': 146, 'env_steps': 4786464, 'episode_return_mean': nan, 'aux_ce': None, 'aux_accuracy': None, 'entropy': np.float64(1.3520607948303223), 'wall_s': 342.7}
{'iter': 147, 'env_steps': 4819248, 'episode_return_mean': np.float64(388.0645226030681), 'aux_ce': None, 'aux_accuracy': None, 'entropy': np.float64(1.3447864055633545), 'wall_s': 345.2}
{'iter': 148, 'env_steps': 4852032, 'episode_return_mean': np.float64(386.83352659108004), 'aux_ce': None, 'aux_accuracy': None, 'entropy': np.float64(1.3423964977264404), 'wall_s': 347.4}
{'iter': 149, 'env_steps': 4884816, 'episode_return_mean': nan, 'aux_ce': None, 'aux_accuracy': None, 'entropy': np.float64(1.3366369009017944), 'wall_s': 349.6}
{'iter': 150, 'env_steps': 4917600, 'episode_return_mean': np.float64(389.84756569020067), 'aux_ce': None, 'aux_accuracy': None, 'entropy': np.float64(1.3283525705337524), 'wall_s': 352.1}
{'iter': 151, 'env_steps': 4950384, 'episode_return_mean': np.float64(390.087214875398), 'aux_ce': None, 'aux_accuracy': None, 'entropy': np.float64(1.3209521770477295), 'wall_s': 354.3}
{'iter': 152, 'env_steps': 4983168, 'episode_return_mean': nan, 'aux_ce': None, 'aux_accuracy': None, 'entropy': np.float64(1.3124788999557495), 'wall_s': 356.4}
{'iter': 153, 'env_steps': 5015952, 'episode_return_mean': np.float64(390.00271603935903), 'aux_ce': None, 'aux_accuracy': None, 'entropy': np.float64(1.3011901378631592), 'wall_s': 358.4}
done -> /Users/alex/Software/XOR/RLlib Harnes Beta/results/phase3/a_beliefobs/seed1
[36m(SingleAgentEnvRunner pid=37765)[0m DeprecationWarning: `RLModule(config=[RLModuleConfig object])` has been deprecated. Use `RLModule(observation_space=.., action_space=.., inference_only=.., model_config=.., catalog_class=..)` instead. This will raise an error in the future![32m [repeated 3x across cluster] (Ray deduplicates logs by default. Set RAY_DEDUP_LOGS=0 to disable log deduplication, or see https://docs.ray.io/en/master/ray-observability/user-guides/configure-logging.html#log-deduplication for more options.)[0m
