2026-07-06 16:02:36,458	WARNING algorithm_config.py:2530 -- DeprecationWarning: `config.training(learner_config_dict=..)` has been deprecated. Use `config.learners(learner_config_dict=..)` instead. This will raise an error in the future!
2026-07-06 16:02:36,459	WARNING algorithm_config.py:5177 -- You are running PPO on the new API stack! This is the new default behavior for this algorithm. If you don't want to use the new API stack, set `config.api_stack(enable_rl_module_and_learner=False,enable_env_runner_and_connector_v2=False)`. For a detailed migration guide, see here: https://docs.ray.io/en/master/rllib/new-api-stack-migration-guide.html
2026-07-06 16:02:39,332	INFO worker.py:2024 -- Started a local Ray instance.
[2026-07-06 16:02:40,266 E 52306 8601987] core_worker.cc:2149: Actor with class name: 'SingleAgentEnvRunner' and ID: '823ff7cdc46e7dcd54dd28ac01000000' has constructor arguments in the object store and max_restarts > 0. If the arguments in the object store go out of scope or are lost, the actor restart will fail. See https://github.com/ray-project/ray/issues/53727 for more details.
2026-07-06 16:02:42,761	WARNING rl_module.py:463 -- DeprecationWarning: `RLModule(config=[RLModuleConfig object])` has been deprecated. Use `RLModule(observation_space=.., action_space=.., inference_only=.., model_config=.., catalog_class=..)` instead. This will raise an error in the future!
[36m(SingleAgentEnvRunner pid=52342)[0m DeprecationWarning: `RLModule(config=[RLModuleConfig object])` has been deprecated. Use `RLModule(observation_space=.., action_space=.., inference_only=.., model_config=.., catalog_class=..)` instead. This will raise an error in the future!
2026-07-06 16:02:42,845	WARNING util.py:62 -- Install gputil for GPU system monitoring.
{'iter': 1, 'env_steps': 32784, 'episode_return_mean': None, 'aux_ce': None, 'aux_accuracy': None, 'entropy': np.float64(2.827049732208252), 'wall_s': 42.4}
{'iter': 2, 'env_steps': 65568, 'episode_return_mean': None, 'aux_ce': None, 'aux_accuracy': None, 'entropy': np.float64(2.815581798553467), 'wall_s': 84.9}
{'iter': 3, 'env_steps': 98352, 'episode_return_mean': np.float64(32.542905299382596), 'aux_ce': None, 'aux_accuracy': None, 'entropy': np.float64(2.793858528137207), 'wall_s': 125.9}
{'iter': 4, 'env_steps': 131136, 'episode_return_mean': np.float64(30.902763633863273), 'aux_ce': None, 'aux_accuracy': None, 'entropy': np.float64(2.7774085998535156), 'wall_s': 170.0}
{'iter': 5, 'env_steps': 163920, 'episode_return_mean': nan, 'aux_ce': None, 'aux_accuracy': None, 'entropy': np.float64(2.7521049976348877), 'wall_s': 216.6}
{'iter': 6, 'env_steps': 196704, 'episode_return_mean': np.float64(61.883538902720346), 'aux_ce': None, 'aux_accuracy': None, 'entropy': np.float64(2.7320940494537354), 'wall_s': 260.3}
{'iter': 7, 'env_steps': 229488, 'episode_return_mean': np.float64(59.86286345351864), 'aux_ce': None, 'aux_accuracy': None, 'entropy': np.float64(2.7126450538635254), 'wall_s': 304.2}
{'iter': 8, 'env_steps': 262272, 'episode_return_mean': nan, 'aux_ce': None, 'aux_accuracy': None, 'entropy': np.float64(2.6961710453033447), 'wall_s': 351.2}
{'iter': 9, 'env_steps': 295056, 'episode_return_mean': np.float64(93.53180482068137), 'aux_ce': None, 'aux_accuracy': None, 'entropy': np.float64(2.678557872772217), 'wall_s': 397.3}
{'iter': 10, 'env_steps': 327840, 'episode_return_mean': np.float64(94.85152785921619), 'aux_ce': None, 'aux_accuracy': None, 'entropy': np.float64(2.6563379764556885), 'wall_s': 443.0}
{'iter': 11, 'env_steps': 360624, 'episode_return_mean': nan, 'aux_ce': None, 'aux_accuracy': None, 'entropy': np.float64(2.6392059326171875), 'wall_s': 496.1}
{'iter': 12, 'env_steps': 393408, 'episode_return_mean': np.float64(120.9497515523283), 'aux_ce': None, 'aux_accuracy': None, 'entropy': np.float64(2.620166301727295), 'wall_s': 541.7}
{'iter': 13, 'env_steps': 426192, 'episode_return_mean': np.float64(122.09321238419304), 'aux_ce': None, 'aux_accuracy': None, 'entropy': np.float64(2.5922977924346924), 'wall_s': 587.4}
{'iter': 14, 'env_steps': 458976, 'episode_return_mean': nan, 'aux_ce': None, 'aux_accuracy': None, 'entropy': np.float64(2.5720369815826416), 'wall_s': 644.0}
{'iter': 15, 'env_steps': 491760, 'episode_return_mean': np.float64(156.90994474264795), 'aux_ce': None, 'aux_accuracy': None, 'entropy': np.float64(2.547778606414795), 'wall_s': 692.8}
{'iter': 16, 'env_steps': 524544, 'episode_return_mean': np.float64(156.08523850573354), 'aux_ce': None, 'aux_accuracy': None, 'entropy': np.float64(2.5261597633361816), 'wall_s': 739.7}
{'iter': 17, 'env_steps': 557328, 'episode_return_mean': nan, 'aux_ce': None, 'aux_accuracy': None, 'entropy': np.float64(2.4989075660705566), 'wall_s': 789.7}
{'iter': 18, 'env_steps': 590112, 'episode_return_mean': np.float64(186.2353307848569), 'aux_ce': None, 'aux_accuracy': None, 'entropy': np.float64(2.4760921001434326), 'wall_s': 832.7}
{'iter': 19, 'env_steps': 622896, 'episode_return_mean': np.float64(187.4434122359089), 'aux_ce': None, 'aux_accuracy': None, 'entropy': np.float64(2.4455959796905518), 'wall_s': 874.6}
{'iter': 20, 'env_steps': 655680, 'episode_return_mean': nan, 'aux_ce': None, 'aux_accuracy': None, 'entropy': np.float64(2.4181647300720215), 'wall_s': 923.0}
{'iter': 21, 'env_steps': 688464, 'episode_return_mean': np.float64(214.44439921232066), 'aux_ce': None, 'aux_accuracy': None, 'entropy': np.float64(2.3912339210510254), 'wall_s': 965.1}
{'iter': 22, 'env_steps': 721248, 'episode_return_mean': np.float64(217.15901971707459), 'aux_ce': None, 'aux_accuracy': None, 'entropy': np.float64(2.3651435375213623), 'wall_s': 1007.0}
{'iter': 23, 'env_steps': 754032, 'episode_return_mean': nan, 'aux_ce': None, 'aux_accuracy': None, 'entropy': np.float64(2.3388311862945557), 'wall_s': 1058.2}
{'iter': 24, 'env_steps': 786816, 'episode_return_mean': np.float64(247.89478667905743), 'aux_ce': None, 'aux_accuracy': None, 'entropy': np.float64(2.3144354820251465), 'wall_s': 1105.6}
{'iter': 25, 'env_steps': 819600, 'episode_return_mean': np.float64(247.18789677315146), 'aux_ce': None, 'aux_accuracy': None, 'entropy': np.float64(2.2864162921905518), 'wall_s': 1152.8}
{'iter': 26, 'env_steps': 852384, 'episode_return_mean': nan, 'aux_ce': None, 'aux_accuracy': None, 'entropy': np.float64(2.2609949111938477), 'wall_s': 1202.0}
{'iter': 27, 'env_steps': 885168, 'episode_return_mean': np.float64(271.46467081225114), 'aux_ce': None, 'aux_accuracy': None, 'entropy': np.float64(2.234835386276245), 'wall_s': 1249.1}
{'iter': 28, 'env_steps': 917952, 'episode_return_mean': np.float64(268.56713862526135), 'aux_ce': None, 'aux_accuracy': None, 'entropy': np.float64(2.2157952785491943), 'wall_s': 1296.1}
{'iter': 29, 'env_steps': 950736, 'episode_return_mean': nan, 'aux_ce': None, 'aux_accuracy': None, 'entropy': np.float64(2.1926331520080566), 'wall_s': 1346.0}
{'iter': 30, 'env_steps': 983520, 'episode_return_mean': np.float64(283.066955736624), 'aux_ce': None, 'aux_accuracy': None, 'entropy': np.float64(2.1649279594421387), 'wall_s': 1400.1}
{'iter': 31, 'env_steps': 1016304, 'episode_return_mean': np.float64(283.4771035201715), 'aux_ce': None, 'aux_accuracy': None, 'entropy': np.float64(2.141357898712158), 'wall_s': 1449.0}
{'iter': 32, 'env_steps': 1049088, 'episode_return_mean': nan, 'aux_ce': None, 'aux_accuracy': None, 'entropy': np.float64(2.120762825012207), 'wall_s': 1498.4}
{'iter': 33, 'env_steps': 1081872, 'episode_return_mean': np.float64(294.59346435534445), 'aux_ce': None, 'aux_accuracy': None, 'entropy': np.float64(2.0976297855377197), 'wall_s': 1547.6}
{'iter': 34, 'env_steps': 1114656, 'episode_return_mean': np.float64(295.71717688070055), 'aux_ce': None, 'aux_accuracy': None, 'entropy': np.float64(2.0718162059783936), 'wall_s': 1591.8}
{'iter': 35, 'env_steps': 1147440, 'episode_return_mean': nan, 'aux_ce': None, 'aux_accuracy': None, 'entropy': np.float64(2.049070119857788), 'wall_s': 1639.5}
{'iter': 36, 'env_steps': 1180224, 'episode_return_mean': np.float64(301.9423065624773), 'aux_ce': None, 'aux_accuracy': None, 'entropy': np.float64(2.0303893089294434), 'wall_s': 1684.6}
{'iter': 37, 'env_steps': 1213008, 'episode_return_mean': np.float64(302.2177341511874), 'aux_ce': None, 'aux_accuracy': None, 'entropy': np.float64(2.0113563537597656), 'wall_s': 1734.7}
{'iter': 38, 'env_steps': 1245792, 'episode_return_mean': nan, 'aux_ce': None, 'aux_accuracy': None, 'entropy': np.float64(1.9907605648040771), 'wall_s': 1781.8}
{'iter': 39, 'env_steps': 1278576, 'episode_return_mean': np.float64(317.7980736554147), 'aux_ce': None, 'aux_accuracy': None, 'entropy': np.float64(1.9731403589248657), 'wall_s': 1825.1}
{'iter': 40, 'env_steps': 1311360, 'episode_return_mean': np.float64(315.7216489303926), 'aux_ce': None, 'aux_accuracy': None, 'entropy': np.float64(1.9539051055908203), 'wall_s': 1876.0}
{'iter': 41, 'env_steps': 1344144, 'episode_return_mean': nan, 'aux_ce': None, 'aux_accuracy': None, 'entropy': np.float64(1.930920124053955), 'wall_s': 1926.1}
{'iter': 42, 'env_steps': 1376928, 'episode_return_mean': np.float64(319.5084232125705), 'aux_ce': None, 'aux_accuracy': None, 'entropy': np.float64(1.9155014753341675), 'wall_s': 1972.5}
{'iter': 43, 'env_steps': 1409712, 'episode_return_mean': np.float64(320.1621415696259), 'aux_ce': None, 'aux_accuracy': None, 'entropy': np.float64(1.8971326351165771), 'wall_s': 2023.6}
{'iter': 44, 'env_steps': 1442496, 'episode_return_mean': nan, 'aux_ce': None, 'aux_accuracy': None, 'entropy': np.float64(1.8827823400497437), 'wall_s': 2073.3}
{'iter': 45, 'env_steps': 1475280, 'episode_return_mean': np.float64(320.0659430325193), 'aux_ce': None, 'aux_accuracy': None, 'entropy': np.float64(1.8652904033660889), 'wall_s': 2117.0}
{'iter': 46, 'env_steps': 1508064, 'episode_return_mean': np.float64(319.3277444329144), 'aux_ce': None, 'aux_accuracy': None, 'entropy': np.float64(1.8501323461532593), 'wall_s': 2164.2}
{'iter': 47, 'env_steps': 1540848, 'episode_return_mean': nan, 'aux_ce': None, 'aux_accuracy': None, 'entropy': np.float64(1.8313589096069336), 'wall_s': 2211.3}
{'iter': 48, 'env_steps': 1573632, 'episode_return_mean': np.float64(326.4781334342317), 'aux_ce': None, 'aux_accuracy': None, 'entropy': np.float64(1.816800594329834), 'wall_s': 2261.2}
{'iter': 49, 'env_steps': 1606416, 'episode_return_mean': np.float64(327.930960632423), 'aux_ce': None, 'aux_accuracy': None, 'entropy': np.float64(1.8001906871795654), 'wall_s': 2312.0}
{'iter': 50, 'env_steps': 1639200, 'episode_return_mean': nan, 'aux_ce': None, 'aux_accuracy': None, 'entropy': np.float64(1.786302089691162), 'wall_s': 2358.6}
{'iter': 51, 'env_steps': 1671984, 'episode_return_mean': np.float64(328.9752340755674), 'aux_ce': None, 'aux_accuracy': None, 'entropy': np.float64(1.7724604606628418), 'wall_s': 2403.8}
{'iter': 52, 'env_steps': 1704768, 'episode_return_mean': np.float64(330.82023279434225), 'aux_ce': None, 'aux_accuracy': None, 'entropy': np.float64(1.7602410316467285), 'wall_s': 2453.9}
{'iter': 53, 'env_steps': 1737552, 'episode_return_mean': nan, 'aux_ce': None, 'aux_accuracy': None, 'entropy': np.float64(1.7494723796844482), 'wall_s': 2501.9}
{'iter': 54, 'env_steps': 1770336, 'episode_return_mean': np.float64(335.6045503631226), 'aux_ce': None, 'aux_accuracy': None, 'entropy': np.float64(1.7351651191711426), 'wall_s': 2550.7}
{'iter': 55, 'env_steps': 1803120, 'episode_return_mean': np.float64(334.31887305514704), 'aux_ce': None, 'aux_accuracy': None, 'entropy': np.float64(1.7244230508804321), 'wall_s': 2595.6}
{'iter': 56, 'env_steps': 1835904, 'episode_return_mean': nan, 'aux_ce': None, 'aux_accuracy': None, 'entropy': np.float64(1.7156708240509033), 'wall_s': 2643.9}
{'iter': 57, 'env_steps': 1868688, 'episode_return_mean': np.float64(331.1333525172347), 'aux_ce': None, 'aux_accuracy': None, 'entropy': np.float64(1.709478735923767), 'wall_s': 2691.6}
{'iter': 58, 'env_steps': 1901472, 'episode_return_mean': np.float64(332.992498003827), 'aux_ce': None, 'aux_accuracy': None, 'entropy': np.float64(1.7025604248046875), 'wall_s': 2735.1}
{'iter': 59, 'env_steps': 1934256, 'episode_return_mean': nan, 'aux_ce': None, 'aux_accuracy': None, 'entropy': np.float64(1.6942018270492554), 'wall_s': 2783.1}
{'iter': 60, 'env_steps': 1967040, 'episode_return_mean': np.float64(334.68663554756586), 'aux_ce': None, 'aux_accuracy': None, 'entropy': np.float64(1.6824754476547241), 'wall_s': 2831.9}
{'iter': 61, 'env_steps': 1999824, 'episode_return_mean': np.float64(335.03761388377745), 'aux_ce': None, 'aux_accuracy': None, 'entropy': np.float64(1.6723886728286743), 'wall_s': 2876.8}
{'iter': 62, 'env_steps': 2032608, 'episode_return_mean': nan, 'aux_ce': None, 'aux_accuracy': None, 'entropy': np.float64(1.6715569496154785), 'wall_s': 2922.3}
{'iter': 63, 'env_steps': 2065392, 'episode_return_mean': np.float64(336.12339595989465), 'aux_ce': None, 'aux_accuracy': None, 'entropy': np.float64(1.6635469198226929), 'wall_s': 2973.9}
{'iter': 64, 'env_steps': 2098176, 'episode_return_mean': np.float64(334.0332680030385), 'aux_ce': None, 'aux_accuracy': None, 'entropy': np.float64(1.6550699472427368), 'wall_s': 3021.0}
{'iter': 65, 'env_steps': 2130960, 'episode_return_mean': nan, 'aux_ce': None, 'aux_accuracy': None, 'entropy': np.float64(1.6437366008758545), 'wall_s': 3067.1}
{'iter': 66, 'env_steps': 2163744, 'episode_return_mean': np.float64(336.92656489506896), 'aux_ce': None, 'aux_accuracy': None, 'entropy': np.float64(1.6357775926589966), 'wall_s': 3120.2}
{'iter': 67, 'env_steps': 2196528, 'episode_return_mean': np.float64(337.9599000022064), 'aux_ce': None, 'aux_accuracy': None, 'entropy': np.float64(1.623964548110962), 'wall_s': 3174.8}
{'iter': 68, 'env_steps': 2229312, 'episode_return_mean': nan, 'aux_ce': None, 'aux_accuracy': None, 'entropy': np.float64(1.6175410747528076), 'wall_s': 3221.9}
{'iter': 69, 'env_steps': 2262096, 'episode_return_mean': np.float64(336.6729532835931), 'aux_ce': None, 'aux_accuracy': None, 'entropy': np.float64(1.6037317514419556), 'wall_s': 3269.2}
{'iter': 70, 'env_steps': 2294880, 'episode_return_mean': np.float64(336.7731561018484), 'aux_ce': None, 'aux_accuracy': None, 'entropy': np.float64(1.6015427112579346), 'wall_s': 3318.3}
{'iter': 71, 'env_steps': 2327664, 'episode_return_mean': nan, 'aux_ce': None, 'aux_accuracy': None, 'entropy': np.float64(1.592958927154541), 'wall_s': 3363.0}
{'iter': 72, 'env_steps': 2360448, 'episode_return_mean': np.float64(338.17550495572544), 'aux_ce': None, 'aux_accuracy': None, 'entropy': np.float64(1.58705472946167), 'wall_s': 3411.3}
{'iter': 73, 'env_steps': 2393232, 'episode_return_mean': np.float64(339.0920487424522), 'aux_ce': None, 'aux_accuracy': None, 'entropy': np.float64(1.577614188194275), 'wall_s': 3467.0}
{'iter': 74, 'env_steps': 2426016, 'episode_return_mean': nan, 'aux_ce': None, 'aux_accuracy': None, 'entropy': np.float64(1.5695468187332153), 'wall_s': 3511.4}
{'iter': 75, 'env_steps': 2458800, 'episode_return_mean': np.float64(341.48954830661495), 'aux_ce': None, 'aux_accuracy': None, 'entropy': np.float64(1.5657756328582764), 'wall_s': 3563.1}
{'iter': 76, 'env_steps': 2491584, 'episode_return_mean': np.float64(339.8809315476154), 'aux_ce': None, 'aux_accuracy': None, 'entropy': np.float64(1.5563431978225708), 'wall_s': 3613.2}
{'iter': 77, 'env_steps': 2524368, 'episode_return_mean': nan, 'aux_ce': None, 'aux_accuracy': None, 'entropy': np.float64(1.5463781356811523), 'wall_s': 3654.1}
{'iter': 78, 'env_steps': 2557152, 'episode_return_mean': np.float64(339.6425346112132), 'aux_ce': None, 'aux_accuracy': None, 'entropy': np.float64(1.5425366163253784), 'wall_s': 3699.7}
{'iter': 79, 'env_steps': 2589936, 'episode_return_mean': np.float64(339.3677391005068), 'aux_ce': None, 'aux_accuracy': None, 'entropy': np.float64(1.539267897605896), 'wall_s': 3747.0}
{'iter': 80, 'env_steps': 2622720, 'episode_return_mean': nan, 'aux_ce': None, 'aux_accuracy': None, 'entropy': np.float64(1.5391923189163208), 'wall_s': 3792.0}
{'iter': 81, 'env_steps': 2655504, 'episode_return_mean': np.float64(337.2561051523921), 'aux_ce': None, 'aux_accuracy': None, 'entropy': np.float64(1.5323468446731567), 'wall_s': 3838.0}
{'iter': 82, 'env_steps': 2688288, 'episode_return_mean': np.float64(337.06883399668243), 'aux_ce': None, 'aux_accuracy': None, 'entropy': np.float64(1.525444746017456), 'wall_s': 3886.4}
{'iter': 83, 'env_steps': 2721072, 'episode_return_mean': nan, 'aux_ce': None, 'aux_accuracy': None, 'entropy': np.float64(1.5197354555130005), 'wall_s': 3932.1}
{'iter': 84, 'env_steps': 2753856, 'episode_return_mean': np.float64(340.6722108650504), 'aux_ce': None, 'aux_accuracy': None, 'entropy': np.float64(1.5186227560043335), 'wall_s': 3974.8}
{'iter': 85, 'env_steps': 2786640, 'episode_return_mean': np.float64(338.4769577286641), 'aux_ce': None, 'aux_accuracy': None, 'entropy': np.float64(1.5130149126052856), 'wall_s': 4020.0}
{'iter': 86, 'env_steps': 2819424, 'episode_return_mean': nan, 'aux_ce': None, 'aux_accuracy': None, 'entropy': np.float64(1.509363055229187), 'wall_s': 4065.2}
{'iter': 87, 'env_steps': 2852208, 'episode_return_mean': np.float64(336.0932111795091), 'aux_ce': None, 'aux_accuracy': None, 'entropy': np.float64(1.5071439743041992), 'wall_s': 4109.5}
{'iter': 88, 'env_steps': 2884992, 'episode_return_mean': np.float64(335.5090241271597), 'aux_ce': None, 'aux_accuracy': None, 'entropy': np.float64(1.4975382089614868), 'wall_s': 4153.8}
{'iter': 89, 'env_steps': 2917776, 'episode_return_mean': nan, 'aux_ce': None, 'aux_accuracy': None, 'entropy': np.float64(1.4919452667236328), 'wall_s': 4198.8}
{'iter': 90, 'env_steps': 2950560, 'episode_return_mean': np.float64(339.8277478141989), 'aux_ce': None, 'aux_accuracy': None, 'entropy': np.float64(1.485177993774414), 'wall_s': 4242.8}
{'iter': 91, 'env_steps': 2983344, 'episode_return_mean': np.float64(341.5549019813786), 'aux_ce': None, 'aux_accuracy': None, 'entropy': np.float64(1.4843943119049072), 'wall_s': 4286.8}
{'iter': 92, 'env_steps': 3016128, 'episode_return_mean': nan, 'aux_ce': None, 'aux_accuracy': None, 'entropy': np.float64(1.4838370084762573), 'wall_s': 4330.0}
{'iter': 93, 'env_steps': 3048912, 'episode_return_mean': np.float64(338.6763962290064), 'aux_ce': None, 'aux_accuracy': None, 'entropy': np.float64(1.4777272939682007), 'wall_s': 4382.1}
{'iter': 94, 'env_steps': 3081696, 'episode_return_mean': np.float64(337.2356076040367), 'aux_ce': None, 'aux_accuracy': None, 'entropy': np.float64(1.4626514911651611), 'wall_s': 4425.7}
{'iter': 95, 'env_steps': 3114480, 'episode_return_mean': nan, 'aux_ce': None, 'aux_accuracy': None, 'entropy': np.float64(1.4596354961395264), 'wall_s': 4468.1}
{'iter': 96, 'env_steps': 3147264, 'episode_return_mean': np.float64(343.52936745093837), 'aux_ce': None, 'aux_accuracy': None, 'entropy': np.float64(1.4531476497650146), 'wall_s': 4515.5}
{'iter': 97, 'env_steps': 3180048, 'episode_return_mean': np.float64(345.15249575526013), 'aux_ce': None, 'aux_accuracy': None, 'entropy': np.float64(1.4534051418304443), 'wall_s': 4559.2}
{'iter': 98, 'env_steps': 3212832, 'episode_return_mean': nan, 'aux_ce': None, 'aux_accuracy': None, 'entropy': np.float64(1.4436962604522705), 'wall_s': 4604.5}
{'iter': 99, 'env_steps': 3245616, 'episode_return_mean': np.float64(341.30669846870853), 'aux_ce': None, 'aux_accuracy': None, 'entropy': np.float64(1.43962824344635), 'wall_s': 4652.8}
{'iter': 100, 'env_steps': 3278400, 'episode_return_mean': np.float64(342.58084846467915), 'aux_ce': None, 'aux_accuracy': None, 'entropy': np.float64(1.432878017425537), 'wall_s': 4698.1}
{'iter': 101, 'env_steps': 3311184, 'episode_return_mean': nan, 'aux_ce': None, 'aux_accuracy': None, 'entropy': np.float64(1.428259015083313), 'wall_s': 4747.3}
{'iter': 102, 'env_steps': 3343968, 'episode_return_mean': np.float64(342.29632575828276), 'aux_ce': None, 'aux_accuracy': None, 'entropy': np.float64(1.4142252206802368), 'wall_s': 4795.5}
{'iter': 103, 'env_steps': 3376752, 'episode_return_mean': np.float64(343.6343139410571), 'aux_ce': None, 'aux_accuracy': None, 'entropy': np.float64(1.4167340993881226), 'wall_s': 4839.7}
{'iter': 104, 'env_steps': 3409536, 'episode_return_mean': nan, 'aux_ce': None, 'aux_accuracy': None, 'entropy': np.float64(1.4083633422851562), 'wall_s': 4892.3}
{'iter': 105, 'env_steps': 3442320, 'episode_return_mean': np.float64(339.2177078987843), 'aux_ce': None, 'aux_accuracy': None, 'entropy': np.float64(1.4050462245941162), 'wall_s': 4947.0}
{'iter': 106, 'env_steps': 3475104, 'episode_return_mean': np.float64(339.1002313856873), 'aux_ce': None, 'aux_accuracy': None, 'entropy': np.float64(1.4002883434295654), 'wall_s': 4991.5}
{'iter': 107, 'env_steps': 3507888, 'episode_return_mean': nan, 'aux_ce': None, 'aux_accuracy': None, 'entropy': np.float64(1.395403504371643), 'wall_s': 5039.8}
{'iter': 108, 'env_steps': 3540672, 'episode_return_mean': np.float64(343.0150297212649), 'aux_ce': None, 'aux_accuracy': None, 'entropy': np.float64(1.3992561101913452), 'wall_s': 5090.0}
{'iter': 109, 'env_steps': 3573456, 'episode_return_mean': np.float64(341.96943473517143), 'aux_ce': None, 'aux_accuracy': None, 'entropy': np.float64(1.387495994567871), 'wall_s': 5133.8}
{'iter': 110, 'env_steps': 3606240, 'episode_return_mean': nan, 'aux_ce': None, 'aux_accuracy': None, 'entropy': np.float64(1.3772634267807007), 'wall_s': 5182.7}
{'iter': 111, 'env_steps': 3639024, 'episode_return_mean': np.float64(337.03556922354676), 'aux_ce': None, 'aux_accuracy': None, 'entropy': np.float64(1.3754889965057373), 'wall_s': 5240.6}
{'iter': 112, 'env_steps': 3671808, 'episode_return_mean': np.float64(337.79477160770693), 'aux_ce': None, 'aux_accuracy': None, 'entropy': np.float64(1.3778120279312134), 'wall_s': 5285.2}
{'iter': 113, 'env_steps': 3704592, 'episode_return_mean': nan, 'aux_ce': None, 'aux_accuracy': None, 'entropy': np.float64(1.3735255002975464), 'wall_s': 5335.2}
{'iter': 114, 'env_steps': 3737376, 'episode_return_mean': np.float64(339.31014692820764), 'aux_ce': None, 'aux_accuracy': None, 'entropy': np.float64(1.3717902898788452), 'wall_s': 5383.9}
{'iter': 115, 'env_steps': 3770160, 'episode_return_mean': np.float64(341.0513302382609), 'aux_ce': None, 'aux_accuracy': None, 'entropy': np.float64(1.3637560606002808), 'wall_s': 5426.7}
{'iter': 116, 'env_steps': 3802944, 'episode_return_mean': nan, 'aux_ce': None, 'aux_accuracy': None, 'entropy': np.float64(1.3586585521697998), 'wall_s': 5472.1}
{'iter': 117, 'env_steps': 3835728, 'episode_return_mean': np.float64(338.2937477926729), 'aux_ce': None, 'aux_accuracy': None, 'entropy': np.float64(1.3457690477371216), 'wall_s': 5516.7}
{'iter': 118, 'env_steps': 3868512, 'episode_return_mean': np.float64(338.40989471154666), 'aux_ce': None, 'aux_accuracy': None, 'entropy': np.float64(1.3388633728027344), 'wall_s': 5559.4}
{'iter': 119, 'env_steps': 3901296, 'episode_return_mean': nan, 'aux_ce': None, 'aux_accuracy': None, 'entropy': np.float64(1.3386975526809692), 'wall_s': 5606.3}
{'iter': 120, 'env_steps': 3934080, 'episode_return_mean': np.float64(340.71720807946076), 'aux_ce': None, 'aux_accuracy': None, 'entropy': np.float64(1.3326436281204224), 'wall_s': 5651.4}
{'iter': 121, 'env_steps': 3966864, 'episode_return_mean': np.float64(339.7425436743769), 'aux_ce': None, 'aux_accuracy': None, 'entropy': np.float64(1.3285293579101562), 'wall_s': 5696.3}
{'iter': 122, 'env_steps': 3999648, 'episode_return_mean': nan, 'aux_ce': None, 'aux_accuracy': None, 'entropy': np.float64(1.3245269060134888), 'wall_s': 5746.8}
{'iter': 123, 'env_steps': 4032432, 'episode_return_mean': np.float64(338.4417547576322), 'aux_ce': None, 'aux_accuracy': None, 'entropy': np.float64(1.3269535303115845), 'wall_s': 5791.6}
{'iter': 124, 'env_steps': 4065216, 'episode_return_mean': np.float64(339.44828158463497), 'aux_ce': None, 'aux_accuracy': None, 'entropy': np.float64(1.3173377513885498), 'wall_s': 5837.1}
{'iter': 125, 'env_steps': 4098000, 'episode_return_mean': nan, 'aux_ce': None, 'aux_accuracy': None, 'entropy': np.float64(1.308217167854309), 'wall_s': 5885.7}
{'iter': 126, 'env_steps': 4130784, 'episode_return_mean': np.float64(336.1889059343628), 'aux_ce': None, 'aux_accuracy': None, 'entropy': np.float64(1.2973945140838623), 'wall_s': 5933.4}
{'iter': 127, 'env_steps': 4163568, 'episode_return_mean': np.float64(337.5149631213376), 'aux_ce': None, 'aux_accuracy': None, 'entropy': np.float64(1.2943458557128906), 'wall_s': 5977.3}
{'iter': 128, 'env_steps': 4196352, 'episode_return_mean': nan, 'aux_ce': None, 'aux_accuracy': None, 'entropy': np.float64(1.2968409061431885), 'wall_s': 6025.4}
{'iter': 129, 'env_steps': 4229136, 'episode_return_mean': np.float64(343.1896359271646), 'aux_ce': None, 'aux_accuracy': None, 'entropy': np.float64(1.2955982685089111), 'wall_s': 6076.0}
{'iter': 130, 'env_steps': 4261920, 'episode_return_mean': np.float64(342.3305249452412), 'aux_ce': None, 'aux_accuracy': None, 'entropy': np.float64(1.2934558391571045), 'wall_s': 6121.5}
{'iter': 131, 'env_steps': 4294704, 'episode_return_mean': nan, 'aux_ce': None, 'aux_accuracy': None, 'entropy': np.float64(1.2888119220733643), 'wall_s': 6170.6}
{'iter': 132, 'env_steps': 4327488, 'episode_return_mean': np.float64(339.3410974459715), 'aux_ce': None, 'aux_accuracy': None, 'entropy': np.float64(1.2935153245925903), 'wall_s': 6212.9}
{'iter': 133, 'env_steps': 4360272, 'episode_return_mean': np.float64(338.611404779644), 'aux_ce': None, 'aux_accuracy': None, 'entropy': np.float64(1.2923901081085205), 'wall_s': 6261.0}
{'iter': 134, 'env_steps': 4393056, 'episode_return_mean': nan, 'aux_ce': None, 'aux_accuracy': None, 'entropy': np.float64(1.2900171279907227), 'wall_s': 6309.1}
{'iter': 135, 'env_steps': 4425840, 'episode_return_mean': np.float64(339.90343908434113), 'aux_ce': None, 'aux_accuracy': None, 'entropy': np.float64(1.2804259061813354), 'wall_s': 6355.1}
{'iter': 136, 'env_steps': 4458624, 'episode_return_mean': np.float64(341.59635420027826), 'aux_ce': None, 'aux_accuracy': None, 'entropy': np.float64(1.2699241638183594), 'wall_s': 6405.1}
{'iter': 137, 'env_steps': 4491408, 'episode_return_mean': nan, 'aux_ce': None, 'aux_accuracy': None, 'entropy': np.float64(1.271936297416687), 'wall_s': 6452.1}
{'iter': 138, 'env_steps': 4524192, 'episode_return_mean': np.float64(340.366101771637), 'aux_ce': None, 'aux_accuracy': None, 'entropy': np.float64(1.2699960470199585), 'wall_s': 6497.1}
{'iter': 139, 'env_steps': 4556976, 'episode_return_mean': np.float64(338.87884451143873), 'aux_ce': None, 'aux_accuracy': None, 'entropy': np.float64(1.2673577070236206), 'wall_s': 6545.6}
{'iter': 140, 'env_steps': 4589760, 'episode_return_mean': nan, 'aux_ce': None, 'aux_accuracy': None, 'entropy': np.float64(1.2610530853271484), 'wall_s': 6592.9}
{'iter': 141, 'env_steps': 4622544, 'episode_return_mean': np.float64(338.3506185070326), 'aux_ce': None, 'aux_accuracy': None, 'entropy': np.float64(1.251560091972351), 'wall_s': 6637.8}
{'iter': 142, 'env_steps': 4655328, 'episode_return_mean': np.float64(338.451062158837), 'aux_ce': None, 'aux_accuracy': None, 'entropy': np.float64(1.2479256391525269), 'wall_s': 6685.8}
{'iter': 143, 'env_steps': 4688112, 'episode_return_mean': nan, 'aux_ce': None, 'aux_accuracy': None, 'entropy': np.float64(1.2424269914627075), 'wall_s': 6733.0}
{'iter': 144, 'env_steps': 4720896, 'episode_return_mean': np.float64(336.123687465825), 'aux_ce': None, 'aux_accuracy': None, 'entropy': np.float64(1.237352967262268), 'wall_s': 6780.4}
{'iter': 145, 'env_steps': 4753680, 'episode_return_mean': np.float64(337.9870725550695), 'aux_ce': None, 'aux_accuracy': None, 'entropy': np.float64(1.2303799390792847), 'wall_s': 6823.0}
{'iter': 146, 'env_steps': 4786464, 'episode_return_mean': nan, 'aux_ce': None, 'aux_accuracy': None, 'entropy': np.float64(1.2195026874542236), 'wall_s': 6870.6}
{'iter': 147, 'env_steps': 4819248, 'episode_return_mean': np.float64(339.40605975646497), 'aux_ce': None, 'aux_accuracy': None, 'entropy': np.float64(1.2072848081588745), 'wall_s': 6918.6}
{'iter': 148, 'env_steps': 4852032, 'episode_return_mean': np.float64(340.03661344999176), 'aux_ce': None, 'aux_accuracy': None, 'entropy': np.float64(1.199599027633667), 'wall_s': 6963.7}
{'iter': 149, 'env_steps': 4884816, 'episode_return_mean': nan, 'aux_ce': None, 'aux_accuracy': None, 'entropy': np.float64(1.1959898471832275), 'wall_s': 7010.6}
{'iter': 150, 'env_steps': 4917600, 'episode_return_mean': np.float64(340.3629202098916), 'aux_ce': None, 'aux_accuracy': None, 'entropy': np.float64(1.190660834312439), 'wall_s': 7062.7}
{'iter': 151, 'env_steps': 4950384, 'episode_return_mean': np.float64(340.3954840916217), 'aux_ce': None, 'aux_accuracy': None, 'entropy': np.float64(1.1838345527648926), 'wall_s': 7117.9}
{'iter': 152, 'env_steps': 4983168, 'episode_return_mean': nan, 'aux_ce': None, 'aux_accuracy': None, 'entropy': np.float64(1.1787059307098389), 'wall_s': 7166.5}
{'iter': 153, 'env_steps': 5015952, 'episode_return_mean': np.float64(342.3803308812703), 'aux_ce': None, 'aux_accuracy': None, 'entropy': np.float64(1.175384283065796), 'wall_s': 7215.4}
{'iter': 154, 'env_steps': 5048736, 'episode_return_mean': np.float64(341.43607992744114), 'aux_ce': None, 'aux_accuracy': None, 'entropy': np.float64(1.17447829246521), 'wall_s': 7267.4}
{'iter': 155, 'env_steps': 5081520, 'episode_return_mean': nan, 'aux_ce': None, 'aux_accuracy': None, 'entropy': np.float64(1.1624020338058472), 'wall_s': 7313.3}
{'iter': 156, 'env_steps': 5114304, 'episode_return_mean': np.float64(340.86704832905707), 'aux_ce': None, 'aux_accuracy': None, 'entropy': np.float64(1.1575208902359009), 'wall_s': 7363.9}
{'iter': 157, 'env_steps': 5147088, 'episode_return_mean': np.float64(339.9233131447587), 'aux_ce': None, 'aux_accuracy': None, 'entropy': np.float64(1.1471712589263916), 'wall_s': 7412.1}
{'iter': 158, 'env_steps': 5179872, 'episode_return_mean': nan, 'aux_ce': None, 'aux_accuracy': None, 'entropy': np.float64(1.1394578218460083), 'wall_s': 7459.0}
{'iter': 159, 'env_steps': 5212656, 'episode_return_mean': np.float64(342.09574224366725), 'aux_ce': None, 'aux_accuracy': None, 'entropy': np.float64(1.1311442852020264), 'wall_s': 7507.8}
{'iter': 160, 'env_steps': 5245440, 'episode_return_mean': np.float64(343.16032914678397), 'aux_ce': None, 'aux_accuracy': None, 'entropy': np.float64(1.1281580924987793), 'wall_s': 7551.5}
{'iter': 161, 'env_steps': 5278224, 'episode_return_mean': nan, 'aux_ce': None, 'aux_accuracy': None, 'entropy': np.float64(1.128374457359314), 'wall_s': 7598.6}
{'iter': 162, 'env_steps': 5311008, 'episode_return_mean': np.float64(341.8399907823166), 'aux_ce': None, 'aux_accuracy': None, 'entropy': np.float64(1.128227710723877), 'wall_s': 7637.1}
{'iter': 163, 'env_steps': 5343792, 'episode_return_mean': np.float64(342.0357820282942), 'aux_ce': None, 'aux_accuracy': None, 'entropy': np.float64(1.1200413703918457), 'wall_s': 7676.2}
{'iter': 164, 'env_steps': 5376576, 'episode_return_mean': nan, 'aux_ce': None, 'aux_accuracy': None, 'entropy': np.float64(1.1178914308547974), 'wall_s': 7714.6}
{'iter': 165, 'env_steps': 5409360, 'episode_return_mean': np.float64(339.838612350692), 'aux_ce': None, 'aux_accuracy': None, 'entropy': np.float64(1.1218863725662231), 'wall_s': 7753.8}
{'iter': 166, 'env_steps': 5442144, 'episode_return_mean': np.float64(340.9152723942125), 'aux_ce': None, 'aux_accuracy': None, 'entropy': np.float64(1.1239845752716064), 'wall_s': 7794.4}
{'iter': 167, 'env_steps': 5474928, 'episode_return_mean': nan, 'aux_ce': None, 'aux_accuracy': None, 'entropy': np.float64(1.1167694330215454), 'wall_s': 7834.1}
{'iter': 168, 'env_steps': 5507712, 'episode_return_mean': np.float64(344.33390804782925), 'aux_ce': None, 'aux_accuracy': None, 'entropy': np.float64(1.1088706254959106), 'wall_s': 7872.8}
{'iter': 169, 'env_steps': 5540496, 'episode_return_mean': np.float64(346.7602560345541), 'aux_ce': None, 'aux_accuracy': None, 'entropy': np.float64(1.1011903285980225), 'wall_s': 7910.6}
{'iter': 170, 'env_steps': 5573280, 'episode_return_mean': nan, 'aux_ce': None, 'aux_accuracy': None, 'entropy': np.float64(1.095881700515747), 'wall_s': 7946.2}
{'iter': 171, 'env_steps': 5606064, 'episode_return_mean': np.float64(340.2200317247663), 'aux_ce': None, 'aux_accuracy': None, 'entropy': np.float64(1.0908902883529663), 'wall_s': 7985.1}
{'iter': 172, 'env_steps': 5638848, 'episode_return_mean': np.float64(340.88451293373953), 'aux_ce': None, 'aux_accuracy': None, 'entropy': np.float64(1.0933929681777954), 'wall_s': 8028.8}
{'iter': 173, 'env_steps': 5671632, 'episode_return_mean': nan, 'aux_ce': None, 'aux_accuracy': None, 'entropy': np.float64(1.0898456573486328), 'wall_s': 8075.2}
{'iter': 174, 'env_steps': 5704416, 'episode_return_mean': np.float64(342.5528329473874), 'aux_ce': None, 'aux_accuracy': None, 'entropy': np.float64(1.0828815698623657), 'wall_s': 8119.1}
{'iter': 175, 'env_steps': 5737200, 'episode_return_mean': np.float64(341.47438817808643), 'aux_ce': None, 'aux_accuracy': None, 'entropy': np.float64(1.0742460489273071), 'wall_s': 8163.1}
{'iter': 176, 'env_steps': 5769984, 'episode_return_mean': nan, 'aux_ce': None, 'aux_accuracy': None, 'entropy': np.float64(1.0767168998718262), 'wall_s': 8207.2}
{'iter': 177, 'env_steps': 5802768, 'episode_return_mean': np.float64(343.3954651435887), 'aux_ce': None, 'aux_accuracy': None, 'entropy': np.float64(1.073954701423645), 'wall_s': 8251.5}
{'iter': 178, 'env_steps': 5835552, 'episode_return_mean': np.float64(343.69843151236853), 'aux_ce': None, 'aux_accuracy': None, 'entropy': np.float64(1.073655605316162), 'wall_s': 8294.5}
{'iter': 179, 'env_steps': 5868336, 'episode_return_mean': nan, 'aux_ce': None, 'aux_accuracy': None, 'entropy': np.float64(1.0736660957336426), 'wall_s': 8338.0}
{'iter': 180, 'env_steps': 5901120, 'episode_return_mean': np.float64(339.4683948731248), 'aux_ce': None, 'aux_accuracy': None, 'entropy': np.float64(1.0684822797775269), 'wall_s': 8381.7}
{'iter': 181, 'env_steps': 5933904, 'episode_return_mean': np.float64(339.4406009656418), 'aux_ce': None, 'aux_accuracy': None, 'entropy': np.float64(1.0584259033203125), 'wall_s': 8425.7}
{'iter': 182, 'env_steps': 5966688, 'episode_return_mean': nan, 'aux_ce': None, 'aux_accuracy': None, 'entropy': np.float64(1.0584933757781982), 'wall_s': 8468.8}
{'iter': 183, 'env_steps': 5999472, 'episode_return_mean': np.float64(345.6745504940452), 'aux_ce': None, 'aux_accuracy': None, 'entropy': np.float64(1.0545203685760498), 'wall_s': 8511.9}
{'iter': 184, 'env_steps': 6032256, 'episode_return_mean': np.float64(346.384508000139), 'aux_ce': None, 'aux_accuracy': None, 'entropy': np.float64(1.0469812154769897), 'wall_s': 8556.0}
{'iter': 185, 'env_steps': 6065040, 'episode_return_mean': nan, 'aux_ce': None, 'aux_accuracy': None, 'entropy': np.float64(1.0413086414337158), 'wall_s': 8600.6}
{'iter': 186, 'env_steps': 6097824, 'episode_return_mean': np.float64(341.6355097535875), 'aux_ce': None, 'aux_accuracy': None, 'entropy': np.float64(1.0395147800445557), 'wall_s': 8645.5}
{'iter': 187, 'env_steps': 6130608, 'episode_return_mean': np.float64(342.12167551215845), 'aux_ce': None, 'aux_accuracy': None, 'entropy': np.float64(1.0432401895523071), 'wall_s': 8693.5}
{'iter': 188, 'env_steps': 6163392, 'episode_return_mean': nan, 'aux_ce': None, 'aux_accuracy': None, 'entropy': np.float64(1.0423206090927124), 'wall_s': 8740.7}
{'iter': 189, 'env_steps': 6196176, 'episode_return_mean': np.float64(342.73036953483427), 'aux_ce': None, 'aux_accuracy': None, 'entropy': np.float64(1.0333030223846436), 'wall_s': 8785.4}
{'iter': 190, 'env_steps': 6228960, 'episode_return_mean': np.float64(342.75696865915893), 'aux_ce': None, 'aux_accuracy': None, 'entropy': np.float64(1.0301787853240967), 'wall_s': 8832.0}
{'iter': 191, 'env_steps': 6261744, 'episode_return_mean': nan, 'aux_ce': None, 'aux_accuracy': None, 'entropy': np.float64(1.0264334678649902), 'wall_s': 8878.9}
{'iter': 192, 'env_steps': 6294528, 'episode_return_mean': np.float64(341.1557529997067), 'aux_ce': None, 'aux_accuracy': None, 'entropy': np.float64(1.0241762399673462), 'wall_s': 8926.9}
{'iter': 193, 'env_steps': 6327312, 'episode_return_mean': np.float64(340.99846419644024), 'aux_ce': None, 'aux_accuracy': None, 'entropy': np.float64(1.0171597003936768), 'wall_s': 8973.2}
{'iter': 194, 'env_steps': 6360096, 'episode_return_mean': nan, 'aux_ce': None, 'aux_accuracy': None, 'entropy': np.float64(1.0178465843200684), 'wall_s': 9023.8}
{'iter': 195, 'env_steps': 6392880, 'episode_return_mean': np.float64(343.6825838053457), 'aux_ce': None, 'aux_accuracy': None, 'entropy': np.float64(1.012880563735962), 'wall_s': 9071.8}
{'iter': 196, 'env_steps': 6425664, 'episode_return_mean': np.float64(343.5704298329562), 'aux_ce': None, 'aux_accuracy': None, 'entropy': np.float64(1.010616660118103), 'wall_s': 9120.6}
{'iter': 197, 'env_steps': 6458448, 'episode_return_mean': nan, 'aux_ce': None, 'aux_accuracy': None, 'entropy': np.float64(1.0174756050109863), 'wall_s': 9169.3}
{'iter': 198, 'env_steps': 6491232, 'episode_return_mean': np.float64(342.5990979154717), 'aux_ce': None, 'aux_accuracy': None, 'entropy': np.float64(1.0199556350708008), 'wall_s': 9217.6}
{'iter': 199, 'env_steps': 6524016, 'episode_return_mean': np.float64(341.8798908653032), 'aux_ce': None, 'aux_accuracy': None, 'entropy': np.float64(1.0246492624282837), 'wall_s': 9266.8}
{'iter': 200, 'env_steps': 6556800, 'episode_return_mean': nan, 'aux_ce': None, 'aux_accuracy': None, 'entropy': np.float64(1.027867317199707), 'wall_s': 9313.7}
{'iter': 201, 'env_steps': 6589584, 'episode_return_mean': np.float64(346.25042578413206), 'aux_ce': None, 'aux_accuracy': None, 'entropy': np.float64(1.030181884765625), 'wall_s': 9360.7}
{'iter': 202, 'env_steps': 6622368, 'episode_return_mean': np.float64(344.8474445216703), 'aux_ce': None, 'aux_accuracy': None, 'entropy': np.float64(1.0323293209075928), 'wall_s': 9409.4}
{'iter': 203, 'env_steps': 6655152, 'episode_return_mean': nan, 'aux_ce': None, 'aux_accuracy': None, 'entropy': np.float64(1.0345301628112793), 'wall_s': 9455.7}
{'iter': 204, 'env_steps': 6687936, 'episode_return_mean': np.float64(343.32114518306645), 'aux_ce': None, 'aux_accuracy': None, 'entropy': np.float64(1.0304532051086426), 'wall_s': 9502.1}
{'iter': 205, 'env_steps': 6720720, 'episode_return_mean': np.float64(339.59805871139224), 'aux_ce': None, 'aux_accuracy': None, 'entropy': np.float64(1.033337116241455), 'wall_s': 9549.3}
{'iter': 206, 'env_steps': 6753504, 'episode_return_mean': nan, 'aux_ce': None, 'aux_accuracy': None, 'entropy': np.float64(1.0380868911743164), 'wall_s': 9597.0}
{'iter': 207, 'env_steps': 6786288, 'episode_return_mean': np.float64(344.74044999976513), 'aux_ce': None, 'aux_accuracy': None, 'entropy': np.float64(1.0450990200042725), 'wall_s': 9645.2}
{'iter': 208, 'env_steps': 6819072, 'episode_return_mean': np.float64(343.63824499501993), 'aux_ce': None, 'aux_accuracy': None, 'entropy': np.float64(1.0469961166381836), 'wall_s': 9695.0}
{'iter': 209, 'env_steps': 6851856, 'episode_return_mean': nan, 'aux_ce': None, 'aux_accuracy': None, 'entropy': np.float64(1.0495493412017822), 'wall_s': 9742.4}
{'iter': 210, 'env_steps': 6884640, 'episode_return_mean': np.float64(340.72688439525285), 'aux_ce': None, 'aux_accuracy': None, 'entropy': np.float64(1.0548677444458008), 'wall_s': 9788.7}
{'iter': 211, 'env_steps': 6917424, 'episode_return_mean': np.float64(339.43651116803625), 'aux_ce': None, 'aux_accuracy': None, 'entropy': np.float64(1.0589892864227295), 'wall_s': 9836.6}
{'iter': 212, 'env_steps': 6950208, 'episode_return_mean': nan, 'aux_ce': None, 'aux_accuracy': None, 'entropy': np.float64(1.0578715801239014), 'wall_s': 9884.4}
{'iter': 213, 'env_steps': 6982992, 'episode_return_mean': np.float64(339.2321369842148), 'aux_ce': None, 'aux_accuracy': None, 'entropy': np.float64(1.0616694688796997), 'wall_s': 9933.5}
{'iter': 214, 'env_steps': 7015776, 'episode_return_mean': np.float64(340.6969624955731), 'aux_ce': None, 'aux_accuracy': None, 'entropy': np.float64(1.068067193031311), 'wall_s': 9984.7}
{'iter': 215, 'env_steps': 7048560, 'episode_return_mean': nan, 'aux_ce': None, 'aux_accuracy': None, 'entropy': np.float64(1.0756996870040894), 'wall_s': 10033.9}
{'iter': 216, 'env_steps': 7081344, 'episode_return_mean': np.float64(343.23225776130573), 'aux_ce': None, 'aux_accuracy': None, 'entropy': np.float64(1.0820599794387817), 'wall_s': 10081.1}
{'iter': 217, 'env_steps': 7114128, 'episode_return_mean': np.float64(341.9011358210641), 'aux_ce': None, 'aux_accuracy': None, 'entropy': np.float64(1.0903124809265137), 'wall_s': 10129.2}
{'iter': 218, 'env_steps': 7146912, 'episode_return_mean': nan, 'aux_ce': None, 'aux_accuracy': None, 'entropy': np.float64(1.100399136543274), 'wall_s': 10175.2}
{'iter': 219, 'env_steps': 7179696, 'episode_return_mean': np.float64(342.07596627627356), 'aux_ce': None, 'aux_accuracy': None, 'entropy': np.float64(1.109973669052124), 'wall_s': 10221.7}
{'iter': 220, 'env_steps': 7212480, 'episode_return_mean': np.float64(341.53117834164584), 'aux_ce': None, 'aux_accuracy': None, 'entropy': np.float64(1.117337703704834), 'wall_s': 10268.4}
{'iter': 221, 'env_steps': 7245264, 'episode_return_mean': nan, 'aux_ce': None, 'aux_accuracy': None, 'entropy': np.float64(1.1249436140060425), 'wall_s': 10314.1}
{'iter': 222, 'env_steps': 7278048, 'episode_return_mean': np.float64(343.6232029212375), 'aux_ce': None, 'aux_accuracy': None, 'entropy': np.float64(1.1325769424438477), 'wall_s': 10360.8}
{'iter': 223, 'env_steps': 7310832, 'episode_return_mean': np.float64(340.5288142908496), 'aux_ce': None, 'aux_accuracy': None, 'entropy': np.float64(1.141435146331787), 'wall_s': 10408.9}
{'iter': 224, 'env_steps': 7343616, 'episode_return_mean': nan, 'aux_ce': None, 'aux_accuracy': None, 'entropy': np.float64(1.1510268449783325), 'wall_s': 10455.7}
{'iter': 225, 'env_steps': 7376400, 'episode_return_mean': np.float64(343.043285268968), 'aux_ce': None, 'aux_accuracy': None, 'entropy': np.float64(1.1615170240402222), 'wall_s': 10501.4}
{'iter': 226, 'env_steps': 7409184, 'episode_return_mean': np.float64(342.64441540894086), 'aux_ce': None, 'aux_accuracy': None, 'entropy': np.float64(1.1718549728393555), 'wall_s': 10547.1}
{'iter': 227, 'env_steps': 7441968, 'episode_return_mean': nan, 'aux_ce': None, 'aux_accuracy': None, 'entropy': np.float64(1.1829066276550293), 'wall_s': 10593.5}
{'iter': 228, 'env_steps': 7474752, 'episode_return_mean': np.float64(340.6458768750076), 'aux_ce': None, 'aux_accuracy': None, 'entropy': np.float64(1.1913514137268066), 'wall_s': 10639.4}
{'iter': 229, 'env_steps': 7507536, 'episode_return_mean': np.float64(339.7346766511104), 'aux_ce': None, 'aux_accuracy': None, 'entropy': np.float64(1.1991461515426636), 'wall_s': 10682.7}
{'iter': 230, 'env_steps': 7540320, 'episode_return_mean': nan, 'aux_ce': None, 'aux_accuracy': None, 'entropy': np.float64(1.2130247354507446), 'wall_s': 10721.2}
{'iter': 231, 'env_steps': 7573104, 'episode_return_mean': np.float64(339.0789777939223), 'aux_ce': None, 'aux_accuracy': None, 'entropy': np.float64(1.2238571643829346), 'wall_s': 10759.1}
{'iter': 232, 'env_steps': 7605888, 'episode_return_mean': np.float64(339.2585153272932), 'aux_ce': None, 'aux_accuracy': None, 'entropy': np.float64(1.2315431833267212), 'wall_s': 10797.2}
{'iter': 233, 'env_steps': 7638672, 'episode_return_mean': nan, 'aux_ce': None, 'aux_accuracy': None, 'entropy': np.float64(1.2404601573944092), 'wall_s': 10835.8}
{'iter': 234, 'env_steps': 7671456, 'episode_return_mean': np.float64(341.889216777897), 'aux_ce': None, 'aux_accuracy': None, 'entropy': np.float64(1.2482051849365234), 'wall_s': 10873.7}
{'iter': 235, 'env_steps': 7704240, 'episode_return_mean': np.float64(341.5814593036), 'aux_ce': None, 'aux_accuracy': None, 'entropy': np.float64(1.2548142671585083), 'wall_s': 10918.0}
{'iter': 236, 'env_steps': 7737024, 'episode_return_mean': nan, 'aux_ce': None, 'aux_accuracy': None, 'entropy': np.float64(1.2625032663345337), 'wall_s': 10962.7}
{'iter': 237, 'env_steps': 7769808, 'episode_return_mean': np.float64(337.5152770552304), 'aux_ce': None, 'aux_accuracy': None, 'entropy': np.float64(1.2737994194030762), 'wall_s': 11006.8}
{'iter': 238, 'env_steps': 7802592, 'episode_return_mean': np.float64(339.5755330210461), 'aux_ce': None, 'aux_accuracy': None, 'entropy': np.float64(1.2777035236358643), 'wall_s': 11050.7}
{'iter': 239, 'env_steps': 7835376, 'episode_return_mean': nan, 'aux_ce': None, 'aux_accuracy': None, 'entropy': np.float64(1.2890563011169434), 'wall_s': 11095.9}
{'iter': 240, 'env_steps': 7868160, 'episode_return_mean': np.float64(345.1428920535879), 'aux_ce': None, 'aux_accuracy': None, 'entropy': np.float64(1.2986501455307007), 'wall_s': 11140.0}
{'iter': 241, 'env_steps': 7900944, 'episode_return_mean': np.float64(344.50464335519064), 'aux_ce': None, 'aux_accuracy': None, 'entropy': np.float64(1.3071143627166748), 'wall_s': 11184.1}
{'iter': 242, 'env_steps': 7933728, 'episode_return_mean': nan, 'aux_ce': None, 'aux_accuracy': None, 'entropy': np.float64(1.3172158002853394), 'wall_s': 11228.9}
{'iter': 243, 'env_steps': 7966512, 'episode_return_mean': np.float64(344.4782979756295), 'aux_ce': None, 'aux_accuracy': None, 'entropy': np.float64(1.3269308805465698), 'wall_s': 11273.3}
{'iter': 244, 'env_steps': 7999296, 'episode_return_mean': np.float64(342.24601582600565), 'aux_ce': None, 'aux_accuracy': None, 'entropy': np.float64(1.3366541862487793), 'wall_s': 11318.2}
{'iter': 245, 'env_steps': 8032080, 'episode_return_mean': nan, 'aux_ce': None, 'aux_accuracy': None, 'entropy': np.float64(1.3446671962738037), 'wall_s': 11363.8}
{'iter': 246, 'env_steps': 8064864, 'episode_return_mean': np.float64(343.6872868779154), 'aux_ce': None, 'aux_accuracy': None, 'entropy': np.float64(1.3496588468551636), 'wall_s': 11409.5}
{'iter': 247, 'env_steps': 8097648, 'episode_return_mean': np.float64(343.169524899557), 'aux_ce': None, 'aux_accuracy': None, 'entropy': np.float64(1.3573989868164062), 'wall_s': 11456.2}
{'iter': 248, 'env_steps': 8130432, 'episode_return_mean': nan, 'aux_ce': None, 'aux_accuracy': None, 'entropy': np.float64(1.3644657135009766), 'wall_s': 11501.4}
{'iter': 249, 'env_steps': 8163216, 'episode_return_mean': np.float64(340.06566077700586), 'aux_ce': None, 'aux_accuracy': None, 'entropy': np.float64(1.3708431720733643), 'wall_s': 11557.0}
{'iter': 250, 'env_steps': 8196000, 'episode_return_mean': np.float64(339.8056490048981), 'aux_ce': None, 'aux_accuracy': None, 'entropy': np.float64(1.3773128986358643), 'wall_s': 11601.1}
{'iter': 251, 'env_steps': 8228784, 'episode_return_mean': nan, 'aux_ce': None, 'aux_accuracy': None, 'entropy': np.float64(1.387730598449707), 'wall_s': 11647.1}
{'iter': 252, 'env_steps': 8261568, 'episode_return_mean': np.float64(343.627849711687), 'aux_ce': None, 'aux_accuracy': None, 'entropy': np.float64(1.395497441291809), 'wall_s': 11692.7}
{'iter': 253, 'env_steps': 8294352, 'episode_return_mean': np.float64(341.8693460177559), 'aux_ce': None, 'aux_accuracy': None, 'entropy': np.float64(1.3992078304290771), 'wall_s': 11740.5}
{'iter': 254, 'env_steps': 8327136, 'episode_return_mean': nan, 'aux_ce': None, 'aux_accuracy': None, 'entropy': np.float64(1.4088356494903564), 'wall_s': 11786.8}
{'iter': 255, 'env_steps': 8359920, 'episode_return_mean': np.float64(339.66591225286027), 'aux_ce': None, 'aux_accuracy': None, 'entropy': np.float64(1.4131758213043213), 'wall_s': 11832.8}
{'iter': 256, 'env_steps': 8392704, 'episode_return_mean': np.float64(340.7478787057047), 'aux_ce': None, 'aux_accuracy': None, 'entropy': np.float64(1.4219611883163452), 'wall_s': 11878.2}
{'iter': 257, 'env_steps': 8425488, 'episode_return_mean': nan, 'aux_ce': None, 'aux_accuracy': None, 'entropy': np.float64(1.43197762966156), 'wall_s': 11924.5}
{'iter': 258, 'env_steps': 8458272, 'episode_return_mean': np.float64(341.33833220136546), 'aux_ce': None, 'aux_accuracy': None, 'entropy': np.float64(1.4375336170196533), 'wall_s': 11970.7}
{'iter': 259, 'env_steps': 8491056, 'episode_return_mean': np.float64(339.3734117055635), 'aux_ce': None, 'aux_accuracy': None, 'entropy': np.float64(1.4430241584777832), 'wall_s': 12015.3}
{'iter': 260, 'env_steps': 8523840, 'episode_return_mean': nan, 'aux_ce': None, 'aux_accuracy': None, 'entropy': np.float64(1.4526736736297607), 'wall_s': 12062.2}
{'iter': 261, 'env_steps': 8556624, 'episode_return_mean': np.float64(341.1905057623164), 'aux_ce': None, 'aux_accuracy': None, 'entropy': np.float64(1.463094711303711), 'wall_s': 12108.7}
{'iter': 262, 'env_steps': 8589408, 'episode_return_mean': np.float64(341.89095082496124), 'aux_ce': None, 'aux_accuracy': None, 'entropy': np.float64(1.4729375839233398), 'wall_s': 12156.5}
{'iter': 263, 'env_steps': 8622192, 'episode_return_mean': nan, 'aux_ce': None, 'aux_accuracy': None, 'entropy': np.float64(1.4811750650405884), 'wall_s': 12203.5}
{'iter': 264, 'env_steps': 8654976, 'episode_return_mean': np.float64(337.0948448396057), 'aux_ce': None, 'aux_accuracy': None, 'entropy': np.float64(1.4860072135925293), 'wall_s': 12248.0}
{'iter': 265, 'env_steps': 8687760, 'episode_return_mean': np.float64(336.0957508228179), 'aux_ce': None, 'aux_accuracy': None, 'entropy': np.float64(1.4957563877105713), 'wall_s': 12293.2}
{'iter': 266, 'env_steps': 8720544, 'episode_return_mean': nan, 'aux_ce': None, 'aux_accuracy': None, 'entropy': np.float64(1.5083482265472412), 'wall_s': 12339.5}
{'iter': 267, 'env_steps': 8753328, 'episode_return_mean': np.float64(344.2141088686325), 'aux_ce': None, 'aux_accuracy': None, 'entropy': np.float64(1.5103394985198975), 'wall_s': 12384.2}
{'iter': 268, 'env_steps': 8786112, 'episode_return_mean': np.float64(343.7147441436307), 'aux_ce': None, 'aux_accuracy': None, 'entropy': np.float64(1.5164790153503418), 'wall_s': 12428.8}
{'iter': 269, 'env_steps': 8818896, 'episode_return_mean': nan, 'aux_ce': None, 'aux_accuracy': None, 'entropy': np.float64(1.5221341848373413), 'wall_s': 12473.0}
{'iter': 270, 'env_steps': 8851680, 'episode_return_mean': np.float64(338.38342168336453), 'aux_ce': None, 'aux_accuracy': None, 'entropy': np.float64(1.5307575464248657), 'wall_s': 12516.9}
{'iter': 271, 'env_steps': 8884464, 'episode_return_mean': np.float64(339.03022455164717), 'aux_ce': None, 'aux_accuracy': None, 'entropy': np.float64(1.5392951965332031), 'wall_s': 12560.1}
{'iter': 272, 'env_steps': 8917248, 'episode_return_mean': nan, 'aux_ce': None, 'aux_accuracy': None, 'entropy': np.float64(1.548006534576416), 'wall_s': 12604.9}
{'iter': 273, 'env_steps': 8950032, 'episode_return_mean': np.float64(338.2631999787395), 'aux_ce': None, 'aux_accuracy': None, 'entropy': np.float64(1.5561193227767944), 'wall_s': 12650.1}
{'iter': 274, 'env_steps': 8982816, 'episode_return_mean': np.float64(338.0781211155464), 'aux_ce': None, 'aux_accuracy': None, 'entropy': np.float64(1.5611814260482788), 'wall_s': 12695.0}
{'iter': 275, 'env_steps': 9015600, 'episode_return_mean': nan, 'aux_ce': None, 'aux_accuracy': None, 'entropy': np.float64(1.5640512704849243), 'wall_s': 12739.4}
{'iter': 276, 'env_steps': 9048384, 'episode_return_mean': np.float64(342.24210932054666), 'aux_ce': None, 'aux_accuracy': None, 'entropy': np.float64(1.5679795742034912), 'wall_s': 12779.8}
{'iter': 277, 'env_steps': 9081168, 'episode_return_mean': np.float64(342.4396689621038), 'aux_ce': None, 'aux_accuracy': None, 'entropy': np.float64(1.5756977796554565), 'wall_s': 12817.0}
{'iter': 278, 'env_steps': 9113952, 'episode_return_mean': nan, 'aux_ce': None, 'aux_accuracy': None, 'entropy': np.float64(1.5780586004257202), 'wall_s': 12853.5}
{'iter': 279, 'env_steps': 9146736, 'episode_return_mean': np.float64(341.68249982760403), 'aux_ce': None, 'aux_accuracy': None, 'entropy': np.float64(1.5832983255386353), 'wall_s': 12890.7}
{'iter': 280, 'env_steps': 9179520, 'episode_return_mean': np.float64(340.6320479318867), 'aux_ce': None, 'aux_accuracy': None, 'entropy': np.float64(1.5876994132995605), 'wall_s': 12927.5}
{'iter': 281, 'env_steps': 9212304, 'episode_return_mean': nan, 'aux_ce': None, 'aux_accuracy': None, 'entropy': np.float64(1.593692660331726), 'wall_s': 12964.2}
{'iter': 282, 'env_steps': 9245088, 'episode_return_mean': np.float64(340.52189392309975), 'aux_ce': None, 'aux_accuracy': None, 'entropy': np.float64(1.5981485843658447), 'wall_s': 13004.8}
{'iter': 283, 'env_steps': 9277872, 'episode_return_mean': np.float64(337.67935102382364), 'aux_ce': None, 'aux_accuracy': None, 'entropy': np.float64(1.605092167854309), 'wall_s': 13050.7}
{'iter': 284, 'env_steps': 9310656, 'episode_return_mean': nan, 'aux_ce': None, 'aux_accuracy': None, 'entropy': np.float64(1.6115899085998535), 'wall_s': 13096.7}
{'iter': 285, 'env_steps': 9343440, 'episode_return_mean': np.float64(337.7706637397789), 'aux_ce': None, 'aux_accuracy': None, 'entropy': np.float64(1.6134084463119507), 'wall_s': 13142.8}
{'iter': 286, 'env_steps': 9376224, 'episode_return_mean': np.float64(340.518576063704), 'aux_ce': None, 'aux_accuracy': None, 'entropy': np.float64(1.6199660301208496), 'wall_s': 13189.1}
{'iter': 287, 'env_steps': 9409008, 'episode_return_mean': nan, 'aux_ce': None, 'aux_accuracy': None, 'entropy': np.float64(1.6254075765609741), 'wall_s': 13234.5}
{'iter': 288, 'env_steps': 9441792, 'episode_return_mean': np.float64(338.21141608190106), 'aux_ce': None, 'aux_accuracy': None, 'entropy': np.float64(1.6325440406799316), 'wall_s': 13280.9}
{'iter': 289, 'env_steps': 9474576, 'episode_return_mean': np.float64(338.1815634624481), 'aux_ce': None, 'aux_accuracy': None, 'entropy': np.float64(1.6379101276397705), 'wall_s': 13327.3}
{'iter': 290, 'env_steps': 9507360, 'episode_return_mean': nan, 'aux_ce': None, 'aux_accuracy': None, 'entropy': np.float64(1.6416302919387817), 'wall_s': 13372.7}
{'iter': 291, 'env_steps': 9540144, 'episode_return_mean': np.float64(342.8854745585438), 'aux_ce': None, 'aux_accuracy': None, 'entropy': np.float64(1.6420308351516724), 'wall_s': 13416.6}
{'iter': 292, 'env_steps': 9572928, 'episode_return_mean': np.float64(342.9554264983842), 'aux_ce': None, 'aux_accuracy': None, 'entropy': np.float64(1.646533489227295), 'wall_s': 13462.3}
{'iter': 293, 'env_steps': 9605712, 'episode_return_mean': nan, 'aux_ce': None, 'aux_accuracy': None, 'entropy': np.float64(1.654064655303955), 'wall_s': 13508.1}
{'iter': 294, 'env_steps': 9638496, 'episode_return_mean': np.float64(335.9717783725504), 'aux_ce': None, 'aux_accuracy': None, 'entropy': np.float64(1.656423807144165), 'wall_s': 13554.1}
{'iter': 295, 'env_steps': 9671280, 'episode_return_mean': np.float64(338.8330104828533), 'aux_ce': None, 'aux_accuracy': None, 'entropy': np.float64(1.6588245630264282), 'wall_s': 13600.8}
{'iter': 296, 'env_steps': 9704064, 'episode_return_mean': nan, 'aux_ce': None, 'aux_accuracy': None, 'entropy': np.float64(1.6613343954086304), 'wall_s': 13646.5}
{'iter': 297, 'env_steps': 9736848, 'episode_return_mean': np.float64(340.73040065200917), 'aux_ce': None, 'aux_accuracy': None, 'entropy': np.float64(1.6671751737594604), 'wall_s': 13691.6}
{'iter': 298, 'env_steps': 9769632, 'episode_return_mean': np.float64(340.7585917292341), 'aux_ce': None, 'aux_accuracy': None, 'entropy': np.float64(1.6727747917175293), 'wall_s': 13737.3}
{'iter': 299, 'env_steps': 9802416, 'episode_return_mean': nan, 'aux_ce': None, 'aux_accuracy': None, 'entropy': np.float64(1.6777880191802979), 'wall_s': 13782.4}
{'iter': 300, 'env_steps': 9835200, 'episode_return_mean': np.float64(341.9841906288018), 'aux_ce': None, 'aux_accuracy': None, 'entropy': np.float64(1.6819497346878052), 'wall_s': 13828.0}
{'iter': 301, 'env_steps': 9867984, 'episode_return_mean': np.float64(339.1785912809107), 'aux_ce': None, 'aux_accuracy': None, 'entropy': np.float64(1.685380220413208), 'wall_s': 13873.3}
{'iter': 302, 'env_steps': 9900768, 'episode_return_mean': nan, 'aux_ce': None, 'aux_accuracy': None, 'entropy': np.float64(1.6903924942016602), 'wall_s': 13918.3}
{'iter': 303, 'env_steps': 9933552, 'episode_return_mean': np.float64(335.8219220146689), 'aux_ce': None, 'aux_accuracy': None, 'entropy': np.float64(1.6924152374267578), 'wall_s': 13963.9}
{'iter': 304, 'env_steps': 9966336, 'episode_return_mean': np.float64(336.32274846640644), 'aux_ce': None, 'aux_accuracy': None, 'entropy': np.float64(1.6952377557754517), 'wall_s': 14009.8}
{'iter': 305, 'env_steps': 9999120, 'episode_return_mean': nan, 'aux_ce': None, 'aux_accuracy': None, 'entropy': np.float64(1.6985735893249512), 'wall_s': 14054.9}
{'iter': 306, 'env_steps': 10031904, 'episode_return_mean': np.float64(339.4091095989703), 'aux_ce': None, 'aux_accuracy': None, 'entropy': np.float64(1.7017099857330322), 'wall_s': 14099.3}
done -> /Users/alex/Software/XOR/RLlib Harnes Beta/results/phase3/a_main/seed2
[36m(SingleAgentEnvRunner pid=52341)[0m DeprecationWarning: `RLModule(config=[RLModuleConfig object])` has been deprecated. Use `RLModule(observation_space=.., action_space=.., inference_only=.., model_config=.., catalog_class=..)` instead. This will raise an error in the future![32m [repeated 3x across cluster] (Ray deduplicates logs by default. Set RAY_DEDUP_LOGS=0 to disable log deduplication, or see https://docs.ray.io/en/master/ray-observability/user-guides/configure-logging.html#log-deduplication for more options.)[0m
