2026-07-06 19:15:29,906	WARNING algorithm_config.py:2530 -- DeprecationWarning: `config.training(learner_config_dict=..)` has been deprecated. Use `config.learners(learner_config_dict=..)` instead. This will raise an error in the future!
2026-07-06 19:15:29,907	WARNING algorithm_config.py:5177 -- You are running PPO on the new API stack! This is the new default behavior for this algorithm. If you don't want to use the new API stack, set `config.api_stack(enable_rl_module_and_learner=False,enable_env_runner_and_connector_v2=False)`. For a detailed migration guide, see here: https://docs.ray.io/en/master/rllib/new-api-stack-migration-guide.html
2026-07-06 19:15:32,652	INFO worker.py:2024 -- Started a local Ray instance.
[2026-07-06 19:15:33,376 E 59439 9236880] core_worker.cc:2149: Actor with class name: 'SingleAgentEnvRunner' and ID: '59bcdedbd3fdf215e96983d701000000' has constructor arguments in the object store and max_restarts > 0. If the arguments in the object store go out of scope or are lost, the actor restart will fail. See https://github.com/ray-project/ray/issues/53727 for more details.
[36m(SingleAgentEnvRunner pid=59453)[0m DeprecationWarning: `RLModule(config=[RLModuleConfig object])` has been deprecated. Use `RLModule(observation_space=.., action_space=.., inference_only=.., model_config=.., catalog_class=..)` instead. This will raise an error in the future!
2026-07-06 19:15:35,678	WARNING rl_module.py:463 -- DeprecationWarning: `RLModule(config=[RLModuleConfig object])` has been deprecated. Use `RLModule(observation_space=.., action_space=.., inference_only=.., model_config=.., catalog_class=..)` instead. This will raise an error in the future!
2026-07-06 19:15:35,735	WARNING util.py:62 -- Install gputil for GPU system monitoring.
{'iter': 1, 'env_steps': 32784, 'episode_return_mean': None, 'aux_ce': np.float64(1.0443726778030396), 'aux_accuracy': np.float64(0.4769309163093567), 'entropy': np.float64(2.8321146965026855), 'wall_s': 46.5}
{'iter': 2, 'env_steps': 65568, 'episode_return_mean': None, 'aux_ce': np.float64(1.0196094512939453), 'aux_accuracy': np.float64(0.5050581693649292), 'entropy': np.float64(2.811814308166504), 'wall_s': 88.5}
{'iter': 3, 'env_steps': 98352, 'episode_return_mean': np.float64(38.90429485507309), 'aux_ce': np.float64(0.980404794216156), 'aux_accuracy': np.float64(0.572482168674469), 'entropy': np.float64(2.7926807403564453), 'wall_s': 134.8}
{'iter': 4, 'env_steps': 131136, 'episode_return_mean': np.float64(41.8117465637826), 'aux_ce': np.float64(0.9480700492858887), 'aux_accuracy': np.float64(0.6065656542778015), 'entropy': np.float64(2.773141384124756), 'wall_s': 180.7}
{'iter': 5, 'env_steps': 163920, 'episode_return_mean': nan, 'aux_ce': np.float64(0.8999110460281372), 'aux_accuracy': np.float64(0.6410191655158997), 'entropy': np.float64(2.7529239654541016), 'wall_s': 223.1}
{'iter': 6, 'env_steps': 196704, 'episode_return_mean': np.float64(72.65240378860632), 'aux_ce': np.float64(0.9002439379692078), 'aux_accuracy': np.float64(0.6325910687446594), 'entropy': np.float64(2.7275595664978027), 'wall_s': 267.4}
{'iter': 7, 'env_steps': 229488, 'episode_return_mean': np.float64(75.87600501626031), 'aux_ce': np.float64(0.8901674747467041), 'aux_accuracy': np.float64(0.6366396546363831), 'entropy': np.float64(2.7090401649475098), 'wall_s': 313.3}
{'iter': 8, 'env_steps': 262272, 'episode_return_mean': nan, 'aux_ce': np.float64(0.8627642393112183), 'aux_accuracy': np.float64(0.6493871212005615), 'entropy': np.float64(2.6817095279693604), 'wall_s': 355.8}
{'iter': 9, 'env_steps': 295056, 'episode_return_mean': np.float64(108.46355681142408), 'aux_ce': np.float64(0.9028505682945251), 'aux_accuracy': np.float64(0.6239380240440369), 'entropy': np.float64(2.6534276008605957), 'wall_s': 401.8}
{'iter': 10, 'env_steps': 327840, 'episode_return_mean': np.float64(107.52079104444063), 'aux_ce': np.float64(0.8781093955039978), 'aux_accuracy': np.float64(0.6424856781959534), 'entropy': np.float64(2.6280484199523926), 'wall_s': 447.3}
{'iter': 11, 'env_steps': 360624, 'episode_return_mean': nan, 'aux_ce': np.float64(0.8625044822692871), 'aux_accuracy': np.float64(0.6528735756874084), 'entropy': np.float64(2.6016855239868164), 'wall_s': 491.4}
{'iter': 12, 'env_steps': 393408, 'episode_return_mean': np.float64(139.80012838099597), 'aux_ce': np.float64(0.8914933204650879), 'aux_accuracy': np.float64(0.6255650520324707), 'entropy': np.float64(2.5754406452178955), 'wall_s': 537.6}
{'iter': 13, 'env_steps': 426192, 'episode_return_mean': np.float64(142.13528042452495), 'aux_ce': np.float64(0.8835098743438721), 'aux_accuracy': np.float64(0.6277447938919067), 'entropy': np.float64(2.5487871170043945), 'wall_s': 585.5}
{'iter': 14, 'env_steps': 458976, 'episode_return_mean': nan, 'aux_ce': np.float64(0.8409480452537537), 'aux_accuracy': np.float64(0.6590851545333862), 'entropy': np.float64(2.526318073272705), 'wall_s': 630.6}
{'iter': 15, 'env_steps': 491760, 'episode_return_mean': np.float64(168.62552242739628), 'aux_ce': np.float64(0.8794098496437073), 'aux_accuracy': np.float64(0.6271011233329773), 'entropy': np.float64(2.4968760013580322), 'wall_s': 675.6}
{'iter': 16, 'env_steps': 524544, 'episode_return_mean': np.float64(173.04856177787494), 'aux_ce': np.float64(0.8500914573669434), 'aux_accuracy': np.float64(0.6539924144744873), 'entropy': np.float64(2.4666941165924072), 'wall_s': 721.2}
{'iter': 17, 'env_steps': 557328, 'episode_return_mean': nan, 'aux_ce': np.float64(0.8628771305084229), 'aux_accuracy': np.float64(0.6402989029884338), 'entropy': np.float64(2.4403347969055176), 'wall_s': 765.8}
{'iter': 18, 'env_steps': 590112, 'episode_return_mean': np.float64(190.99605635848684), 'aux_ce': np.float64(0.8416813015937805), 'aux_accuracy': np.float64(0.6533511877059937), 'entropy': np.float64(2.4147772789001465), 'wall_s': 809.7}
{'iter': 19, 'env_steps': 622896, 'episode_return_mean': np.float64(191.22382489130064), 'aux_ce': np.float64(0.8365707397460938), 'aux_accuracy': np.float64(0.6563920974731445), 'entropy': np.float64(2.387232542037964), 'wall_s': 853.3}
{'iter': 20, 'env_steps': 655680, 'episode_return_mean': nan, 'aux_ce': np.float64(0.8466699719429016), 'aux_accuracy': np.float64(0.6508664488792419), 'entropy': np.float64(2.366396427154541), 'wall_s': 894.5}
{'iter': 21, 'env_steps': 688464, 'episode_return_mean': np.float64(213.83586855948025), 'aux_ce': np.float64(0.8382983803749084), 'aux_accuracy': np.float64(0.6595967411994934), 'entropy': np.float64(2.3409836292266846), 'wall_s': 936.1}
{'iter': 22, 'env_steps': 721248, 'episode_return_mean': np.float64(211.41802304693533), 'aux_ce': np.float64(0.8163092136383057), 'aux_accuracy': np.float64(0.663112461566925), 'entropy': np.float64(2.320952892303467), 'wall_s': 977.1}
{'iter': 23, 'env_steps': 754032, 'episode_return_mean': nan, 'aux_ce': np.float64(0.8391771912574768), 'aux_accuracy': np.float64(0.6659924387931824), 'entropy': np.float64(2.291639804840088), 'wall_s': 1017.2}
{'iter': 24, 'env_steps': 786816, 'episode_return_mean': np.float64(241.72094706586176), 'aux_ce': np.float64(0.8118264675140381), 'aux_accuracy': np.float64(0.667725682258606), 'entropy': np.float64(2.2686853408813477), 'wall_s': 1059.1}
{'iter': 25, 'env_steps': 819600, 'episode_return_mean': np.float64(240.99734101166678), 'aux_ce': np.float64(0.8038529753684998), 'aux_accuracy': np.float64(0.6727089881896973), 'entropy': np.float64(2.246060848236084), 'wall_s': 1101.2}
{'iter': 26, 'env_steps': 852384, 'episode_return_mean': nan, 'aux_ce': np.float64(0.8184069991111755), 'aux_accuracy': np.float64(0.6637865304946899), 'entropy': np.float64(2.2223334312438965), 'wall_s': 1141.9}
{'iter': 27, 'env_steps': 885168, 'episode_return_mean': np.float64(257.39832137295764), 'aux_ce': np.float64(0.8119081258773804), 'aux_accuracy': np.float64(0.6695387959480286), 'entropy': np.float64(2.195410966873169), 'wall_s': 1182.8}
{'iter': 28, 'env_steps': 917952, 'episode_return_mean': np.float64(259.5024172434943), 'aux_ce': np.float64(0.8026579022407532), 'aux_accuracy': np.float64(0.6682039499282837), 'entropy': np.float64(2.1703219413757324), 'wall_s': 1219.6}
{'iter': 29, 'env_steps': 950736, 'episode_return_mean': nan, 'aux_ce': np.float64(0.7989140152931213), 'aux_accuracy': np.float64(0.6759847402572632), 'entropy': np.float64(2.143049955368042), 'wall_s': 1254.7}
{'iter': 30, 'env_steps': 983520, 'episode_return_mean': np.float64(274.59052387811175), 'aux_ce': np.float64(0.7999991178512573), 'aux_accuracy': np.float64(0.6776111721992493), 'entropy': np.float64(2.113089084625244), 'wall_s': 1289.8}
{'iter': 31, 'env_steps': 1016304, 'episode_return_mean': np.float64(272.17066925816675), 'aux_ce': np.float64(0.8177467584609985), 'aux_accuracy': np.float64(0.66692054271698), 'entropy': np.float64(2.0856099128723145), 'wall_s': 1326.8}
{'iter': 32, 'env_steps': 1049088, 'episode_return_mean': nan, 'aux_ce': np.float64(0.7885503172874451), 'aux_accuracy': np.float64(0.6926593780517578), 'entropy': np.float64(2.0615031719207764), 'wall_s': 1362.8}
{'iter': 33, 'env_steps': 1081872, 'episode_return_mean': np.float64(282.0725220789916), 'aux_ce': np.float64(0.7955223321914673), 'aux_accuracy': np.float64(0.6745221018791199), 'entropy': np.float64(2.0360589027404785), 'wall_s': 1399.3}
{'iter': 34, 'env_steps': 1114656, 'episode_return_mean': np.float64(280.40389505246435), 'aux_ce': np.float64(0.800025224685669), 'aux_accuracy': np.float64(0.6759282350540161), 'entropy': np.float64(2.0123939514160156), 'wall_s': 1439.5}
{'iter': 35, 'env_steps': 1147440, 'episode_return_mean': nan, 'aux_ce': np.float64(0.7749242782592773), 'aux_accuracy': np.float64(0.6890289783477783), 'entropy': np.float64(1.9935544729232788), 'wall_s': 1482.1}
{'iter': 36, 'env_steps': 1180224, 'episode_return_mean': np.float64(287.6178253559861), 'aux_ce': np.float64(0.8176688551902771), 'aux_accuracy': np.float64(0.6678562164306641), 'entropy': np.float64(1.9731261730194092), 'wall_s': 1524.7}
{'iter': 37, 'env_steps': 1213008, 'episode_return_mean': np.float64(287.33561039401354), 'aux_ce': np.float64(0.7940861582756042), 'aux_accuracy': np.float64(0.6843312382698059), 'entropy': np.float64(1.9537546634674072), 'wall_s': 1570.7}
{'iter': 38, 'env_steps': 1245792, 'episode_return_mean': nan, 'aux_ce': np.float64(0.787947416305542), 'aux_accuracy': np.float64(0.68174809217453), 'entropy': np.float64(1.930763840675354), 'wall_s': 1615.7}
{'iter': 39, 'env_steps': 1278576, 'episode_return_mean': np.float64(297.9079439428305), 'aux_ce': np.float64(0.7804687023162842), 'aux_accuracy': np.float64(0.6918739080429077), 'entropy': np.float64(1.9100210666656494), 'wall_s': 1658.9}
{'iter': 40, 'env_steps': 1311360, 'episode_return_mean': np.float64(300.17204017699424), 'aux_ce': np.float64(0.7675228714942932), 'aux_accuracy': np.float64(0.7054777145385742), 'entropy': np.float64(1.8875213861465454), 'wall_s': 1705.9}
{'iter': 41, 'env_steps': 1344144, 'episode_return_mean': nan, 'aux_ce': np.float64(0.7605383992195129), 'aux_accuracy': np.float64(0.7039092183113098), 'entropy': np.float64(1.862295389175415), 'wall_s': 1749.8}
{'iter': 42, 'env_steps': 1376928, 'episode_return_mean': np.float64(305.76269532761364), 'aux_ce': np.float64(0.8012791275978088), 'aux_accuracy': np.float64(0.6793715953826904), 'entropy': np.float64(1.8396716117858887), 'wall_s': 1791.1}
{'iter': 43, 'env_steps': 1409712, 'episode_return_mean': np.float64(307.03783241576707), 'aux_ce': np.float64(0.7958078980445862), 'aux_accuracy': np.float64(0.6819705963134766), 'entropy': np.float64(1.8185434341430664), 'wall_s': 1832.2}
{'iter': 44, 'env_steps': 1442496, 'episode_return_mean': nan, 'aux_ce': np.float64(0.7945665121078491), 'aux_accuracy': np.float64(0.6865180134773254), 'entropy': np.float64(1.792358160018921), 'wall_s': 1872.9}
{'iter': 45, 'env_steps': 1475280, 'episode_return_mean': np.float64(305.1927532340861), 'aux_ce': np.float64(0.7785691022872925), 'aux_accuracy': np.float64(0.6905537247657776), 'entropy': np.float64(1.7677289247512817), 'wall_s': 1913.3}
{'iter': 46, 'env_steps': 1508064, 'episode_return_mean': np.float64(307.0491938396662), 'aux_ce': np.float64(0.7727616429328918), 'aux_accuracy': np.float64(0.6986058354377747), 'entropy': np.float64(1.749260425567627), 'wall_s': 1954.4}
{'iter': 47, 'env_steps': 1540848, 'episode_return_mean': nan, 'aux_ce': np.float64(0.7646628022193909), 'aux_accuracy': np.float64(0.7051742076873779), 'entropy': np.float64(1.726658821105957), 'wall_s': 1995.0}
{'iter': 48, 'env_steps': 1573632, 'episode_return_mean': np.float64(317.6615238906788), 'aux_ce': np.float64(0.7652243971824646), 'aux_accuracy': np.float64(0.6974961757659912), 'entropy': np.float64(1.7072179317474365), 'wall_s': 2036.5}
{'iter': 49, 'env_steps': 1606416, 'episode_return_mean': np.float64(315.6859523478197), 'aux_ce': np.float64(0.762692391872406), 'aux_accuracy': np.float64(0.7052524089813232), 'entropy': np.float64(1.6877086162567139), 'wall_s': 2078.6}
{'iter': 50, 'env_steps': 1639200, 'episode_return_mean': nan, 'aux_ce': np.float64(0.7465617656707764), 'aux_accuracy': np.float64(0.7189080119132996), 'entropy': np.float64(1.6704089641571045), 'wall_s': 2120.9}
{'iter': 51, 'env_steps': 1671984, 'episode_return_mean': np.float64(328.26538732186395), 'aux_ce': np.float64(0.7466250658035278), 'aux_accuracy': np.float64(0.7218083739280701), 'entropy': np.float64(1.64762544631958), 'wall_s': 2165.2}
{'iter': 52, 'env_steps': 1704768, 'episode_return_mean': np.float64(329.0156449993806), 'aux_ce': np.float64(0.7652000188827515), 'aux_accuracy': np.float64(0.7072989344596863), 'entropy': np.float64(1.632570743560791), 'wall_s': 2210.3}
{'iter': 53, 'env_steps': 1737552, 'episode_return_mean': nan, 'aux_ce': np.float64(0.7577171921730042), 'aux_accuracy': np.float64(0.7105929851531982), 'entropy': np.float64(1.6209440231323242), 'wall_s': 2254.9}
{'iter': 54, 'env_steps': 1770336, 'episode_return_mean': np.float64(330.64129406930556), 'aux_ce': np.float64(0.7375936508178711), 'aux_accuracy': np.float64(0.7278761267662048), 'entropy': np.float64(1.6019647121429443), 'wall_s': 2299.0}
{'iter': 55, 'env_steps': 1803120, 'episode_return_mean': np.float64(330.7268206268948), 'aux_ce': np.float64(0.7523087859153748), 'aux_accuracy': np.float64(0.7074359059333801), 'entropy': np.float64(1.5860004425048828), 'wall_s': 2344.1}
{'iter': 56, 'env_steps': 1835904, 'episode_return_mean': nan, 'aux_ce': np.float64(0.7636244297027588), 'aux_accuracy': np.float64(0.7100485563278198), 'entropy': np.float64(1.5698955059051514), 'wall_s': 2388.7}
{'iter': 57, 'env_steps': 1868688, 'episode_return_mean': np.float64(327.0496259865706), 'aux_ce': np.float64(0.7477290034294128), 'aux_accuracy': np.float64(0.7141076922416687), 'entropy': np.float64(1.5568032264709473), 'wall_s': 2433.9}
{'iter': 58, 'env_steps': 1901472, 'episode_return_mean': np.float64(329.8870328637777), 'aux_ce': np.float64(0.7588103413581848), 'aux_accuracy': np.float64(0.7120782732963562), 'entropy': np.float64(1.5458801984786987), 'wall_s': 2477.2}
{'iter': 59, 'env_steps': 1934256, 'episode_return_mean': nan, 'aux_ce': np.float64(0.7340895533561707), 'aux_accuracy': np.float64(0.7245935201644897), 'entropy': np.float64(1.5266631841659546), 'wall_s': 2518.5}
{'iter': 60, 'env_steps': 1967040, 'episode_return_mean': np.float64(332.3289543339703), 'aux_ce': np.float64(0.7438764572143555), 'aux_accuracy': np.float64(0.7252024412155151), 'entropy': np.float64(1.5112102031707764), 'wall_s': 2561.6}
{'iter': 61, 'env_steps': 1999824, 'episode_return_mean': np.float64(331.6748212021169), 'aux_ce': np.float64(0.6977867484092712), 'aux_accuracy': np.float64(0.7491586804389954), 'entropy': np.float64(1.4979006052017212), 'wall_s': 2614.9}
{'iter': 62, 'env_steps': 2032608, 'episode_return_mean': nan, 'aux_ce': np.float64(0.7810614705085754), 'aux_accuracy': np.float64(0.7004584670066833), 'entropy': np.float64(1.488855242729187), 'wall_s': 2651.8}
{'iter': 63, 'env_steps': 2065392, 'episode_return_mean': np.float64(334.9671769007685), 'aux_ce': np.float64(0.6914281845092773), 'aux_accuracy': np.float64(0.7540404200553894), 'entropy': np.float64(1.4803369045257568), 'wall_s': 2682.3}
{'iter': 64, 'env_steps': 2098176, 'episode_return_mean': np.float64(334.7842335197298), 'aux_ce': np.float64(0.7234938740730286), 'aux_accuracy': np.float64(0.7397153973579407), 'entropy': np.float64(1.466330885887146), 'wall_s': 2712.0}
{'iter': 65, 'env_steps': 2130960, 'episode_return_mean': nan, 'aux_ce': np.float64(0.7568700313568115), 'aux_accuracy': np.float64(0.712195098400116), 'entropy': np.float64(1.4558607339859009), 'wall_s': 2741.2}
{'iter': 66, 'env_steps': 2163744, 'episode_return_mean': np.float64(336.8429504476003), 'aux_ce': np.float64(0.7206326723098755), 'aux_accuracy': np.float64(0.7301793694496155), 'entropy': np.float64(1.444345474243164), 'wall_s': 2770.6}
{'iter': 67, 'env_steps': 2196528, 'episode_return_mean': np.float64(336.73139247088), 'aux_ce': np.float64(0.7360605001449585), 'aux_accuracy': np.float64(0.7226482629776001), 'entropy': np.float64(1.432187795639038), 'wall_s': 2800.7}
{'iter': 68, 'env_steps': 2229312, 'episode_return_mean': nan, 'aux_ce': np.float64(0.6927437782287598), 'aux_accuracy': np.float64(0.7506303787231445), 'entropy': np.float64(1.42142653465271), 'wall_s': 2829.2}
{'iter': 69, 'env_steps': 2262096, 'episode_return_mean': np.float64(335.14287116293013), 'aux_ce': np.float64(0.7314789295196533), 'aux_accuracy': np.float64(0.7287459373474121), 'entropy': np.float64(1.4046494960784912), 'wall_s': 2858.7}
{'iter': 70, 'env_steps': 2294880, 'episode_return_mean': np.float64(336.1701614640999), 'aux_ce': np.float64(0.7201411724090576), 'aux_accuracy': np.float64(0.7397051453590393), 'entropy': np.float64(1.396207332611084), 'wall_s': 2888.2}
{'iter': 71, 'env_steps': 2327664, 'episode_return_mean': nan, 'aux_ce': np.float64(0.7281922101974487), 'aux_accuracy': np.float64(0.730073869228363), 'entropy': np.float64(1.3860504627227783), 'wall_s': 2917.4}
{'iter': 72, 'env_steps': 2360448, 'episode_return_mean': np.float64(336.9725013925121), 'aux_ce': np.float64(0.7219951748847961), 'aux_accuracy': np.float64(0.7307102680206299), 'entropy': np.float64(1.372220516204834), 'wall_s': 2946.9}
{'iter': 73, 'env_steps': 2393232, 'episode_return_mean': np.float64(338.7526855826677), 'aux_ce': np.float64(0.7291535139083862), 'aux_accuracy': np.float64(0.7358345985412598), 'entropy': np.float64(1.3606127500534058), 'wall_s': 2976.3}
{'iter': 74, 'env_steps': 2426016, 'episode_return_mean': nan, 'aux_ce': np.float64(0.721203088760376), 'aux_accuracy': np.float64(0.7444586157798767), 'entropy': np.float64(1.3483525514602661), 'wall_s': 3005.0}
{'iter': 75, 'env_steps': 2458800, 'episode_return_mean': np.float64(341.57013503881865), 'aux_ce': np.float64(0.7074838876724243), 'aux_accuracy': np.float64(0.750318169593811), 'entropy': np.float64(1.3393720388412476), 'wall_s': 3034.8}
{'iter': 76, 'env_steps': 2491584, 'episode_return_mean': np.float64(341.92399170523703), 'aux_ce': np.float64(0.7237416505813599), 'aux_accuracy': np.float64(0.734933614730835), 'entropy': np.float64(1.3263620138168335), 'wall_s': 3064.2}
{'iter': 77, 'env_steps': 2524368, 'episode_return_mean': nan, 'aux_ce': np.float64(0.7259336113929749), 'aux_accuracy': np.float64(0.7308767437934875), 'entropy': np.float64(1.3215090036392212), 'wall_s': 3093.3}
{'iter': 78, 'env_steps': 2557152, 'episode_return_mean': np.float64(339.85561175305), 'aux_ce': np.float64(0.7350350022315979), 'aux_accuracy': np.float64(0.7312577962875366), 'entropy': np.float64(1.3119161128997803), 'wall_s': 3122.6}
{'iter': 79, 'env_steps': 2589936, 'episode_return_mean': np.float64(338.96917653564344), 'aux_ce': np.float64(0.7253101468086243), 'aux_accuracy': np.float64(0.7364400029182434), 'entropy': np.float64(1.2998771667480469), 'wall_s': 3151.7}
{'iter': 80, 'env_steps': 2622720, 'episode_return_mean': nan, 'aux_ce': np.float64(0.7611785531044006), 'aux_accuracy': np.float64(0.7135217785835266), 'entropy': np.float64(1.2904130220413208), 'wall_s': 3183.3}
{'iter': 81, 'env_steps': 2655504, 'episode_return_mean': np.float64(335.41559494559687), 'aux_ce': np.float64(0.7498140335083008), 'aux_accuracy': np.float64(0.7211394309997559), 'entropy': np.float64(1.2817001342773438), 'wall_s': 3216.1}
{'iter': 82, 'env_steps': 2688288, 'episode_return_mean': np.float64(336.40596550225456), 'aux_ce': np.float64(0.7395491600036621), 'aux_accuracy': np.float64(0.7239899039268494), 'entropy': np.float64(1.2687926292419434), 'wall_s': 3248.9}
{'iter': 83, 'env_steps': 2721072, 'episode_return_mean': nan, 'aux_ce': np.float64(0.7494167685508728), 'aux_accuracy': np.float64(0.7186785340309143), 'entropy': np.float64(1.2638733386993408), 'wall_s': 3280.7}
{'iter': 84, 'env_steps': 2753856, 'episode_return_mean': np.float64(339.0472074133244), 'aux_ce': np.float64(0.7062438130378723), 'aux_accuracy': np.float64(0.7480493187904358), 'entropy': np.float64(1.2580106258392334), 'wall_s': 3312.7}
{'iter': 85, 'env_steps': 2786640, 'episode_return_mean': np.float64(339.6593723534867), 'aux_ce': np.float64(0.7004275321960449), 'aux_accuracy': np.float64(0.7461695671081543), 'entropy': np.float64(1.2555851936340332), 'wall_s': 3344.9}
{'iter': 86, 'env_steps': 2819424, 'episode_return_mean': nan, 'aux_ce': np.float64(0.6982059478759766), 'aux_accuracy': np.float64(0.7490618228912354), 'entropy': np.float64(1.2461483478546143), 'wall_s': 3377.1}
{'iter': 87, 'env_steps': 2852208, 'episode_return_mean': np.float64(337.08929585485504), 'aux_ce': np.float64(0.7309011816978455), 'aux_accuracy': np.float64(0.7345537543296814), 'entropy': np.float64(1.240401268005371), 'wall_s': 3409.3}
{'iter': 88, 'env_steps': 2884992, 'episode_return_mean': np.float64(335.33641759559794), 'aux_ce': np.float64(0.7073262929916382), 'aux_accuracy': np.float64(0.7479140162467957), 'entropy': np.float64(1.2295533418655396), 'wall_s': 3441.5}
{'iter': 89, 'env_steps': 2917776, 'episode_return_mean': nan, 'aux_ce': np.float64(0.7224233746528625), 'aux_accuracy': np.float64(0.7369364500045776), 'entropy': np.float64(1.217798113822937), 'wall_s': 3471.2}
{'iter': 90, 'env_steps': 2950560, 'episode_return_mean': np.float64(336.5352881066683), 'aux_ce': np.float64(0.7621901631355286), 'aux_accuracy': np.float64(0.7144308686256409), 'entropy': np.float64(1.206907868385315), 'wall_s': 3502.8}
{'iter': 91, 'env_steps': 2983344, 'episode_return_mean': np.float64(338.634585500291), 'aux_ce': np.float64(0.7144659757614136), 'aux_accuracy': np.float64(0.7401614785194397), 'entropy': np.float64(1.20846688747406), 'wall_s': 3535.6}
{'iter': 92, 'env_steps': 3016128, 'episode_return_mean': nan, 'aux_ce': np.float64(0.7281640768051147), 'aux_accuracy': np.float64(0.7305699586868286), 'entropy': np.float64(1.2012577056884766), 'wall_s': 3568.1}
{'iter': 93, 'env_steps': 3048912, 'episode_return_mean': np.float64(339.16991390370947), 'aux_ce': np.float64(0.6924708485603333), 'aux_accuracy': np.float64(0.7526636123657227), 'entropy': np.float64(1.1910799741744995), 'wall_s': 3600.5}
{'iter': 94, 'env_steps': 3081696, 'episode_return_mean': np.float64(339.4268055570134), 'aux_ce': np.float64(0.7343902587890625), 'aux_accuracy': np.float64(0.7278738617897034), 'entropy': np.float64(1.1844472885131836), 'wall_s': 3633.4}
{'iter': 95, 'env_steps': 3114480, 'episode_return_mean': nan, 'aux_ce': np.float64(0.7335821986198425), 'aux_accuracy': np.float64(0.7306525111198425), 'entropy': np.float64(1.1772644519805908), 'wall_s': 3666.4}
{'iter': 96, 'env_steps': 3147264, 'episode_return_mean': np.float64(344.1850262344966), 'aux_ce': np.float64(0.7207337021827698), 'aux_accuracy': np.float64(0.732415497303009), 'entropy': np.float64(1.1707515716552734), 'wall_s': 3701.0}
{'iter': 97, 'env_steps': 3180048, 'episode_return_mean': np.float64(343.85084029671964), 'aux_ce': np.float64(0.6828347444534302), 'aux_accuracy': np.float64(0.761343240737915), 'entropy': np.float64(1.1561150550842285), 'wall_s': 3734.5}
{'iter': 98, 'env_steps': 3212832, 'episode_return_mean': nan, 'aux_ce': np.float64(0.7443391680717468), 'aux_accuracy': np.float64(0.7204764485359192), 'entropy': np.float64(1.1477257013320923), 'wall_s': 3768.3}
{'iter': 99, 'env_steps': 3245616, 'episode_return_mean': np.float64(340.59367780448), 'aux_ce': np.float64(0.7457724213600159), 'aux_accuracy': np.float64(0.7220253348350525), 'entropy': np.float64(1.1413377523422241), 'wall_s': 3801.1}
{'iter': 100, 'env_steps': 3278400, 'episode_return_mean': np.float64(342.4234013874684), 'aux_ce': np.float64(0.6975491046905518), 'aux_accuracy': np.float64(0.751693606376648), 'entropy': np.float64(1.1422452926635742), 'wall_s': 3835.0}
{'iter': 101, 'env_steps': 3311184, 'episode_return_mean': nan, 'aux_ce': np.float64(0.7157303690910339), 'aux_accuracy': np.float64(0.7418292164802551), 'entropy': np.float64(1.1323438882827759), 'wall_s': 3868.6}
{'iter': 102, 'env_steps': 3343968, 'episode_return_mean': np.float64(340.6330848731091), 'aux_ce': np.float64(0.7266764640808105), 'aux_accuracy': np.float64(0.7319949865341187), 'entropy': np.float64(1.116310954093933), 'wall_s': 3902.3}
{'iter': 103, 'env_steps': 3376752, 'episode_return_mean': np.float64(341.1966966817616), 'aux_ce': np.float64(0.7320940494537354), 'aux_accuracy': np.float64(0.7292775511741638), 'entropy': np.float64(1.1045228242874146), 'wall_s': 3935.8}
{'iter': 104, 'env_steps': 3409536, 'episode_return_mean': nan, 'aux_ce': np.float64(0.7121708989143372), 'aux_accuracy': np.float64(0.7389200329780579), 'entropy': np.float64(1.099884033203125), 'wall_s': 3968.9}
{'iter': 105, 'env_steps': 3442320, 'episode_return_mean': np.float64(338.83171532269944), 'aux_ce': np.float64(0.7239165306091309), 'aux_accuracy': np.float64(0.7339308857917786), 'entropy': np.float64(1.08299720287323), 'wall_s': 4002.7}
{'iter': 106, 'env_steps': 3475104, 'episode_return_mean': np.float64(339.8512046972594), 'aux_ce': np.float64(0.7021583914756775), 'aux_accuracy': np.float64(0.7516744136810303), 'entropy': np.float64(1.0761566162109375), 'wall_s': 4036.1}
{'iter': 107, 'env_steps': 3507888, 'episode_return_mean': nan, 'aux_ce': np.float64(0.7339572906494141), 'aux_accuracy': np.float64(0.7317997813224792), 'entropy': np.float64(1.0730804204940796), 'wall_s': 4069.4}
{'iter': 108, 'env_steps': 3540672, 'episode_return_mean': np.float64(343.94657781435035), 'aux_ce': np.float64(0.710132896900177), 'aux_accuracy': np.float64(0.7488008141517639), 'entropy': np.float64(1.0711884498596191), 'wall_s': 4102.9}
{'iter': 109, 'env_steps': 3573456, 'episode_return_mean': np.float64(343.5680777472111), 'aux_ce': np.float64(0.7479217052459717), 'aux_accuracy': np.float64(0.725723147392273), 'entropy': np.float64(1.0631542205810547), 'wall_s': 4136.0}
{'iter': 110, 'env_steps': 3606240, 'episode_return_mean': nan, 'aux_ce': np.float64(0.7085675001144409), 'aux_accuracy': np.float64(0.741125762462616), 'entropy': np.float64(1.0595753192901611), 'wall_s': 4169.2}
{'iter': 111, 'env_steps': 3639024, 'episode_return_mean': np.float64(340.3098212854814), 'aux_ce': np.float64(0.7270212173461914), 'aux_accuracy': np.float64(0.7364006042480469), 'entropy': np.float64(1.0500843524932861), 'wall_s': 4203.2}
{'iter': 112, 'env_steps': 3671808, 'episode_return_mean': np.float64(338.6992182111728), 'aux_ce': np.float64(0.7091380953788757), 'aux_accuracy': np.float64(0.7496103644371033), 'entropy': np.float64(1.0473344326019287), 'wall_s': 4236.4}
{'iter': 113, 'env_steps': 3704592, 'episode_return_mean': nan, 'aux_ce': np.float64(0.717907726764679), 'aux_accuracy': np.float64(0.734274685382843), 'entropy': np.float64(1.0454317331314087), 'wall_s': 4269.8}
{'iter': 114, 'env_steps': 3737376, 'episode_return_mean': np.float64(341.3723236024317), 'aux_ce': np.float64(0.7098128199577332), 'aux_accuracy': np.float64(0.7431471943855286), 'entropy': np.float64(1.046402096748352), 'wall_s': 4303.3}
{'iter': 115, 'env_steps': 3770160, 'episode_return_mean': np.float64(340.77053257629836), 'aux_ce': np.float64(0.7200757265090942), 'aux_accuracy': np.float64(0.7393044829368591), 'entropy': np.float64(1.0413813591003418), 'wall_s': 4336.3}
{'iter': 116, 'env_steps': 3802944, 'episode_return_mean': nan, 'aux_ce': np.float64(0.7262658476829529), 'aux_accuracy': np.float64(0.7346212267875671), 'entropy': np.float64(1.037243127822876), 'wall_s': 4370.0}
{'iter': 117, 'env_steps': 3835728, 'episode_return_mean': np.float64(340.8936067954053), 'aux_ce': np.float64(0.7162643671035767), 'aux_accuracy': np.float64(0.7424319982528687), 'entropy': np.float64(1.0323432683944702), 'wall_s': 4404.0}
{'iter': 118, 'env_steps': 3868512, 'episode_return_mean': np.float64(339.2304738807604), 'aux_ce': np.float64(0.7403272390365601), 'aux_accuracy': np.float64(0.7206704020500183), 'entropy': np.float64(1.0265886783599854), 'wall_s': 4434.6}
{'iter': 119, 'env_steps': 3901296, 'episode_return_mean': nan, 'aux_ce': np.float64(0.6963943839073181), 'aux_accuracy': np.float64(0.7544879913330078), 'entropy': np.float64(1.0280659198760986), 'wall_s': 4464.5}
{'iter': 120, 'env_steps': 3934080, 'episode_return_mean': np.float64(342.28583199216143), 'aux_ce': np.float64(0.744066059589386), 'aux_accuracy': np.float64(0.7308996319770813), 'entropy': np.float64(1.0213241577148438), 'wall_s': 4494.5}
{'iter': 121, 'env_steps': 3966864, 'episode_return_mean': np.float64(342.4827858715345), 'aux_ce': np.float64(0.7484279274940491), 'aux_accuracy': np.float64(0.7231869101524353), 'entropy': np.float64(1.0073387622833252), 'wall_s': 4527.0}
{'iter': 122, 'env_steps': 3999648, 'episode_return_mean': nan, 'aux_ce': np.float64(0.7183254361152649), 'aux_accuracy': np.float64(0.7301223278045654), 'entropy': np.float64(1.0022242069244385), 'wall_s': 4556.1}
{'iter': 123, 'env_steps': 4032432, 'episode_return_mean': np.float64(340.4115508073199), 'aux_ce': np.float64(0.7206108570098877), 'aux_accuracy': np.float64(0.7355309724807739), 'entropy': np.float64(0.9995349049568176), 'wall_s': 4585.2}
{'iter': 124, 'env_steps': 4065216, 'episode_return_mean': np.float64(339.2331809746318), 'aux_ce': np.float64(0.6929905414581299), 'aux_accuracy': np.float64(0.75), 'entropy': np.float64(1.0011634826660156), 'wall_s': 4614.7}
{'iter': 125, 'env_steps': 4098000, 'episode_return_mean': nan, 'aux_ce': np.float64(0.7158442139625549), 'aux_accuracy': np.float64(0.7383794784545898), 'entropy': np.float64(0.9941366910934448), 'wall_s': 4644.1}
{'iter': 126, 'env_steps': 4130784, 'episode_return_mean': np.float64(339.1166766980281), 'aux_ce': np.float64(0.7236618399620056), 'aux_accuracy': np.float64(0.7368031740188599), 'entropy': np.float64(0.9905180931091309), 'wall_s': 4673.6}
{'iter': 127, 'env_steps': 4163568, 'episode_return_mean': np.float64(337.8940925261717), 'aux_ce': np.float64(0.7360687851905823), 'aux_accuracy': np.float64(0.7305806279182434), 'entropy': np.float64(0.9859288334846497), 'wall_s': 4703.0}
{'iter': 128, 'env_steps': 4196352, 'episode_return_mean': nan, 'aux_ce': np.float64(0.7059109210968018), 'aux_accuracy': np.float64(0.746960461139679), 'entropy': np.float64(0.9916669130325317), 'wall_s': 4732.0}
{'iter': 129, 'env_steps': 4229136, 'episode_return_mean': np.float64(343.9126190438724), 'aux_ce': np.float64(0.7070457935333252), 'aux_accuracy': np.float64(0.7494984865188599), 'entropy': np.float64(0.9956801533699036), 'wall_s': 4761.8}
{'iter': 130, 'env_steps': 4261920, 'episode_return_mean': np.float64(343.65698811685627), 'aux_ce': np.float64(0.702430784702301), 'aux_accuracy': np.float64(0.7424431443214417), 'entropy': np.float64(0.9947553277015686), 'wall_s': 4791.3}
{'iter': 131, 'env_steps': 4294704, 'episode_return_mean': nan, 'aux_ce': np.float64(0.7354511022567749), 'aux_accuracy': np.float64(0.7284482717514038), 'entropy': np.float64(0.9963616132736206), 'wall_s': 4820.5}
{'iter': 132, 'env_steps': 4327488, 'episode_return_mean': np.float64(339.98569552571644), 'aux_ce': np.float64(0.7418997287750244), 'aux_accuracy': np.float64(0.7231352925300598), 'entropy': np.float64(1.0049229860305786), 'wall_s': 4849.0}
{'iter': 133, 'env_steps': 4360272, 'episode_return_mean': np.float64(340.11529303236705), 'aux_ce': np.float64(0.7318906188011169), 'aux_accuracy': np.float64(0.7336055040359497), 'entropy': np.float64(1.0086243152618408), 'wall_s': 4878.7}
{'iter': 134, 'env_steps': 4393056, 'episode_return_mean': nan, 'aux_ce': np.float64(0.7224894762039185), 'aux_accuracy': np.float64(0.736389696598053), 'entropy': np.float64(1.0188719034194946), 'wall_s': 4908.1}
{'iter': 135, 'env_steps': 4425840, 'episode_return_mean': np.float64(341.32244999131103), 'aux_ce': np.float64(0.707977831363678), 'aux_accuracy': np.float64(0.7467237710952759), 'entropy': np.float64(1.0254789590835571), 'wall_s': 4936.5}
{'iter': 136, 'env_steps': 4458624, 'episode_return_mean': np.float64(340.42231521967983), 'aux_ce': np.float64(0.7345139384269714), 'aux_accuracy': np.float64(0.7253174185752869), 'entropy': np.float64(1.0344287157058716), 'wall_s': 4966.8}
{'iter': 137, 'env_steps': 4491408, 'episode_return_mean': nan, 'aux_ce': np.float64(0.7213327884674072), 'aux_accuracy': np.float64(0.7381255030632019), 'entropy': np.float64(1.0434671640396118), 'wall_s': 4996.8}
{'iter': 138, 'env_steps': 4524192, 'episode_return_mean': np.float64(338.894301447433), 'aux_ce': np.float64(0.7363956570625305), 'aux_accuracy': np.float64(0.732741117477417), 'entropy': np.float64(1.0510703325271606), 'wall_s': 5025.5}
{'iter': 139, 'env_steps': 4556976, 'episode_return_mean': np.float64(338.9381731908703), 'aux_ce': np.float64(0.7022587060928345), 'aux_accuracy': np.float64(0.751799464225769), 'entropy': np.float64(1.0574781894683838), 'wall_s': 5055.9}
{'iter': 140, 'env_steps': 4589760, 'episode_return_mean': nan, 'aux_ce': np.float64(0.7008169293403625), 'aux_accuracy': np.float64(0.7492454648017883), 'entropy': np.float64(1.0608820915222168), 'wall_s': 5085.0}
{'iter': 141, 'env_steps': 4622544, 'episode_return_mean': np.float64(335.88113903686406), 'aux_ce': np.float64(0.7224681973457336), 'aux_accuracy': np.float64(0.7344818711280823), 'entropy': np.float64(1.0714143514633179), 'wall_s': 5113.8}
{'iter': 142, 'env_steps': 4655328, 'episode_return_mean': np.float64(336.9833827754295), 'aux_ce': np.float64(0.766322672367096), 'aux_accuracy': np.float64(0.7142857313156128), 'entropy': np.float64(1.080629587173462), 'wall_s': 5143.8}
{'iter': 143, 'env_steps': 4688112, 'episode_return_mean': nan, 'aux_ce': np.float64(0.7205975651741028), 'aux_accuracy': np.float64(0.7384963631629944), 'entropy': np.float64(1.089842438697815), 'wall_s': 5173.2}
{'iter': 144, 'env_steps': 4720896, 'episode_return_mean': np.float64(336.02693572934686), 'aux_ce': np.float64(0.7183670401573181), 'aux_accuracy': np.float64(0.7379610538482666), 'entropy': np.float64(1.1018047332763672), 'wall_s': 5202.8}
{'iter': 145, 'env_steps': 4753680, 'episode_return_mean': np.float64(335.1780690534215), 'aux_ce': np.float64(0.7067045569419861), 'aux_accuracy': np.float64(0.738291323184967), 'entropy': np.float64(1.1062705516815186), 'wall_s': 5231.6}
{'iter': 146, 'env_steps': 4786464, 'episode_return_mean': nan, 'aux_ce': np.float64(0.733745276927948), 'aux_accuracy': np.float64(0.7295437455177307), 'entropy': np.float64(1.1109132766723633), 'wall_s': 5260.9}
{'iter': 147, 'env_steps': 4819248, 'episode_return_mean': np.float64(339.81239788005684), 'aux_ce': np.float64(0.7257188558578491), 'aux_accuracy': np.float64(0.7325188517570496), 'entropy': np.float64(1.1143641471862793), 'wall_s': 5290.3}
{'iter': 148, 'env_steps': 4852032, 'episode_return_mean': np.float64(338.80445010012454), 'aux_ce': np.float64(0.7445886731147766), 'aux_accuracy': np.float64(0.7213494777679443), 'entropy': np.float64(1.1215523481369019), 'wall_s': 5319.8}
{'iter': 149, 'env_steps': 4884816, 'episode_return_mean': nan, 'aux_ce': np.float64(0.7024989724159241), 'aux_accuracy': np.float64(0.745093047618866), 'entropy': np.float64(1.1282709836959839), 'wall_s': 5349.0}
{'iter': 150, 'env_steps': 4917600, 'episode_return_mean': np.float64(338.96691641317847), 'aux_ce': np.float64(0.7432736158370972), 'aux_accuracy': np.float64(0.7235263586044312), 'entropy': np.float64(1.1354775428771973), 'wall_s': 5378.5}
{'iter': 151, 'env_steps': 4950384, 'episode_return_mean': np.float64(339.85886090822964), 'aux_ce': np.float64(0.7443684935569763), 'aux_accuracy': np.float64(0.7241725325584412), 'entropy': np.float64(1.1404492855072021), 'wall_s': 5408.0}
{'iter': 152, 'env_steps': 4983168, 'episode_return_mean': nan, 'aux_ce': np.float64(0.7349872589111328), 'aux_accuracy': np.float64(0.7242169380187988), 'entropy': np.float64(1.1476354598999023), 'wall_s': 5437.6}
{'iter': 153, 'env_steps': 5015952, 'episode_return_mean': np.float64(339.85622654432166), 'aux_ce': np.float64(0.712192714214325), 'aux_accuracy': np.float64(0.7428354024887085), 'entropy': np.float64(1.1468112468719482), 'wall_s': 5467.3}
{'iter': 154, 'env_steps': 5048736, 'episode_return_mean': np.float64(339.4353706638887), 'aux_ce': np.float64(0.6911309957504272), 'aux_accuracy': np.float64(0.753865659236908), 'entropy': np.float64(1.1554954051971436), 'wall_s': 5496.5}
{'iter': 155, 'env_steps': 5081520, 'episode_return_mean': nan, 'aux_ce': np.float64(0.7218837738037109), 'aux_accuracy': np.float64(0.7315896153450012), 'entropy': np.float64(1.1574499607086182), 'wall_s': 5525.4}
{'iter': 156, 'env_steps': 5114304, 'episode_return_mean': np.float64(340.98619955203833), 'aux_ce': np.float64(0.7412370443344116), 'aux_accuracy': np.float64(0.7229384779930115), 'entropy': np.float64(1.1637535095214844), 'wall_s': 5555.4}
{'iter': 157, 'env_steps': 5147088, 'episode_return_mean': np.float64(339.024985631194), 'aux_ce': np.float64(0.7044893503189087), 'aux_accuracy': np.float64(0.7401045560836792), 'entropy': np.float64(1.16335129737854), 'wall_s': 5585.5}
{'iter': 158, 'env_steps': 5179872, 'episode_return_mean': nan, 'aux_ce': np.float64(0.748943567276001), 'aux_accuracy': np.float64(0.7230573296546936), 'entropy': np.float64(1.172137975692749), 'wall_s': 5615.5}
{'iter': 159, 'env_steps': 5212656, 'episode_return_mean': np.float64(337.2133489385028), 'aux_ce': np.float64(0.7466080784797668), 'aux_accuracy': np.float64(0.7184466123580933), 'entropy': np.float64(1.1802705526351929), 'wall_s': 5645.0}
{'iter': 160, 'env_steps': 5245440, 'episode_return_mean': np.float64(338.6747637940455), 'aux_ce': np.float64(0.747347354888916), 'aux_accuracy': np.float64(0.7224500179290771), 'entropy': np.float64(1.1827372312545776), 'wall_s': 5674.3}
{'iter': 161, 'env_steps': 5278224, 'episode_return_mean': nan, 'aux_ce': np.float64(0.7468836307525635), 'aux_accuracy': np.float64(0.7150795459747314), 'entropy': np.float64(1.1877527236938477), 'wall_s': 5704.2}
{'iter': 162, 'env_steps': 5311008, 'episode_return_mean': np.float64(337.5951904430247), 'aux_ce': np.float64(0.717947244644165), 'aux_accuracy': np.float64(0.7333333492279053), 'entropy': np.float64(1.191004753112793), 'wall_s': 5734.4}
{'iter': 163, 'env_steps': 5343792, 'episode_return_mean': np.float64(337.22551484416965), 'aux_ce': np.float64(0.7036540508270264), 'aux_accuracy': np.float64(0.7410669326782227), 'entropy': np.float64(1.1935863494873047), 'wall_s': 5764.3}
{'iter': 164, 'env_steps': 5376576, 'episode_return_mean': nan, 'aux_ce': np.float64(0.7431918382644653), 'aux_accuracy': np.float64(0.7188621163368225), 'entropy': np.float64(1.1967239379882812), 'wall_s': 5793.1}
{'iter': 165, 'env_steps': 5409360, 'episode_return_mean': np.float64(333.79404840086363), 'aux_ce': np.float64(0.7172852754592896), 'aux_accuracy': np.float64(0.7336366176605225), 'entropy': np.float64(1.2040622234344482), 'wall_s': 5822.6}
{'iter': 166, 'env_steps': 5442144, 'episode_return_mean': np.float64(333.897159021898), 'aux_ce': np.float64(0.7120864391326904), 'aux_accuracy': np.float64(0.740263044834137), 'entropy': np.float64(1.21048104763031), 'wall_s': 5852.5}
{'iter': 167, 'env_steps': 5474928, 'episode_return_mean': nan, 'aux_ce': np.float64(0.72503262758255), 'aux_accuracy': np.float64(0.7305541634559631), 'entropy': np.float64(1.212185263633728), 'wall_s': 5881.1}
{'iter': 168, 'env_steps': 5507712, 'episode_return_mean': np.float64(338.6991249132493), 'aux_ce': np.float64(0.7480518817901611), 'aux_accuracy': np.float64(0.7185090184211731), 'entropy': np.float64(1.2192683219909668), 'wall_s': 5911.1}
{'iter': 169, 'env_steps': 5540496, 'episode_return_mean': np.float64(338.9958237456061), 'aux_ce': np.float64(0.7181337475776672), 'aux_accuracy': np.float64(0.7430769205093384), 'entropy': np.float64(1.2264087200164795), 'wall_s': 5940.6}
{'iter': 170, 'env_steps': 5573280, 'episode_return_mean': nan, 'aux_ce': np.float64(0.7357684373855591), 'aux_accuracy': np.float64(0.726742684841156), 'entropy': np.float64(1.231445550918579), 'wall_s': 5969.7}
{'iter': 171, 'env_steps': 5606064, 'episode_return_mean': np.float64(334.7288591192023), 'aux_ce': np.float64(0.7459408640861511), 'aux_accuracy': np.float64(0.7171664834022522), 'entropy': np.float64(1.2373881340026855), 'wall_s': 5999.1}
{'iter': 172, 'env_steps': 5638848, 'episode_return_mean': np.float64(335.5885551393935), 'aux_ce': np.float64(0.7434645891189575), 'aux_accuracy': np.float64(0.7212614417076111), 'entropy': np.float64(1.2466895580291748), 'wall_s': 6028.4}
{'iter': 173, 'env_steps': 5671632, 'episode_return_mean': nan, 'aux_ce': np.float64(0.7108250260353088), 'aux_accuracy': np.float64(0.7407596111297607), 'entropy': np.float64(1.2535909414291382), 'wall_s': 6057.0}
{'iter': 174, 'env_steps': 5704416, 'episode_return_mean': np.float64(335.7683176327681), 'aux_ce': np.float64(0.7140873074531555), 'aux_accuracy': np.float64(0.7413879036903381), 'entropy': np.float64(1.2590522766113281), 'wall_s': 6086.9}
{'iter': 175, 'env_steps': 5737200, 'episode_return_mean': np.float64(335.01969495684773), 'aux_ce': np.float64(0.7037574052810669), 'aux_accuracy': np.float64(0.743660569190979), 'entropy': np.float64(1.2597780227661133), 'wall_s': 6116.4}
{'iter': 176, 'env_steps': 5769984, 'episode_return_mean': nan, 'aux_ce': np.float64(0.7278130650520325), 'aux_accuracy': np.float64(0.7305236458778381), 'entropy': np.float64(1.264045000076294), 'wall_s': 6145.6}
{'iter': 177, 'env_steps': 5802768, 'episode_return_mean': np.float64(338.1620479907026), 'aux_ce': np.float64(0.7536851763725281), 'aux_accuracy': np.float64(0.7173110246658325), 'entropy': np.float64(1.2649911642074585), 'wall_s': 6175.4}
{'iter': 178, 'env_steps': 5835552, 'episode_return_mean': np.float64(337.3421830199479), 'aux_ce': np.float64(0.7615333199501038), 'aux_accuracy': np.float64(0.7039756774902344), 'entropy': np.float64(1.2694112062454224), 'wall_s': 6205.5}
{'iter': 179, 'env_steps': 5868336, 'episode_return_mean': nan, 'aux_ce': np.float64(0.7711501121520996), 'aux_accuracy': np.float64(0.7090628147125244), 'entropy': np.float64(1.2710744142532349), 'wall_s': 6234.3}
{'iter': 180, 'env_steps': 5901120, 'episode_return_mean': np.float64(331.93016629164276), 'aux_ce': np.float64(0.7409051060676575), 'aux_accuracy': np.float64(0.7249108552932739), 'entropy': np.float64(1.2766591310501099), 'wall_s': 6263.3}
{'iter': 181, 'env_steps': 5933904, 'episode_return_mean': np.float64(332.83584517945644), 'aux_ce': np.float64(0.7253496050834656), 'aux_accuracy': np.float64(0.7285858988761902), 'entropy': np.float64(1.2781155109405518), 'wall_s': 6292.5}
{'iter': 182, 'env_steps': 5966688, 'episode_return_mean': nan, 'aux_ce': np.float64(0.7174623012542725), 'aux_accuracy': np.float64(0.7445034384727478), 'entropy': np.float64(1.2790522575378418), 'wall_s': 6321.2}
{'iter': 183, 'env_steps': 5999472, 'episode_return_mean': np.float64(340.24130615035233), 'aux_ce': np.float64(0.7364605069160461), 'aux_accuracy': np.float64(0.7233341932296753), 'entropy': np.float64(1.2837002277374268), 'wall_s': 6350.0}
{'iter': 184, 'env_steps': 6032256, 'episode_return_mean': np.float64(340.38655239916574), 'aux_ce': np.float64(0.7454589009284973), 'aux_accuracy': np.float64(0.7188138961791992), 'entropy': np.float64(1.2905654907226562), 'wall_s': 6379.1}
{'iter': 185, 'env_steps': 6065040, 'episode_return_mean': nan, 'aux_ce': np.float64(0.6926999688148499), 'aux_accuracy': np.float64(0.754550039768219), 'entropy': np.float64(1.2936800718307495), 'wall_s': 6408.0}
{'iter': 186, 'env_steps': 6097824, 'episode_return_mean': np.float64(339.0675579473641), 'aux_ce': np.float64(0.713520348072052), 'aux_accuracy': np.float64(0.7344503402709961), 'entropy': np.float64(1.3001890182495117), 'wall_s': 6436.5}
{'iter': 187, 'env_steps': 6130608, 'episode_return_mean': np.float64(338.72074202347693), 'aux_ce': np.float64(0.7282251119613647), 'aux_accuracy': np.float64(0.7290826439857483), 'entropy': np.float64(1.3072564601898193), 'wall_s': 6465.7}
{'iter': 188, 'env_steps': 6163392, 'episode_return_mean': nan, 'aux_ce': np.float64(0.7334304451942444), 'aux_accuracy': np.float64(0.7305947542190552), 'entropy': np.float64(1.3157422542572021), 'wall_s': 6494.8}
{'iter': 189, 'env_steps': 6196176, 'episode_return_mean': np.float64(339.0795179345119), 'aux_ce': np.float64(0.74037104845047), 'aux_accuracy': np.float64(0.7220805883407593), 'entropy': np.float64(1.3130651712417603), 'wall_s': 6523.4}
{'iter': 190, 'env_steps': 6228960, 'episode_return_mean': np.float64(337.2608398170645), 'aux_ce': np.float64(0.7395206093788147), 'aux_accuracy': np.float64(0.7257373332977295), 'entropy': np.float64(1.315403938293457), 'wall_s': 6552.3}
{'iter': 191, 'env_steps': 6261744, 'episode_return_mean': nan, 'aux_ce': np.float64(0.7404397130012512), 'aux_accuracy': np.float64(0.7299546003341675), 'entropy': np.float64(1.3174006938934326), 'wall_s': 6581.0}
{'iter': 192, 'env_steps': 6294528, 'episode_return_mean': np.float64(335.6113180688019), 'aux_ce': np.float64(0.7563633322715759), 'aux_accuracy': np.float64(0.7085106372833252), 'entropy': np.float64(1.319237232208252), 'wall_s': 6610.4}
{'iter': 193, 'env_steps': 6327312, 'episode_return_mean': np.float64(335.8410798606017), 'aux_ce': np.float64(0.7296790480613708), 'aux_accuracy': np.float64(0.7302598357200623), 'entropy': np.float64(1.3246073722839355), 'wall_s': 6639.7}
{'iter': 194, 'env_steps': 6360096, 'episode_return_mean': nan, 'aux_ce': np.float64(0.7273679375648499), 'aux_accuracy': np.float64(0.728192150592804), 'entropy': np.float64(1.3276089429855347), 'wall_s': 6668.7}
{'iter': 195, 'env_steps': 6392880, 'episode_return_mean': np.float64(338.94104656053645), 'aux_ce': np.float64(0.7243152260780334), 'aux_accuracy': np.float64(0.735983669757843), 'entropy': np.float64(1.33096182346344), 'wall_s': 6698.1}
{'iter': 196, 'env_steps': 6425664, 'episode_return_mean': np.float64(336.01121313418315), 'aux_ce': np.float64(0.7225345969200134), 'aux_accuracy': np.float64(0.730988085269928), 'entropy': np.float64(1.3331973552703857), 'wall_s': 6727.6}
{'iter': 197, 'env_steps': 6458448, 'episode_return_mean': nan, 'aux_ce': np.float64(0.734925389289856), 'aux_accuracy': np.float64(0.7246811985969543), 'entropy': np.float64(1.3388301134109497), 'wall_s': 6757.3}
{'iter': 198, 'env_steps': 6491232, 'episode_return_mean': np.float64(335.5762651806965), 'aux_ce': np.float64(0.717607855796814), 'aux_accuracy': np.float64(0.7302030324935913), 'entropy': np.float64(1.3415025472640991), 'wall_s': 6786.4}
{'iter': 199, 'env_steps': 6524016, 'episode_return_mean': np.float64(332.050300817995), 'aux_ce': np.float64(0.717246949672699), 'aux_accuracy': np.float64(0.7327131032943726), 'entropy': np.float64(1.3487571477890015), 'wall_s': 6816.5}
{'iter': 200, 'env_steps': 6556800, 'episode_return_mean': nan, 'aux_ce': np.float64(0.7211433053016663), 'aux_accuracy': np.float64(0.7398682832717896), 'entropy': np.float64(1.3588659763336182), 'wall_s': 6846.0}
{'iter': 201, 'env_steps': 6589584, 'episode_return_mean': np.float64(334.7684832095448), 'aux_ce': np.float64(0.719679594039917), 'aux_accuracy': np.float64(0.7365828156471252), 'entropy': np.float64(1.3585458993911743), 'wall_s': 6875.8}
{'iter': 202, 'env_steps': 6622368, 'episode_return_mean': np.float64(335.0980470513068), 'aux_ce': np.float64(0.7169956564903259), 'aux_accuracy': np.float64(0.733635425567627), 'entropy': np.float64(1.3665742874145508), 'wall_s': 6905.0}
{'iter': 203, 'env_steps': 6655152, 'episode_return_mean': nan, 'aux_ce': np.float64(0.7170478701591492), 'aux_accuracy': np.float64(0.7377049326896667), 'entropy': np.float64(1.3713219165802002), 'wall_s': 6934.4}
{'iter': 204, 'env_steps': 6687936, 'episode_return_mean': np.float64(335.0675265761258), 'aux_ce': np.float64(0.7190873026847839), 'aux_accuracy': np.float64(0.7391085624694824), 'entropy': np.float64(1.3729430437088013), 'wall_s': 6963.7}
{'iter': 205, 'env_steps': 6720720, 'episode_return_mean': np.float64(336.49511175369116), 'aux_ce': np.float64(0.7378787994384766), 'aux_accuracy': np.float64(0.7281219363212585), 'entropy': np.float64(1.3751978874206543), 'wall_s': 6992.9}
{'iter': 206, 'env_steps': 6753504, 'episode_return_mean': nan, 'aux_ce': np.float64(0.7305812239646912), 'aux_accuracy': np.float64(0.72706538438797), 'entropy': np.float64(1.379943609237671), 'wall_s': 7022.3}
{'iter': 207, 'env_steps': 6786288, 'episode_return_mean': np.float64(335.37779063175344), 'aux_ce': np.float64(0.7488248944282532), 'aux_accuracy': np.float64(0.7137176990509033), 'entropy': np.float64(1.382725715637207), 'wall_s': 7051.8}
{'iter': 208, 'env_steps': 6819072, 'episode_return_mean': np.float64(335.09868375947997), 'aux_ce': np.float64(0.7361154556274414), 'aux_accuracy': np.float64(0.7204142212867737), 'entropy': np.float64(1.3829145431518555), 'wall_s': 7080.8}
{'iter': 209, 'env_steps': 6851856, 'episode_return_mean': nan, 'aux_ce': np.float64(0.7069711685180664), 'aux_accuracy': np.float64(0.7383010983467102), 'entropy': np.float64(1.384887456893921), 'wall_s': 7110.3}
{'iter': 210, 'env_steps': 6884640, 'episode_return_mean': np.float64(330.85755914285824), 'aux_ce': np.float64(0.7285968661308289), 'aux_accuracy': np.float64(0.7302277684211731), 'entropy': np.float64(1.3894675970077515), 'wall_s': 7139.8}
{'iter': 211, 'env_steps': 6917424, 'episode_return_mean': np.float64(333.3745209029752), 'aux_ce': np.float64(0.7546525597572327), 'aux_accuracy': np.float64(0.7194651365280151), 'entropy': np.float64(1.394892692565918), 'wall_s': 7170.1}
{'iter': 212, 'env_steps': 6950208, 'episode_return_mean': nan, 'aux_ce': np.float64(0.7136955261230469), 'aux_accuracy': np.float64(0.7423423528671265), 'entropy': np.float64(1.3969237804412842), 'wall_s': 7199.6}
{'iter': 213, 'env_steps': 6982992, 'episode_return_mean': np.float64(331.83450315216294), 'aux_ce': np.float64(0.7451944947242737), 'aux_accuracy': np.float64(0.7209181189537048), 'entropy': np.float64(1.4037724733352661), 'wall_s': 7229.9}
{'iter': 214, 'env_steps': 7015776, 'episode_return_mean': np.float64(330.4382440077864), 'aux_ce': np.float64(0.7415579557418823), 'aux_accuracy': np.float64(0.7185297012329102), 'entropy': np.float64(1.408646821975708), 'wall_s': 7260.1}
{'iter': 215, 'env_steps': 7048560, 'episode_return_mean': nan, 'aux_ce': np.float64(0.7501406669616699), 'aux_accuracy': np.float64(0.7104015946388245), 'entropy': np.float64(1.4127596616744995), 'wall_s': 7289.8}
{'iter': 216, 'env_steps': 7081344, 'episode_return_mean': np.float64(334.2107829923077), 'aux_ce': np.float64(0.7256006002426147), 'aux_accuracy': np.float64(0.7330328226089478), 'entropy': np.float64(1.413299560546875), 'wall_s': 7320.5}
{'iter': 217, 'env_steps': 7114128, 'episode_return_mean': np.float64(333.8835879137546), 'aux_ce': np.float64(0.7509986758232117), 'aux_accuracy': np.float64(0.7079668641090393), 'entropy': np.float64(1.4117456674575806), 'wall_s': 7351.0}
{'iter': 218, 'env_steps': 7146912, 'episode_return_mean': nan, 'aux_ce': np.float64(0.7416333556175232), 'aux_accuracy': np.float64(0.7227773666381836), 'entropy': np.float64(1.4151099920272827), 'wall_s': 7381.6}
{'iter': 219, 'env_steps': 7179696, 'episode_return_mean': np.float64(334.47118751083065), 'aux_ce': np.float64(0.705382227897644), 'aux_accuracy': np.float64(0.741249680519104), 'entropy': np.float64(1.4202935695648193), 'wall_s': 7411.6}
{'iter': 220, 'env_steps': 7212480, 'episode_return_mean': np.float64(336.52525247070196), 'aux_ce': np.float64(0.7151290774345398), 'aux_accuracy': np.float64(0.7371355891227722), 'entropy': np.float64(1.421382188796997), 'wall_s': 7442.4}
{'iter': 221, 'env_steps': 7245264, 'episode_return_mean': nan, 'aux_ce': np.float64(0.743739128112793), 'aux_accuracy': np.float64(0.7235174775123596), 'entropy': np.float64(1.423490285873413), 'wall_s': 7472.3}
{'iter': 222, 'env_steps': 7278048, 'episode_return_mean': np.float64(334.06047061188326), 'aux_ce': np.float64(0.773907482624054), 'aux_accuracy': np.float64(0.6955538988113403), 'entropy': np.float64(1.4261817932128906), 'wall_s': 7502.0}
{'iter': 223, 'env_steps': 7310832, 'episode_return_mean': np.float64(333.880594365944), 'aux_ce': np.float64(0.7259373664855957), 'aux_accuracy': np.float64(0.7285423874855042), 'entropy': np.float64(1.4305840730667114), 'wall_s': 7530.3}
{'iter': 224, 'env_steps': 7343616, 'episode_return_mean': nan, 'aux_ce': np.float64(0.7731952667236328), 'aux_accuracy': np.float64(0.7034134268760681), 'entropy': np.float64(1.4329922199249268), 'wall_s': 7558.4}
{'iter': 225, 'env_steps': 7376400, 'episode_return_mean': np.float64(332.2216603490359), 'aux_ce': np.float64(0.7430843114852905), 'aux_accuracy': np.float64(0.7191798090934753), 'entropy': np.float64(1.4391937255859375), 'wall_s': 7585.1}
{'iter': 226, 'env_steps': 7409184, 'episode_return_mean': np.float64(330.7510027844696), 'aux_ce': np.float64(0.7456153035163879), 'aux_accuracy': np.float64(0.7256980538368225), 'entropy': np.float64(1.440288782119751), 'wall_s': 7613.2}
{'iter': 227, 'env_steps': 7441968, 'episode_return_mean': nan, 'aux_ce': np.float64(0.767691433429718), 'aux_accuracy': np.float64(0.7004089951515198), 'entropy': np.float64(1.4441941976547241), 'wall_s': 7641.5}
{'iter': 228, 'env_steps': 7474752, 'episode_return_mean': np.float64(327.8782653788129), 'aux_ce': np.float64(0.7370693683624268), 'aux_accuracy': np.float64(0.7183746695518494), 'entropy': np.float64(1.4534053802490234), 'wall_s': 7669.7}
{'iter': 229, 'env_steps': 7507536, 'episode_return_mean': np.float64(329.5687993340508), 'aux_ce': np.float64(0.7265501618385315), 'aux_accuracy': np.float64(0.7246196269989014), 'entropy': np.float64(1.4560463428497314), 'wall_s': 7698.7}
{'iter': 230, 'env_steps': 7540320, 'episode_return_mean': nan, 'aux_ce': np.float64(0.747821569442749), 'aux_accuracy': np.float64(0.7151207327842712), 'entropy': np.float64(1.4573915004730225), 'wall_s': 7727.4}
{'iter': 231, 'env_steps': 7573104, 'episode_return_mean': np.float64(327.9293600310343), 'aux_ce': np.float64(0.7725083231925964), 'aux_accuracy': np.float64(0.6998729109764099), 'entropy': np.float64(1.4605534076690674), 'wall_s': 7755.9}
{'iter': 232, 'env_steps': 7605888, 'episode_return_mean': np.float64(327.3869610582818), 'aux_ce': np.float64(0.7378343343734741), 'aux_accuracy': np.float64(0.7231162190437317), 'entropy': np.float64(1.4650355577468872), 'wall_s': 7785.1}
{'iter': 233, 'env_steps': 7638672, 'episode_return_mean': nan, 'aux_ce': np.float64(0.7444695830345154), 'aux_accuracy': np.float64(0.720912754535675), 'entropy': np.float64(1.4693083763122559), 'wall_s': 7813.9}
{'iter': 234, 'env_steps': 7671456, 'episode_return_mean': np.float64(329.393618927671), 'aux_ce': np.float64(0.7610166072845459), 'aux_accuracy': np.float64(0.7060320973396301), 'entropy': np.float64(1.4721235036849976), 'wall_s': 7842.5}
{'iter': 235, 'env_steps': 7704240, 'episode_return_mean': np.float64(329.63237744080436), 'aux_ce': np.float64(0.7732807397842407), 'aux_accuracy': np.float64(0.69482421875), 'entropy': np.float64(1.4730722904205322), 'wall_s': 7871.5}
{'iter': 236, 'env_steps': 7737024, 'episode_return_mean': nan, 'aux_ce': np.float64(0.7471473217010498), 'aux_accuracy': np.float64(0.7192093133926392), 'entropy': np.float64(1.4771591424942017), 'wall_s': 7899.1}
{'iter': 237, 'env_steps': 7769808, 'episode_return_mean': np.float64(328.26035636385393), 'aux_ce': np.float64(0.7158082127571106), 'aux_accuracy': np.float64(0.7345399856567383), 'entropy': np.float64(1.4788196086883545), 'wall_s': 7924.6}
{'iter': 238, 'env_steps': 7802592, 'episode_return_mean': np.float64(330.65795311139806), 'aux_ce': np.float64(0.746050238609314), 'aux_accuracy': np.float64(0.7200897336006165), 'entropy': np.float64(1.4841029644012451), 'wall_s': 7950.2}
{'iter': 239, 'env_steps': 7835376, 'episode_return_mean': nan, 'aux_ce': np.float64(0.7411166429519653), 'aux_accuracy': np.float64(0.7190867066383362), 'entropy': np.float64(1.4863593578338623), 'wall_s': 7976.1}
{'iter': 240, 'env_steps': 7868160, 'episode_return_mean': np.float64(336.3491796444687), 'aux_ce': np.float64(0.7222504019737244), 'aux_accuracy': np.float64(0.7294088006019592), 'entropy': np.float64(1.4889812469482422), 'wall_s': 8001.8}
{'iter': 241, 'env_steps': 7900944, 'episode_return_mean': np.float64(336.29457282481803), 'aux_ce': np.float64(0.7457253336906433), 'aux_accuracy': np.float64(0.7167983651161194), 'entropy': np.float64(1.4904205799102783), 'wall_s': 8027.9}
{'iter': 242, 'env_steps': 7933728, 'episode_return_mean': nan, 'aux_ce': np.float64(0.7356665134429932), 'aux_accuracy': np.float64(0.725100576877594), 'entropy': np.float64(1.4946579933166504), 'wall_s': 8053.3}
{'iter': 243, 'env_steps': 7966512, 'episode_return_mean': np.float64(336.6723587717786), 'aux_ce': np.float64(0.7425158023834229), 'aux_accuracy': np.float64(0.7220996022224426), 'entropy': np.float64(1.4986382722854614), 'wall_s': 8078.5}
{'iter': 244, 'env_steps': 7999296, 'episode_return_mean': np.float64(336.779530995879), 'aux_ce': np.float64(0.7147052884101868), 'aux_accuracy': np.float64(0.7405110597610474), 'entropy': np.float64(1.4963209629058838), 'wall_s': 8104.0}
{'iter': 245, 'env_steps': 8032080, 'episode_return_mean': nan, 'aux_ce': np.float64(0.7455978393554688), 'aux_accuracy': np.float64(0.7199190855026245), 'entropy': np.float64(1.4957380294799805), 'wall_s': 8129.4}
{'iter': 246, 'env_steps': 8064864, 'episode_return_mean': np.float64(333.70712258354865), 'aux_ce': np.float64(0.7326070666313171), 'aux_accuracy': np.float64(0.7283341884613037), 'entropy': np.float64(1.50204336643219), 'wall_s': 8154.8}
{'iter': 247, 'env_steps': 8097648, 'episode_return_mean': np.float64(334.63666536657433), 'aux_ce': np.float64(0.7409201860427856), 'aux_accuracy': np.float64(0.7196502089500427), 'entropy': np.float64(1.5048134326934814), 'wall_s': 8180.1}
{'iter': 248, 'env_steps': 8130432, 'episode_return_mean': nan, 'aux_ce': np.float64(0.7590246796607971), 'aux_accuracy': np.float64(0.7065382599830627), 'entropy': np.float64(1.5087052583694458), 'wall_s': 8205.4}
{'iter': 249, 'env_steps': 8163216, 'episode_return_mean': np.float64(332.4181326945711), 'aux_ce': np.float64(0.7490388751029968), 'aux_accuracy': np.float64(0.713102400302887), 'entropy': np.float64(1.5131865739822388), 'wall_s': 8230.7}
{'iter': 250, 'env_steps': 8196000, 'episode_return_mean': np.float64(333.6169457326188), 'aux_ce': np.float64(0.719883382320404), 'aux_accuracy': np.float64(0.7307309508323669), 'entropy': np.float64(1.5222588777542114), 'wall_s': 8256.5}
{'iter': 251, 'env_steps': 8228784, 'episode_return_mean': nan, 'aux_ce': np.float64(0.719777524471283), 'aux_accuracy': np.float64(0.7350859642028809), 'entropy': np.float64(1.5298492908477783), 'wall_s': 8281.9}
{'iter': 252, 'env_steps': 8261568, 'episode_return_mean': np.float64(333.1781287621705), 'aux_ce': np.float64(0.7199398875236511), 'aux_accuracy': np.float64(0.7355931997299194), 'entropy': np.float64(1.5250475406646729), 'wall_s': 8307.6}
{'iter': 253, 'env_steps': 8294352, 'episode_return_mean': np.float64(335.2871568935548), 'aux_ce': np.float64(0.7641314268112183), 'aux_accuracy': np.float64(0.71090167760849), 'entropy': np.float64(1.527117371559143), 'wall_s': 8333.4}
{'iter': 254, 'env_steps': 8327136, 'episode_return_mean': nan, 'aux_ce': np.float64(0.729144811630249), 'aux_accuracy': np.float64(0.7316519618034363), 'entropy': np.float64(1.5243068933486938), 'wall_s': 8358.9}
{'iter': 255, 'env_steps': 8359920, 'episode_return_mean': np.float64(330.4524662166016), 'aux_ce': np.float64(0.7702118754386902), 'aux_accuracy': np.float64(0.7032308578491211), 'entropy': np.float64(1.5272825956344604), 'wall_s': 8384.4}
{'iter': 256, 'env_steps': 8392704, 'episode_return_mean': np.float64(331.7568787579185), 'aux_ce': np.float64(0.7623706459999084), 'aux_accuracy': np.float64(0.7096030712127686), 'entropy': np.float64(1.5304300785064697), 'wall_s': 8410.1}
{'iter': 257, 'env_steps': 8425488, 'episode_return_mean': nan, 'aux_ce': np.float64(0.7257294654846191), 'aux_accuracy': np.float64(0.7320696711540222), 'entropy': np.float64(1.5311567783355713), 'wall_s': 8435.4}
{'iter': 258, 'env_steps': 8458272, 'episode_return_mean': np.float64(334.022922100645), 'aux_ce': np.float64(0.7083641290664673), 'aux_accuracy': np.float64(0.7420973181724548), 'entropy': np.float64(1.5336368083953857), 'wall_s': 8460.7}
{'iter': 259, 'env_steps': 8491056, 'episode_return_mean': np.float64(335.16969873831874), 'aux_ce': np.float64(0.7068886756896973), 'aux_accuracy': np.float64(0.7374245524406433), 'entropy': np.float64(1.5353200435638428), 'wall_s': 8486.1}
{'iter': 260, 'env_steps': 8523840, 'episode_return_mean': nan, 'aux_ce': np.float64(0.7493310570716858), 'aux_accuracy': np.float64(0.7196950316429138), 'entropy': np.float64(1.534217119216919), 'wall_s': 8511.4}
{'iter': 261, 'env_steps': 8556624, 'episode_return_mean': np.float64(332.1006153354973), 'aux_ce': np.float64(0.7490278482437134), 'aux_accuracy': np.float64(0.7155042886734009), 'entropy': np.float64(1.539412260055542), 'wall_s': 8536.4}
{'iter': 262, 'env_steps': 8589408, 'episode_return_mean': np.float64(336.58831446584986), 'aux_ce': np.float64(0.7443500757217407), 'aux_accuracy': np.float64(0.7200101613998413), 'entropy': np.float64(1.5404472351074219), 'wall_s': 8562.0}
{'iter': 263, 'env_steps': 8622192, 'episode_return_mean': nan, 'aux_ce': np.float64(0.7501269578933716), 'aux_accuracy': np.float64(0.7166791558265686), 'entropy': np.float64(1.5409431457519531), 'wall_s': 8587.3}
{'iter': 264, 'env_steps': 8654976, 'episode_return_mean': np.float64(330.45789745893217), 'aux_ce': np.float64(0.7561756372451782), 'aux_accuracy': np.float64(0.7120896577835083), 'entropy': np.float64(1.5460450649261475), 'wall_s': 8612.8}
{'iter': 265, 'env_steps': 8687760, 'episode_return_mean': np.float64(331.72790178369513), 'aux_ce': np.float64(0.7698179483413696), 'aux_accuracy': np.float64(0.7079645991325378), 'entropy': np.float64(1.5510203838348389), 'wall_s': 8638.2}
{'iter': 266, 'env_steps': 8720544, 'episode_return_mean': nan, 'aux_ce': np.float64(0.744688868522644), 'aux_accuracy': np.float64(0.7176896929740906), 'entropy': np.float64(1.5537383556365967), 'wall_s': 8663.8}
{'iter': 267, 'env_steps': 8753328, 'episode_return_mean': np.float64(336.53651125268595), 'aux_ce': np.float64(0.7386154532432556), 'aux_accuracy': np.float64(0.7228820323944092), 'entropy': np.float64(1.5533831119537354), 'wall_s': 8689.4}
{'iter': 268, 'env_steps': 8786112, 'episode_return_mean': np.float64(335.4915622418706), 'aux_ce': np.float64(0.7354955673217773), 'aux_accuracy': np.float64(0.7298938035964966), 'entropy': np.float64(1.5574548244476318), 'wall_s': 8714.9}
{'iter': 269, 'env_steps': 8818896, 'episode_return_mean': nan, 'aux_ce': np.float64(0.7344200611114502), 'aux_accuracy': np.float64(0.7196950316429138), 'entropy': np.float64(1.55995774269104), 'wall_s': 8740.1}
{'iter': 270, 'env_steps': 8851680, 'episode_return_mean': np.float64(333.36383996841084), 'aux_ce': np.float64(0.7500842213630676), 'aux_accuracy': np.float64(0.717471182346344), 'entropy': np.float64(1.5601212978363037), 'wall_s': 8765.8}
{'iter': 271, 'env_steps': 8884464, 'episode_return_mean': np.float64(335.09930172988595), 'aux_ce': np.float64(0.728993833065033), 'aux_accuracy': np.float64(0.7275012731552124), 'entropy': np.float64(1.5608967542648315), 'wall_s': 8791.4}
{'iter': 272, 'env_steps': 8917248, 'episode_return_mean': nan, 'aux_ce': np.float64(0.7126137614250183), 'aux_accuracy': np.float64(0.7395646572113037), 'entropy': np.float64(1.5623825788497925), 'wall_s': 8817.2}
{'iter': 273, 'env_steps': 8950032, 'episode_return_mean': np.float64(332.5665747535898), 'aux_ce': np.float64(0.7350351810455322), 'aux_accuracy': np.float64(0.7250062227249146), 'entropy': np.float64(1.5596728324890137), 'wall_s': 8843.1}
{'iter': 274, 'env_steps': 8982816, 'episode_return_mean': np.float64(332.0223026255381), 'aux_ce': np.float64(0.7507045865058899), 'aux_accuracy': np.float64(0.7199186086654663), 'entropy': np.float64(1.564307451248169), 'wall_s': 8868.8}
{'iter': 275, 'env_steps': 9015600, 'episode_return_mean': nan, 'aux_ce': np.float64(0.7318043112754822), 'aux_accuracy': np.float64(0.7299214601516724), 'entropy': np.float64(1.5645153522491455), 'wall_s': 8894.5}
{'iter': 276, 'env_steps': 9048384, 'episode_return_mean': np.float64(337.61502401154803), 'aux_ce': np.float64(0.7140487432479858), 'aux_accuracy': np.float64(0.7338547110557556), 'entropy': np.float64(1.5640230178833008), 'wall_s': 8919.9}
{'iter': 277, 'env_steps': 9081168, 'episode_return_mean': np.float64(335.27594155128304), 'aux_ce': np.float64(0.7475671768188477), 'aux_accuracy': np.float64(0.7154703140258789), 'entropy': np.float64(1.5651333332061768), 'wall_s': 8945.3}
{'iter': 278, 'env_steps': 9113952, 'episode_return_mean': nan, 'aux_ce': np.float64(0.7257438898086548), 'aux_accuracy': np.float64(0.7301911115646362), 'entropy': np.float64(1.5671519041061401), 'wall_s': 8970.8}
{'iter': 279, 'env_steps': 9146736, 'episode_return_mean': np.float64(338.6655302719315), 'aux_ce': np.float64(0.7634912729263306), 'aux_accuracy': np.float64(0.711258590221405), 'entropy': np.float64(1.567659616470337), 'wall_s': 8996.4}
{'iter': 280, 'env_steps': 9179520, 'episode_return_mean': np.float64(338.1511571613687), 'aux_ce': np.float64(0.7318376898765564), 'aux_accuracy': np.float64(0.7216284871101379), 'entropy': np.float64(1.5694364309310913), 'wall_s': 9022.3}
{'iter': 281, 'env_steps': 9212304, 'episode_return_mean': nan, 'aux_ce': np.float64(0.7190015912055969), 'aux_accuracy': np.float64(0.7322754263877869), 'entropy': np.float64(1.5727146863937378), 'wall_s': 9047.9}
{'iter': 282, 'env_steps': 9245088, 'episode_return_mean': np.float64(336.4232521618557), 'aux_ce': np.float64(0.7263333797454834), 'aux_accuracy': np.float64(0.728654682636261), 'entropy': np.float64(1.57394540309906), 'wall_s': 9073.4}
{'iter': 283, 'env_steps': 9277872, 'episode_return_mean': np.float64(336.40993759004493), 'aux_ce': np.float64(0.7383438348770142), 'aux_accuracy': np.float64(0.720161497592926), 'entropy': np.float64(1.5740944147109985), 'wall_s': 9098.7}
{'iter': 284, 'env_steps': 9310656, 'episode_return_mean': nan, 'aux_ce': np.float64(0.7076933979988098), 'aux_accuracy': np.float64(0.7336658239364624), 'entropy': np.float64(1.578927755355835), 'wall_s': 9124.1}
{'iter': 285, 'env_steps': 9343440, 'episode_return_mean': np.float64(334.8806857072813), 'aux_ce': np.float64(0.723388671875), 'aux_accuracy': np.float64(0.7361040115356445), 'entropy': np.float64(1.581471562385559), 'wall_s': 9149.1}
{'iter': 286, 'env_steps': 9376224, 'episode_return_mean': np.float64(333.63177362488375), 'aux_ce': np.float64(0.7590331435203552), 'aux_accuracy': np.float64(0.7124117016792297), 'entropy': np.float64(1.5819141864776611), 'wall_s': 9174.8}
{'iter': 287, 'env_steps': 9409008, 'episode_return_mean': nan, 'aux_ce': np.float64(0.7616823315620422), 'aux_accuracy': np.float64(0.7095372080802917), 'entropy': np.float64(1.5823496580123901), 'wall_s': 9200.3}
{'iter': 288, 'env_steps': 9441792, 'episode_return_mean': np.float64(332.9880763436984), 'aux_ce': np.float64(0.7120321989059448), 'aux_accuracy': np.float64(0.740976095199585), 'entropy': np.float64(1.5846998691558838), 'wall_s': 9225.9}
{'iter': 289, 'env_steps': 9474576, 'episode_return_mean': np.float64(332.41047757329386), 'aux_ce': np.float64(0.7279317378997803), 'aux_accuracy': np.float64(0.7256476879119873), 'entropy': np.float64(1.5876452922821045), 'wall_s': 9251.5}
{'iter': 290, 'env_steps': 9507360, 'episode_return_mean': nan, 'aux_ce': np.float64(0.706216037273407), 'aux_accuracy': np.float64(0.7341040372848511), 'entropy': np.float64(1.5904815196990967), 'wall_s': 9277.0}
{'iter': 291, 'env_steps': 9540144, 'episode_return_mean': np.float64(337.9420028885521), 'aux_ce': np.float64(0.7314028143882751), 'aux_accuracy': np.float64(0.7297227382659912), 'entropy': np.float64(1.5897009372711182), 'wall_s': 9302.7}
{'iter': 292, 'env_steps': 9572928, 'episode_return_mean': np.float64(338.7613191248799), 'aux_ce': np.float64(0.7489275336265564), 'aux_accuracy': np.float64(0.7209482192993164), 'entropy': np.float64(1.5827635526657104), 'wall_s': 9328.4}
{'iter': 293, 'env_steps': 9605712, 'episode_return_mean': nan, 'aux_ce': np.float64(0.7538992762565613), 'aux_accuracy': np.float64(0.713274359703064), 'entropy': np.float64(1.5828115940093994), 'wall_s': 9353.9}
{'iter': 294, 'env_steps': 9638496, 'episode_return_mean': np.float64(331.5004547784865), 'aux_ce': np.float64(0.7388916015625), 'aux_accuracy': np.float64(0.7223065495491028), 'entropy': np.float64(1.5817567110061646), 'wall_s': 9379.7}
{'iter': 295, 'env_steps': 9671280, 'episode_return_mean': np.float64(333.1439849726949), 'aux_ce': np.float64(0.714649498462677), 'aux_accuracy': np.float64(0.7344515919685364), 'entropy': np.float64(1.5814563035964966), 'wall_s': 9405.6}
{'iter': 296, 'env_steps': 9704064, 'episode_return_mean': nan, 'aux_ce': np.float64(0.7183082699775696), 'aux_accuracy': np.float64(0.730711042881012), 'entropy': np.float64(1.583589792251587), 'wall_s': 9431.5}
{'iter': 297, 'env_steps': 9736848, 'episode_return_mean': np.float64(334.8851138048859), 'aux_ce': np.float64(0.7334553003311157), 'aux_accuracy': np.float64(0.7222367525100708), 'entropy': np.float64(1.5793006420135498), 'wall_s': 9457.2}
{'iter': 298, 'env_steps': 9769632, 'episode_return_mean': np.float64(336.3136835436882), 'aux_ce': np.float64(0.7487000823020935), 'aux_accuracy': np.float64(0.7180517315864563), 'entropy': np.float64(1.5824317932128906), 'wall_s': 9483.2}
{'iter': 299, 'env_steps': 9802416, 'episode_return_mean': nan, 'aux_ce': np.float64(0.7238933444023132), 'aux_accuracy': np.float64(0.7318548560142517), 'entropy': np.float64(1.5782171487808228), 'wall_s': 9508.9}
{'iter': 300, 'env_steps': 9835200, 'episode_return_mean': np.float64(334.7868603240528), 'aux_ce': np.float64(0.7496109008789062), 'aux_accuracy': np.float64(0.7104877829551697), 'entropy': np.float64(1.5798062086105347), 'wall_s': 9534.4}
{'iter': 301, 'env_steps': 9867984, 'episode_return_mean': np.float64(335.05135177796217), 'aux_ce': np.float64(0.7053937315940857), 'aux_accuracy': np.float64(0.740702748298645), 'entropy': np.float64(1.5861252546310425), 'wall_s': 9560.5}
{'iter': 302, 'env_steps': 9900768, 'episode_return_mean': nan, 'aux_ce': np.float64(0.7264555096626282), 'aux_accuracy': np.float64(0.733690083026886), 'entropy': np.float64(1.5848802328109741), 'wall_s': 9586.3}
{'iter': 303, 'env_steps': 9933552, 'episode_return_mean': np.float64(334.8316472300821), 'aux_ce': np.float64(0.7424190044403076), 'aux_accuracy': np.float64(0.7219223976135254), 'entropy': np.float64(1.5909185409545898), 'wall_s': 9611.8}
{'iter': 304, 'env_steps': 9966336, 'episode_return_mean': np.float64(335.85585412471914), 'aux_ce': np.float64(0.7503131031990051), 'aux_accuracy': np.float64(0.7235486507415771), 'entropy': np.float64(1.5903356075286865), 'wall_s': 9637.4}
{'iter': 305, 'env_steps': 9999120, 'episode_return_mean': nan, 'aux_ce': np.float64(0.7520608901977539), 'aux_accuracy': np.float64(0.720112144947052), 'entropy': np.float64(1.59011971950531), 'wall_s': 9662.9}
{'iter': 306, 'env_steps': 10031904, 'episode_return_mean': np.float64(336.42742022695927), 'aux_ce': np.float64(0.7454752922058105), 'aux_accuracy': np.float64(0.7094368934631348), 'entropy': np.float64(1.5880498886108398), 'wall_s': 9688.6}
done -> /Users/alex/Software/XOR/RLlib Harnes Beta/results/phase3/a_aux_0p1/seed0
[36m(SingleAgentEnvRunner pid=59457)[0m DeprecationWarning: `RLModule(config=[RLModuleConfig object])` has been deprecated. Use `RLModule(observation_space=.., action_space=.., inference_only=.., model_config=.., catalog_class=..)` instead. This will raise an error in the future![32m [repeated 3x across cluster] (Ray deduplicates logs by default. Set RAY_DEDUP_LOGS=0 to disable log deduplication, or see https://docs.ray.io/en/master/ray-observability/user-guides/configure-logging.html#log-deduplication for more options.)[0m
