2026-07-06 10:14:25,256	WARNING algorithm_config.py:2530 -- DeprecationWarning: `config.training(learner_config_dict=..)` has been deprecated. Use `config.learners(learner_config_dict=..)` instead. This will raise an error in the future!
2026-07-06 10:14:25,257	WARNING algorithm_config.py:5177 -- You are running PPO on the new API stack! This is the new default behavior for this algorithm. If you don't want to use the new API stack, set `config.api_stack(enable_rl_module_and_learner=False,enable_env_runner_and_connector_v2=False)`. For a detailed migration guide, see here: https://docs.ray.io/en/master/rllib/new-api-stack-migration-guide.html
2026-07-06 10:14:27,903	INFO worker.py:2024 -- Started a local Ray instance.
[2026-07-06 10:14:28,611 E 39692 7419189] core_worker.cc:2149: Actor with class name: 'SingleAgentEnvRunner' and ID: 'defc0e560f141cfcd055ebe901000000' has constructor arguments in the object store and max_restarts > 0. If the arguments in the object store go out of scope or are lost, the actor restart will fail. See https://github.com/ray-project/ray/issues/53727 for more details.
[36m(SingleAgentEnvRunner pid=39717)[0m DeprecationWarning: `RLModule(config=[RLModuleConfig object])` has been deprecated. Use `RLModule(observation_space=.., action_space=.., inference_only=.., model_config=.., catalog_class=..)` instead. This will raise an error in the future!
2026-07-06 10:14:30,516	WARNING rl_module.py:463 -- DeprecationWarning: `RLModule(config=[RLModuleConfig object])` has been deprecated. Use `RLModule(observation_space=.., action_space=.., inference_only=.., model_config=.., catalog_class=..)` instead. This will raise an error in the future!
2026-07-06 10:14:30,570	WARNING util.py:62 -- Install gputil for GPU system monitoring.
{'iter': 1, 'env_steps': 32784, 'episode_return_mean': None, 'aux_ce': np.float64(0.9991055727005005), 'aux_accuracy': np.float64(0.5266377925872803), 'entropy': np.float64(2.8320860862731934), 'wall_s': 38.2}
{'iter': 2, 'env_steps': 65568, 'episode_return_mean': None, 'aux_ce': np.float64(0.9164409041404724), 'aux_accuracy': np.float64(0.6168437004089355), 'entropy': np.float64(2.814258098602295), 'wall_s': 74.8}
{'iter': 3, 'env_steps': 98352, 'episode_return_mean': np.float64(38.76396772063782), 'aux_ce': np.float64(0.8925260901451111), 'aux_accuracy': np.float64(0.6299592852592468), 'entropy': np.float64(2.793626308441162), 'wall_s': 115.3}
{'iter': 4, 'env_steps': 131136, 'episode_return_mean': np.float64(42.46608298436663), 'aux_ce': np.float64(0.8627589344978333), 'aux_accuracy': np.float64(0.6507575511932373), 'entropy': np.float64(2.778003215789795), 'wall_s': 155.7}
{'iter': 5, 'env_steps': 163920, 'episode_return_mean': nan, 'aux_ce': np.float64(0.8625636100769043), 'aux_accuracy': np.float64(0.64883953332901), 'entropy': np.float64(2.756173610687256), 'wall_s': 195.6}
{'iter': 6, 'env_steps': 196704, 'episode_return_mean': np.float64(73.48733648809596), 'aux_ce': np.float64(0.8732686042785645), 'aux_accuracy': np.float64(0.640941321849823), 'entropy': np.float64(2.731581211090088), 'wall_s': 232.1}
{'iter': 7, 'env_steps': 229488, 'episode_return_mean': np.float64(78.33514019105189), 'aux_ce': np.float64(0.874250590801239), 'aux_accuracy': np.float64(0.6358805894851685), 'entropy': np.float64(2.7126107215881348), 'wall_s': 270.1}
{'iter': 8, 'env_steps': 262272, 'episode_return_mean': nan, 'aux_ce': np.float64(0.8646898865699768), 'aux_accuracy': np.float64(0.6463227868080139), 'entropy': np.float64(2.6846299171447754), 'wall_s': 305.4}
{'iter': 9, 'env_steps': 295056, 'episode_return_mean': np.float64(109.13628164155989), 'aux_ce': np.float64(0.8729670643806458), 'aux_accuracy': np.float64(0.6359320282936096), 'entropy': np.float64(2.659233570098877), 'wall_s': 344.1}
{'iter': 10, 'env_steps': 327840, 'episode_return_mean': np.float64(107.80805165996514), 'aux_ce': np.float64(0.8619933724403381), 'aux_accuracy': np.float64(0.6508060097694397), 'entropy': np.float64(2.636927604675293), 'wall_s': 387.0}
{'iter': 11, 'env_steps': 360624, 'episode_return_mean': nan, 'aux_ce': np.float64(0.8494327068328857), 'aux_accuracy': np.float64(0.649808406829834), 'entropy': np.float64(2.6118664741516113), 'wall_s': 427.5}
{'iter': 12, 'env_steps': 393408, 'episode_return_mean': np.float64(142.2951763071756), 'aux_ce': np.float64(0.8831128478050232), 'aux_accuracy': np.float64(0.6300854086875916), 'entropy': np.float64(2.5883889198303223), 'wall_s': 465.7}
{'iter': 13, 'env_steps': 426192, 'episode_return_mean': np.float64(145.24936311193835), 'aux_ce': np.float64(0.8685662746429443), 'aux_accuracy': np.float64(0.6404029726982117), 'entropy': np.float64(2.5664799213409424), 'wall_s': 502.1}
{'iter': 14, 'env_steps': 458976, 'episode_return_mean': nan, 'aux_ce': np.float64(0.85408616065979), 'aux_accuracy': np.float64(0.6454384922981262), 'entropy': np.float64(2.539907455444336), 'wall_s': 536.5}
{'iter': 15, 'env_steps': 491760, 'episode_return_mean': np.float64(175.47437887442015), 'aux_ce': np.float64(0.857440173625946), 'aux_accuracy': np.float64(0.6415826082229614), 'entropy': np.float64(2.5176093578338623), 'wall_s': 574.9}
{'iter': 16, 'env_steps': 524544, 'episode_return_mean': np.float64(176.25744628316102), 'aux_ce': np.float64(0.8476478457450867), 'aux_accuracy': np.float64(0.6446134448051453), 'entropy': np.float64(2.48779559135437), 'wall_s': 614.1}
{'iter': 17, 'env_steps': 557328, 'episode_return_mean': nan, 'aux_ce': np.float64(0.8708710670471191), 'aux_accuracy': np.float64(0.6413295269012451), 'entropy': np.float64(2.4580609798431396), 'wall_s': 651.0}
{'iter': 18, 'env_steps': 590112, 'episode_return_mean': np.float64(201.63945161332254), 'aux_ce': np.float64(0.8122712969779968), 'aux_accuracy': np.float64(0.6718498468399048), 'entropy': np.float64(2.4330577850341797), 'wall_s': 689.8}
{'iter': 19, 'env_steps': 622896, 'episode_return_mean': np.float64(202.6691447727431), 'aux_ce': np.float64(0.8171031475067139), 'aux_accuracy': np.float64(0.6622031331062317), 'entropy': np.float64(2.404298782348633), 'wall_s': 727.8}
{'iter': 20, 'env_steps': 655680, 'episode_return_mean': nan, 'aux_ce': np.float64(0.8348568081855774), 'aux_accuracy': np.float64(0.6590213775634766), 'entropy': np.float64(2.3791017532348633), 'wall_s': 766.1}
{'iter': 21, 'env_steps': 688464, 'episode_return_mean': np.float64(220.18152632934243), 'aux_ce': np.float64(0.8434802293777466), 'aux_accuracy': np.float64(0.6501702070236206), 'entropy': np.float64(2.3535759449005127), 'wall_s': 805.3}
{'iter': 22, 'env_steps': 721248, 'episode_return_mean': np.float64(222.70076380442447), 'aux_ce': np.float64(0.8090289235115051), 'aux_accuracy': np.float64(0.6712363362312317), 'entropy': np.float64(2.3339312076568604), 'wall_s': 844.3}
{'iter': 23, 'env_steps': 754032, 'episode_return_mean': nan, 'aux_ce': np.float64(0.8258880376815796), 'aux_accuracy': np.float64(0.6627054214477539), 'entropy': np.float64(2.3063204288482666), 'wall_s': 882.2}
{'iter': 24, 'env_steps': 786816, 'episode_return_mean': np.float64(248.1493479967259), 'aux_ce': np.float64(0.8089043498039246), 'aux_accuracy': np.float64(0.6724913716316223), 'entropy': np.float64(2.28225040435791), 'wall_s': 919.8}
{'iter': 25, 'env_steps': 819600, 'episode_return_mean': np.float64(248.2270002765859), 'aux_ce': np.float64(0.7976527214050293), 'aux_accuracy': np.float64(0.6774924397468567), 'entropy': np.float64(2.2566661834716797), 'wall_s': 958.5}
{'iter': 26, 'env_steps': 852384, 'episode_return_mean': nan, 'aux_ce': np.float64(0.7932322025299072), 'aux_accuracy': np.float64(0.6858958005905151), 'entropy': np.float64(2.231504440307617), 'wall_s': 993.9}
{'iter': 27, 'env_steps': 885168, 'episode_return_mean': np.float64(265.07715539771084), 'aux_ce': np.float64(0.8000341057777405), 'aux_accuracy': np.float64(0.6768879890441895), 'entropy': np.float64(2.2030208110809326), 'wall_s': 1032.1}
{'iter': 28, 'env_steps': 917952, 'episode_return_mean': np.float64(266.44414910547266), 'aux_ce': np.float64(0.7882866263389587), 'aux_accuracy': np.float64(0.6846016049385071), 'entropy': np.float64(2.1795215606689453), 'wall_s': 1071.1}
{'iter': 29, 'env_steps': 950736, 'episode_return_mean': nan, 'aux_ce': np.float64(0.7784154415130615), 'aux_accuracy': np.float64(0.6963151097297668), 'entropy': np.float64(2.153531551361084), 'wall_s': 1109.5}
{'iter': 30, 'env_steps': 983520, 'episode_return_mean': np.float64(289.45836877654574), 'aux_ce': np.float64(0.7694377303123474), 'aux_accuracy': np.float64(0.7008789777755737), 'entropy': np.float64(2.1247811317443848), 'wall_s': 1148.8}
{'iter': 31, 'env_steps': 1016304, 'episode_return_mean': np.float64(288.12880484772614), 'aux_ce': np.float64(0.8093565702438354), 'aux_accuracy': np.float64(0.6791063547134399), 'entropy': np.float64(2.100285053253174), 'wall_s': 1187.6}
{'iter': 32, 'env_steps': 1049088, 'episode_return_mean': nan, 'aux_ce': np.float64(0.7555588483810425), 'aux_accuracy': np.float64(0.7051054239273071), 'entropy': np.float64(2.0758779048919678), 'wall_s': 1223.9}
{'iter': 33, 'env_steps': 1081872, 'episode_return_mean': np.float64(299.9557861003867), 'aux_ce': np.float64(0.7633560299873352), 'aux_accuracy': np.float64(0.7048965692520142), 'entropy': np.float64(2.0500755310058594), 'wall_s': 1263.4}
{'iter': 34, 'env_steps': 1114656, 'episode_return_mean': np.float64(300.0416019348705), 'aux_ce': np.float64(0.7736407518386841), 'aux_accuracy': np.float64(0.6941146850585938), 'entropy': np.float64(2.030184507369995), 'wall_s': 1303.8}
{'iter': 35, 'env_steps': 1147440, 'episode_return_mean': nan, 'aux_ce': np.float64(0.7556620836257935), 'aux_accuracy': np.float64(0.706935703754425), 'entropy': np.float64(2.0141100883483887), 'wall_s': 1341.1}
{'iter': 36, 'env_steps': 1180224, 'episode_return_mean': np.float64(305.2006226457271), 'aux_ce': np.float64(0.780489981174469), 'aux_accuracy': np.float64(0.6915625929832458), 'entropy': np.float64(2.0021543502807617), 'wall_s': 1379.4}
{'iter': 37, 'env_steps': 1213008, 'episode_return_mean': np.float64(304.4721838848558), 'aux_ce': np.float64(0.7615498304367065), 'aux_accuracy': np.float64(0.7090445756912231), 'entropy': np.float64(1.9879772663116455), 'wall_s': 1416.9}
{'iter': 38, 'env_steps': 1245792, 'episode_return_mean': nan, 'aux_ce': np.float64(0.7602664828300476), 'aux_accuracy': np.float64(0.7102828025817871), 'entropy': np.float64(1.9707077741622925), 'wall_s': 1454.5}
{'iter': 39, 'env_steps': 1278576, 'episode_return_mean': np.float64(316.1830550124116), 'aux_ce': np.float64(0.7451369762420654), 'aux_accuracy': np.float64(0.7169956564903259), 'entropy': np.float64(1.9529051780700684), 'wall_s': 1493.1}
{'iter': 40, 'env_steps': 1311360, 'episode_return_mean': np.float64(317.4730589130612), 'aux_ce': np.float64(0.7535653710365295), 'aux_accuracy': np.float64(0.7115923762321472), 'entropy': np.float64(1.9343961477279663), 'wall_s': 1534.7}
{'iter': 41, 'env_steps': 1344144, 'episode_return_mean': nan, 'aux_ce': np.float64(0.7380103468894958), 'aux_accuracy': np.float64(0.7230769395828247), 'entropy': np.float64(1.9129538536071777), 'wall_s': 1575.8}
{'iter': 42, 'env_steps': 1376928, 'episode_return_mean': np.float64(322.25443423287106), 'aux_ce': np.float64(0.7734434008598328), 'aux_accuracy': np.float64(0.7082152962684631), 'entropy': np.float64(1.8965466022491455), 'wall_s': 1613.6}
{'iter': 43, 'env_steps': 1409712, 'episode_return_mean': np.float64(321.44179203341855), 'aux_ce': np.float64(0.772969126701355), 'aux_accuracy': np.float64(0.7007995843887329), 'entropy': np.float64(1.8794896602630615), 'wall_s': 1653.7}
{'iter': 44, 'env_steps': 1442496, 'episode_return_mean': nan, 'aux_ce': np.float64(0.7748409509658813), 'aux_accuracy': np.float64(0.6964014172554016), 'entropy': np.float64(1.8631123304367065), 'wall_s': 1692.2}
{'iter': 45, 'env_steps': 1475280, 'episode_return_mean': np.float64(320.82249183074373), 'aux_ce': np.float64(0.7634015679359436), 'aux_accuracy': np.float64(0.7000751495361328), 'entropy': np.float64(1.842116355895996), 'wall_s': 1728.3}
{'iter': 46, 'env_steps': 1508064, 'episode_return_mean': np.float64(323.1878729302265), 'aux_ce': np.float64(0.7512139678001404), 'aux_accuracy': np.float64(0.7155893445014954), 'entropy': np.float64(1.8303645849227905), 'wall_s': 1765.2}
{'iter': 47, 'env_steps': 1540848, 'episode_return_mean': nan, 'aux_ce': np.float64(0.7449889779090881), 'aux_accuracy': np.float64(0.71875), 'entropy': np.float64(1.8114067316055298), 'wall_s': 1804.6}
{'iter': 48, 'env_steps': 1573632, 'episode_return_mean': np.float64(331.25268347073154), 'aux_ce': np.float64(0.7376484870910645), 'aux_accuracy': np.float64(0.7225344777107239), 'entropy': np.float64(1.7987074851989746), 'wall_s': 1845.5}
{'iter': 49, 'env_steps': 1606416, 'episode_return_mean': np.float64(330.42364930149137), 'aux_ce': np.float64(0.746390163898468), 'aux_accuracy': np.float64(0.7195308804512024), 'entropy': np.float64(1.788364052772522), 'wall_s': 1884.1}
{'iter': 50, 'env_steps': 1639200, 'episode_return_mean': nan, 'aux_ce': np.float64(0.7237504124641418), 'aux_accuracy': np.float64(0.7350859642028809), 'entropy': np.float64(1.7751234769821167), 'wall_s': 1921.3}
{'iter': 51, 'env_steps': 1671984, 'episode_return_mean': np.float64(335.18602068099506), 'aux_ce': np.float64(0.740298330783844), 'aux_accuracy': np.float64(0.7264320850372314), 'entropy': np.float64(1.7577521800994873), 'wall_s': 1959.0}
{'iter': 52, 'env_steps': 1704768, 'episode_return_mean': np.float64(336.72193427612183), 'aux_ce': np.float64(0.7413332462310791), 'aux_accuracy': np.float64(0.7194637656211853), 'entropy': np.float64(1.7472747564315796), 'wall_s': 1998.2}
{'iter': 53, 'env_steps': 1737552, 'episode_return_mean': nan, 'aux_ce': np.float64(0.7341780662536621), 'aux_accuracy': np.float64(0.7263051271438599), 'entropy': np.float64(1.736104130744934), 'wall_s': 2036.1}
{'iter': 54, 'env_steps': 1770336, 'episode_return_mean': np.float64(337.29680147843044), 'aux_ce': np.float64(0.7280506491661072), 'aux_accuracy': np.float64(0.728613555431366), 'entropy': np.float64(1.7233059406280518), 'wall_s': 2073.4}
{'iter': 55, 'env_steps': 1803120, 'episode_return_mean': np.float64(335.19585141818357), 'aux_ce': np.float64(0.7342744469642639), 'aux_accuracy': np.float64(0.7235897183418274), 'entropy': np.float64(1.7131767272949219), 'wall_s': 2112.4}
{'iter': 56, 'env_steps': 1835904, 'episode_return_mean': nan, 'aux_ce': np.float64(0.738834798336029), 'aux_accuracy': np.float64(0.728713870048523), 'entropy': np.float64(1.7054446935653687), 'wall_s': 2147.5}
{'iter': 57, 'env_steps': 1868688, 'episode_return_mean': np.float64(332.2512587368086), 'aux_ce': np.float64(0.7438587546348572), 'aux_accuracy': np.float64(0.7156031727790833), 'entropy': np.float64(1.6971402168273926), 'wall_s': 2187.7}
{'iter': 58, 'env_steps': 1901472, 'episode_return_mean': np.float64(333.832897195706), 'aux_ce': np.float64(0.7328810095787048), 'aux_accuracy': np.float64(0.7321658730506897), 'entropy': np.float64(1.6912524700164795), 'wall_s': 2227.2}
{'iter': 59, 'env_steps': 1934256, 'episode_return_mean': nan, 'aux_ce': np.float64(0.7162301540374756), 'aux_accuracy': np.float64(0.7362805008888245), 'entropy': np.float64(1.6781344413757324), 'wall_s': 2265.1}
{'iter': 60, 'env_steps': 1967040, 'episode_return_mean': np.float64(338.6258341737911), 'aux_ce': np.float64(0.7328818440437317), 'aux_accuracy': np.float64(0.7259615659713745), 'entropy': np.float64(1.6674141883850098), 'wall_s': 2303.2}
{'iter': 61, 'env_steps': 1999824, 'episode_return_mean': np.float64(337.66763644245225), 'aux_ce': np.float64(0.6834529638290405), 'aux_accuracy': np.float64(0.754077136516571), 'entropy': np.float64(1.656308889389038), 'wall_s': 2343.4}
{'iter': 62, 'env_steps': 2032608, 'episode_return_mean': nan, 'aux_ce': np.float64(0.7637932896614075), 'aux_accuracy': np.float64(0.7131940722465515), 'entropy': np.float64(1.6498125791549683), 'wall_s': 2382.5}
{'iter': 63, 'env_steps': 2065392, 'episode_return_mean': np.float64(337.717619435562), 'aux_ce': np.float64(0.6871870160102844), 'aux_accuracy': np.float64(0.758080780506134), 'entropy': np.float64(1.6465463638305664), 'wall_s': 2422.5}
{'iter': 64, 'env_steps': 2098176, 'episode_return_mean': np.float64(340.1239351746381), 'aux_ce': np.float64(0.7115201354026794), 'aux_accuracy': np.float64(0.7423027157783508), 'entropy': np.float64(1.6343894004821777), 'wall_s': 2462.2}
{'iter': 65, 'env_steps': 2130960, 'episode_return_mean': nan, 'aux_ce': np.float64(0.7423429489135742), 'aux_accuracy': np.float64(0.7232348918914795), 'entropy': np.float64(1.6260762214660645), 'wall_s': 2500.7}
{'iter': 66, 'env_steps': 2163744, 'episode_return_mean': np.float64(342.70205988650014), 'aux_ce': np.float64(0.7087401747703552), 'aux_accuracy': np.float64(0.7379776239395142), 'entropy': np.float64(1.6179969310760498), 'wall_s': 2539.6}
{'iter': 67, 'env_steps': 2196528, 'episode_return_mean': np.float64(342.2844789173937), 'aux_ce': np.float64(0.7234843969345093), 'aux_accuracy': np.float64(0.731083869934082), 'entropy': np.float64(1.608154535293579), 'wall_s': 2580.3}
{'iter': 68, 'env_steps': 2229312, 'episode_return_mean': nan, 'aux_ce': np.float64(0.6758614778518677), 'aux_accuracy': np.float64(0.7650025486946106), 'entropy': np.float64(1.5998358726501465), 'wall_s': 2619.1}
{'iter': 69, 'env_steps': 2262096, 'episode_return_mean': np.float64(338.30840875942215), 'aux_ce': np.float64(0.7216584086418152), 'aux_accuracy': np.float64(0.7357267737388611), 'entropy': np.float64(1.5849714279174805), 'wall_s': 2658.0}
{'iter': 70, 'env_steps': 2294880, 'episode_return_mean': np.float64(339.855024988697), 'aux_ce': np.float64(0.6998065114021301), 'aux_accuracy': np.float64(0.7541942000389099), 'entropy': np.float64(1.580610990524292), 'wall_s': 2700.6}
{'iter': 71, 'env_steps': 2327664, 'episode_return_mean': nan, 'aux_ce': np.float64(0.7117113471031189), 'aux_accuracy': np.float64(0.7392411231994629), 'entropy': np.float64(1.5717220306396484), 'wall_s': 2740.8}
{'iter': 72, 'env_steps': 2360448, 'episode_return_mean': np.float64(341.7001929400433), 'aux_ce': np.float64(0.7062231302261353), 'aux_accuracy': np.float64(0.7462953329086304), 'entropy': np.float64(1.5586621761322021), 'wall_s': 2781.2}
{'iter': 73, 'env_steps': 2393232, 'episode_return_mean': np.float64(341.8182937282394), 'aux_ce': np.float64(0.709959089756012), 'aux_accuracy': np.float64(0.7429811358451843), 'entropy': np.float64(1.5475932359695435), 'wall_s': 2821.3}
{'iter': 74, 'env_steps': 2426016, 'episode_return_mean': nan, 'aux_ce': np.float64(0.712611734867096), 'aux_accuracy': np.float64(0.7416560649871826), 'entropy': np.float64(1.5347280502319336), 'wall_s': 2860.1}
{'iter': 75, 'env_steps': 2458800, 'episode_return_mean': np.float64(345.26234895819505), 'aux_ce': np.float64(0.693107008934021), 'aux_accuracy': np.float64(0.7513362169265747), 'entropy': np.float64(1.5292505025863647), 'wall_s': 2899.6}
{'iter': 76, 'env_steps': 2491584, 'episode_return_mean': np.float64(345.23015415887926), 'aux_ce': np.float64(0.7148247957229614), 'aux_accuracy': np.float64(0.7379979491233826), 'entropy': np.float64(1.5180644989013672), 'wall_s': 2939.0}
{'iter': 77, 'env_steps': 2524368, 'episode_return_mean': nan, 'aux_ce': np.float64(0.7185473442077637), 'aux_accuracy': np.float64(0.7354511022567749), 'entropy': np.float64(1.514694333076477), 'wall_s': 2978.9}
{'iter': 78, 'env_steps': 2557152, 'episode_return_mean': np.float64(343.45246186153383), 'aux_ce': np.float64(0.7224615216255188), 'aux_accuracy': np.float64(0.7372353672981262), 'entropy': np.float64(1.5098176002502441), 'wall_s': 3018.1}
{'iter': 79, 'env_steps': 2589936, 'episode_return_mean': np.float64(343.0634080054375), 'aux_ce': np.float64(0.7175607085227966), 'aux_accuracy': np.float64(0.7397504448890686), 'entropy': np.float64(1.5038025379180908), 'wall_s': 3057.0}
{'iter': 80, 'env_steps': 2622720, 'episode_return_mean': nan, 'aux_ce': np.float64(0.7474398612976074), 'aux_accuracy': np.float64(0.7209065556526184), 'entropy': np.float64(1.4975337982177734), 'wall_s': 3095.4}
{'iter': 81, 'env_steps': 2655504, 'episode_return_mean': np.float64(339.5512085046611), 'aux_ce': np.float64(0.7341688275337219), 'aux_accuracy': np.float64(0.7321339249610901), 'entropy': np.float64(1.4908642768859863), 'wall_s': 3135.1}
{'iter': 82, 'env_steps': 2688288, 'episode_return_mean': np.float64(340.4574719892923), 'aux_ce': np.float64(0.7284682989120483), 'aux_accuracy': np.float64(0.7300505042076111), 'entropy': np.float64(1.48306143283844), 'wall_s': 3175.4}
{'iter': 83, 'env_steps': 2721072, 'episode_return_mean': nan, 'aux_ce': np.float64(0.7349364161491394), 'aux_accuracy': np.float64(0.729860246181488), 'entropy': np.float64(1.4803205728530884), 'wall_s': 3213.8}
{'iter': 84, 'env_steps': 2753856, 'episode_return_mean': np.float64(343.1491095174878), 'aux_ce': np.float64(0.7011207342147827), 'aux_accuracy': np.float64(0.7490561008453369), 'entropy': np.float64(1.4754680395126343), 'wall_s': 3252.3}
{'iter': 85, 'env_steps': 2786640, 'episode_return_mean': np.float64(343.77102102531245), 'aux_ce': np.float64(0.6899707913398743), 'aux_accuracy': np.float64(0.7507660984992981), 'entropy': np.float64(1.4747896194458008), 'wall_s': 3294.1}
{'iter': 86, 'env_steps': 2819424, 'episode_return_mean': nan, 'aux_ce': np.float64(0.6865555047988892), 'aux_accuracy': np.float64(0.7590693235397339), 'entropy': np.float64(1.4670441150665283), 'wall_s': 3333.7}
{'iter': 87, 'env_steps': 2852208, 'episode_return_mean': np.float64(341.7540675176734), 'aux_ce': np.float64(0.719265341758728), 'aux_accuracy': np.float64(0.7396389245986938), 'entropy': np.float64(1.4643480777740479), 'wall_s': 3373.6}
{'iter': 88, 'env_steps': 2884992, 'episode_return_mean': np.float64(339.5717729827164), 'aux_ce': np.float64(0.6967487335205078), 'aux_accuracy': np.float64(0.7519595623016357), 'entropy': np.float64(1.4509004354476929), 'wall_s': 3414.1}
{'iter': 89, 'env_steps': 2917776, 'episode_return_mean': nan, 'aux_ce': np.float64(0.7127524018287659), 'aux_accuracy': np.float64(0.7456454634666443), 'entropy': np.float64(1.440858244895935), 'wall_s': 3452.2}
{'iter': 90, 'env_steps': 2950560, 'episode_return_mean': np.float64(341.34667939298413), 'aux_ce': np.float64(0.7533494830131531), 'aux_accuracy': np.float64(0.7251016497612), 'entropy': np.float64(1.4330819845199585), 'wall_s': 3491.0}
{'iter': 91, 'env_steps': 2983344, 'episode_return_mean': np.float64(342.60602724865714), 'aux_ce': np.float64(0.696327269077301), 'aux_accuracy': np.float64(0.7505045533180237), 'entropy': np.float64(1.4360471963882446), 'wall_s': 3530.6}
{'iter': 92, 'env_steps': 3016128, 'episode_return_mean': nan, 'aux_ce': np.float64(0.7127428650856018), 'aux_accuracy': np.float64(0.742746114730835), 'entropy': np.float64(1.4267947673797607), 'wall_s': 3569.8}
{'iter': 93, 'env_steps': 3048912, 'episode_return_mean': np.float64(342.546585164799), 'aux_ce': np.float64(0.682368814945221), 'aux_accuracy': np.float64(0.759005606174469), 'entropy': np.float64(1.420182466506958), 'wall_s': 3608.5}
{'iter': 94, 'env_steps': 3081696, 'episode_return_mean': np.float64(343.36196383562935), 'aux_ce': np.float64(0.728872537612915), 'aux_accuracy': np.float64(0.7291454672813416), 'entropy': np.float64(1.4159514904022217), 'wall_s': 3646.8}
{'iter': 95, 'env_steps': 3114480, 'episode_return_mean': nan, 'aux_ce': np.float64(0.719558835029602), 'aux_accuracy': np.float64(0.7364693880081177), 'entropy': np.float64(1.4093927145004272), 'wall_s': 3684.7}
{'iter': 96, 'env_steps': 3147264, 'episode_return_mean': np.float64(346.400348827961), 'aux_ce': np.float64(0.7116642594337463), 'aux_accuracy': np.float64(0.7416771054267883), 'entropy': np.float64(1.402871012687683), 'wall_s': 3724.9}
{'iter': 97, 'env_steps': 3180048, 'episode_return_mean': np.float64(347.2046659139202), 'aux_ce': np.float64(0.6761770248413086), 'aux_accuracy': np.float64(0.760574221611023), 'entropy': np.float64(1.3900673389434814), 'wall_s': 3766.8}
{'iter': 98, 'env_steps': 3212832, 'episode_return_mean': nan, 'aux_ce': np.float64(0.7301967740058899), 'aux_accuracy': np.float64(0.7285858988761902), 'entropy': np.float64(1.384346842765808), 'wall_s': 3806.6}
{'iter': 99, 'env_steps': 3245616, 'episode_return_mean': np.float64(345.2045921740528), 'aux_ce': np.float64(0.7390605211257935), 'aux_accuracy': np.float64(0.7220253348350525), 'entropy': np.float64(1.3790099620819092), 'wall_s': 3848.8}
{'iter': 100, 'env_steps': 3278400, 'episode_return_mean': np.float64(345.29250060507206), 'aux_ce': np.float64(0.6897590756416321), 'aux_accuracy': np.float64(0.7556018829345703), 'entropy': np.float64(1.3802248239517212), 'wall_s': 3892.5}
{'iter': 101, 'env_steps': 3311184, 'episode_return_mean': nan, 'aux_ce': np.float64(0.6987468004226685), 'aux_accuracy': np.float64(0.7524702548980713), 'entropy': np.float64(1.3740037679672241), 'wall_s': 3932.9}
{'iter': 102, 'env_steps': 3343968, 'episode_return_mean': np.float64(343.8026592607497), 'aux_ce': np.float64(0.7177852988243103), 'aux_accuracy': np.float64(0.7392722964286804), 'entropy': np.float64(1.365712285041809), 'wall_s': 3978.0}
{'iter': 103, 'env_steps': 3376752, 'episode_return_mean': np.float64(345.85450433572987), 'aux_ce': np.float64(0.7243180871009827), 'aux_accuracy': np.float64(0.7346007823944092), 'entropy': np.float64(1.3632125854492188), 'wall_s': 4025.2}
{'iter': 104, 'env_steps': 3409536, 'episode_return_mean': nan, 'aux_ce': np.float64(0.7025291919708252), 'aux_accuracy': np.float64(0.7437595725059509), 'entropy': np.float64(1.3699990510940552), 'wall_s': 4070.5}
{'iter': 105, 'env_steps': 3442320, 'episode_return_mean': np.float64(342.09083289004883), 'aux_ce': np.float64(0.7149224281311035), 'aux_accuracy': np.float64(0.7418693900108337), 'entropy': np.float64(1.3658922910690308), 'wall_s': 4113.3}
{'iter': 106, 'env_steps': 3475104, 'episode_return_mean': np.float64(341.76436043616843), 'aux_ce': np.float64(0.6931027173995972), 'aux_accuracy': np.float64(0.7568264007568359), 'entropy': np.float64(1.3663504123687744), 'wall_s': 4156.6}
{'iter': 107, 'env_steps': 3507888, 'episode_return_mean': nan, 'aux_ce': np.float64(0.7174203991889954), 'aux_accuracy': np.float64(0.7421637773513794), 'entropy': np.float64(1.3687760829925537), 'wall_s': 4199.1}
{'iter': 108, 'env_steps': 3540672, 'episode_return_mean': np.float64(347.96927606865415), 'aux_ce': np.float64(0.7019683122634888), 'aux_accuracy': np.float64(0.7493057250976562), 'entropy': np.float64(1.3716497421264648), 'wall_s': 4243.2}
{'iter': 109, 'env_steps': 3573456, 'episode_return_mean': np.float64(345.8184352953939), 'aux_ce': np.float64(0.751993715763092), 'aux_accuracy': np.float64(0.7182334661483765), 'entropy': np.float64(1.3664236068725586), 'wall_s': 4289.1}
{'iter': 110, 'env_steps': 3606240, 'episode_return_mean': nan, 'aux_ce': np.float64(0.6969729661941528), 'aux_accuracy': np.float64(0.749492883682251), 'entropy': np.float64(1.3728910684585571), 'wall_s': 4332.1}
{'iter': 111, 'env_steps': 3639024, 'episode_return_mean': np.float64(343.2256865191364), 'aux_ce': np.float64(0.718166172504425), 'aux_accuracy': np.float64(0.7425012588500977), 'entropy': np.float64(1.3745332956314087), 'wall_s': 4375.2}
{'iter': 112, 'env_steps': 3671808, 'episode_return_mean': np.float64(342.33009972787653), 'aux_ce': np.float64(0.6998668313026428), 'aux_accuracy': np.float64(0.7514285445213318), 'entropy': np.float64(1.3769296407699585), 'wall_s': 4421.3}
{'iter': 113, 'env_steps': 3704592, 'episode_return_mean': nan, 'aux_ce': np.float64(0.7055138945579529), 'aux_accuracy': np.float64(0.7437740564346313), 'entropy': np.float64(1.380702257156372), 'wall_s': 4467.1}
{'iter': 114, 'env_steps': 3737376, 'episode_return_mean': np.float64(344.51162242190355), 'aux_ce': np.float64(0.7073546648025513), 'aux_accuracy': np.float64(0.7441624402999878), 'entropy': np.float64(1.3877841234207153), 'wall_s': 4512.8}
{'iter': 115, 'env_steps': 3770160, 'episode_return_mean': np.float64(344.0212670730284), 'aux_ce': np.float64(0.712841272354126), 'aux_accuracy': np.float64(0.7428070902824402), 'entropy': np.float64(1.3891716003417969), 'wall_s': 4560.4}
{'iter': 116, 'env_steps': 3802944, 'episode_return_mean': nan, 'aux_ce': np.float64(0.7090926766395569), 'aux_accuracy': np.float64(0.7452974319458008), 'entropy': np.float64(1.3933906555175781), 'wall_s': 4605.7}
{'iter': 117, 'env_steps': 3835728, 'episode_return_mean': np.float64(344.4110040060772), 'aux_ce': np.float64(0.7081055641174316), 'aux_accuracy': np.float64(0.7437147498130798), 'entropy': np.float64(1.4017225503921509), 'wall_s': 4651.7}
{'iter': 118, 'env_steps': 3868512, 'episode_return_mean': np.float64(342.7135871198077), 'aux_ce': np.float64(0.7250983119010925), 'aux_accuracy': np.float64(0.7287963628768921), 'entropy': np.float64(1.407327651977539), 'wall_s': 4697.3}
{'iter': 119, 'env_steps': 3901296, 'episode_return_mean': nan, 'aux_ce': np.float64(0.694209635257721), 'aux_accuracy': np.float64(0.7506953477859497), 'entropy': np.float64(1.4167649745941162), 'wall_s': 4739.0}
{'iter': 120, 'env_steps': 3934080, 'episode_return_mean': np.float64(345.30312162476247), 'aux_ce': np.float64(0.7385479807853699), 'aux_accuracy': np.float64(0.7308996319770813), 'entropy': np.float64(1.4208787679672241), 'wall_s': 4782.2}
{'iter': 121, 'env_steps': 3966864, 'episode_return_mean': np.float64(347.04583201594966), 'aux_ce': np.float64(0.7377959489822388), 'aux_accuracy': np.float64(0.7303370833396912), 'entropy': np.float64(1.4199893474578857), 'wall_s': 4826.8}
{'iter': 122, 'env_steps': 3999648, 'episode_return_mean': nan, 'aux_ce': np.float64(0.7117519378662109), 'aux_accuracy': np.float64(0.7377675771713257), 'entropy': np.float64(1.428595781326294), 'wall_s': 4870.5}
{'iter': 123, 'env_steps': 4032432, 'episode_return_mean': np.float64(344.0391379295962), 'aux_ce': np.float64(0.7191027402877808), 'aux_accuracy': np.float64(0.7335178852081299), 'entropy': np.float64(1.4335896968841553), 'wall_s': 4915.6}
{'iter': 124, 'env_steps': 4065216, 'episode_return_mean': np.float64(342.42319204489604), 'aux_ce': np.float64(0.6781383156776428), 'aux_accuracy': np.float64(0.7548518776893616), 'entropy': np.float64(1.4390110969543457), 'wall_s': 4959.3}
{'iter': 125, 'env_steps': 4098000, 'episode_return_mean': nan, 'aux_ce': np.float64(0.7230550050735474), 'aux_accuracy': np.float64(0.729743480682373), 'entropy': np.float64(1.4445997476577759), 'wall_s': 5002.6}
{'iter': 126, 'env_steps': 4130784, 'episode_return_mean': np.float64(340.46863540719426), 'aux_ce': np.float64(0.7128205299377441), 'aux_accuracy': np.float64(0.73951655626297), 'entropy': np.float64(1.4499355554580688), 'wall_s': 5046.8}
{'iter': 127, 'env_steps': 4163568, 'episode_return_mean': np.float64(340.2452468448065), 'aux_ce': np.float64(0.7224349975585938), 'aux_accuracy': np.float64(0.7354838848114014), 'entropy': np.float64(1.4524122476577759), 'wall_s': 5093.7}
{'iter': 128, 'env_steps': 4196352, 'episode_return_mean': nan, 'aux_ce': np.float64(0.702278196811676), 'aux_accuracy': np.float64(0.7512664794921875), 'entropy': np.float64(1.459755539894104), 'wall_s': 5137.8}
{'iter': 129, 'env_steps': 4229136, 'episode_return_mean': np.float64(346.6227829334244), 'aux_ce': np.float64(0.6997313499450684), 'aux_accuracy': np.float64(0.7459879517555237), 'entropy': np.float64(1.4684174060821533), 'wall_s': 5181.2}
{'iter': 130, 'env_steps': 4261920, 'episode_return_mean': np.float64(347.0566631440532), 'aux_ce': np.float64(0.6965880990028381), 'aux_accuracy': np.float64(0.7504372000694275), 'entropy': np.float64(1.4710311889648438), 'wall_s': 5225.3}
{'iter': 131, 'env_steps': 4294704, 'episode_return_mean': nan, 'aux_ce': np.float64(0.7200548648834229), 'aux_accuracy': np.float64(0.7363083362579346), 'entropy': np.float64(1.4737135171890259), 'wall_s': 5269.5}
{'iter': 132, 'env_steps': 4327488, 'episode_return_mean': np.float64(342.6962793551706), 'aux_ce': np.float64(0.7415375113487244), 'aux_accuracy': np.float64(0.7203539609909058), 'entropy': np.float64(1.482250452041626), 'wall_s': 5313.1}
{'iter': 133, 'env_steps': 4360272, 'episode_return_mean': np.float64(341.01515059513906), 'aux_ce': np.float64(0.7314317226409912), 'aux_accuracy': np.float64(0.7318193316459656), 'entropy': np.float64(1.4832170009613037), 'wall_s': 5359.5}
{'iter': 134, 'env_steps': 4393056, 'episode_return_mean': nan, 'aux_ce': np.float64(0.7127997875213623), 'aux_accuracy': np.float64(0.7389945387840271), 'entropy': np.float64(1.490979790687561), 'wall_s': 5401.8}
{'iter': 135, 'env_steps': 4425840, 'episode_return_mean': np.float64(344.8710621561781), 'aux_ce': np.float64(0.7062212824821472), 'aux_accuracy': np.float64(0.7472278475761414), 'entropy': np.float64(1.494849443435669), 'wall_s': 5444.6}
{'iter': 136, 'env_steps': 4458624, 'episode_return_mean': np.float64(342.7573889667816), 'aux_ce': np.float64(0.7289145588874817), 'aux_accuracy': np.float64(0.7292044758796692), 'entropy': np.float64(1.504842758178711), 'wall_s': 5488.3}
{'iter': 137, 'env_steps': 4491408, 'episode_return_mean': nan, 'aux_ce': np.float64(0.7034777402877808), 'aux_accuracy': np.float64(0.748031497001648), 'entropy': np.float64(1.511484980583191), 'wall_s': 5534.4}
{'iter': 138, 'env_steps': 4524192, 'episode_return_mean': np.float64(340.5218432570411), 'aux_ce': np.float64(0.7338567972183228), 'aux_accuracy': np.float64(0.7385786771774292), 'entropy': np.float64(1.5153214931488037), 'wall_s': 5579.2}
{'iter': 139, 'env_steps': 4556976, 'episode_return_mean': np.float64(342.1706582159339), 'aux_ce': np.float64(0.6920547485351562), 'aux_accuracy': np.float64(0.7570116519927979), 'entropy': np.float64(1.5175834894180298), 'wall_s': 5624.6}
{'iter': 140, 'env_steps': 4589760, 'episode_return_mean': nan, 'aux_ce': np.float64(0.7033641338348389), 'aux_accuracy': np.float64(0.7464788556098938), 'entropy': np.float64(1.5198222398757935), 'wall_s': 5667.7}
{'iter': 141, 'env_steps': 4622544, 'episode_return_mean': np.float64(339.5282456053517), 'aux_ce': np.float64(0.7212226986885071), 'aux_accuracy': np.float64(0.7392956614494324), 'entropy': np.float64(1.5243558883666992), 'wall_s': 5710.6}
{'iter': 142, 'env_steps': 4655328, 'episode_return_mean': np.float64(340.8089421356963), 'aux_ce': np.float64(0.7501433491706848), 'aux_accuracy': np.float64(0.7207905650138855), 'entropy': np.float64(1.5285117626190186), 'wall_s': 5756.1}
{'iter': 143, 'env_steps': 4688112, 'episode_return_mean': nan, 'aux_ce': np.float64(0.7168837785720825), 'aux_accuracy': np.float64(0.7389992475509644), 'entropy': np.float64(1.5314884185791016), 'wall_s': 5800.6}
{'iter': 144, 'env_steps': 4720896, 'episode_return_mean': np.float64(337.77149785069844), 'aux_ce': np.float64(0.7139493227005005), 'aux_accuracy': np.float64(0.7351434230804443), 'entropy': np.float64(1.5392478704452515), 'wall_s': 5847.0}
{'iter': 145, 'env_steps': 4753680, 'episode_return_mean': np.float64(338.4236927573751), 'aux_ce': np.float64(0.7024579048156738), 'aux_accuracy': np.float64(0.7452393174171448), 'entropy': np.float64(1.5437811613082886), 'wall_s': 5892.9}
{'iter': 146, 'env_steps': 4786464, 'episode_return_mean': nan, 'aux_ce': np.float64(0.7244712710380554), 'aux_accuracy': np.float64(0.7308182716369629), 'entropy': np.float64(1.543512225151062), 'wall_s': 5935.7}
{'iter': 147, 'env_steps': 4819248, 'episode_return_mean': np.float64(344.28178408760965), 'aux_ce': np.float64(0.7132545113563538), 'aux_accuracy': np.float64(0.7364180088043213), 'entropy': np.float64(1.5444308519363403), 'wall_s': 5979.9}
{'iter': 148, 'env_steps': 4852032, 'episode_return_mean': np.float64(342.73079694098817), 'aux_ce': np.float64(0.7320389747619629), 'aux_accuracy': np.float64(0.7288179397583008), 'entropy': np.float64(1.5496656894683838), 'wall_s': 6024.3}
{'iter': 149, 'env_steps': 4884816, 'episode_return_mean': nan, 'aux_ce': np.float64(0.693497896194458), 'aux_accuracy': np.float64(0.7514657378196716), 'entropy': np.float64(1.555126428604126), 'wall_s': 6069.7}
{'iter': 150, 'env_steps': 4917600, 'episode_return_mean': np.float64(343.2592095309134), 'aux_ce': np.float64(0.736518919467926), 'aux_accuracy': np.float64(0.7263954281806946), 'entropy': np.float64(1.5549280643463135), 'wall_s': 6114.8}
{'iter': 151, 'env_steps': 4950384, 'episode_return_mean': np.float64(343.44015492931567), 'aux_ce': np.float64(0.7322407960891724), 'aux_accuracy': np.float64(0.7339518666267395), 'entropy': np.float64(1.5566645860671997), 'wall_s': 6158.9}
{'iter': 152, 'env_steps': 4983168, 'episode_return_mean': nan, 'aux_ce': np.float64(0.7227197885513306), 'aux_accuracy': np.float64(0.7323656678199768), 'entropy': np.float64(1.5631446838378906), 'wall_s': 6201.5}
{'iter': 153, 'env_steps': 5015952, 'episode_return_mean': np.float64(343.264264793216), 'aux_ce': np.float64(0.7000259757041931), 'aux_accuracy': np.float64(0.7494293451309204), 'entropy': np.float64(1.5610356330871582), 'wall_s': 6247.3}
{'iter': 154, 'env_steps': 5048736, 'episode_return_mean': np.float64(342.28515520248675), 'aux_ce': np.float64(0.6719316244125366), 'aux_accuracy': np.float64(0.7650189995765686), 'entropy': np.float64(1.5698548555374146), 'wall_s': 6295.8}
{'iter': 155, 'env_steps': 5081520, 'episode_return_mean': nan, 'aux_ce': np.float64(0.7169662714004517), 'aux_accuracy': np.float64(0.7353986501693726), 'entropy': np.float64(1.5725982189178467), 'wall_s': 6341.7}
{'iter': 156, 'env_steps': 5114304, 'episode_return_mean': np.float64(344.475750060428), 'aux_ce': np.float64(0.7223012447357178), 'aux_accuracy': np.float64(0.7351009249687195), 'entropy': np.float64(1.5780994892120361), 'wall_s': 6385.8}
{'iter': 157, 'env_steps': 5147088, 'episode_return_mean': np.float64(343.45694920325946), 'aux_ce': np.float64(0.7005285620689392), 'aux_accuracy': np.float64(0.7420960664749146), 'entropy': np.float64(1.5783836841583252), 'wall_s': 6431.5}
{'iter': 158, 'env_steps': 5179872, 'episode_return_mean': nan, 'aux_ce': np.float64(0.7372846603393555), 'aux_accuracy': np.float64(0.7197452187538147), 'entropy': np.float64(1.5811647176742554), 'wall_s': 6476.8}
{'iter': 159, 'env_steps': 5212656, 'episode_return_mean': np.float64(340.7637712509589), 'aux_ce': np.float64(0.7363366484642029), 'aux_accuracy': np.float64(0.7248339056968689), 'entropy': np.float64(1.5855462551116943), 'wall_s': 6521.9}
{'iter': 160, 'env_steps': 5245440, 'episode_return_mean': np.float64(342.22928982171936), 'aux_ce': np.float64(0.7434499859809875), 'aux_accuracy': np.float64(0.7219374775886536), 'entropy': np.float64(1.5893762111663818), 'wall_s': 6568.9}
{'iter': 161, 'env_steps': 5278224, 'episode_return_mean': nan, 'aux_ce': np.float64(0.7485635876655579), 'aux_accuracy': np.float64(0.7165951132774353), 'entropy': np.float64(1.5942726135253906), 'wall_s': 6613.3}
{'iter': 162, 'env_steps': 5311008, 'episode_return_mean': np.float64(341.6136060424825), 'aux_ce': np.float64(0.6990581750869751), 'aux_accuracy': np.float64(0.7442378997802734), 'entropy': np.float64(1.5960679054260254), 'wall_s': 6658.6}
{'iter': 163, 'env_steps': 5343792, 'episode_return_mean': np.float64(339.9196958955963), 'aux_ce': np.float64(0.6912166476249695), 'aux_accuracy': np.float64(0.7501258254051208), 'entropy': np.float64(1.5967059135437012), 'wall_s': 6701.4}
{'iter': 164, 'env_steps': 5376576, 'episode_return_mean': nan, 'aux_ce': np.float64(0.7394262552261353), 'aux_accuracy': np.float64(0.7178370356559753), 'entropy': np.float64(1.5975463390350342), 'wall_s': 6744.5}
{'iter': 165, 'env_steps': 5409360, 'episode_return_mean': np.float64(336.23233543723103), 'aux_ce': np.float64(0.6975878477096558), 'aux_accuracy': np.float64(0.7515794634819031), 'entropy': np.float64(1.602219581604004), 'wall_s': 6789.1}
{'iter': 166, 'env_steps': 5442144, 'episode_return_mean': np.float64(338.06686289880525), 'aux_ce': np.float64(0.6942883133888245), 'aux_accuracy': np.float64(0.7501264810562134), 'entropy': np.float64(1.6050705909729004), 'wall_s': 6834.5}
{'iter': 167, 'env_steps': 5474928, 'episode_return_mean': nan, 'aux_ce': np.float64(0.7175087332725525), 'aux_accuracy': np.float64(0.7371631860733032), 'entropy': np.float64(1.6054613590240479), 'wall_s': 6879.2}
{'iter': 168, 'env_steps': 5507712, 'episode_return_mean': np.float64(342.9168828709902), 'aux_ce': np.float64(0.7301591038703918), 'aux_accuracy': np.float64(0.7341902256011963), 'entropy': np.float64(1.6133370399475098), 'wall_s': 6926.4}
{'iter': 169, 'env_steps': 5540496, 'episode_return_mean': np.float64(342.54996400065784), 'aux_ce': np.float64(0.7038413882255554), 'aux_accuracy': np.float64(0.7435897588729858), 'entropy': np.float64(1.6164718866348267), 'wall_s': 6971.4}
{'iter': 170, 'env_steps': 5573280, 'episode_return_mean': nan, 'aux_ce': np.float64(0.7288925051689148), 'aux_accuracy': np.float64(0.7307984828948975), 'entropy': np.float64(1.6211321353912354), 'wall_s': 7018.3}
{'iter': 171, 'env_steps': 5606064, 'episode_return_mean': np.float64(338.94845280415063), 'aux_ce': np.float64(0.7365012168884277), 'aux_accuracy': np.float64(0.7244053483009338), 'entropy': np.float64(1.6275802850723267), 'wall_s': 7075.5}
{'iter': 172, 'env_steps': 5638848, 'episode_return_mean': np.float64(339.8257400883607), 'aux_ce': np.float64(0.7262324094772339), 'aux_accuracy': np.float64(0.7329603433609009), 'entropy': np.float64(1.6351346969604492), 'wall_s': 7124.4}
{'iter': 173, 'env_steps': 5671632, 'episode_return_mean': nan, 'aux_ce': np.float64(0.6982113122940063), 'aux_accuracy': np.float64(0.7461126446723938), 'entropy': np.float64(1.6371345520019531), 'wall_s': 7170.4}
{'iter': 174, 'env_steps': 5704416, 'episode_return_mean': np.float64(340.98118966003005), 'aux_ce': np.float64(0.6881301999092102), 'aux_accuracy': np.float64(0.7581128478050232), 'entropy': np.float64(1.6388359069824219), 'wall_s': 7229.8}
{'iter': 175, 'env_steps': 5737200, 'episode_return_mean': np.float64(339.48068998603515), 'aux_ce': np.float64(0.6948480606079102), 'aux_accuracy': np.float64(0.7474265694618225), 'entropy': np.float64(1.6384894847869873), 'wall_s': 7294.7}
{'iter': 176, 'env_steps': 5769984, 'episode_return_mean': nan, 'aux_ce': np.float64(0.7087437510490417), 'aux_accuracy': np.float64(0.7376756072044373), 'entropy': np.float64(1.6424514055252075), 'wall_s': 7356.5}
{'iter': 177, 'env_steps': 5802768, 'episode_return_mean': np.float64(341.3730719353775), 'aux_ce': np.float64(0.7398673892021179), 'aux_accuracy': np.float64(0.7269145250320435), 'entropy': np.float64(1.6417484283447266), 'wall_s': 7410.1}
{'iter': 178, 'env_steps': 5835552, 'episode_return_mean': np.float64(341.8786951472258), 'aux_ce': np.float64(0.7418237328529358), 'aux_accuracy': np.float64(0.7199290990829468), 'entropy': np.float64(1.6462059020996094), 'wall_s': 7462.1}
{'iter': 179, 'env_steps': 5868336, 'episode_return_mean': nan, 'aux_ce': np.float64(0.7556706070899963), 'aux_accuracy': np.float64(0.7232235074043274), 'entropy': np.float64(1.6463735103607178), 'wall_s': 7506.4}
{'iter': 180, 'env_steps': 5901120, 'episode_return_mean': np.float64(334.9541408803879), 'aux_ce': np.float64(0.734873354434967), 'aux_accuracy': np.float64(0.7249108552932739), 'entropy': np.float64(1.6494725942611694), 'wall_s': 7551.6}
{'iter': 181, 'env_steps': 5933904, 'episode_return_mean': np.float64(336.694519732269), 'aux_ce': np.float64(0.7098393440246582), 'aux_accuracy': np.float64(0.7437911629676819), 'entropy': np.float64(1.6515346765518188), 'wall_s': 7597.2}
{'iter': 182, 'env_steps': 5966688, 'episode_return_mean': nan, 'aux_ce': np.float64(0.7004252076148987), 'aux_accuracy': np.float64(0.7505686283111572), 'entropy': np.float64(1.649857759475708), 'wall_s': 7642.6}
{'iter': 183, 'env_steps': 5999472, 'episode_return_mean': np.float64(344.26136158978767), 'aux_ce': np.float64(0.7165790796279907), 'aux_accuracy': np.float64(0.7349885702133179), 'entropy': np.float64(1.6546434164047241), 'wall_s': 7687.1}
{'iter': 184, 'env_steps': 6032256, 'episode_return_mean': np.float64(345.07190823339045), 'aux_ce': np.float64(0.7350401282310486), 'aux_accuracy': np.float64(0.726482629776001), 'entropy': np.float64(1.6559762954711914), 'wall_s': 7730.9}
{'iter': 185, 'env_steps': 6065040, 'episode_return_mean': nan, 'aux_ce': np.float64(0.6743929386138916), 'aux_accuracy': np.float64(0.767189085483551), 'entropy': np.float64(1.6579407453536987), 'wall_s': 7775.2}
{'iter': 186, 'env_steps': 6097824, 'episode_return_mean': np.float64(341.81905064694166), 'aux_ce': np.float64(0.7063969373703003), 'aux_accuracy': np.float64(0.7453668713569641), 'entropy': np.float64(1.6636639833450317), 'wall_s': 7817.9}
{'iter': 187, 'env_steps': 6130608, 'episode_return_mean': np.float64(340.554446636985), 'aux_ce': np.float64(0.7165729999542236), 'aux_accuracy': np.float64(0.7373992204666138), 'entropy': np.float64(1.6708688735961914), 'wall_s': 7863.9}
{'iter': 188, 'env_steps': 6163392, 'episode_return_mean': nan, 'aux_ce': np.float64(0.7194293141365051), 'aux_accuracy': np.float64(0.7411794066429138), 'entropy': np.float64(1.6760871410369873), 'wall_s': 7908.1}
{'iter': 189, 'env_steps': 6196176, 'episode_return_mean': np.float64(342.73180942295505), 'aux_ce': np.float64(0.7339335083961487), 'aux_accuracy': np.float64(0.7253952026367188), 'entropy': np.float64(1.6712579727172852), 'wall_s': 7951.7}
{'iter': 190, 'env_steps': 6228960, 'episode_return_mean': np.float64(340.29871822778375), 'aux_ce': np.float64(0.7294219136238098), 'aux_accuracy': np.float64(0.7327955365180969), 'entropy': np.float64(1.673172950744629), 'wall_s': 7996.3}
{'iter': 191, 'env_steps': 6261744, 'episode_return_mean': nan, 'aux_ce': np.float64(0.7383541464805603), 'aux_accuracy': np.float64(0.7251638770103455), 'entropy': np.float64(1.677291750907898), 'wall_s': 8041.5}
{'iter': 192, 'env_steps': 6294528, 'episode_return_mean': np.float64(337.475318788961), 'aux_ce': np.float64(0.7352909445762634), 'aux_accuracy': np.float64(0.7252659797668457), 'entropy': np.float64(1.6792198419570923), 'wall_s': 8093.9}
{'iter': 193, 'env_steps': 6327312, 'episode_return_mean': np.float64(341.1305447032046), 'aux_ce': np.float64(0.7128639221191406), 'aux_accuracy': np.float64(0.7384105920791626), 'entropy': np.float64(1.6819868087768555), 'wall_s': 8139.6}
{'iter': 194, 'env_steps': 6360096, 'episode_return_mean': nan, 'aux_ce': np.float64(0.7147400975227356), 'aux_accuracy': np.float64(0.732237696647644), 'entropy': np.float64(1.6834142208099365), 'wall_s': 8185.6}
{'iter': 195, 'env_steps': 6392880, 'episode_return_mean': np.float64(342.0997980024546), 'aux_ce': np.float64(0.7176174521446228), 'aux_accuracy': np.float64(0.7375127673149109), 'entropy': np.float64(1.6842029094696045), 'wall_s': 8236.6}
{'iter': 196, 'env_steps': 6425664, 'episode_return_mean': np.float64(342.9691159132975), 'aux_ce': np.float64(0.7050144672393799), 'aux_accuracy': np.float64(0.7423693537712097), 'entropy': np.float64(1.6809426546096802), 'wall_s': 8283.3}
{'iter': 197, 'env_steps': 6458448, 'episode_return_mean': nan, 'aux_ce': np.float64(0.7148401737213135), 'aux_accuracy': np.float64(0.7411853075027466), 'entropy': np.float64(1.682985782623291), 'wall_s': 8333.6}
{'iter': 198, 'env_steps': 6491232, 'episode_return_mean': np.float64(341.5760945449997), 'aux_ce': np.float64(0.695478618144989), 'aux_accuracy': np.float64(0.744670033454895), 'entropy': np.float64(1.6823546886444092), 'wall_s': 8388.2}
{'iter': 199, 'env_steps': 6524016, 'episode_return_mean': np.float64(340.9347687132059), 'aux_ce': np.float64(0.7000249028205872), 'aux_accuracy': np.float64(0.7483027577400208), 'entropy': np.float64(1.6895155906677246), 'wall_s': 8437.0}
{'iter': 200, 'env_steps': 6556800, 'episode_return_mean': nan, 'aux_ce': np.float64(0.696873664855957), 'aux_accuracy': np.float64(0.7548125386238098), 'entropy': np.float64(1.6955584287643433), 'wall_s': 8484.9}
{'iter': 201, 'env_steps': 6589584, 'episode_return_mean': np.float64(340.551398362422), 'aux_ce': np.float64(0.7004991173744202), 'aux_accuracy': np.float64(0.7526575326919556), 'entropy': np.float64(1.698556900024414), 'wall_s': 8535.3}
{'iter': 202, 'env_steps': 6622368, 'episode_return_mean': np.float64(341.09827341021736), 'aux_ce': np.float64(0.7009294033050537), 'aux_accuracy': np.float64(0.7421953678131104), 'entropy': np.float64(1.704797625541687), 'wall_s': 8579.1}
{'iter': 203, 'env_steps': 6655152, 'episode_return_mean': nan, 'aux_ce': np.float64(0.7036910653114319), 'aux_accuracy': np.float64(0.7482976317405701), 'entropy': np.float64(1.7060635089874268), 'wall_s': 8626.3}
{'iter': 204, 'env_steps': 6687936, 'episode_return_mean': np.float64(343.02501945969846), 'aux_ce': np.float64(0.6897536516189575), 'aux_accuracy': np.float64(0.7509443759918213), 'entropy': np.float64(1.7063357830047607), 'wall_s': 8675.6}
{'iter': 205, 'env_steps': 6720720, 'episode_return_mean': np.float64(344.5366345752951), 'aux_ce': np.float64(0.7200777530670166), 'aux_accuracy': np.float64(0.7347590923309326), 'entropy': np.float64(1.708510398864746), 'wall_s': 8724.5}
{'iter': 206, 'env_steps': 6753504, 'episode_return_mean': nan, 'aux_ce': np.float64(0.7240745425224304), 'aux_accuracy': np.float64(0.7316269874572754), 'entropy': np.float64(1.7104746103286743), 'wall_s': 8777.1}
{'iter': 207, 'env_steps': 6786288, 'episode_return_mean': np.float64(341.5341501503599), 'aux_ce': np.float64(0.7234277725219727), 'aux_accuracy': np.float64(0.7353379726409912), 'entropy': np.float64(1.7140421867370605), 'wall_s': 8833.6}
{'iter': 208, 'env_steps': 6819072, 'episode_return_mean': np.float64(341.742937556384), 'aux_ce': np.float64(0.7167367935180664), 'aux_accuracy': np.float64(0.7339743375778198), 'entropy': np.float64(1.7128324508666992), 'wall_s': 8879.1}
{'iter': 209, 'env_steps': 6851856, 'episode_return_mean': nan, 'aux_ce': np.float64(0.691352903842926), 'aux_accuracy': np.float64(0.7487283945083618), 'entropy': np.float64(1.7114007472991943), 'wall_s': 8932.4}
{'iter': 210, 'env_steps': 6884640, 'episode_return_mean': np.float64(338.22053078116994), 'aux_ce': np.float64(0.7145654559135437), 'aux_accuracy': np.float64(0.7422574758529663), 'entropy': np.float64(1.7123745679855347), 'wall_s': 8984.9}
{'iter': 211, 'env_steps': 6917424, 'episode_return_mean': np.float64(338.498162376564), 'aux_ce': np.float64(0.7265974283218384), 'aux_accuracy': np.float64(0.7336075901985168), 'entropy': np.float64(1.7151464223861694), 'wall_s': 9030.0}
{'iter': 212, 'env_steps': 6950208, 'episode_return_mean': nan, 'aux_ce': np.float64(0.6855334043502808), 'aux_accuracy': np.float64(0.7567567825317383), 'entropy': np.float64(1.7191323041915894), 'wall_s': 9075.8}
{'iter': 213, 'env_steps': 6982992, 'episode_return_mean': np.float64(339.54981905386694), 'aux_ce': np.float64(0.7325511574745178), 'aux_accuracy': np.float64(0.7347418069839478), 'entropy': np.float64(1.7212753295898438), 'wall_s': 9129.3}
{'iter': 214, 'env_steps': 7015776, 'episode_return_mean': np.float64(337.47103381629665), 'aux_ce': np.float64(0.7290512323379517), 'aux_accuracy': np.float64(0.7275931239128113), 'entropy': np.float64(1.7249665260314941), 'wall_s': 9174.8}
{'iter': 215, 'env_steps': 7048560, 'episode_return_mean': nan, 'aux_ce': np.float64(0.7228743433952332), 'aux_accuracy': np.float64(0.7301072478294373), 'entropy': np.float64(1.7258598804473877), 'wall_s': 9219.5}
{'iter': 216, 'env_steps': 7081344, 'episode_return_mean': np.float64(343.2805094148973), 'aux_ce': np.float64(0.7051844000816345), 'aux_accuracy': np.float64(0.7420485615730286), 'entropy': np.float64(1.7276225090026855), 'wall_s': 9273.2}
{'iter': 217, 'env_steps': 7114128, 'episode_return_mean': np.float64(339.6211808889716), 'aux_ce': np.float64(0.7376168966293335), 'aux_accuracy': np.float64(0.720382809638977), 'entropy': np.float64(1.7266476154327393), 'wall_s': 9330.2}
{'iter': 218, 'env_steps': 7146912, 'episode_return_mean': nan, 'aux_ce': np.float64(0.7227832674980164), 'aux_accuracy': np.float64(0.7322572469711304), 'entropy': np.float64(1.7304561138153076), 'wall_s': 9389.4}
{'iter': 219, 'env_steps': 7179696, 'episode_return_mean': np.float64(340.1764086393473), 'aux_ce': np.float64(0.6818944215774536), 'aux_accuracy': np.float64(0.7562872767448425), 'entropy': np.float64(1.7403781414031982), 'wall_s': 9439.1}
{'iter': 220, 'env_steps': 7212480, 'episode_return_mean': np.float64(339.78071818014416), 'aux_ce': np.float64(0.6959280371665955), 'aux_accuracy': np.float64(0.7528517246246338), 'entropy': np.float64(1.7457396984100342), 'wall_s': 9483.8}
{'iter': 221, 'env_steps': 7245264, 'episode_return_mean': nan, 'aux_ce': np.float64(0.7258944511413574), 'aux_accuracy': np.float64(0.7331475019454956), 'entropy': np.float64(1.7505278587341309), 'wall_s': 9533.2}
{'iter': 222, 'env_steps': 7278048, 'episode_return_mean': np.float64(339.1037440508707), 'aux_ce': np.float64(0.7606557011604309), 'aux_accuracy': np.float64(0.7164028882980347), 'entropy': np.float64(1.7520698308944702), 'wall_s': 9590.2}
{'iter': 223, 'env_steps': 7310832, 'episode_return_mean': np.float64(338.4053862282839), 'aux_ce': np.float64(0.7081243395805359), 'aux_accuracy': np.float64(0.7414931654930115), 'entropy': np.float64(1.7542059421539307), 'wall_s': 9634.6}
{'iter': 224, 'env_steps': 7343616, 'episode_return_mean': nan, 'aux_ce': np.float64(0.750532865524292), 'aux_accuracy': np.float64(0.720606803894043), 'entropy': np.float64(1.755350112915039), 'wall_s': 9679.7}
{'iter': 225, 'env_steps': 7376400, 'episode_return_mean': np.float64(338.381094953574), 'aux_ce': np.float64(0.7078731060028076), 'aux_accuracy': np.float64(0.7479369640350342), 'entropy': np.float64(1.760486364364624), 'wall_s': 9731.3}
{'iter': 226, 'env_steps': 7409184, 'episode_return_mean': np.float64(336.95169213841007), 'aux_ce': np.float64(0.7242324352264404), 'aux_accuracy': np.float64(0.7401757836341858), 'entropy': np.float64(1.7590384483337402), 'wall_s': 9774.1}
{'iter': 227, 'env_steps': 7441968, 'episode_return_mean': nan, 'aux_ce': np.float64(0.7426174879074097), 'aux_accuracy': np.float64(0.7218813896179199), 'entropy': np.float64(1.7581223249435425), 'wall_s': 9820.4}
{'iter': 228, 'env_steps': 7474752, 'episode_return_mean': np.float64(335.59095701242967), 'aux_ce': np.float64(0.7177688479423523), 'aux_accuracy': np.float64(0.7296192049980164), 'entropy': np.float64(1.7679105997085571), 'wall_s': 9863.3}
{'iter': 229, 'env_steps': 7507536, 'episode_return_mean': np.float64(334.0910713677852), 'aux_ce': np.float64(0.7130006551742554), 'aux_accuracy': np.float64(0.7378398776054382), 'entropy': np.float64(1.767808198928833), 'wall_s': 9914.4}
{'iter': 230, 'env_steps': 7540320, 'episode_return_mean': nan, 'aux_ce': np.float64(0.724786102771759), 'aux_accuracy': np.float64(0.7301143407821655), 'entropy': np.float64(1.7698204517364502), 'wall_s': 9959.6}
{'iter': 231, 'env_steps': 7573104, 'episode_return_mean': np.float64(333.3992446981959), 'aux_ce': np.float64(0.745008111000061), 'aux_accuracy': np.float64(0.7209656834602356), 'entropy': np.float64(1.7735395431518555), 'wall_s': 10002.0}
{'iter': 232, 'env_steps': 7605888, 'episode_return_mean': np.float64(332.6223895404628), 'aux_ce': np.float64(0.7155824899673462), 'aux_accuracy': np.float64(0.73537677526474), 'entropy': np.float64(1.7802644968032837), 'wall_s': 10051.0}
{'iter': 233, 'env_steps': 7638672, 'episode_return_mean': nan, 'aux_ce': np.float64(0.719536304473877), 'aux_accuracy': np.float64(0.7367101311683655), 'entropy': np.float64(1.7842745780944824), 'wall_s': 10096.1}
{'iter': 234, 'env_steps': 7671456, 'episode_return_mean': np.float64(334.65217426706477), 'aux_ce': np.float64(0.7436996698379517), 'aux_accuracy': np.float64(0.7241028547286987), 'entropy': np.float64(1.7850651741027832), 'wall_s': 10138.7}
{'iter': 235, 'env_steps': 7704240, 'episode_return_mean': np.float64(335.3989828241393), 'aux_ce': np.float64(0.7581162452697754), 'aux_accuracy': np.float64(0.708251953125), 'entropy': np.float64(1.7894690036773682), 'wall_s': 10190.5}
{'iter': 236, 'env_steps': 7737024, 'episode_return_mean': nan, 'aux_ce': np.float64(0.7287571430206299), 'aux_accuracy': np.float64(0.7313735485076904), 'entropy': np.float64(1.7975096702575684), 'wall_s': 10235.7}
{'iter': 237, 'env_steps': 7769808, 'episode_return_mean': np.float64(332.040622129701), 'aux_ce': np.float64(0.7058970332145691), 'aux_accuracy': np.float64(0.741830050945282), 'entropy': np.float64(1.7974203824996948), 'wall_s': 10278.2}
{'iter': 238, 'env_steps': 7802592, 'episode_return_mean': np.float64(333.2476365975138), 'aux_ce': np.float64(0.7317702770233154), 'aux_accuracy': np.float64(0.7288135886192322), 'entropy': np.float64(1.8005578517913818), 'wall_s': 10332.1}
{'iter': 239, 'env_steps': 7835376, 'episode_return_mean': nan, 'aux_ce': np.float64(0.717034101486206), 'aux_accuracy': np.float64(0.735248863697052), 'entropy': np.float64(1.8016222715377808), 'wall_s': 10377.4}
{'iter': 240, 'env_steps': 7868160, 'episode_return_mean': np.float64(341.9059365935286), 'aux_ce': np.float64(0.7040995359420776), 'aux_accuracy': np.float64(0.7440626621246338), 'entropy': np.float64(1.8015029430389404), 'wall_s': 10426.9}
{'iter': 241, 'env_steps': 7900944, 'episode_return_mean': np.float64(342.4995887526727), 'aux_ce': np.float64(0.7142008543014526), 'aux_accuracy': np.float64(0.7425439953804016), 'entropy': np.float64(1.7986985445022583), 'wall_s': 10469.7}
{'iter': 242, 'env_steps': 7933728, 'episode_return_mean': nan, 'aux_ce': np.float64(0.7289342880249023), 'aux_accuracy': np.float64(0.7301307916641235), 'entropy': np.float64(1.7974668741226196), 'wall_s': 10514.4}
{'iter': 243, 'env_steps': 7966512, 'episode_return_mean': np.float64(341.5234500194631), 'aux_ce': np.float64(0.7132828831672668), 'aux_accuracy': np.float64(0.7390238046646118), 'entropy': np.float64(1.8015997409820557), 'wall_s': 10565.3}
{'iter': 244, 'env_steps': 7999296, 'episode_return_mean': np.float64(339.85251479790696), 'aux_ce': np.float64(0.7130937576293945), 'aux_accuracy': np.float64(0.7390225529670715), 'entropy': np.float64(1.8009339570999146), 'wall_s': 10609.2}
{'iter': 245, 'env_steps': 8032080, 'episode_return_mean': nan, 'aux_ce': np.float64(0.7349426746368408), 'aux_accuracy': np.float64(0.7252274751663208), 'entropy': np.float64(1.79694664478302), 'wall_s': 10658.4}
{'iter': 246, 'env_steps': 8064864, 'episode_return_mean': np.float64(336.52752256492244), 'aux_ce': np.float64(0.7289281487464905), 'aux_accuracy': np.float64(0.730928897857666), 'entropy': np.float64(1.8002263307571411), 'wall_s': 10720.8}
{'iter': 247, 'env_steps': 8097648, 'episode_return_mean': np.float64(337.25085365517816), 'aux_ce': np.float64(0.7178901433944702), 'aux_accuracy': np.float64(0.7373971343040466), 'entropy': np.float64(1.799912929534912), 'wall_s': 10772.1}
{'iter': 248, 'env_steps': 8130432, 'episode_return_mean': nan, 'aux_ce': np.float64(0.7249143719673157), 'aux_accuracy': np.float64(0.7308667302131653), 'entropy': np.float64(1.7974668741226196), 'wall_s': 10826.3}
{'iter': 249, 'env_steps': 8163216, 'episode_return_mean': np.float64(339.3053775546199), 'aux_ce': np.float64(0.7439191341400146), 'aux_accuracy': np.float64(0.7236445546150208), 'entropy': np.float64(1.8016064167022705), 'wall_s': 10877.1}
{'iter': 250, 'env_steps': 8196000, 'episode_return_mean': np.float64(337.1275317828678), 'aux_ce': np.float64(0.700308084487915), 'aux_accuracy': np.float64(0.741422176361084), 'entropy': np.float64(1.807611346244812), 'wall_s': 10920.6}
{'iter': 251, 'env_steps': 8228784, 'episode_return_mean': nan, 'aux_ce': np.float64(0.6939511895179749), 'aux_accuracy': np.float64(0.7537916898727417), 'entropy': np.float64(1.8106811046600342), 'wall_s': 10967.6}
{'iter': 252, 'env_steps': 8261568, 'episode_return_mean': np.float64(336.26554784604264), 'aux_ce': np.float64(0.6992142796516418), 'aux_accuracy': np.float64(0.7470664978027344), 'entropy': np.float64(1.806570291519165), 'wall_s': 11016.4}
{'iter': 253, 'env_steps': 8294352, 'episode_return_mean': np.float64(338.1952096195714), 'aux_ce': np.float64(0.7391291856765747), 'aux_accuracy': np.float64(0.7241467237472534), 'entropy': np.float64(1.8062286376953125), 'wall_s': 11060.1}
{'iter': 254, 'env_steps': 8327136, 'episode_return_mean': nan, 'aux_ce': np.float64(0.7135305404663086), 'aux_accuracy': np.float64(0.7389659285545349), 'entropy': np.float64(1.8057565689086914), 'wall_s': 11108.1}
{'iter': 255, 'env_steps': 8359920, 'episode_return_mean': np.float64(333.1432667215875), 'aux_ce': np.float64(0.7568584680557251), 'aux_accuracy': np.float64(0.7113080024719238), 'entropy': np.float64(1.8066462278366089), 'wall_s': 11159.9}
{'iter': 256, 'env_steps': 8392704, 'episode_return_mean': np.float64(335.96156560573843), 'aux_ce': np.float64(0.7478291988372803), 'aux_accuracy': np.float64(0.7206146121025085), 'entropy': np.float64(1.8048886060714722), 'wall_s': 11203.1}
{'iter': 257, 'env_steps': 8425488, 'episode_return_mean': nan, 'aux_ce': np.float64(0.7145777940750122), 'aux_accuracy': np.float64(0.7389856576919556), 'entropy': np.float64(1.8050072193145752), 'wall_s': 11248.7}
{'iter': 258, 'env_steps': 8458272, 'episode_return_mean': np.float64(337.66708386682717), 'aux_ce': np.float64(0.7044667601585388), 'aux_accuracy': np.float64(0.7410938143730164), 'entropy': np.float64(1.8061243295669556), 'wall_s': 11299.6}
{'iter': 259, 'env_steps': 8491056, 'episode_return_mean': np.float64(338.6526048554611), 'aux_ce': np.float64(0.688378095626831), 'aux_accuracy': np.float64(0.7537726163864136), 'entropy': np.float64(1.8089070320129395), 'wall_s': 11344.3}
{'iter': 260, 'env_steps': 8523840, 'episode_return_mean': nan, 'aux_ce': np.float64(0.7267068028450012), 'aux_accuracy': np.float64(0.729097843170166), 'entropy': np.float64(1.8030180931091309), 'wall_s': 11387.6}
{'iter': 261, 'env_steps': 8556624, 'episode_return_mean': np.float64(333.92617420575675), 'aux_ce': np.float64(0.7268998622894287), 'aux_accuracy': np.float64(0.7288007736206055), 'entropy': np.float64(1.812317967414856), 'wall_s': 11437.1}
{'iter': 262, 'env_steps': 8589408, 'episode_return_mean': np.float64(337.6814803974553), 'aux_ce': np.float64(0.7341086864471436), 'aux_accuracy': np.float64(0.7266041040420532), 'entropy': np.float64(1.8171746730804443), 'wall_s': 11483.4}
{'iter': 263, 'env_steps': 8622192, 'episode_return_mean': nan, 'aux_ce': np.float64(0.7283542156219482), 'aux_accuracy': np.float64(0.7271817922592163), 'entropy': np.float64(1.8172619342803955), 'wall_s': 11526.3}
{'iter': 264, 'env_steps': 8654976, 'episode_return_mean': np.float64(335.91419322719184), 'aux_ce': np.float64(0.7466541528701782), 'aux_accuracy': np.float64(0.7201667428016663), 'entropy': np.float64(1.8192449808120728), 'wall_s': 11577.6}
{'iter': 265, 'env_steps': 8687760, 'episode_return_mean': np.float64(334.69230529194544), 'aux_ce': np.float64(0.7404528856277466), 'aux_accuracy': np.float64(0.7284449934959412), 'entropy': np.float64(1.8212441205978394), 'wall_s': 11623.7}
{'iter': 266, 'env_steps': 8720544, 'episode_return_mean': nan, 'aux_ce': np.float64(0.7272401452064514), 'aux_accuracy': np.float64(0.7337477207183838), 'entropy': np.float64(1.8227741718292236), 'wall_s': 11666.7}
{'iter': 267, 'env_steps': 8753328, 'episode_return_mean': np.float64(339.9110303868449), 'aux_ce': np.float64(0.7190399765968323), 'aux_accuracy': np.float64(0.7334389090538025), 'entropy': np.float64(1.8194961547851562), 'wall_s': 11726.8}
{'iter': 268, 'env_steps': 8786112, 'episode_return_mean': np.float64(339.1842197544422), 'aux_ce': np.float64(0.7100718021392822), 'aux_accuracy': np.float64(0.7412746548652649), 'entropy': np.float64(1.822519063949585), 'wall_s': 11780.5}
{'iter': 269, 'env_steps': 8818896, 'episode_return_mean': nan, 'aux_ce': np.float64(0.7274014949798584), 'aux_accuracy': np.float64(0.729097843170166), 'entropy': np.float64(1.825706124305725), 'wall_s': 11826.4}
{'iter': 270, 'env_steps': 8851680, 'episode_return_mean': np.float64(337.6922480607162), 'aux_ce': np.float64(0.7307392358779907), 'aux_accuracy': np.float64(0.725802481174469), 'entropy': np.float64(1.8261806964874268), 'wall_s': 11888.5}
{'iter': 271, 'env_steps': 8884464, 'episode_return_mean': np.float64(339.5719769453842), 'aux_ce': np.float64(0.707042932510376), 'aux_accuracy': np.float64(0.7453494071960449), 'entropy': np.float64(1.8275699615478516), 'wall_s': 11945.9}
{'iter': 272, 'env_steps': 8917248, 'episode_return_mean': nan, 'aux_ce': np.float64(0.6851471662521362), 'aux_accuracy': np.float64(0.7567221522331238), 'entropy': np.float64(1.8325103521347046), 'wall_s': 11990.3}
{'iter': 273, 'env_steps': 8950032, 'episode_return_mean': np.float64(338.5412749438967), 'aux_ce': np.float64(0.7095410823822021), 'aux_accuracy': np.float64(0.7434554696083069), 'entropy': np.float64(1.833967685699463), 'wall_s': 12045.8}
{'iter': 274, 'env_steps': 8982816, 'episode_return_mean': np.float64(337.83545572567925), 'aux_ce': np.float64(0.7296708226203918), 'aux_accuracy': np.float64(0.7395064830780029), 'entropy': np.float64(1.8368046283721924), 'wall_s': 12102.4}
{'iter': 275, 'env_steps': 9015600, 'episode_return_mean': nan, 'aux_ce': np.float64(0.7111567258834839), 'aux_accuracy': np.float64(0.7392956614494324), 'entropy': np.float64(1.8372772932052612), 'wall_s': 12147.5}
{'iter': 276, 'env_steps': 9048384, 'episode_return_mean': np.float64(338.95247132347896), 'aux_ce': np.float64(0.697057843208313), 'aux_accuracy': np.float64(0.7467204928398132), 'entropy': np.float64(1.834682583808899), 'wall_s': 12192.7}
{'iter': 277, 'env_steps': 9081168, 'episode_return_mean': np.float64(341.57780082281283), 'aux_ce': np.float64(0.7293345928192139), 'aux_accuracy': np.float64(0.7266131043434143), 'entropy': np.float64(1.8351352214813232), 'wall_s': 12240.5}
{'iter': 278, 'env_steps': 9113952, 'episode_return_mean': nan, 'aux_ce': np.float64(0.7042364478111267), 'aux_accuracy': np.float64(0.7472611665725708), 'entropy': np.float64(1.8372663259506226), 'wall_s': 12284.9}
{'iter': 279, 'env_steps': 9146736, 'episode_return_mean': np.float64(341.331203274072), 'aux_ce': np.float64(0.7446278929710388), 'aux_accuracy': np.float64(0.7173857688903809), 'entropy': np.float64(1.8357032537460327), 'wall_s': 12329.5}
{'iter': 280, 'env_steps': 9179520, 'episode_return_mean': np.float64(339.94594989456186), 'aux_ce': np.float64(0.7180166840553284), 'aux_accuracy': np.float64(0.7353689670562744), 'entropy': np.float64(1.8388484716415405), 'wall_s': 12374.0}
{'iter': 281, 'env_steps': 9212304, 'episode_return_mean': nan, 'aux_ce': np.float64(0.707328736782074), 'aux_accuracy': np.float64(0.7371384501457214), 'entropy': np.float64(1.8425703048706055), 'wall_s': 12418.2}
{'iter': 282, 'env_steps': 9245088, 'episode_return_mean': np.float64(337.0824316003001), 'aux_ce': np.float64(0.7075613737106323), 'aux_accuracy': np.float64(0.7428426742553711), 'entropy': np.float64(1.8372447490692139), 'wall_s': 12464.6}
{'iter': 283, 'env_steps': 9277872, 'episode_return_mean': np.float64(338.38880441869594), 'aux_ce': np.float64(0.7265073657035828), 'aux_accuracy': np.float64(0.7332828640937805), 'entropy': np.float64(1.8366620540618896), 'wall_s': 12516.7}
{'iter': 284, 'env_steps': 9310656, 'episode_return_mean': nan, 'aux_ce': np.float64(0.6991773843765259), 'aux_accuracy': np.float64(0.7486284375190735), 'entropy': np.float64(1.8389356136322021), 'wall_s': 12580.4}
{'iter': 285, 'env_steps': 9343440, 'episode_return_mean': np.float64(337.6620947415564), 'aux_ce': np.float64(0.6980169415473938), 'aux_accuracy': np.float64(0.7498725056648254), 'entropy': np.float64(1.838804006576538), 'wall_s': 12634.3}
{'iter': 286, 'env_steps': 9376224, 'episode_return_mean': np.float64(334.54286967491714), 'aux_ce': np.float64(0.733878493309021), 'aux_accuracy': np.float64(0.727800190448761), 'entropy': np.float64(1.8353760242462158), 'wall_s': 12688.7}
{'iter': 287, 'env_steps': 9409008, 'episode_return_mean': nan, 'aux_ce': np.float64(0.7516475319862366), 'aux_accuracy': np.float64(0.7161850929260254), 'entropy': np.float64(1.8368488550186157), 'wall_s': 12739.8}
{'iter': 288, 'env_steps': 9441792, 'episode_return_mean': np.float64(335.9538892644024), 'aux_ce': np.float64(0.694771945476532), 'aux_accuracy': np.float64(0.7524148225784302), 'entropy': np.float64(1.8357675075531006), 'wall_s': 12815.7}
{'iter': 289, 'env_steps': 9474576, 'episode_return_mean': np.float64(335.56843892876793), 'aux_ce': np.float64(0.708423376083374), 'aux_accuracy': np.float64(0.7453367710113525), 'entropy': np.float64(1.8334652185440063), 'wall_s': 12886.3}
{'iter': 290, 'env_steps': 9507360, 'episode_return_mean': nan, 'aux_ce': np.float64(0.6870533227920532), 'aux_accuracy': np.float64(0.7519477009773254), 'entropy': np.float64(1.8340468406677246), 'wall_s': 12950.4}
{'iter': 291, 'env_steps': 9540144, 'episode_return_mean': np.float64(339.93533567759704), 'aux_ce': np.float64(0.7258766293525696), 'aux_accuracy': np.float64(0.7294635772705078), 'entropy': np.float64(1.8274493217468262), 'wall_s': 13018.3}
{'iter': 292, 'env_steps': 9572928, 'episode_return_mean': np.float64(338.10640786250053), 'aux_ce': np.float64(0.7367621660232544), 'aux_accuracy': np.float64(0.7222365140914917), 'entropy': np.float64(1.8197048902511597), 'wall_s': 13073.1}
{'iter': 293, 'env_steps': 9605712, 'episode_return_mean': nan, 'aux_ce': np.float64(0.7314726710319519), 'aux_accuracy': np.float64(0.7302148938179016), 'entropy': np.float64(1.820493221282959), 'wall_s': 13134.4}
{'iter': 294, 'env_steps': 9638496, 'episode_return_mean': np.float64(332.04666333509556), 'aux_ce': np.float64(0.7246994972229004), 'aux_accuracy': np.float64(0.7301467061042786), 'entropy': np.float64(1.8178977966308594), 'wall_s': 13201.8}
{'iter': 295, 'env_steps': 9671280, 'episode_return_mean': np.float64(334.27689726442236), 'aux_ce': np.float64(0.708248496055603), 'aux_accuracy': np.float64(0.7398709654808044), 'entropy': np.float64(1.8185840845108032), 'wall_s': 13252.9}
{'iter': 296, 'env_steps': 9704064, 'episode_return_mean': nan, 'aux_ce': np.float64(0.7004095315933228), 'aux_accuracy': np.float64(0.7435703277587891), 'entropy': np.float64(1.8191461563110352), 'wall_s': 13312.5}
{'iter': 297, 'env_steps': 9736848, 'episode_return_mean': np.float64(338.2151510011654), 'aux_ce': np.float64(0.712956964969635), 'aux_accuracy': np.float64(0.7358244061470032), 'entropy': np.float64(1.8160837888717651), 'wall_s': 13375.3}
{'iter': 298, 'env_steps': 9769632, 'episode_return_mean': np.float64(338.8316709871284), 'aux_ce': np.float64(0.7378115057945251), 'aux_accuracy': np.float64(0.7218177318572998), 'entropy': np.float64(1.8175816535949707), 'wall_s': 13427.1}
{'iter': 299, 'env_steps': 9802416, 'episode_return_mean': nan, 'aux_ce': np.float64(0.7082482576370239), 'aux_accuracy': np.float64(0.7457157373428345), 'entropy': np.float64(1.8144941329956055), 'wall_s': 13477.6}
{'iter': 300, 'env_steps': 9835200, 'episode_return_mean': np.float64(338.32471827981027), 'aux_ce': np.float64(0.729813277721405), 'aux_accuracy': np.float64(0.7287805080413818), 'entropy': np.float64(1.8085960149765015), 'wall_s': 13532.2}
{'iter': 301, 'env_steps': 9867984, 'episode_return_mean': np.float64(338.0207194704642), 'aux_ce': np.float64(0.6915863156318665), 'aux_accuracy': np.float64(0.7514747381210327), 'entropy': np.float64(1.808772325515747), 'wall_s': 13578.8}
{'iter': 302, 'env_steps': 9900768, 'episode_return_mean': nan, 'aux_ce': np.float64(0.7109659910202026), 'aux_accuracy': np.float64(0.7405708432197571), 'entropy': np.float64(1.8038814067840576), 'wall_s': 13626.2}
{'iter': 303, 'env_steps': 9933552, 'episode_return_mean': np.float64(338.1203376592086), 'aux_ce': np.float64(0.7206902503967285), 'aux_accuracy': np.float64(0.7340015172958374), 'entropy': np.float64(1.8117018938064575), 'wall_s': 13681.3}
{'iter': 304, 'env_steps': 9966336, 'episode_return_mean': np.float64(339.1598081907212), 'aux_ce': np.float64(0.7182422280311584), 'aux_accuracy': np.float64(0.739381730556488), 'entropy': np.float64(1.8094209432601929), 'wall_s': 13726.8}
{'iter': 305, 'env_steps': 9999120, 'episode_return_mean': nan, 'aux_ce': np.float64(0.7316831946372986), 'aux_accuracy': np.float64(0.7315829992294312), 'entropy': np.float64(1.808079481124878), 'wall_s': 13772.9}
{'iter': 306, 'env_steps': 10031904, 'episode_return_mean': np.float64(340.968542824836), 'aux_ce': np.float64(0.7281166315078735), 'aux_accuracy': np.float64(0.7287220358848572), 'entropy': np.float64(1.8040986061096191), 'wall_s': 13823.3}
done -> /Users/alex/Software/XOR/RLlib Harnes Beta/results/phase3/a_aux_0p5/seed0
[36m(SingleAgentEnvRunner pid=39709)[0m DeprecationWarning: `RLModule(config=[RLModuleConfig object])` has been deprecated. Use `RLModule(observation_space=.., action_space=.., inference_only=.., model_config=.., catalog_class=..)` instead. This will raise an error in the future![32m [repeated 3x across cluster] (Ray deduplicates logs by default. Set RAY_DEDUP_LOGS=0 to disable log deduplication, or see https://docs.ray.io/en/master/ray-observability/user-guides/configure-logging.html#log-deduplication for more options.)[0m
