2026-07-06 15:14:47,800	WARNING algorithm_config.py:2530 -- DeprecationWarning: `config.training(learner_config_dict=..)` has been deprecated. Use `config.learners(learner_config_dict=..)` instead. This will raise an error in the future!
2026-07-06 15:14:47,801	WARNING algorithm_config.py:5177 -- You are running PPO on the new API stack! This is the new default behavior for this algorithm. If you don't want to use the new API stack, set `config.api_stack(enable_rl_module_and_learner=False,enable_env_runner_and_connector_v2=False)`. For a detailed migration guide, see here: https://docs.ray.io/en/master/rllib/new-api-stack-migration-guide.html
2026-07-06 15:14:50,576	INFO worker.py:2024 -- Started a local Ray instance.
[2026-07-06 15:14:51,440 E 51044 8432582] core_worker.cc:2149: Actor with class name: 'SingleAgentEnvRunner' and ID: '67eb56f6b49d95edda9b599301000000' has constructor arguments in the object store and max_restarts > 0. If the arguments in the object store go out of scope or are lost, the actor restart will fail. See https://github.com/ray-project/ray/issues/53727 for more details.
2026-07-06 15:14:53,605	WARNING rl_module.py:463 -- DeprecationWarning: `RLModule(config=[RLModuleConfig object])` has been deprecated. Use `RLModule(observation_space=.., action_space=.., inference_only=.., model_config=.., catalog_class=..)` instead. This will raise an error in the future!
[36m(SingleAgentEnvRunner pid=51069)[0m DeprecationWarning: `RLModule(config=[RLModuleConfig object])` has been deprecated. Use `RLModule(observation_space=.., action_space=.., inference_only=.., model_config=.., catalog_class=..)` instead. This will raise an error in the future!
2026-07-06 15:14:53,689	WARNING util.py:62 -- Install gputil for GPU system monitoring.
{'iter': 1, 'env_steps': 32784, 'episode_return_mean': None, 'aux_ce': None, 'aux_accuracy': None, 'entropy': np.float64(2.8245174884796143), 'wall_s': 40.5}
{'iter': 2, 'env_steps': 65568, 'episode_return_mean': None, 'aux_ce': None, 'aux_accuracy': None, 'entropy': np.float64(2.804119825363159), 'wall_s': 83.0}
{'iter': 3, 'env_steps': 98352, 'episode_return_mean': np.float64(31.374590894611114), 'aux_ce': None, 'aux_accuracy': None, 'entropy': np.float64(2.7881641387939453), 'wall_s': 126.1}
{'iter': 4, 'env_steps': 131136, 'episode_return_mean': np.float64(30.030896604257194), 'aux_ce': None, 'aux_accuracy': None, 'entropy': np.float64(2.769117832183838), 'wall_s': 167.7}
{'iter': 5, 'env_steps': 163920, 'episode_return_mean': nan, 'aux_ce': None, 'aux_accuracy': None, 'entropy': np.float64(2.7461466789245605), 'wall_s': 208.7}
{'iter': 6, 'env_steps': 196704, 'episode_return_mean': np.float64(33.40913339420655), 'aux_ce': None, 'aux_accuracy': None, 'entropy': np.float64(2.732245922088623), 'wall_s': 251.1}
{'iter': 7, 'env_steps': 229488, 'episode_return_mean': np.float64(34.56043365322462), 'aux_ce': None, 'aux_accuracy': None, 'entropy': np.float64(2.7125346660614014), 'wall_s': 293.5}
{'iter': 8, 'env_steps': 262272, 'episode_return_mean': nan, 'aux_ce': None, 'aux_accuracy': None, 'entropy': np.float64(2.693012237548828), 'wall_s': 337.8}
{'iter': 9, 'env_steps': 295056, 'episode_return_mean': np.float64(38.39858839042178), 'aux_ce': None, 'aux_accuracy': None, 'entropy': np.float64(2.673022508621216), 'wall_s': 383.0}
{'iter': 10, 'env_steps': 327840, 'episode_return_mean': np.float64(37.35389862356122), 'aux_ce': None, 'aux_accuracy': None, 'entropy': np.float64(2.6582539081573486), 'wall_s': 424.5}
{'iter': 11, 'env_steps': 360624, 'episode_return_mean': nan, 'aux_ce': None, 'aux_accuracy': None, 'entropy': np.float64(2.641664981842041), 'wall_s': 467.9}
{'iter': 12, 'env_steps': 393408, 'episode_return_mean': np.float64(42.891645290274305), 'aux_ce': None, 'aux_accuracy': None, 'entropy': np.float64(2.6225571632385254), 'wall_s': 520.2}
{'iter': 13, 'env_steps': 426192, 'episode_return_mean': np.float64(42.95496674994838), 'aux_ce': None, 'aux_accuracy': None, 'entropy': np.float64(2.6051559448242188), 'wall_s': 564.1}
{'iter': 14, 'env_steps': 458976, 'episode_return_mean': nan, 'aux_ce': None, 'aux_accuracy': None, 'entropy': np.float64(2.5892248153686523), 'wall_s': 610.1}
{'iter': 15, 'env_steps': 491760, 'episode_return_mean': np.float64(44.17323669955211), 'aux_ce': None, 'aux_accuracy': None, 'entropy': np.float64(2.571122646331787), 'wall_s': 665.7}
{'iter': 16, 'env_steps': 524544, 'episode_return_mean': np.float64(44.514156290957345), 'aux_ce': None, 'aux_accuracy': None, 'entropy': np.float64(2.5547165870666504), 'wall_s': 712.0}
{'iter': 17, 'env_steps': 557328, 'episode_return_mean': nan, 'aux_ce': None, 'aux_accuracy': None, 'entropy': np.float64(2.537348747253418), 'wall_s': 757.1}
{'iter': 18, 'env_steps': 590112, 'episode_return_mean': np.float64(46.638463080447785), 'aux_ce': None, 'aux_accuracy': None, 'entropy': np.float64(2.5168235301971436), 'wall_s': 806.0}
{'iter': 19, 'env_steps': 622896, 'episode_return_mean': np.float64(47.794882722462646), 'aux_ce': None, 'aux_accuracy': None, 'entropy': np.float64(2.4931886196136475), 'wall_s': 851.2}
{'iter': 20, 'env_steps': 655680, 'episode_return_mean': nan, 'aux_ce': None, 'aux_accuracy': None, 'entropy': np.float64(2.4734914302825928), 'wall_s': 896.6}
{'iter': 21, 'env_steps': 688464, 'episode_return_mean': np.float64(50.92643725358886), 'aux_ce': None, 'aux_accuracy': None, 'entropy': np.float64(2.4593722820281982), 'wall_s': 945.2}
{'iter': 22, 'env_steps': 721248, 'episode_return_mean': np.float64(50.82701585906368), 'aux_ce': None, 'aux_accuracy': None, 'entropy': np.float64(2.4475247859954834), 'wall_s': 988.5}
{'iter': 23, 'env_steps': 754032, 'episode_return_mean': nan, 'aux_ce': None, 'aux_accuracy': None, 'entropy': np.float64(2.4350874423980713), 'wall_s': 1034.7}
{'iter': 24, 'env_steps': 786816, 'episode_return_mean': np.float64(51.06016598922705), 'aux_ce': None, 'aux_accuracy': None, 'entropy': np.float64(2.417337656021118), 'wall_s': 1083.3}
{'iter': 25, 'env_steps': 819600, 'episode_return_mean': np.float64(50.75437401524121), 'aux_ce': None, 'aux_accuracy': None, 'entropy': np.float64(2.4015238285064697), 'wall_s': 1126.5}
{'iter': 26, 'env_steps': 852384, 'episode_return_mean': nan, 'aux_ce': None, 'aux_accuracy': None, 'entropy': np.float64(2.3835549354553223), 'wall_s': 1173.6}
{'iter': 27, 'env_steps': 885168, 'episode_return_mean': np.float64(54.22133861354685), 'aux_ce': None, 'aux_accuracy': None, 'entropy': np.float64(2.367706298828125), 'wall_s': 1224.0}
{'iter': 28, 'env_steps': 917952, 'episode_return_mean': np.float64(54.83465289934017), 'aux_ce': None, 'aux_accuracy': None, 'entropy': np.float64(2.3506603240966797), 'wall_s': 1268.4}
{'iter': 29, 'env_steps': 950736, 'episode_return_mean': nan, 'aux_ce': None, 'aux_accuracy': None, 'entropy': np.float64(2.333164691925049), 'wall_s': 1315.7}
{'iter': 30, 'env_steps': 983520, 'episode_return_mean': np.float64(58.030144435081304), 'aux_ce': None, 'aux_accuracy': None, 'entropy': np.float64(2.308779716491699), 'wall_s': 1373.5}
{'iter': 31, 'env_steps': 1016304, 'episode_return_mean': np.float64(58.063171088881845), 'aux_ce': None, 'aux_accuracy': None, 'entropy': np.float64(2.2910239696502686), 'wall_s': 1417.1}
{'iter': 32, 'env_steps': 1049088, 'episode_return_mean': nan, 'aux_ce': None, 'aux_accuracy': None, 'entropy': np.float64(2.271984338760376), 'wall_s': 1462.9}
{'iter': 33, 'env_steps': 1081872, 'episode_return_mean': np.float64(61.05158418841371), 'aux_ce': None, 'aux_accuracy': None, 'entropy': np.float64(2.2519609928131104), 'wall_s': 1511.4}
{'iter': 34, 'env_steps': 1114656, 'episode_return_mean': np.float64(62.301390731150846), 'aux_ce': None, 'aux_accuracy': None, 'entropy': np.float64(2.2265548706054688), 'wall_s': 1553.9}
{'iter': 35, 'env_steps': 1147440, 'episode_return_mean': nan, 'aux_ce': None, 'aux_accuracy': None, 'entropy': np.float64(2.209151268005371), 'wall_s': 1597.5}
{'iter': 36, 'env_steps': 1180224, 'episode_return_mean': np.float64(69.59728002933178), 'aux_ce': None, 'aux_accuracy': None, 'entropy': np.float64(2.1920676231384277), 'wall_s': 1640.0}
{'iter': 37, 'env_steps': 1213008, 'episode_return_mean': np.float64(68.33648934154519), 'aux_ce': None, 'aux_accuracy': None, 'entropy': np.float64(2.169560432434082), 'wall_s': 1690.2}
{'iter': 38, 'env_steps': 1245792, 'episode_return_mean': nan, 'aux_ce': None, 'aux_accuracy': None, 'entropy': np.float64(2.150825023651123), 'wall_s': 1734.4}
{'iter': 39, 'env_steps': 1278576, 'episode_return_mean': np.float64(74.1239718570116), 'aux_ce': None, 'aux_accuracy': None, 'entropy': np.float64(2.1316075325012207), 'wall_s': 1777.8}
{'iter': 40, 'env_steps': 1311360, 'episode_return_mean': np.float64(70.02864302540891), 'aux_ce': None, 'aux_accuracy': None, 'entropy': np.float64(2.1189024448394775), 'wall_s': 1828.5}
{'iter': 41, 'env_steps': 1344144, 'episode_return_mean': nan, 'aux_ce': None, 'aux_accuracy': None, 'entropy': np.float64(2.0965464115142822), 'wall_s': 1875.2}
{'iter': 42, 'env_steps': 1376928, 'episode_return_mean': np.float64(79.0996800684538), 'aux_ce': None, 'aux_accuracy': None, 'entropy': np.float64(2.0713424682617188), 'wall_s': 1918.8}
{'iter': 43, 'env_steps': 1409712, 'episode_return_mean': np.float64(79.0138351295398), 'aux_ce': None, 'aux_accuracy': None, 'entropy': np.float64(2.0500965118408203), 'wall_s': 1976.8}
{'iter': 44, 'env_steps': 1442496, 'episode_return_mean': nan, 'aux_ce': None, 'aux_accuracy': None, 'entropy': np.float64(2.029733180999756), 'wall_s': 2022.7}
{'iter': 45, 'env_steps': 1475280, 'episode_return_mean': np.float64(82.56662153164996), 'aux_ce': None, 'aux_accuracy': None, 'entropy': np.float64(2.0129661560058594), 'wall_s': 2065.0}
{'iter': 46, 'env_steps': 1508064, 'episode_return_mean': np.float64(81.22625936059103), 'aux_ce': None, 'aux_accuracy': None, 'entropy': np.float64(1.9964593648910522), 'wall_s': 2114.1}
{'iter': 47, 'env_steps': 1540848, 'episode_return_mean': nan, 'aux_ce': None, 'aux_accuracy': None, 'entropy': np.float64(1.9805259704589844), 'wall_s': 2158.9}
{'iter': 48, 'env_steps': 1573632, 'episode_return_mean': np.float64(83.34558417088573), 'aux_ce': None, 'aux_accuracy': None, 'entropy': np.float64(1.959155797958374), 'wall_s': 2205.7}
{'iter': 49, 'env_steps': 1606416, 'episode_return_mean': np.float64(89.5395896910652), 'aux_ce': None, 'aux_accuracy': None, 'entropy': np.float64(1.9444042444229126), 'wall_s': 2248.1}
{'iter': 50, 'env_steps': 1639200, 'episode_return_mean': nan, 'aux_ce': None, 'aux_accuracy': None, 'entropy': np.float64(1.9235870838165283), 'wall_s': 2293.0}
{'iter': 51, 'env_steps': 1671984, 'episode_return_mean': np.float64(92.49924563241818), 'aux_ce': None, 'aux_accuracy': None, 'entropy': np.float64(1.9031767845153809), 'wall_s': 2343.6}
{'iter': 52, 'env_steps': 1704768, 'episode_return_mean': np.float64(92.20734990164013), 'aux_ce': None, 'aux_accuracy': None, 'entropy': np.float64(1.8835084438323975), 'wall_s': 2387.6}
{'iter': 53, 'env_steps': 1737552, 'episode_return_mean': nan, 'aux_ce': None, 'aux_accuracy': None, 'entropy': np.float64(1.864109754562378), 'wall_s': 2435.0}
{'iter': 54, 'env_steps': 1770336, 'episode_return_mean': np.float64(94.6764773586952), 'aux_ce': None, 'aux_accuracy': None, 'entropy': np.float64(1.8521697521209717), 'wall_s': 2489.7}
{'iter': 55, 'env_steps': 1803120, 'episode_return_mean': np.float64(98.72361713547004), 'aux_ce': None, 'aux_accuracy': None, 'entropy': np.float64(1.8378528356552124), 'wall_s': 2537.5}
{'iter': 56, 'env_steps': 1835904, 'episode_return_mean': nan, 'aux_ce': None, 'aux_accuracy': None, 'entropy': np.float64(1.8122036457061768), 'wall_s': 2585.4}
{'iter': 57, 'env_steps': 1868688, 'episode_return_mean': np.float64(99.74408704795194), 'aux_ce': None, 'aux_accuracy': None, 'entropy': np.float64(1.7930517196655273), 'wall_s': 2636.1}
{'iter': 58, 'env_steps': 1901472, 'episode_return_mean': np.float64(102.0002574276021), 'aux_ce': None, 'aux_accuracy': None, 'entropy': np.float64(1.7751648426055908), 'wall_s': 2679.2}
{'iter': 59, 'env_steps': 1934256, 'episode_return_mean': nan, 'aux_ce': None, 'aux_accuracy': None, 'entropy': np.float64(1.7568007707595825), 'wall_s': 2724.4}
{'iter': 60, 'env_steps': 1967040, 'episode_return_mean': np.float64(105.80149879870868), 'aux_ce': None, 'aux_accuracy': None, 'entropy': np.float64(1.73428475856781), 'wall_s': 2773.6}
{'iter': 61, 'env_steps': 1999824, 'episode_return_mean': np.float64(105.69959279935225), 'aux_ce': None, 'aux_accuracy': None, 'entropy': np.float64(1.7100945711135864), 'wall_s': 2816.8}
{'iter': 62, 'env_steps': 2032608, 'episode_return_mean': nan, 'aux_ce': None, 'aux_accuracy': None, 'entropy': np.float64(1.6878628730773926), 'wall_s': 2862.8}
{'iter': 63, 'env_steps': 2065392, 'episode_return_mean': np.float64(112.63191651583111), 'aux_ce': None, 'aux_accuracy': None, 'entropy': np.float64(1.6720577478408813), 'wall_s': 2907.1}
{'iter': 64, 'env_steps': 2098176, 'episode_return_mean': np.float64(111.71152786248459), 'aux_ce': None, 'aux_accuracy': None, 'entropy': np.float64(1.6545500755310059), 'wall_s': 2953.0}
{'iter': 65, 'env_steps': 2130960, 'episode_return_mean': nan, 'aux_ce': None, 'aux_accuracy': None, 'entropy': np.float64(1.6429038047790527), 'wall_s': 3002.6}
{'iter': 66, 'env_steps': 2163744, 'episode_return_mean': np.float64(112.11330575288673), 'aux_ce': None, 'aux_accuracy': None, 'entropy': np.float64(1.6248199939727783), 'wall_s': 3054.7}
{'iter': 67, 'env_steps': 2196528, 'episode_return_mean': np.float64(111.16963167191206), 'aux_ce': None, 'aux_accuracy': None, 'entropy': np.float64(1.605356216430664), 'wall_s': 3103.1}
{'iter': 68, 'env_steps': 2229312, 'episode_return_mean': nan, 'aux_ce': None, 'aux_accuracy': None, 'entropy': np.float64(1.5896530151367188), 'wall_s': 3146.7}
{'iter': 69, 'env_steps': 2262096, 'episode_return_mean': np.float64(123.35287125258168), 'aux_ce': None, 'aux_accuracy': None, 'entropy': np.float64(1.5696821212768555), 'wall_s': 3202.0}
{'iter': 70, 'env_steps': 2294880, 'episode_return_mean': np.float64(119.51473555710626), 'aux_ce': None, 'aux_accuracy': None, 'entropy': np.float64(1.5476610660552979), 'wall_s': 3253.6}
{'iter': 71, 'env_steps': 2327664, 'episode_return_mean': nan, 'aux_ce': None, 'aux_accuracy': None, 'entropy': np.float64(1.5279252529144287), 'wall_s': 3295.9}
{'iter': 72, 'env_steps': 2360448, 'episode_return_mean': np.float64(122.75224255112914), 'aux_ce': None, 'aux_accuracy': None, 'entropy': np.float64(1.5117778778076172), 'wall_s': 3354.6}
{'iter': 73, 'env_steps': 2393232, 'episode_return_mean': np.float64(122.56732408135846), 'aux_ce': None, 'aux_accuracy': None, 'entropy': np.float64(1.4993960857391357), 'wall_s': 3399.3}
{'iter': 74, 'env_steps': 2426016, 'episode_return_mean': nan, 'aux_ce': None, 'aux_accuracy': None, 'entropy': np.float64(1.4870688915252686), 'wall_s': 3442.8}
{'iter': 75, 'env_steps': 2458800, 'episode_return_mean': np.float64(128.06929163183466), 'aux_ce': None, 'aux_accuracy': None, 'entropy': np.float64(1.4764066934585571), 'wall_s': 3506.1}
{'iter': 76, 'env_steps': 2491584, 'episode_return_mean': np.float64(125.16484938830057), 'aux_ce': None, 'aux_accuracy': None, 'entropy': np.float64(1.4556536674499512), 'wall_s': 3556.4}
{'iter': 77, 'env_steps': 2524368, 'episode_return_mean': nan, 'aux_ce': None, 'aux_accuracy': None, 'entropy': np.float64(1.4425286054611206), 'wall_s': 3602.8}
{'iter': 78, 'env_steps': 2557152, 'episode_return_mean': np.float64(131.03189633428377), 'aux_ce': None, 'aux_accuracy': None, 'entropy': np.float64(1.4301838874816895), 'wall_s': 3671.9}
{'iter': 79, 'env_steps': 2589936, 'episode_return_mean': np.float64(127.80071382140692), 'aux_ce': None, 'aux_accuracy': None, 'entropy': np.float64(1.4190667867660522), 'wall_s': 3722.4}
{'iter': 80, 'env_steps': 2622720, 'episode_return_mean': nan, 'aux_ce': None, 'aux_accuracy': None, 'entropy': np.float64(1.40175199508667), 'wall_s': 3767.1}
{'iter': 81, 'env_steps': 2655504, 'episode_return_mean': np.float64(129.90837118816194), 'aux_ce': None, 'aux_accuracy': None, 'entropy': np.float64(1.3899157047271729), 'wall_s': 3827.8}
{'iter': 82, 'env_steps': 2688288, 'episode_return_mean': np.float64(134.33090076472618), 'aux_ce': None, 'aux_accuracy': None, 'entropy': np.float64(1.3726222515106201), 'wall_s': 3879.9}
{'iter': 83, 'env_steps': 2721072, 'episode_return_mean': nan, 'aux_ce': None, 'aux_accuracy': None, 'entropy': np.float64(1.3633414506912231), 'wall_s': 3923.8}
{'iter': 84, 'env_steps': 2753856, 'episode_return_mean': np.float64(131.10854653782525), 'aux_ce': None, 'aux_accuracy': None, 'entropy': np.float64(1.346574068069458), 'wall_s': 3966.1}
{'iter': 85, 'env_steps': 2786640, 'episode_return_mean': np.float64(134.261035165075), 'aux_ce': None, 'aux_accuracy': None, 'entropy': np.float64(1.3337069749832153), 'wall_s': 4012.9}
{'iter': 86, 'env_steps': 2819424, 'episode_return_mean': nan, 'aux_ce': None, 'aux_accuracy': None, 'entropy': np.float64(1.3153247833251953), 'wall_s': 4057.9}
{'iter': 87, 'env_steps': 2852208, 'episode_return_mean': np.float64(133.52890622587228), 'aux_ce': None, 'aux_accuracy': None, 'entropy': np.float64(1.3014050722122192), 'wall_s': 4101.3}
{'iter': 88, 'env_steps': 2884992, 'episode_return_mean': np.float64(135.8369099762302), 'aux_ce': None, 'aux_accuracy': None, 'entropy': np.float64(1.2884845733642578), 'wall_s': 4148.6}
{'iter': 89, 'env_steps': 2917776, 'episode_return_mean': nan, 'aux_ce': None, 'aux_accuracy': None, 'entropy': np.float64(1.2713730335235596), 'wall_s': 4192.6}
{'iter': 90, 'env_steps': 2950560, 'episode_return_mean': np.float64(135.01982497724256), 'aux_ce': None, 'aux_accuracy': None, 'entropy': np.float64(1.259435772895813), 'wall_s': 4241.3}
{'iter': 91, 'env_steps': 2983344, 'episode_return_mean': np.float64(138.28193111523717), 'aux_ce': None, 'aux_accuracy': None, 'entropy': np.float64(1.2454955577850342), 'wall_s': 4292.9}
{'iter': 92, 'env_steps': 3016128, 'episode_return_mean': nan, 'aux_ce': None, 'aux_accuracy': None, 'entropy': np.float64(1.2308108806610107), 'wall_s': 4341.0}
{'iter': 93, 'env_steps': 3048912, 'episode_return_mean': np.float64(140.73423692267713), 'aux_ce': None, 'aux_accuracy': None, 'entropy': np.float64(1.222143292427063), 'wall_s': 4387.9}
{'iter': 94, 'env_steps': 3081696, 'episode_return_mean': np.float64(139.25205354840307), 'aux_ce': None, 'aux_accuracy': None, 'entropy': np.float64(1.206972599029541), 'wall_s': 4433.1}
{'iter': 95, 'env_steps': 3114480, 'episode_return_mean': nan, 'aux_ce': None, 'aux_accuracy': None, 'entropy': np.float64(1.1908866167068481), 'wall_s': 4477.5}
{'iter': 96, 'env_steps': 3147264, 'episode_return_mean': np.float64(139.98653783507245), 'aux_ce': None, 'aux_accuracy': None, 'entropy': np.float64(1.171375036239624), 'wall_s': 4535.3}
{'iter': 97, 'env_steps': 3180048, 'episode_return_mean': np.float64(140.54875632895715), 'aux_ce': None, 'aux_accuracy': None, 'entropy': np.float64(1.164480447769165), 'wall_s': 4582.2}
{'iter': 98, 'env_steps': 3212832, 'episode_return_mean': nan, 'aux_ce': None, 'aux_accuracy': None, 'entropy': np.float64(1.1553910970687866), 'wall_s': 4634.7}
{'iter': 99, 'env_steps': 3245616, 'episode_return_mean': np.float64(138.9015922485438), 'aux_ce': None, 'aux_accuracy': None, 'entropy': np.float64(1.1448228359222412), 'wall_s': 4686.8}
{'iter': 100, 'env_steps': 3278400, 'episode_return_mean': np.float64(136.51831084525972), 'aux_ce': None, 'aux_accuracy': None, 'entropy': np.float64(1.141316294670105), 'wall_s': 4733.9}
{'iter': 101, 'env_steps': 3311184, 'episode_return_mean': nan, 'aux_ce': None, 'aux_accuracy': None, 'entropy': np.float64(1.133405089378357), 'wall_s': 4786.5}
{'iter': 102, 'env_steps': 3343968, 'episode_return_mean': np.float64(138.56950436002393), 'aux_ce': None, 'aux_accuracy': None, 'entropy': np.float64(1.122115135192871), 'wall_s': 4843.5}
{'iter': 103, 'env_steps': 3376752, 'episode_return_mean': np.float64(135.18252704864489), 'aux_ce': None, 'aux_accuracy': None, 'entropy': np.float64(1.1081092357635498), 'wall_s': 4899.5}
{'iter': 104, 'env_steps': 3409536, 'episode_return_mean': nan, 'aux_ce': None, 'aux_accuracy': None, 'entropy': np.float64(1.100258469581604), 'wall_s': 4956.5}
{'iter': 105, 'env_steps': 3442320, 'episode_return_mean': np.float64(140.15464890331054), 'aux_ce': None, 'aux_accuracy': None, 'entropy': np.float64(1.0953211784362793), 'wall_s': 5008.5}
{'iter': 106, 'env_steps': 3475104, 'episode_return_mean': np.float64(142.7802988332421), 'aux_ce': None, 'aux_accuracy': None, 'entropy': np.float64(1.086069107055664), 'wall_s': 5052.5}
{'iter': 107, 'env_steps': 3507888, 'episode_return_mean': nan, 'aux_ce': None, 'aux_accuracy': None, 'entropy': np.float64(1.0791990756988525), 'wall_s': 5100.4}
{'iter': 108, 'env_steps': 3540672, 'episode_return_mean': np.float64(141.22273886463756), 'aux_ce': None, 'aux_accuracy': None, 'entropy': np.float64(1.074556589126587), 'wall_s': 5151.9}
{'iter': 109, 'env_steps': 3573456, 'episode_return_mean': np.float64(139.59829106706744), 'aux_ce': None, 'aux_accuracy': None, 'entropy': np.float64(1.061683177947998), 'wall_s': 5203.7}
{'iter': 110, 'env_steps': 3606240, 'episode_return_mean': nan, 'aux_ce': None, 'aux_accuracy': None, 'entropy': np.float64(1.0510776042938232), 'wall_s': 5253.7}
{'iter': 111, 'env_steps': 3639024, 'episode_return_mean': np.float64(142.66176347516193), 'aux_ce': None, 'aux_accuracy': None, 'entropy': np.float64(1.0319600105285645), 'wall_s': 5313.4}
{'iter': 112, 'env_steps': 3671808, 'episode_return_mean': np.float64(142.02334154382464), 'aux_ce': None, 'aux_accuracy': None, 'entropy': np.float64(1.0239006280899048), 'wall_s': 5367.5}
{'iter': 113, 'env_steps': 3704592, 'episode_return_mean': nan, 'aux_ce': None, 'aux_accuracy': None, 'entropy': np.float64(1.0091557502746582), 'wall_s': 5430.5}
{'iter': 114, 'env_steps': 3737376, 'episode_return_mean': np.float64(140.82174120374384), 'aux_ce': None, 'aux_accuracy': None, 'entropy': np.float64(0.9944229125976562), 'wall_s': 5494.1}
{'iter': 115, 'env_steps': 3770160, 'episode_return_mean': np.float64(142.6047085341711), 'aux_ce': None, 'aux_accuracy': None, 'entropy': np.float64(0.9849330186843872), 'wall_s': 5538.4}
{'iter': 116, 'env_steps': 3802944, 'episode_return_mean': nan, 'aux_ce': None, 'aux_accuracy': None, 'entropy': np.float64(0.9724376797676086), 'wall_s': 5602.6}
{'iter': 117, 'env_steps': 3835728, 'episode_return_mean': np.float64(140.63171473351645), 'aux_ce': None, 'aux_accuracy': None, 'entropy': np.float64(0.9615962505340576), 'wall_s': 5665.3}
{'iter': 118, 'env_steps': 3868512, 'episode_return_mean': np.float64(138.7951316081009), 'aux_ce': None, 'aux_accuracy': None, 'entropy': np.float64(0.9473341703414917), 'wall_s': 5719.2}
{'iter': 119, 'env_steps': 3901296, 'episode_return_mean': nan, 'aux_ce': None, 'aux_accuracy': None, 'entropy': np.float64(0.9340316653251648), 'wall_s': 5769.4}
{'iter': 120, 'env_steps': 3934080, 'episode_return_mean': np.float64(145.1893599187133), 'aux_ce': None, 'aux_accuracy': None, 'entropy': np.float64(0.9201338887214661), 'wall_s': 5828.1}
{'iter': 121, 'env_steps': 3966864, 'episode_return_mean': np.float64(144.84271655832535), 'aux_ce': None, 'aux_accuracy': None, 'entropy': np.float64(0.9112727642059326), 'wall_s': 5883.3}
{'iter': 122, 'env_steps': 3999648, 'episode_return_mean': nan, 'aux_ce': None, 'aux_accuracy': None, 'entropy': np.float64(0.9025353789329529), 'wall_s': 5929.9}
{'iter': 123, 'env_steps': 4032432, 'episode_return_mean': np.float64(147.1170878013096), 'aux_ce': None, 'aux_accuracy': None, 'entropy': np.float64(0.8926988244056702), 'wall_s': 5993.3}
{'iter': 124, 'env_steps': 4065216, 'episode_return_mean': np.float64(150.93101050296872), 'aux_ce': None, 'aux_accuracy': None, 'entropy': np.float64(0.8824483156204224), 'wall_s': 6041.9}
{'iter': 125, 'env_steps': 4098000, 'episode_return_mean': nan, 'aux_ce': None, 'aux_accuracy': None, 'entropy': np.float64(0.874682605266571), 'wall_s': 6098.0}
{'iter': 126, 'env_steps': 4130784, 'episode_return_mean': np.float64(154.21119759780316), 'aux_ce': None, 'aux_accuracy': None, 'entropy': np.float64(0.8637790083885193), 'wall_s': 6154.9}
{'iter': 127, 'env_steps': 4163568, 'episode_return_mean': np.float64(153.71727940614014), 'aux_ce': None, 'aux_accuracy': None, 'entropy': np.float64(0.8525650501251221), 'wall_s': 6199.2}
{'iter': 128, 'env_steps': 4196352, 'episode_return_mean': nan, 'aux_ce': None, 'aux_accuracy': None, 'entropy': np.float64(0.8405805826187134), 'wall_s': 6247.4}
{'iter': 129, 'env_steps': 4229136, 'episode_return_mean': np.float64(153.9190381826215), 'aux_ce': None, 'aux_accuracy': None, 'entropy': np.float64(0.8294280171394348), 'wall_s': 6297.2}
{'iter': 130, 'env_steps': 4261920, 'episode_return_mean': np.float64(148.87503038513503), 'aux_ce': None, 'aux_accuracy': None, 'entropy': np.float64(0.8174175024032593), 'wall_s': 6342.4}
{'iter': 131, 'env_steps': 4294704, 'episode_return_mean': nan, 'aux_ce': None, 'aux_accuracy': None, 'entropy': np.float64(0.801357090473175), 'wall_s': 6391.2}
{'iter': 132, 'env_steps': 4327488, 'episode_return_mean': np.float64(148.28943005853287), 'aux_ce': None, 'aux_accuracy': None, 'entropy': np.float64(0.7942426800727844), 'wall_s': 6435.8}
{'iter': 133, 'env_steps': 4360272, 'episode_return_mean': np.float64(149.60969662772274), 'aux_ce': None, 'aux_accuracy': None, 'entropy': np.float64(0.7867734432220459), 'wall_s': 6496.6}
{'iter': 134, 'env_steps': 4393056, 'episode_return_mean': nan, 'aux_ce': None, 'aux_accuracy': None, 'entropy': np.float64(0.7756344079971313), 'wall_s': 6550.0}
{'iter': 135, 'env_steps': 4425840, 'episode_return_mean': np.float64(150.64222571762593), 'aux_ce': None, 'aux_accuracy': None, 'entropy': np.float64(0.7647303342819214), 'wall_s': 6594.9}
{'iter': 136, 'env_steps': 4458624, 'episode_return_mean': np.float64(150.3315471021586), 'aux_ce': None, 'aux_accuracy': None, 'entropy': np.float64(0.756400465965271), 'wall_s': 6648.7}
{'iter': 137, 'env_steps': 4491408, 'episode_return_mean': nan, 'aux_ce': None, 'aux_accuracy': None, 'entropy': np.float64(0.7462903261184692), 'wall_s': 6696.1}
{'iter': 138, 'env_steps': 4524192, 'episode_return_mean': np.float64(146.37123788339136), 'aux_ce': None, 'aux_accuracy': None, 'entropy': np.float64(0.7367663979530334), 'wall_s': 6737.8}
{'iter': 139, 'env_steps': 4556976, 'episode_return_mean': np.float64(148.19475205780714), 'aux_ce': None, 'aux_accuracy': None, 'entropy': np.float64(0.7182306051254272), 'wall_s': 6788.9}
{'iter': 140, 'env_steps': 4589760, 'episode_return_mean': nan, 'aux_ce': None, 'aux_accuracy': None, 'entropy': np.float64(0.7047979235649109), 'wall_s': 6834.4}
{'iter': 141, 'env_steps': 4622544, 'episode_return_mean': np.float64(152.14912105948042), 'aux_ce': None, 'aux_accuracy': None, 'entropy': np.float64(0.6797006130218506), 'wall_s': 6876.0}
{'iter': 142, 'env_steps': 4655328, 'episode_return_mean': np.float64(153.33141217210738), 'aux_ce': None, 'aux_accuracy': None, 'entropy': np.float64(0.6659183502197266), 'wall_s': 6926.3}
{'iter': 143, 'env_steps': 4688112, 'episode_return_mean': nan, 'aux_ce': None, 'aux_accuracy': None, 'entropy': np.float64(0.6521849632263184), 'wall_s': 6975.6}
{'iter': 144, 'env_steps': 4720896, 'episode_return_mean': np.float64(151.6990120523035), 'aux_ce': None, 'aux_accuracy': None, 'entropy': np.float64(0.6434738636016846), 'wall_s': 7026.7}
{'iter': 145, 'env_steps': 4753680, 'episode_return_mean': np.float64(152.47860277771247), 'aux_ce': None, 'aux_accuracy': None, 'entropy': np.float64(0.6306537389755249), 'wall_s': 7072.8}
{'iter': 146, 'env_steps': 4786464, 'episode_return_mean': nan, 'aux_ce': None, 'aux_accuracy': None, 'entropy': np.float64(0.618705689907074), 'wall_s': 7118.3}
{'iter': 147, 'env_steps': 4819248, 'episode_return_mean': np.float64(153.17589307055403), 'aux_ce': None, 'aux_accuracy': None, 'entropy': np.float64(0.6025087833404541), 'wall_s': 7167.4}
{'iter': 148, 'env_steps': 4852032, 'episode_return_mean': np.float64(156.29709101753878), 'aux_ce': None, 'aux_accuracy': None, 'entropy': np.float64(0.5964784026145935), 'wall_s': 7209.8}
{'iter': 149, 'env_steps': 4884816, 'episode_return_mean': nan, 'aux_ce': None, 'aux_accuracy': None, 'entropy': np.float64(0.5861127972602844), 'wall_s': 7257.3}
{'iter': 150, 'env_steps': 4917600, 'episode_return_mean': np.float64(156.50219323535703), 'aux_ce': None, 'aux_accuracy': None, 'entropy': np.float64(0.5686225295066833), 'wall_s': 7306.7}
{'iter': 151, 'env_steps': 4950384, 'episode_return_mean': np.float64(152.22237860744377), 'aux_ce': None, 'aux_accuracy': None, 'entropy': np.float64(0.5511456727981567), 'wall_s': 7349.6}
{'iter': 152, 'env_steps': 4983168, 'episode_return_mean': nan, 'aux_ce': None, 'aux_accuracy': None, 'entropy': np.float64(0.5356237888336182), 'wall_s': 7397.5}
{'iter': 153, 'env_steps': 5015952, 'episode_return_mean': np.float64(153.59331928026268), 'aux_ce': None, 'aux_accuracy': None, 'entropy': np.float64(0.5250934958457947), 'wall_s': 7455.0}
{'iter': 154, 'env_steps': 5048736, 'episode_return_mean': np.float64(157.75247128118627), 'aux_ce': None, 'aux_accuracy': None, 'entropy': np.float64(0.509147047996521), 'wall_s': 7497.8}
{'iter': 155, 'env_steps': 5081520, 'episode_return_mean': nan, 'aux_ce': None, 'aux_accuracy': None, 'entropy': np.float64(0.5005004405975342), 'wall_s': 7543.5}
{'iter': 156, 'env_steps': 5114304, 'episode_return_mean': np.float64(154.6211822657499), 'aux_ce': None, 'aux_accuracy': None, 'entropy': np.float64(0.48956453800201416), 'wall_s': 7603.0}
{'iter': 157, 'env_steps': 5147088, 'episode_return_mean': np.float64(151.5040398518634), 'aux_ce': None, 'aux_accuracy': None, 'entropy': np.float64(0.4797571897506714), 'wall_s': 7644.7}
{'iter': 158, 'env_steps': 5179872, 'episode_return_mean': nan, 'aux_ce': None, 'aux_accuracy': None, 'entropy': np.float64(0.47347235679626465), 'wall_s': 7688.7}
{'iter': 159, 'env_steps': 5212656, 'episode_return_mean': np.float64(157.32114357143718), 'aux_ce': None, 'aux_accuracy': None, 'entropy': np.float64(0.4669382572174072), 'wall_s': 7737.5}
{'iter': 160, 'env_steps': 5245440, 'episode_return_mean': np.float64(157.74752818064002), 'aux_ce': None, 'aux_accuracy': None, 'entropy': np.float64(0.45196041464805603), 'wall_s': 7779.3}
{'iter': 161, 'env_steps': 5278224, 'episode_return_mean': nan, 'aux_ce': None, 'aux_accuracy': None, 'entropy': np.float64(0.4420114755630493), 'wall_s': 7823.2}
{'iter': 162, 'env_steps': 5311008, 'episode_return_mean': np.float64(157.86522182326814), 'aux_ce': None, 'aux_accuracy': None, 'entropy': np.float64(0.42908239364624023), 'wall_s': 7872.7}
{'iter': 163, 'env_steps': 5343792, 'episode_return_mean': np.float64(156.58988065900496), 'aux_ce': None, 'aux_accuracy': None, 'entropy': np.float64(0.41455161571502686), 'wall_s': 7917.3}
{'iter': 164, 'env_steps': 5376576, 'episode_return_mean': nan, 'aux_ce': None, 'aux_accuracy': None, 'entropy': np.float64(0.3986731767654419), 'wall_s': 7960.1}
{'iter': 165, 'env_steps': 5409360, 'episode_return_mean': np.float64(156.03832020160013), 'aux_ce': None, 'aux_accuracy': None, 'entropy': np.float64(0.39018121361732483), 'wall_s': 8011.1}
{'iter': 166, 'env_steps': 5442144, 'episode_return_mean': np.float64(155.8057919605737), 'aux_ce': None, 'aux_accuracy': None, 'entropy': np.float64(0.38032838702201843), 'wall_s': 8056.8}
{'iter': 167, 'env_steps': 5474928, 'episode_return_mean': nan, 'aux_ce': None, 'aux_accuracy': None, 'entropy': np.float64(0.37306487560272217), 'wall_s': 8099.2}
{'iter': 168, 'env_steps': 5507712, 'episode_return_mean': np.float64(160.63073961489243), 'aux_ce': None, 'aux_accuracy': None, 'entropy': np.float64(0.3674299716949463), 'wall_s': 8155.4}
{'iter': 169, 'env_steps': 5540496, 'episode_return_mean': np.float64(156.9750930118814), 'aux_ce': None, 'aux_accuracy': None, 'entropy': np.float64(0.3601505756378174), 'wall_s': 8209.1}
{'iter': 170, 'env_steps': 5573280, 'episode_return_mean': nan, 'aux_ce': None, 'aux_accuracy': None, 'entropy': np.float64(0.3547806739807129), 'wall_s': 8256.3}
{'iter': 171, 'env_steps': 5606064, 'episode_return_mean': np.float64(156.80394364051918), 'aux_ce': None, 'aux_accuracy': None, 'entropy': np.float64(0.3482230603694916), 'wall_s': 8311.6}
{'iter': 172, 'env_steps': 5638848, 'episode_return_mean': np.float64(159.4382310617879), 'aux_ce': None, 'aux_accuracy': None, 'entropy': np.float64(0.33912062644958496), 'wall_s': 8358.5}
{'iter': 173, 'env_steps': 5671632, 'episode_return_mean': nan, 'aux_ce': None, 'aux_accuracy': None, 'entropy': np.float64(0.3262356221675873), 'wall_s': 8401.4}
{'iter': 174, 'env_steps': 5704416, 'episode_return_mean': np.float64(156.93471118591916), 'aux_ce': None, 'aux_accuracy': None, 'entropy': np.float64(0.3200675845146179), 'wall_s': 8458.6}
{'iter': 175, 'env_steps': 5737200, 'episode_return_mean': np.float64(158.28435092598113), 'aux_ce': None, 'aux_accuracy': None, 'entropy': np.float64(0.3134673535823822), 'wall_s': 8504.0}
{'iter': 176, 'env_steps': 5769984, 'episode_return_mean': nan, 'aux_ce': None, 'aux_accuracy': None, 'entropy': np.float64(0.3133581578731537), 'wall_s': 8547.9}
{'iter': 177, 'env_steps': 5802768, 'episode_return_mean': np.float64(158.58296051907416), 'aux_ce': None, 'aux_accuracy': None, 'entropy': np.float64(0.30493950843811035), 'wall_s': 8599.1}
{'iter': 178, 'env_steps': 5835552, 'episode_return_mean': np.float64(160.03898354284888), 'aux_ce': None, 'aux_accuracy': None, 'entropy': np.float64(0.29725968837738037), 'wall_s': 8652.9}
{'iter': 179, 'env_steps': 5868336, 'episode_return_mean': nan, 'aux_ce': None, 'aux_accuracy': None, 'entropy': np.float64(0.29781413078308105), 'wall_s': 8696.0}
{'iter': 180, 'env_steps': 5901120, 'episode_return_mean': np.float64(160.98406556464843), 'aux_ce': None, 'aux_accuracy': None, 'entropy': np.float64(0.2948561906814575), 'wall_s': 8740.3}
{'iter': 181, 'env_steps': 5933904, 'episode_return_mean': np.float64(160.11628987389082), 'aux_ce': None, 'aux_accuracy': None, 'entropy': np.float64(0.2834559679031372), 'wall_s': 8786.1}
{'iter': 182, 'env_steps': 5966688, 'episode_return_mean': nan, 'aux_ce': None, 'aux_accuracy': None, 'entropy': np.float64(0.2758062183856964), 'wall_s': 8828.7}
{'iter': 183, 'env_steps': 5999472, 'episode_return_mean': np.float64(158.76014414833958), 'aux_ce': None, 'aux_accuracy': None, 'entropy': np.float64(0.27338409423828125), 'wall_s': 8872.0}
{'iter': 184, 'env_steps': 6032256, 'episode_return_mean': np.float64(161.7494089925301), 'aux_ce': None, 'aux_accuracy': None, 'entropy': np.float64(0.2696429193019867), 'wall_s': 8917.2}
{'iter': 185, 'env_steps': 6065040, 'episode_return_mean': nan, 'aux_ce': None, 'aux_accuracy': None, 'entropy': np.float64(0.26517701148986816), 'wall_s': 8963.2}
{'iter': 186, 'env_steps': 6097824, 'episode_return_mean': np.float64(164.68389799537385), 'aux_ce': None, 'aux_accuracy': None, 'entropy': np.float64(0.2633155584335327), 'wall_s': 9009.5}
{'iter': 187, 'env_steps': 6130608, 'episode_return_mean': np.float64(163.442372323315), 'aux_ce': None, 'aux_accuracy': None, 'entropy': np.float64(0.2656428813934326), 'wall_s': 9052.9}
{'iter': 188, 'env_steps': 6163392, 'episode_return_mean': nan, 'aux_ce': None, 'aux_accuracy': None, 'entropy': np.float64(0.25996479392051697), 'wall_s': 9096.6}
{'iter': 189, 'env_steps': 6196176, 'episode_return_mean': np.float64(154.792153804659), 'aux_ce': None, 'aux_accuracy': None, 'entropy': np.float64(0.2586013376712799), 'wall_s': 9140.3}
{'iter': 190, 'env_steps': 6228960, 'episode_return_mean': np.float64(157.52996741633132), 'aux_ce': None, 'aux_accuracy': None, 'entropy': np.float64(0.25709620118141174), 'wall_s': 9184.7}
{'iter': 191, 'env_steps': 6261744, 'episode_return_mean': nan, 'aux_ce': None, 'aux_accuracy': None, 'entropy': np.float64(0.25258567929267883), 'wall_s': 9229.1}
{'iter': 192, 'env_steps': 6294528, 'episode_return_mean': np.float64(158.42383721720518), 'aux_ce': None, 'aux_accuracy': None, 'entropy': np.float64(0.2511632442474365), 'wall_s': 9287.1}
{'iter': 193, 'env_steps': 6327312, 'episode_return_mean': np.float64(161.49244165861086), 'aux_ce': None, 'aux_accuracy': None, 'entropy': np.float64(0.2422870397567749), 'wall_s': 9333.8}
{'iter': 194, 'env_steps': 6360096, 'episode_return_mean': nan, 'aux_ce': None, 'aux_accuracy': None, 'entropy': np.float64(0.24213828146457672), 'wall_s': 9388.0}
{'iter': 195, 'env_steps': 6392880, 'episode_return_mean': np.float64(162.08863838668), 'aux_ce': None, 'aux_accuracy': None, 'entropy': np.float64(0.2374669313430786), 'wall_s': 9446.1}
{'iter': 196, 'env_steps': 6425664, 'episode_return_mean': np.float64(158.82210364179105), 'aux_ce': None, 'aux_accuracy': None, 'entropy': np.float64(0.2296312004327774), 'wall_s': 9490.9}
{'iter': 197, 'env_steps': 6458448, 'episode_return_mean': nan, 'aux_ce': None, 'aux_accuracy': None, 'entropy': np.float64(0.22900308668613434), 'wall_s': 9539.1}
{'iter': 198, 'env_steps': 6491232, 'episode_return_mean': np.float64(160.21648079148054), 'aux_ce': None, 'aux_accuracy': None, 'entropy': np.float64(0.22163605690002441), 'wall_s': 9588.4}
{'iter': 199, 'env_steps': 6524016, 'episode_return_mean': np.float64(163.7005257219392), 'aux_ce': None, 'aux_accuracy': None, 'entropy': np.float64(0.2140733003616333), 'wall_s': 9632.5}
{'iter': 200, 'env_steps': 6556800, 'episode_return_mean': nan, 'aux_ce': None, 'aux_accuracy': None, 'entropy': np.float64(0.21012985706329346), 'wall_s': 9679.8}
{'iter': 201, 'env_steps': 6589584, 'episode_return_mean': np.float64(162.96697212234008), 'aux_ce': None, 'aux_accuracy': None, 'entropy': np.float64(0.20264077186584473), 'wall_s': 9741.7}
{'iter': 202, 'env_steps': 6622368, 'episode_return_mean': np.float64(159.91006544036037), 'aux_ce': None, 'aux_accuracy': None, 'entropy': np.float64(0.19769395887851715), 'wall_s': 9798.2}
{'iter': 203, 'env_steps': 6655152, 'episode_return_mean': nan, 'aux_ce': None, 'aux_accuracy': None, 'entropy': np.float64(0.19485139846801758), 'wall_s': 9845.5}
{'iter': 204, 'env_steps': 6687936, 'episode_return_mean': np.float64(161.51384288856258), 'aux_ce': None, 'aux_accuracy': None, 'entropy': np.float64(0.1900467872619629), 'wall_s': 9899.1}
{'iter': 205, 'env_steps': 6720720, 'episode_return_mean': np.float64(158.57298656612662), 'aux_ce': None, 'aux_accuracy': None, 'entropy': np.float64(0.18911540508270264), 'wall_s': 9939.9}
{'iter': 206, 'env_steps': 6753504, 'episode_return_mean': nan, 'aux_ce': None, 'aux_accuracy': None, 'entropy': np.float64(0.18455743789672852), 'wall_s': 9988.5}
{'iter': 207, 'env_steps': 6786288, 'episode_return_mean': np.float64(159.77786650068833), 'aux_ce': None, 'aux_accuracy': None, 'entropy': np.float64(0.1776564121246338), 'wall_s': 10042.1}
{'iter': 208, 'env_steps': 6819072, 'episode_return_mean': np.float64(161.67418573017886), 'aux_ce': None, 'aux_accuracy': None, 'entropy': np.float64(0.17116522789001465), 'wall_s': 10097.3}
{'iter': 209, 'env_steps': 6851856, 'episode_return_mean': nan, 'aux_ce': None, 'aux_accuracy': None, 'entropy': np.float64(0.16885541379451752), 'wall_s': 10149.4}
{'iter': 210, 'env_steps': 6884640, 'episode_return_mean': np.float64(159.04701318452126), 'aux_ce': None, 'aux_accuracy': None, 'entropy': np.float64(0.1620936393737793), 'wall_s': 10200.1}
{'iter': 211, 'env_steps': 6917424, 'episode_return_mean': np.float64(157.3020208057223), 'aux_ce': None, 'aux_accuracy': None, 'entropy': np.float64(0.15472246706485748), 'wall_s': 10243.1}
{'iter': 212, 'env_steps': 6950208, 'episode_return_mean': nan, 'aux_ce': None, 'aux_accuracy': None, 'entropy': np.float64(0.1450124979019165), 'wall_s': 10291.5}
{'iter': 213, 'env_steps': 6982992, 'episode_return_mean': np.float64(156.1056472033717), 'aux_ce': None, 'aux_accuracy': None, 'entropy': np.float64(0.14407610893249512), 'wall_s': 10341.6}
{'iter': 214, 'env_steps': 7015776, 'episode_return_mean': np.float64(161.89441732277558), 'aux_ce': None, 'aux_accuracy': None, 'entropy': np.float64(0.1413503885269165), 'wall_s': 10383.6}
{'iter': 215, 'env_steps': 7048560, 'episode_return_mean': nan, 'aux_ce': None, 'aux_accuracy': None, 'entropy': np.float64(0.13899672031402588), 'wall_s': 10431.5}
{'iter': 216, 'env_steps': 7081344, 'episode_return_mean': np.float64(159.29792196636333), 'aux_ce': None, 'aux_accuracy': None, 'entropy': np.float64(0.13383877277374268), 'wall_s': 10471.2}
{'iter': 217, 'env_steps': 7114128, 'episode_return_mean': np.float64(162.04948540670696), 'aux_ce': None, 'aux_accuracy': None, 'entropy': np.float64(0.12556695938110352), 'wall_s': 10509.0}
{'iter': 218, 'env_steps': 7146912, 'episode_return_mean': nan, 'aux_ce': None, 'aux_accuracy': None, 'entropy': np.float64(0.12064337730407715), 'wall_s': 10546.9}
{'iter': 219, 'env_steps': 7179696, 'episode_return_mean': np.float64(160.83974615410045), 'aux_ce': None, 'aux_accuracy': None, 'entropy': np.float64(0.11742091178894043), 'wall_s': 10585.1}
{'iter': 220, 'env_steps': 7212480, 'episode_return_mean': np.float64(161.2758126824211), 'aux_ce': None, 'aux_accuracy': None, 'entropy': np.float64(0.11424446105957031), 'wall_s': 10624.8}
{'iter': 221, 'env_steps': 7245264, 'episode_return_mean': nan, 'aux_ce': None, 'aux_accuracy': None, 'entropy': np.float64(0.11551178246736526), 'wall_s': 10664.6}
{'iter': 222, 'env_steps': 7278048, 'episode_return_mean': np.float64(159.98511544157776), 'aux_ce': None, 'aux_accuracy': None, 'entropy': np.float64(0.11048459261655807), 'wall_s': 10704.1}
{'iter': 223, 'env_steps': 7310832, 'episode_return_mean': np.float64(161.7405958579725), 'aux_ce': None, 'aux_accuracy': None, 'entropy': np.float64(0.10433435440063477), 'wall_s': 10742.6}
{'iter': 224, 'env_steps': 7343616, 'episode_return_mean': nan, 'aux_ce': None, 'aux_accuracy': None, 'entropy': np.float64(0.09791112691164017), 'wall_s': 10780.1}
{'iter': 225, 'env_steps': 7376400, 'episode_return_mean': np.float64(161.762526536667), 'aux_ce': None, 'aux_accuracy': None, 'entropy': np.float64(0.0894390344619751), 'wall_s': 10815.5}
{'iter': 226, 'env_steps': 7409184, 'episode_return_mean': np.float64(162.07822332317437), 'aux_ce': None, 'aux_accuracy': None, 'entropy': np.float64(0.08335483074188232), 'wall_s': 10854.7}
{'iter': 227, 'env_steps': 7441968, 'episode_return_mean': nan, 'aux_ce': None, 'aux_accuracy': None, 'entropy': np.float64(0.07984960079193115), 'wall_s': 10897.4}
{'iter': 228, 'env_steps': 7474752, 'episode_return_mean': np.float64(162.58291013953948), 'aux_ce': None, 'aux_accuracy': None, 'entropy': np.float64(0.07531988620758057), 'wall_s': 10942.2}
{'iter': 229, 'env_steps': 7507536, 'episode_return_mean': np.float64(163.92839939025703), 'aux_ce': None, 'aux_accuracy': None, 'entropy': np.float64(0.06510496139526367), 'wall_s': 10985.3}
{'iter': 230, 'env_steps': 7540320, 'episode_return_mean': nan, 'aux_ce': None, 'aux_accuracy': None, 'entropy': np.float64(0.06315434724092484), 'wall_s': 11027.0}
{'iter': 231, 'env_steps': 7573104, 'episode_return_mean': np.float64(164.42161387386736), 'aux_ce': None, 'aux_accuracy': None, 'entropy': np.float64(0.06388747692108154), 'wall_s': 11067.9}
{'iter': 232, 'env_steps': 7605888, 'episode_return_mean': np.float64(160.48588200177284), 'aux_ce': None, 'aux_accuracy': None, 'entropy': np.float64(0.05682516098022461), 'wall_s': 11109.3}
{'iter': 233, 'env_steps': 7638672, 'episode_return_mean': nan, 'aux_ce': None, 'aux_accuracy': None, 'entropy': np.float64(0.050256725400686264), 'wall_s': 11150.1}
{'iter': 234, 'env_steps': 7671456, 'episode_return_mean': np.float64(167.09739785423366), 'aux_ce': None, 'aux_accuracy': None, 'entropy': np.float64(0.04589498043060303), 'wall_s': 11191.6}
{'iter': 235, 'env_steps': 7704240, 'episode_return_mean': np.float64(164.00195922406718), 'aux_ce': None, 'aux_accuracy': None, 'entropy': np.float64(0.03786444291472435), 'wall_s': 11233.6}
{'iter': 236, 'env_steps': 7737024, 'episode_return_mean': nan, 'aux_ce': None, 'aux_accuracy': None, 'entropy': np.float64(0.03903067484498024), 'wall_s': 11274.2}
{'iter': 237, 'env_steps': 7769808, 'episode_return_mean': np.float64(166.08823668134025), 'aux_ce': None, 'aux_accuracy': None, 'entropy': np.float64(0.03291129693388939), 'wall_s': 11315.4}
{'iter': 238, 'env_steps': 7802592, 'episode_return_mean': np.float64(166.45127361073637), 'aux_ce': None, 'aux_accuracy': None, 'entropy': np.float64(0.03217995539307594), 'wall_s': 11357.3}
{'iter': 239, 'env_steps': 7835376, 'episode_return_mean': nan, 'aux_ce': None, 'aux_accuracy': None, 'entropy': np.float64(0.026198746636509895), 'wall_s': 11398.2}
{'iter': 240, 'env_steps': 7868160, 'episode_return_mean': np.float64(166.05763470781707), 'aux_ce': None, 'aux_accuracy': None, 'entropy': np.float64(0.025666117668151855), 'wall_s': 11440.1}
{'iter': 241, 'env_steps': 7900944, 'episode_return_mean': np.float64(165.82823816070223), 'aux_ce': None, 'aux_accuracy': None, 'entropy': np.float64(0.022806763648986816), 'wall_s': 11482.8}
{'iter': 242, 'env_steps': 7933728, 'episode_return_mean': nan, 'aux_ce': None, 'aux_accuracy': None, 'entropy': np.float64(0.016231058165431023), 'wall_s': 11525.1}
{'iter': 243, 'env_steps': 7966512, 'episode_return_mean': np.float64(163.4510629058106), 'aux_ce': None, 'aux_accuracy': None, 'entropy': np.float64(0.014911413192749023), 'wall_s': 11567.9}
{'iter': 244, 'env_steps': 7999296, 'episode_return_mean': np.float64(159.92620329578313), 'aux_ce': None, 'aux_accuracy': None, 'entropy': np.float64(0.014310836791992188), 'wall_s': 11611.9}
{'iter': 245, 'env_steps': 8032080, 'episode_return_mean': nan, 'aux_ce': None, 'aux_accuracy': None, 'entropy': np.float64(0.014798402786254883), 'wall_s': 11655.4}
{'iter': 246, 'env_steps': 8064864, 'episode_return_mean': np.float64(168.63195957300093), 'aux_ce': None, 'aux_accuracy': None, 'entropy': np.float64(0.011710286140441895), 'wall_s': 11701.0}
{'iter': 247, 'env_steps': 8097648, 'episode_return_mean': np.float64(163.57426601638895), 'aux_ce': None, 'aux_accuracy': None, 'entropy': np.float64(0.008436918258666992), 'wall_s': 11747.7}
{'iter': 248, 'env_steps': 8130432, 'episode_return_mean': nan, 'aux_ce': None, 'aux_accuracy': None, 'entropy': np.float64(0.009241342544555664), 'wall_s': 11792.7}
{'iter': 249, 'env_steps': 8163216, 'episode_return_mean': np.float64(165.52580738561673), 'aux_ce': None, 'aux_accuracy': None, 'entropy': np.float64(0.004624724388122559), 'wall_s': 11839.2}
{'iter': 250, 'env_steps': 8196000, 'episode_return_mean': np.float64(166.6703771890841), 'aux_ce': None, 'aux_accuracy': None, 'entropy': np.float64(-0.0022693872451782227), 'wall_s': 11889.0}
{'iter': 251, 'env_steps': 8228784, 'episode_return_mean': nan, 'aux_ce': None, 'aux_accuracy': None, 'entropy': np.float64(-0.01070630643516779), 'wall_s': 11935.9}
{'iter': 252, 'env_steps': 8261568, 'episode_return_mean': np.float64(163.91247387135746), 'aux_ce': None, 'aux_accuracy': None, 'entropy': np.float64(-0.01610875129699707), 'wall_s': 11981.0}
{'iter': 253, 'env_steps': 8294352, 'episode_return_mean': np.float64(162.97039825985098), 'aux_ce': None, 'aux_accuracy': None, 'entropy': np.float64(-0.019824979826807976), 'wall_s': 12027.6}
{'iter': 254, 'env_steps': 8327136, 'episode_return_mean': nan, 'aux_ce': None, 'aux_accuracy': None, 'entropy': np.float64(-0.022632718086242676), 'wall_s': 12071.9}
{'iter': 255, 'env_steps': 8359920, 'episode_return_mean': np.float64(166.19138566158966), 'aux_ce': None, 'aux_accuracy': None, 'entropy': np.float64(-0.02982771396636963), 'wall_s': 12117.7}
{'iter': 256, 'env_steps': 8392704, 'episode_return_mean': np.float64(168.9917256445367), 'aux_ce': None, 'aux_accuracy': None, 'entropy': np.float64(-0.03712868690490723), 'wall_s': 12164.6}
{'iter': 257, 'env_steps': 8425488, 'episode_return_mean': nan, 'aux_ce': None, 'aux_accuracy': None, 'entropy': np.float64(-0.046656135469675064), 'wall_s': 12210.2}
{'iter': 258, 'env_steps': 8458272, 'episode_return_mean': np.float64(166.3792086708899), 'aux_ce': None, 'aux_accuracy': None, 'entropy': np.float64(-0.052335381507873535), 'wall_s': 12256.6}
{'iter': 259, 'env_steps': 8491056, 'episode_return_mean': np.float64(166.99600828645924), 'aux_ce': None, 'aux_accuracy': None, 'entropy': np.float64(-0.055484410375356674), 'wall_s': 12302.0}
{'iter': 260, 'env_steps': 8523840, 'episode_return_mean': nan, 'aux_ce': None, 'aux_accuracy': None, 'entropy': np.float64(-0.05609678849577904), 'wall_s': 12346.8}
{'iter': 261, 'env_steps': 8556624, 'episode_return_mean': np.float64(171.32746773037303), 'aux_ce': None, 'aux_accuracy': None, 'entropy': np.float64(-0.05791497230529785), 'wall_s': 12392.9}
{'iter': 262, 'env_steps': 8589408, 'episode_return_mean': np.float64(172.22590572071482), 'aux_ce': None, 'aux_accuracy': None, 'entropy': np.float64(-0.06119585037231445), 'wall_s': 12437.1}
{'iter': 263, 'env_steps': 8622192, 'episode_return_mean': nan, 'aux_ce': None, 'aux_accuracy': None, 'entropy': np.float64(-0.06485532969236374), 'wall_s': 12482.2}
{'iter': 264, 'env_steps': 8654976, 'episode_return_mean': np.float64(167.76018084209784), 'aux_ce': None, 'aux_accuracy': None, 'entropy': np.float64(-0.07394635677337646), 'wall_s': 12526.4}
{'iter': 265, 'env_steps': 8687760, 'episode_return_mean': np.float64(168.33008343119963), 'aux_ce': None, 'aux_accuracy': None, 'entropy': np.float64(-0.0725104883313179), 'wall_s': 12568.9}
{'iter': 266, 'env_steps': 8720544, 'episode_return_mean': nan, 'aux_ce': None, 'aux_accuracy': None, 'entropy': np.float64(-0.08085203170776367), 'wall_s': 12613.2}
{'iter': 267, 'env_steps': 8753328, 'episode_return_mean': np.float64(170.8770525831145), 'aux_ce': None, 'aux_accuracy': None, 'entropy': np.float64(-0.08552289754152298), 'wall_s': 12659.2}
{'iter': 268, 'env_steps': 8786112, 'episode_return_mean': np.float64(166.8568871698826), 'aux_ce': None, 'aux_accuracy': None, 'entropy': np.float64(-0.09135782718658447), 'wall_s': 12706.4}
{'iter': 269, 'env_steps': 8818896, 'episode_return_mean': nan, 'aux_ce': None, 'aux_accuracy': None, 'entropy': np.float64(-0.09841704368591309), 'wall_s': 12753.2}
{'iter': 270, 'env_steps': 8851680, 'episode_return_mean': np.float64(175.09958675151893), 'aux_ce': None, 'aux_accuracy': None, 'entropy': np.float64(-0.10312461107969284), 'wall_s': 12801.1}
{'iter': 271, 'env_steps': 8884464, 'episode_return_mean': np.float64(168.57886197521606), 'aux_ce': None, 'aux_accuracy': None, 'entropy': np.float64(-0.10081923007965088), 'wall_s': 12850.8}
{'iter': 272, 'env_steps': 8917248, 'episode_return_mean': nan, 'aux_ce': None, 'aux_accuracy': None, 'entropy': np.float64(-0.10470651835203171), 'wall_s': 12899.3}
{'iter': 273, 'env_steps': 8950032, 'episode_return_mean': np.float64(165.90271811153505), 'aux_ce': None, 'aux_accuracy': None, 'entropy': np.float64(-0.11069858074188232), 'wall_s': 12944.9}
{'iter': 274, 'env_steps': 8982816, 'episode_return_mean': np.float64(172.2572032211337), 'aux_ce': None, 'aux_accuracy': None, 'entropy': np.float64(-0.11929143220186234), 'wall_s': 12988.9}
{'iter': 275, 'env_steps': 9015600, 'episode_return_mean': nan, 'aux_ce': None, 'aux_accuracy': None, 'entropy': np.float64(-0.12219369411468506), 'wall_s': 13030.8}
{'iter': 276, 'env_steps': 9048384, 'episode_return_mean': np.float64(170.79676391311745), 'aux_ce': None, 'aux_accuracy': None, 'entropy': np.float64(-0.12145626544952393), 'wall_s': 13073.2}
{'iter': 277, 'env_steps': 9081168, 'episode_return_mean': np.float64(169.63383229385514), 'aux_ce': None, 'aux_accuracy': None, 'entropy': np.float64(-0.12477029114961624), 'wall_s': 13116.5}
{'iter': 278, 'env_steps': 9113952, 'episode_return_mean': nan, 'aux_ce': None, 'aux_accuracy': None, 'entropy': np.float64(-0.131461963057518), 'wall_s': 13158.6}
{'iter': 279, 'env_steps': 9146736, 'episode_return_mean': np.float64(171.90848419955637), 'aux_ce': None, 'aux_accuracy': None, 'entropy': np.float64(-0.13200807571411133), 'wall_s': 13200.9}
{'iter': 280, 'env_steps': 9179520, 'episode_return_mean': np.float64(173.3143848308227), 'aux_ce': None, 'aux_accuracy': None, 'entropy': np.float64(-0.133050799369812), 'wall_s': 13242.5}
{'iter': 281, 'env_steps': 9212304, 'episode_return_mean': nan, 'aux_ce': None, 'aux_accuracy': None, 'entropy': np.float64(-0.13437259197235107), 'wall_s': 13284.2}
{'iter': 282, 'env_steps': 9245088, 'episode_return_mean': np.float64(170.79481488230738), 'aux_ce': None, 'aux_accuracy': None, 'entropy': np.float64(-0.14196527004241943), 'wall_s': 13326.7}
{'iter': 283, 'env_steps': 9277872, 'episode_return_mean': np.float64(169.8220724471518), 'aux_ce': None, 'aux_accuracy': None, 'entropy': np.float64(-0.14991402626037598), 'wall_s': 13371.4}
{'iter': 284, 'env_steps': 9310656, 'episode_return_mean': nan, 'aux_ce': None, 'aux_accuracy': None, 'entropy': np.float64(-0.15023815631866455), 'wall_s': 13416.6}
{'iter': 285, 'env_steps': 9343440, 'episode_return_mean': np.float64(171.67955530697554), 'aux_ce': None, 'aux_accuracy': None, 'entropy': np.float64(-0.15221251547336578), 'wall_s': 13462.2}
{'iter': 286, 'env_steps': 9376224, 'episode_return_mean': np.float64(171.2423582083764), 'aux_ce': None, 'aux_accuracy': None, 'entropy': np.float64(-0.1530078649520874), 'wall_s': 13507.4}
{'iter': 287, 'env_steps': 9409008, 'episode_return_mean': nan, 'aux_ce': None, 'aux_accuracy': None, 'entropy': np.float64(-0.15622687339782715), 'wall_s': 13549.8}
{'iter': 288, 'env_steps': 9441792, 'episode_return_mean': np.float64(171.24080963419337), 'aux_ce': None, 'aux_accuracy': None, 'entropy': np.float64(-0.162109375), 'wall_s': 13588.5}
{'iter': 289, 'env_steps': 9474576, 'episode_return_mean': np.float64(170.36173448821984), 'aux_ce': None, 'aux_accuracy': None, 'entropy': np.float64(-0.16527092456817627), 'wall_s': 13626.3}
{'iter': 290, 'env_steps': 9507360, 'episode_return_mean': nan, 'aux_ce': None, 'aux_accuracy': None, 'entropy': np.float64(-0.16920137405395508), 'wall_s': 13663.0}
{'iter': 291, 'env_steps': 9540144, 'episode_return_mean': np.float64(170.06614189488647), 'aux_ce': None, 'aux_accuracy': None, 'entropy': np.float64(-0.1775590181350708), 'wall_s': 13701.7}
{'iter': 292, 'env_steps': 9572928, 'episode_return_mean': np.float64(170.8808501760996), 'aux_ce': None, 'aux_accuracy': None, 'entropy': np.float64(-0.1822575330734253), 'wall_s': 13739.3}
{'iter': 293, 'env_steps': 9605712, 'episode_return_mean': nan, 'aux_ce': None, 'aux_accuracy': None, 'entropy': np.float64(-0.1888568252325058), 'wall_s': 13781.2}
{'iter': 294, 'env_steps': 9638496, 'episode_return_mean': np.float64(171.38285412061686), 'aux_ce': None, 'aux_accuracy': None, 'entropy': np.float64(-0.19759857654571533), 'wall_s': 13823.5}
{'iter': 295, 'env_steps': 9671280, 'episode_return_mean': np.float64(168.2524832041918), 'aux_ce': None, 'aux_accuracy': None, 'entropy': np.float64(-0.2026301473379135), 'wall_s': 13865.1}
{'iter': 296, 'env_steps': 9704064, 'episode_return_mean': nan, 'aux_ce': None, 'aux_accuracy': None, 'entropy': np.float64(-0.20408523082733154), 'wall_s': 13906.2}
{'iter': 297, 'env_steps': 9736848, 'episode_return_mean': np.float64(171.47916687973662), 'aux_ce': None, 'aux_accuracy': None, 'entropy': np.float64(-0.20748187601566315), 'wall_s': 13950.0}
{'iter': 298, 'env_steps': 9769632, 'episode_return_mean': np.float64(170.3449623620996), 'aux_ce': None, 'aux_accuracy': None, 'entropy': np.float64(-0.21171867847442627), 'wall_s': 13994.5}
{'iter': 299, 'env_steps': 9802416, 'episode_return_mean': nan, 'aux_ce': None, 'aux_accuracy': None, 'entropy': np.float64(-0.21495307981967926), 'wall_s': 14037.7}
{'iter': 300, 'env_steps': 9835200, 'episode_return_mean': np.float64(170.33986298350823), 'aux_ce': None, 'aux_accuracy': None, 'entropy': np.float64(-0.2178320735692978), 'wall_s': 14081.2}
{'iter': 301, 'env_steps': 9867984, 'episode_return_mean': np.float64(175.5590775638671), 'aux_ce': None, 'aux_accuracy': None, 'entropy': np.float64(-0.22149872779846191), 'wall_s': 14124.6}
{'iter': 302, 'env_steps': 9900768, 'episode_return_mean': nan, 'aux_ce': None, 'aux_accuracy': None, 'entropy': np.float64(-0.220703125), 'wall_s': 14166.6}
{'iter': 303, 'env_steps': 9933552, 'episode_return_mean': np.float64(169.86691239978506), 'aux_ce': None, 'aux_accuracy': None, 'entropy': np.float64(-0.2270597219467163), 'wall_s': 14209.4}
{'iter': 304, 'env_steps': 9966336, 'episode_return_mean': np.float64(169.73401860743536), 'aux_ce': None, 'aux_accuracy': None, 'entropy': np.float64(-0.22953367233276367), 'wall_s': 14253.7}
{'iter': 305, 'env_steps': 9999120, 'episode_return_mean': nan, 'aux_ce': None, 'aux_accuracy': None, 'entropy': np.float64(-0.23876738548278809), 'wall_s': 14296.5}
{'iter': 306, 'env_steps': 10031904, 'episode_return_mean': np.float64(172.3631459283), 'aux_ce': None, 'aux_accuracy': None, 'entropy': np.float64(-0.24315381050109863), 'wall_s': 14340.3}
done -> /Users/alex/Software/XOR/RLlib Harnes Beta/results/phase4/n_scramble/seed1
[36m(SingleAgentEnvRunner pid=51070)[0m DeprecationWarning: `RLModule(config=[RLModuleConfig object])` has been deprecated. Use `RLModule(observation_space=.., action_space=.., inference_only=.., model_config=.., catalog_class=..)` instead. This will raise an error in the future![32m [repeated 3x across cluster] (Ray deduplicates logs by default. Set RAY_DEDUP_LOGS=0 to disable log deduplication, or see https://docs.ray.io/en/master/ray-observability/user-guides/configure-logging.html#log-deduplication for more options.)[0m
