[fail] beta=2 w_max=2 delay=1: react=0.1262 stack2=0.1267 belief=0.1266 oracle=0.2470 interior(any)=1.000 (18.6s)
[fail] beta=2 w_max=2 delay=0: react=0.1940 stack2=0.1951 belief=0.1951 oracle=0.2470 (7.7s)
[fail] beta=2 w_max=3 delay=1: react=0.1262 stack2=0.1267 belief=0.1265 oracle=0.2470 interior(any)=1.000 (19.3s)
[fail] beta=2 w_max=3 delay=0: react=0.1940 stack2=0.1951 belief=0.1948 oracle=0.2470 (8.3s)
[fail] beta=2 w_max=5 delay=1: react=0.1262 stack2=0.1267 belief=0.1253 oracle=0.2470 interior(any)=1.000 (22.7s)
[fail] beta=2 w_max=5 delay=0: react=0.1940 stack2=0.1951 belief=0.1940 oracle=0.2470 (12.0s)
[fail] beta=2 w_max=8 delay=1: react=0.1262 stack2=0.1267 belief=0.1240 oracle=0.2470 interior(any)=1.000 (29.3s)
[fail] beta=2 w_max=8 delay=0: react=0.1940 stack2=0.1951 belief=0.1919 oracle=0.2470 (19.5s)
[PASS] beta=4 w_max=2 delay=1: react=0.1457 stack2=0.1548 belief=0.1859 oracle=0.3531 interior(any)=0.266 (20.8s)
[fail] beta=4 w_max=2 delay=0: react=0.2898 stack2=0.2902 belief=0.2903 oracle=0.3531 (8.5s)
[PASS] beta=4 w_max=3 delay=1: react=0.1457 stack2=0.1670 belief=0.2697 oracle=0.4404 interior(any)=0.357 (24.4s)
[fail] beta=4 w_max=3 delay=0: react=0.3538 stack2=0.3538 belief=0.3539 oracle=0.4404 (10.2s)
[PASS] beta=4 w_max=5 delay=1: react=0.1915 stack2=0.3055 belief=0.3814 oracle=0.4625 interior(any)=0.078 (28.0s)
[fail] beta=4 w_max=5 delay=0: react=0.3693 stack2=0.4020 belief=0.4054 oracle=0.4625 (16.0s)
[PASS] beta=4 w_max=8 delay=1: react=0.2554 stack2=0.3688 belief=0.4223 oracle=0.4625 interior(any)=0.008 (28.2s)
[fail] beta=4 w_max=8 delay=0: react=0.3693 stack2=0.4133 belief=0.4235 oracle=0.4625 (21.2s)
[PASS] beta=8 w_max=2 delay=1: react=0.1834 stack2=0.2135 belief=0.2328 oracle=0.4116 interior(any)=0.119 (21.0s)
[fail] beta=8 w_max=2 delay=0: react=0.3453 stack2=0.3456 belief=0.3458 oracle=0.4116 (9.5s)
[PASS] beta=8 w_max=3 delay=1: react=0.2151 stack2=0.2577 belief=0.3770 oracle=0.5701 interior(any)=0.000 (21.5s)
[fail] beta=8 w_max=3 delay=0: react=0.4743 stack2=0.4743 belief=0.4743 oracle=0.5701 (9.1s)
[PASS] beta=8 w_max=5 delay=1: react=0.3529 stack2=0.4941 belief=0.5999 oracle=0.6982 interior(any)=0.000 (24.6s)
[fail] beta=8 w_max=5 delay=0: react=0.5787 stack2=0.6225 belief=0.6323 oracle=0.6982 (10.7s)
[PASS] beta=8 w_max=8 delay=1: react=0.4824 stack2=0.5859 belief=0.7040 oracle=0.7126 interior(any)=0.000 (24.7s)
[fail] beta=8 w_max=8 delay=0: react=0.5903 stack2=0.6881 belief=0.7055 oracle=0.7126 (14.6s)
stateguess delay=0: memoryless=0.8500 filter=0.85003 +/- 0.00011
stateguess delay=1: memoryless=0.6593 filter=0.66912 +/- 0.00006
done -> results/phase1
